#
# There is insufficient memory for the Java Runtime Environment to continue.
# Native memory allocation (malloc) failed to allocate 146736 bytes for Chunk::new
# Possible reasons:
#   The system is out of physical RAM or swap space
#   In 32 bit mode, the process size limit was hit
# Possible solutions:
#   Reduce memory load on the system
#   Increase physical memory or swap space
#   Check if swap backing store is full
#   Use 64 bit Java on a 64 bit OS
#   Decrease Java heap size (-Xmx/-Xms)
#   Decrease number of Java threads
#   Decrease Java thread stack sizes (-Xss)
#   Set larger code cache with -XX:ReservedCodeCacheSize=
# This output file may be truncated or incomplete.
#
#  Out of Memory Error (allocation.cpp:390), pid=2532, tid=0x00000000000007f4
#
# JRE version: Java(TM) SE Runtime Environment (8.0_101-b13) (build 1.8.0_101-b13)
# Java VM: Java HotSpot(TM) 64-Bit Server VM (25.101-b13 mixed mode windows-amd64 compressed oops)
# Failed to write core dump. Minidumps are not enabled by default on client versions of Windows
#

---------------  T H R E A D  ---------------

Current thread (0x000000000674b000):  JavaThread "C2 CompilerThread1" daemon [_thread_in_native, id=2036, stack(0x0000000007e40000,0x0000000007f40000)]

Stack: [0x0000000007e40000,0x0000000007f40000]
[error occurred during error reporting (printing stack bounds), id 0xc0000005]

Native frames: (J=compiled Java code, j=interpreted, Vv=VM code, C=native code)


Current CompileTask:
C2:   2176 1059       4       com.android.dx.ssa.DeadCodeRemover::isCircularNoSideEffect (140 bytes)


---------------  P R O C E S S  ---------------

Java Threads: ( => current thread )
  0x0000000008117800 JavaThread "pool-2-thread-4" [_thread_in_Java, id=3308, stack(0x0000000008a40000,0x0000000008b40000)]
  0x0000000008112000 JavaThread "pool-3-thread-1" [_thread_blocked, id=2488, stack(0x0000000008740000,0x0000000008840000)]
  0x0000000007f93000 JavaThread "Service Thread" daemon [_thread_blocked, id=7012, stack(0x0000000008440000,0x0000000008540000)]
  0x0000000007f85000 JavaThread "C1 CompilerThread2" daemon [_thread_blocked, id=4652, stack(0x0000000008340000,0x0000000008440000)]
=>0x000000000674b000 JavaThread "C2 CompilerThread1" daemon [_thread_in_native, id=2036, stack(0x0000000007e40000,0x0000000007f40000)]
  0x0000000006748000 JavaThread "C2 CompilerThread0" daemon [_thread_in_native, id=4508, stack(0x0000000007d40000,0x0000000007e40000)]
  0x0000000006746000 JavaThread "Attach Listener" daemon [_thread_blocked, id=2368, stack(0x0000000007c40000,0x0000000007d40000)]
  0x0000000006745800 JavaThread "Signal Dispatcher" daemon [_thread_blocked, id=6612, stack(0x0000000007b40000,0x0000000007c40000)]
  0x00000000066ea800 JavaThread "Finalizer" daemon [_thread_blocked, id=2228, stack(0x0000000007960000,0x0000000007a60000)]
  0x00000000066c9000 JavaThread "Reference Handler" daemon [_thread_blocked, id=2656, stack(0x0000000007860000,0x0000000007960000)]
  0x0000000002f30800 JavaThread "main" [_thread_blocked, id=2576, stack(0x0000000002e30000,0x0000000002f30000)]

Other Threads:
  0x00000000066c6800 VMThread [stack: 0x0000000007760000,0x0000000007860000] [id=3156]
  0x0000000007fde000 WatcherThread [stack: 0x0000000008540000,0x0000000008640000] [id=4948]

VM state:not at safepoint (normal execution)

VM Mutex/Monitor currently owned by a thread:  ([mutex/lock_event])
[0x00000000013ee100] MethodData_lock - owner thread: 0x0000000007f85000

Heap:
 PSYoungGen      total 18944K, used 10516K [0x00000000eab00000, 0x00000000ec000000, 0x0000000100000000)
  eden space 16384K, 48% used [0x00000000eab00000,0x00000000eb2cd090,0x00000000ebb00000)
  from space 2560K, 98% used [0x00000000ebb00000,0x00000000ebd78038,0x00000000ebd80000)
  to   space 2560K, 0% used [0x00000000ebd80000,0x00000000ebd80000,0x00000000ec000000)
 ParOldGen       total 44032K, used 1835K [0x00000000c0000000, 0x00000000c2b00000, 0x00000000eab00000)
  object space 44032K, 4% used [0x00000000c0000000,0x00000000c01caed0,0x00000000c2b00000)
 Metaspace       used 5874K, capacity 6774K, committed 7040K, reserved 1056768K
  class space    used 594K, capacity 622K, committed 640K, reserved 1048576K

Card table byte_map: [0x00000000033f0000,0x0000000003600000] byte_map_base: 0x0000000002df0000

Marking Bits: (ParMarkBitMap*) 0x000000007150a6d0
 Begin Bits: [0x0000000003b60000, 0x0000000004b60000)
 End Bits:   [0x0000000004b60000, 0x0000000005b60000)

Polling page: 0x0000000001100000

CodeCache: size=245760Kb used=4207Kb max_used=4207Kb free=241552Kb
 bounds [0x000000000f010000, 0x000000000f430000, 0x000000001e010000]
 total_blobs=1336 nmethods=1068 adapters=181
 compilation: enabled

Compilation events (10 events):
Event: 2.152 Thread 0x0000000007f85000 nmethod 1080 0x000000000f410610 code [0x000000000f410800, 0x000000000f411188]
Event: 2.152 Thread 0x0000000007f85000 1081       3       com.android.dx.dex.code.RopTranslator$TranslationVisitor::visitThrowingCstInsn (225 bytes)
Event: 2.154 Thread 0x0000000007f85000 nmethod 1081 0x000000000f411710 code [0x000000000f411aa0, 0x000000000f413ce8]
Event: 2.154 Thread 0x0000000007f85000 1076       1       com.android.dx.dex.code.RopTranslator::access$100 (5 bytes)
Event: 2.154 Thread 0x0000000007f85000 nmethod 1076 0x000000000f414f10 code [0x000000000f415060, 0x000000000f415150]
Event: 2.158 Thread 0x0000000007f85000 1090   !   3       com.android.dx.rop.type.Type::intern (319 bytes)
Event: 2.161 Thread 0x0000000007f85000 nmethod 1090 0x000000000f4151d0 code [0x000000000f415640, 0x000000000f4180a8]
Event: 2.162 Thread 0x0000000007f85000 1091       3       com.android.dx.cf.code.Simulator$SimVisitor::visitNoArgs (2136 bytes)
Event: 2.173 Thread 0x0000000007f85000 nmethod 1091 0x000000000f419790 code [0x000000000f41a680, 0x000000000f426388]
Event: 2.174 Thread 0x0000000007f85000 1092       3       com.android.dx.rop.cst.CstString::compareTo0 (15 bytes)

GC Heap History (2 events):
Event: 1.757 GC heap before
{Heap before GC invocations=1 (full 0):
 PSYoungGen      total 18944K, used 16384K [0x00000000eab00000, 0x00000000ec000000, 0x0000000100000000)
  eden space 16384K, 100% used [0x00000000eab00000,0x00000000ebb00000,0x00000000ebb00000)
  from space 2560K, 0% used [0x00000000ebd80000,0x00000000ebd80000,0x00000000ec000000)
  to   space 2560K, 0% used [0x00000000ebb00000,0x00000000ebb00000,0x00000000ebd80000)
 ParOldGen       total 44032K, used 0K [0x00000000c0000000, 0x00000000c2b00000, 0x00000000eab00000)
  object space 44032K, 0% used [0x00000000c0000000,0x00000000c0000000,0x00000000c2b00000)
 Metaspace       used 5791K, capacity 6710K, committed 6784K, reserved 1056768K
  class space    used 594K, capacity 622K, committed 640K, reserved 1048576K
Event: 1.769 GC heap after
Heap after GC invocations=1 (full 0):
 PSYoungGen      total 18944K, used 2528K [0x00000000eab00000, 0x00000000ec000000, 0x0000000100000000)
  eden space 16384K, 0% used [0x00000000eab00000,0x00000000eab00000,0x00000000ebb00000)
  from space 2560K, 98% used [0x00000000ebb00000,0x00000000ebd78038,0x00000000ebd80000)
  to   space 2560K, 0% used [0x00000000ebd80000,0x00000000ebd80000,0x00000000ec000000)
 ParOldGen       total 44032K, used 1835K [0x00000000c0000000, 0x00000000c2b00000, 0x00000000eab00000)
  object space 44032K, 4% used [0x00000000c0000000,0x00000000c01caed0,0x00000000c2b00000)
 Metaspace       used 5791K, capacity 6710K, committed 6784K, reserved 1056768K
  class space    used 594K, capacity 622K, committed 640K, reserved 1048576K
}

Deoptimization events (4 events):
Event: 1.072 Thread 0x0000000008117800 Uncommon trap: reason=class_check action=maybe_recompile pc=0x000000000f21ad30 method=com.android.dx.ssa.NormalSsaInsn.accept(Lcom/android/dx/ssa/SsaInsn$Visitor;)V @ 9
Event: 1.268 Thread 0x0000000008118800 Uncommon trap: reason=unstable_if action=reinterpret pc=0x000000000f1fdf30 method=java.util.BitSet.nextSetBit(I)I @ 87
Event: 1.546 Thread 0x0000000008117000 Uncommon trap: reason=unstable_if action=reinterpret pc=0x000000000f21d1f0 method=java.util.BitSet.ensureCapacity(I)V @ 6
Event: 1.682 Thread 0x0000000008117800 Uncommon trap: reason=unstable_if action=reinterpret pc=0x000000000f21b174 method=java.util.BitSet.ensureCapacity(I)V @ 6

Internal exceptions (2 events):
Event: 0.062 Thread 0x0000000002f30800 Exception <a 'java/lang/NoSuchMethodError': Method sun.misc.Unsafe.defineClass(Ljava/lang/String;[BII)Ljava/lang/Class; name or signature does not match> (0x00000000eab07cc0) thrown at [C:\re\workspace\8-2-build-windows-amd64-cygwin\jdk8u101\7261\hotspot\sH‘0p0Ú¯?
Event: 0.062 Thread 0x0000000002f30800 Exception <a 'java/lang/NoSuchMethodError': Method sun.misc.Unsafe.prefetchRead(Ljava/lang/Object;J)V name or signature does not match> (0x00000000eab07fa8) thrown at [C:\re\workspace\8-2-build-windows-amd64-cygwin\jdk8u101\7261\hotspot\src\share\vm\prims\

Events (10 events):
Event: 1.682 Thread 0x0000000008117800 DEOPT PACKING pc=0x000000000f21b174 sp=0x0000000008b3eb30
Event: 1.682 Thread 0x0000000008117800 DEOPT UNPACKING pc=0x000000000f05582a sp=0x0000000008b3ea18 mode 2
Event: 1.711 Executing VM operation: ParallelGCFailedAllocation
Event: 1.769 Executing VM operation: ParallelGCFailedAllocation done
Event: 1.848 Thread 0x0000000008117000 DEOPT PACKING pc=0x000000000f27a182 sp=0x000000000893ea60
Event: 1.848 Thread 0x0000000008117000 DEOPT UNPACKING pc=0x000000000f05787f sp=0x000000000893e7c8 mode 0
Event: 1.850 Thread 0x0000000008117000 DEOPT PACKING pc=0x000000000f27a182 sp=0x000000000893ea60
Event: 1.850 Thread 0x0000000008117000 DEOPT UNPACKING pc=0x000000000f05787f sp=0x000000000893e7c8 mode 0
Event: 1.851 Thread 0x0000000008117000 DEOPT PACKING pc=0x000000000f27a182 sp=0x000000000893ea60
Event: 1.851 Thread 0x0000000008117000 DEOPT UNPACKING pc=0x000000000f05787f sp=0x000000000893e7c8 mode 0


Dynamic libraries:
0x00007ff7c0430000 - 0x00007ff7c0467000 	C:\Program Files\Java\jdk1.8.0_101\bin\java.exe
0x00007ffb95ef0000 - 0x00007ffb9609d000 	C:\Windows\SYSTEM32\ntdll.dll
0x00007ffb93f00000 - 0x00007ffb9403e000 	C:\Windows\system32\KERNEL32.DLL
0x00007ffb931c0000 - 0x00007ffb932d5000 	C:\Windows\system32\KERNELBASE.dll
0x00007ffb91b90000 - 0x00007ffb91c1e000 	C:\Windows\system32\apphelp.dll
0x00007ffb81b90000 - 0x00007ffb81be3000 	C:\Windows\AppPatch\AppPatch64\AcGenral.DLL
0x00007ffb93630000 - 0x00007ffb936da000 	C:\Windows\system32\msvcrt.dll
0x00007ffb930e0000 - 0x00007ffb9310e000 	C:\Windows\system32\SspiCli.dll
0x00007ffb95df0000 - 0x00007ffb95e44000 	C:\Windows\system32\SHLWAPI.dll
0x00007ffb93740000 - 0x00007ffb938b7000 	C:\Windows\system32\USER32.dll
0x00007ffb95780000 - 0x00007ffb95914000 	C:\Windows\system32\ole32.dll
0x00007ffb94040000 - 0x00007ffb95568000 	C:\Windows\system32\SHELL32.dll
0x00007ffb92590000 - 0x00007ffb925b1000 	C:\Windows\SYSTEM32\USERENV.dll
0x00007ffb95570000 - 0x00007ffb9561a000 	C:\Windows\system32\ADVAPI32.dll
0x00007ffb8b5f0000 - 0x00007ffb8b60e000 	C:\Windows\SYSTEM32\MPR.dll
0x00007ffb93a20000 - 0x00007ffb93b60000 	C:\Windows\system32\RPCRT4.dll
0x00007ffb95920000 - 0x00007ffb95979000 	C:\Windows\SYSTEM32\sechost.dll
0x00007ffb959e0000 - 0x00007ffb95bf1000 	C:\Windows\SYSTEM32\combase.dll
0x00007ffb95630000 - 0x00007ffb9577f000 	C:\Windows\system32\GDI32.dll
0x00007ffb93010000 - 0x00007ffb93025000 	C:\Windows\SYSTEM32\profapi.dll
0x00007ffb91540000 - 0x00007ffb915f2000 	C:\Windows\SYSTEM32\SHCORE.dll
0x00007ffb95db0000 - 0x00007ffb95de6000 	C:\Windows\system32\IMM32.DLL
0x00007ffb938c0000 - 0x00007ffb93a12000 	C:\Windows\system32\MSCTF.dll
0x00007ffb92f50000 - 0x00007ffb92f81000 	C:\Windows\system32\nvinitx.dll
0x00007ffb92f40000 - 0x00007ffb92f4a000 	C:\Windows\SYSTEM32\VERSION.dll
0x000000000f000000 - 0x000000000f006000 	C:\Program Files\NVIDIA Corporation\CoProcManager\_etoured.dll
0x00007ffb91ca0000 - 0x00007ffb91cd1000 	C:\Program Files\NVIDIA Corporation\CoProcManager\nvd3d9wrapx.dll
0x00007ffb93b60000 - 0x00007ffb93d3a000 	C:\Windows\system32\SETUPAPI.dll
0x00007ffb93170000 - 0x00007ffb931bf000 	C:\Windows\system32\CFGMGR32.dll
0x00007ffb91740000 - 0x00007ffb91762000 	C:\Program Files\NVIDIA Corporation\CoProcManager\nvdxgiwrapx.dll
0x00007ffb910c0000 - 0x00007ffb9133b000 	C:\Windows\WinSxS\amd64_microsoft.windows.common-controls_6595b64144ccf1df_6.0.9600.18006_none_623f33d3ecbe86e8\COMCTL32.dll
0x0000000070860000 - 0x0000000070932000 	C:\Program Files\Java\jdk1.8.0_101\jre\bin\msvcr100.dll
0x0000000070cf0000 - 0x000000007158a000 	C:\Program Files\Java\jdk1.8.0_101\jre\bin\server\jvm.dll
0x00007ffb8d160000 - 0x00007ffb8d169000 	C:\Windows\SYSTEM32\WSOCK32.dll
0x00007ffb90bf0000 - 0x00007ffb90c12000 	C:\Windows\SYSTEM32\WINMM.dll
0x00007ffb95ec0000 - 0x00007ffb95ec7000 	C:\Windows\system32\PSAPI.DLL
0x00007ffb936e0000 - 0x00007ffb9373a000 	C:\Windows\system32\WS2_32.dll
0x00007ffb90bc0000 - 0x00007ffb90bea000 	C:\Windows\SYSTEM32\WINMMBASE.dll
0x00007ffb95620000 - 0x00007ffb95629000 	C:\Windows\system32\NSI.dll
0x00007ffb91de0000 - 0x00007ffb91e08000 	C:\Windows\SYSTEM32\DEVOBJ.dll
0x0000000071890000 - 0x000000007189f000 	C:\Program Files\Java\jdk1.8.0_101\jre\bin\verify.dll
0x0000000070cc0000 - 0x0000000070ce9000 	C:\Program Files\Java\jdk1.8.0_101\jre\bin\java.dll
0x0000000070ca0000 - 0x0000000070cb6000 	C:\Program Files\Java\jdk1.8.0_101\jre\bin\zip.dll

VM Arguments:
jvm_args: -Djava.awt.headless=true -Xmx1024M -Dfile.encoding=windows-1256 -Duser.country=US -Duser.language=en -Duser.variant 
java_command: com.android.dx.command.Main --dex --force-jumbo --num-threads=4 --multi-dex --output E:\Android summer training\Pro\PipTalk\app\build\intermediates\transforms\dex\debug\folders\1000\10\json-simple-1.1_35195de437dc952160cad76e3ad8a861103a6dfa C:\Users\EL MAGIC\.gradle\caches\modules-2\files-2.1\com.googlecode.json-simple\json-simple\1.1\5e303a03d04e6788dddfa3655272580ae0fc13bb\json-simple-1.1.jar
java_class_path (initial): E:\BFCI\android SDK\android-sdk-windows\build-tools\24.0.1\lib\dx.jar
Launcher Type: SUN_STANDARD

Environment Variables:
PATH=C:\ProgramData\Oracle\Java\javapath;C:\Windows\system32;C:\Windows;C:\Windows\System32\Wbem;C:\Windows\System32\WindowsPowerShell\v1.0\;C:\Program Files (x86)\Microsoft SQL Server\100\Tools\Binn\;C:\Program Files\Microsoft SQL Server\100\Tools\Binn\;C:\Program Files\Microsoft SQL Server\100\DTS\Binn\;C:\Program Files (x86)\MySQL\MySQL Server 5.0\bin;E:\Installed Programs\runtime\win64;E:\Installed Programs\bin;E:\Installed Programs\polyspace\bin
USERNAME=EL MAGIC
OS=Windows_NT
PROCESSOR_IDENTIFIER=Intel64 Family 6 Model 42 Stepping 7, GenuineIntel



---------------  S Y S T E M  ---------------

OS: Windows 8.1 , 64 bit Build 9600 (6.3.9600.17415)

CPU:total 4 (2 cores per cpu, 2 threads per core) family 6 model 42 stepping 7, cmov, cx8, fxsr, mmx, sse, sse2, sse3, ssse3, sse4.1, sse4.2, popcnt, avx, aes, clmul, ht, tsc, tscinvbit

Memory: 4k page, physical 4098096k(212732k free), swap 7243824k(5208k free)

vm_info: Java HotSpot(TM) 64-Bit Server VM (25.101-b13) for windows-amd64 JRE (1.8.0_101-b13), built on Jun 22 2016 01:21:29 by "java_re" with MS VC++ 10.0 (VS2010)

time: Mon Feb 27 23:57:36 2017
elapsed time: 2 seconds (0d 0h 0m 2s)

