#
# There is insufficient memory for the Java Runtime Environment to continue.
# Native memory allocation (malloc) failed to allocate 32744 bytes for ChunkPool::allocate
# Possible reasons:
#   The system is out of physical RAM or swap space
#   In 32 bit mode, the process size limit was hit
# Possible solutions:
#   Reduce memory load on the system
#   Increase physical memory or swap space
#   Check if swap backing store is full
#   Use 64 bit Java on a 64 bit OS
#   Decrease Java heap size (-Xmx/-Xms)
#   Decrease number of Java threads
#   Decrease Java thread stack sizes (-Xss)
#   Set larger code cache with -XX:ReservedCodeCacheSize=
# This output file may be truncated or incomplete.
#
#  Out of Memory Error (allocation.cpp:273), pid=2072, tid=0x0000000000001608
#
# JRE version: Java(TM) SE Runtime Environment (8.0_101-b13) (build 1.8.0_101-b13)
# Java VM: Java HotSpot(TM) 64-Bit Server VM (25.101-b13 mixed mode windows-amd64 compressed oops)
# Failed to write core dump. Minidumps are not enabled by default on client versions of Windows
#

---------------  T H R E A D  ---------------

Current thread (0x00000000067cd000):  JavaThread "C2 CompilerThread0" daemon [_thread_in_native, id=5640, stack(0x0000000007de0000,0x0000000007ee0000)]

Stack: [0x0000000007de0000,0x0000000007ee0000]
[error occurred during error reporting (printing stack bounds), id 0xc0000005]

Native frames: (J=compiled Java code, j=interpreted, Vv=VM code, C=native code)


Current CompileTask:
C2:   5862 1478       4       java.util.HashMap::resize (359 bytes)


---------------  P R O C E S S  ---------------

Java Threads: ( => current thread )
  0x00000000081dd800 JavaThread "pool-1-thread-1" [_thread_in_Java, id=6268, stack(0x00000000086e0000,0x00000000087e0000)]
  0x0000000008038000 JavaThread "Service Thread" daemon [_thread_blocked, id=4604, stack(0x00000000084e0000,0x00000000085e0000)]
  0x00000000067d8800 JavaThread "C1 CompilerThread2" daemon [_thread_blocked, id=5960, stack(0x00000000083e0000,0x00000000084e0000)]
  0x00000000067d0000 JavaThread "C2 CompilerThread1" daemon [_thread_in_native, id=4128, stack(0x0000000007ee0000,0x0000000007fe0000)]
=>0x00000000067cd000 JavaThread "C2 CompilerThread0" daemon [_thread_in_native, id=5640, stack(0x0000000007de0000,0x0000000007ee0000)]
  0x00000000067cb000 JavaThread "Attach Listener" daemon [_thread_blocked, id=6412, stack(0x0000000007ce0000,0x0000000007de0000)]
  0x00000000067ca800 JavaThread "Signal Dispatcher" daemon [_thread_blocked, id=5592, stack(0x0000000007be0000,0x0000000007ce0000)]
  0x000000000676a000 JavaThread "Finalizer" daemon [_thread_blocked, id=3452, stack(0x0000000007a00000,0x0000000007b00000)]
  0x0000000006749000 JavaThread "Reference Handler" daemon [_thread_blocked, id=4204, stack(0x0000000007900000,0x0000000007a00000)]
  0x0000000002fb0800 JavaThread "main" [_thread_blocked, id=1464, stack(0x0000000002eb0000,0x0000000002fb0000)]

Other Threads:
  0x0000000006746800 VMThread [stack: 0x0000000007800000,0x0000000007900000] [id=3504]
  0x0000000008083000 WatcherThread [stack: 0x00000000085e0000,0x00000000086e0000] [id=3276]

VM state:not at safepoint (normal execution)

VM Mutex/Monitor currently owned by a thread: None

Heap:
 PSYoungGen      total 35328K, used 11620K [0x00000000eab00000, 0x00000000ed000000, 0x0000000100000000)
  eden space 32768K, 27% used [0x00000000eab00000,0x00000000eb3db7b0,0x00000000ecb00000)
  from space 2560K, 99% used [0x00000000ecd80000,0x00000000ecffda00,0x00000000ed000000)
  to   space 2560K, 0% used [0x00000000ecb00000,0x00000000ecb00000,0x00000000ecd80000)
 ParOldGen       total 44032K, used 4303K [0x00000000c0000000, 0x00000000c2b00000, 0x00000000eab00000)
  object space 44032K, 9% used [0x00000000c0000000,0x00000000c0433c28,0x00000000c2b00000)
 Metaspace       used 6199K, capacity 7064K, committed 7424K, reserved 1056768K
  class space    used 611K, capacity 656K, committed 768K, reserved 1048576K

Card table byte_map: [0x0000000003470000,0x0000000003680000] byte_map_base: 0x0000000002e70000

Marking Bits: (ParMarkBitMap*) 0x000000007150a6d0
 Begin Bits: [0x0000000003be0000, 0x0000000004be0000)
 End Bits:   [0x0000000004be0000, 0x0000000005be0000)

Polling page: 0x0000000001150000

CodeCache: size=245760Kb used=5806Kb max_used=5806Kb free=239953Kb
 bounds [0x000000000f010000, 0x000000000f5d0000, 0x000000001e010000]
 total_blobs=1750 nmethods=1481 adapters=182
 compilation: enabled

Compilation events (10 events):
Event: 5.757 Thread 0x00000000067d8800 nmethod 1474 0x000000000f5af550 code [0x000000000f5af760, 0x000000000f5b0388]
Event: 5.757 Thread 0x00000000067cd000 1476       4       java.util.HashMap::getNode (148 bytes)
Event: 5.758 Thread 0x00000000067d8800 1477       3       com.android.dx.rop.cst.CstMemberRef::hashCode (19 bytes)
Event: 5.758 Thread 0x00000000067d8800 nmethod 1477 0x000000000f5b6410 code [0x000000000f5b65c0, 0x000000000f5b6de8]
Event: 5.760 Thread 0x00000000067cd000 nmethod 1476 0x000000000f5b27d0 code [0x000000000f5b2920, 0x000000000f5b2b78]
Event: 5.761 Thread 0x00000000067cd000 1478       4       java.util.HashMap::resize (359 bytes)
Event: 5.762 Thread 0x00000000067d8800 1481       1       com.android.dx.dex.file.DexFile::getByteData (5 bytes)
Event: 5.762 Thread 0x00000000067d8800 nmethod 1481 0x000000000f5ac910 code [0x000000000f5aca60, 0x000000000f5acb70]
Event: 5.764 Thread 0x00000000067d8800 1482       3       com.android.dx.dex.code.OutputFinisher::getAllConstants (47 bytes)
Event: 5.765 Thread 0x00000000067d8800 nmethod 1482 0x000000000f5b8f10 code [0x000000000f5b9140, 0x000000000f5b9aa8]

GC Heap History (4 events):
Event: 1.916 GC heap before
{Heap before GC invocations=1 (full 0):
 PSYoungGen      total 18944K, used 16384K [0x00000000eab00000, 0x00000000ec000000, 0x0000000100000000)
  eden space 16384K, 100% used [0x00000000eab00000,0x00000000ebb00000,0x00000000ebb00000)
  from space 2560K, 0% used [0x00000000ebd80000,0x00000000ebd80000,0x00000000ec000000)
  to   space 2560K, 0% used [0x00000000ebb00000,0x00000000ebb00000,0x00000000ebd80000)
 ParOldGen       total 44032K, used 0K [0x00000000c0000000, 0x00000000c2b00000, 0x00000000eab00000)
  object space 44032K, 0% used [0x00000000c0000000,0x00000000c0000000,0x00000000c2b00000)
 Metaspace       used 5842K, capacity 6772K, committed 7040K, reserved 1056768K
  class space    used 599K, capacity 620K, committed 640K, reserved 1048576K
Event: 2.069 GC heap after
Heap after GC invocations=1 (full 0):
 PSYoungGen      total 18944K, used 2534K [0x00000000eab00000, 0x00000000ed000000, 0x0000000100000000)
  eden space 16384K, 0% used [0x00000000eab00000,0x00000000eab00000,0x00000000ebb00000)
  from space 2560K, 99% used [0x00000000ebb00000,0x00000000ebd79a10,0x00000000ebd80000)
  to   space 2560K, 0% used [0x00000000ecd80000,0x00000000ecd80000,0x00000000ed000000)
 ParOldGen       total 44032K, used 2190K [0x00000000c0000000, 0x00000000c2b00000, 0x00000000eab00000)
  object space 44032K, 4% used [0x00000000c0000000,0x00000000c0223a28,0x00000000c2b00000)
 Metaspace       used 5842K, capacity 6772K, committed 7040K, reserved 1056768K
  class space    used 599K, capacity 620K, committed 640K, reserved 1048576K
}
Event: 3.467 GC heap before
{Heap before GC invocations=2 (full 0):
 PSYoungGen      total 18944K, used 18918K [0x00000000eab00000, 0x00000000ed000000, 0x0000000100000000)
  eden space 16384K, 100% used [0x00000000eab00000,0x00000000ebb00000,0x00000000ebb00000)
  from space 2560K, 99% used [0x00000000ebb00000,0x00000000ebd79a10,0x00000000ebd80000)
  to   space 2560K, 0% used [0x00000000ecd80000,0x00000000ecd80000,0x00000000ed000000)
 ParOldGen       total 44032K, used 2190K [0x00000000c0000000, 0x00000000c2b00000, 0x00000000eab00000)
  object space 44032K, 4% used [0x00000000c0000000,0x00000000c0223a28,0x00000000c2b00000)
 Metaspace       used 6087K, capacity 6966K, committed 7040K, reserved 1056768K
  class space    used 603K, capacity 622K, committed 640K, reserved 1048576K
Event: 4.496 GC heap after
Heap after GC invocations=2 (full 0):
 PSYoungGen      total 35328K, used 2550K [0x00000000eab00000, 0x00000000ed000000, 0x0000000100000000)
  eden space 32768K, 0% used [0x00000000eab00000,0x00000000eab00000,0x00000000ecb00000)
  from space 2560K, 99% used [0x00000000ecd80000,0x00000000ecffda00,0x00000000ed000000)
  to   space 2560K, 0% used [0x00000000ecb00000,0x00000000ecb00000,0x00000000ecd80000)
 ParOldGen       total 44032K, used 4303K [0x00000000c0000000, 0x00000000c2b00000, 0x00000000eab00000)
  object space 44032K, 9% used [0x00000000c0000000,0x00000000c0433c28,0x00000000c2b00000)
 Metaspace       used 6087K, capacity 6966K, committed 7040K, reserved 1056768K
  class space    used 603K, capacity 622K, committed 640K, reserved 1048576K
}

Deoptimization events (10 events):
Event: 5.721 Thread 0x00000000081dd800 Uncommon trap: reason=class_check action=maybe_recompile pc=0x000000000f4d1ec8 method=java.util.Arrays.hashCode([Ljava/lang/Object;)I @ 43
Event: 5.721 Thread 0x00000000081dd800 Uncommon trap: reason=class_check action=maybe_recompile pc=0x000000000f4d1ec8 method=java.util.Arrays.hashCode([Ljava/lang/Object;)I @ 43
Event: 5.722 Thread 0x00000000081dd800 Uncommon trap: reason=class_check action=maybe_recompile pc=0x000000000f4d1ec8 method=java.util.Arrays.hashCode([Ljava/lang/Object;)I @ 43
Event: 5.722 Thread 0x00000000081dd800 Uncommon trap: reason=class_check action=maybe_recompile pc=0x000000000f4d1ec8 method=java.util.Arrays.hashCode([Ljava/lang/Object;)I @ 43
Event: 5.722 Thread 0x00000000081dd800 Uncommon trap: reason=class_check action=maybe_recompile pc=0x000000000f4d18f4 method=java.util.Arrays.hashCode([Ljava/lang/Object;)I @ 43
Event: 5.740 Thread 0x00000000081dd800 Uncommon trap: reason=bimorphic action=maybe_recompile pc=0x000000000f23b9a0 method=java.util.HashMap.getNode(ILjava/lang/Object;)Ljava/util/HashMap$Node; @ 126
Event: 5.740 Thread 0x00000000081dd800 Uncommon trap: reason=bimorphic action=maybe_recompile pc=0x000000000f23b9a0 method=java.util.HashMap.getNode(ILjava/lang/Object;)Ljava/util/HashMap$Node; @ 126
Event: 5.740 Thread 0x00000000081dd800 Uncommon trap: reason=bimorphic action=maybe_recompile pc=0x000000000f23b9a0 method=java.util.HashMap.getNode(ILjava/lang/Object;)Ljava/util/HashMap$Node; @ 126
Event: 5.740 Thread 0x00000000081dd800 Uncommon trap: reason=bimorphic action=maybe_recompile pc=0x000000000f23c25c method=java.util.HashMap.getNode(ILjava/lang/Object;)Ljava/util/HashMap$Node; @ 126
Event: 5.750 Thread 0x00000000081dd800 Uncommon trap: reason=unstable_if action=reinterpret pc=0x000000000f4d59ec method=java.util.HashMap.putVal(ILjava/lang/Object;Ljava/lang/Object;ZZ)Ljava/lang/Object; @ 94

Internal exceptions (3 events):
Event: 0.052 Thread 0x0000000002fb0800 Exception <a 'java/lang/NoSuchMethodError': Method sun.misc.Unsafe.defineClass(Ljava/lang/String;[BII)Ljava/lang/Class; name or signature does not match> (0x00000000eab07cc0) thrown at [C:\re\workspace\8-2-build-windows-amd64-cygwin\jdk8u101\7261\hotspot\s®òèob®ª?
Event: 0.052 Thread 0x0000000002fb0800 Exception <a 'java/lang/NoSuchMethodError': Method sun.misc.Unsafe.prefetchRead(Ljava/lang/Object;J)V name or signature does not match> (0x00000000eab07fa8) thrown at [C:\re\workspace\8-2-build-windows-amd64-cygwin\jdk8u101\7261\hotspot\src\share\vm\prims\ÏUÈóÐ˜
Event: 2.075 Thread 0x0000000002fb0800 Implicit null exception at 0x000000000f368295 to 0x000000000f36a1e1

Events (10 events):
Event: 5.740 Thread 0x00000000081dd800 DEOPT PACKING pc=0x000000000f23b9a0 sp=0x00000000087dea90
Event: 5.740 Thread 0x00000000081dd800 DEOPT UNPACKING pc=0x000000000f05582a sp=0x00000000087de9a8 mode 2
Event: 5.740 Thread 0x00000000081dd800 Uncommon trap: trap_request=0xffffffc6 fr.pc=0x000000000f23c25c
Event: 5.740 Thread 0x00000000081dd800 DEOPT PACKING pc=0x000000000f23c25c sp=0x00000000087dea20
Event: 5.740 Thread 0x00000000081dd800 DEOPT UNPACKING pc=0x000000000f05582a sp=0x00000000087de9a8 mode 2
Event: 5.750 Thread 0x00000000081dd800 Uncommon trap: trap_request=0xffffff65 fr.pc=0x000000000f4d59ec
Event: 5.750 Thread 0x00000000081dd800 DEOPT PACKING pc=0x000000000f4d59ec sp=0x00000000087de910
Event: 5.750 Thread 0x00000000081dd800 DEOPT UNPACKING pc=0x000000000f05582a sp=0x00000000087de890 mode 2
Event: 5.755 loading class com/android/dx/dex/file/CatchStructs
Event: 5.755 loading class com/android/dx/dex/file/CatchStructs done


Dynamic libraries:
0x00007ff7c0430000 - 0x00007ff7c0467000 	C:\Program Files\Java\jdk1.8.0_101\bin\java.exe
0x00007ffb95ef0000 - 0x00007ffb9609d000 	C:\Windows\SYSTEM32\ntdll.dll
0x00007ffb93f00000 - 0x00007ffb9403e000 	C:\Windows\system32\KERNEL32.DLL
0x00007ffb931c0000 - 0x00007ffb932d5000 	C:\Windows\system32\KERNELBASE.dll
0x00007ffb91b90000 - 0x00007ffb91c1e000 	C:\Windows\system32\apphelp.dll
0x00007ffb81b90000 - 0x00007ffb81be3000 	C:\Windows\AppPatch\AppPatch64\AcGenral.DLL
0x00007ffb93630000 - 0x00007ffb936da000 	C:\Windows\system32\msvcrt.dll
0x00007ffb930e0000 - 0x00007ffb9310e000 	C:\Windows\system32\SspiCli.dll
0x00007ffb95df0000 - 0x00007ffb95e44000 	C:\Windows\system32\SHLWAPI.dll
0x00007ffb93740000 - 0x00007ffb938b7000 	C:\Windows\system32\USER32.dll
0x00007ffb95780000 - 0x00007ffb95914000 	C:\Windows\system32\ole32.dll
0x00007ffb94040000 - 0x00007ffb95568000 	C:\Windows\system32\SHELL32.dll
0x00007ffb92590000 - 0x00007ffb925b1000 	C:\Windows\SYSTEM32\USERENV.dll
0x00007ffb95570000 - 0x00007ffb9561a000 	C:\Windows\system32\ADVAPI32.dll
0x00007ffb8b5f0000 - 0x00007ffb8b60e000 	C:\Windows\SYSTEM32\MPR.dll
0x00007ffb93a20000 - 0x00007ffb93b60000 	C:\Windows\system32\RPCRT4.dll
0x00007ffb95920000 - 0x00007ffb95979000 	C:\Windows\SYSTEM32\sechost.dll
0x00007ffb959e0000 - 0x00007ffb95bf1000 	C:\Windows\SYSTEM32\combase.dll
0x00007ffb95630000 - 0x00007ffb9577f000 	C:\Windows\system32\GDI32.dll
0x00007ffb93010000 - 0x00007ffb93025000 	C:\Windows\SYSTEM32\profapi.dll
0x00007ffb91540000 - 0x00007ffb915f2000 	C:\Windows\SYSTEM32\SHCORE.dll
0x00007ffb95db0000 - 0x00007ffb95de6000 	C:\Windows\system32\IMM32.DLL
0x00007ffb938c0000 - 0x00007ffb93a12000 	C:\Windows\system32\MSCTF.dll
0x00007ffb92f50000 - 0x00007ffb92f81000 	C:\Windows\system32\nvinitx.dll
0x00007ffb92f40000 - 0x00007ffb92f4a000 	C:\Windows\SYSTEM32\VERSION.dll
0x000000000f000000 - 0x000000000f006000 	C:\Program Files\NVIDIA Corporation\CoProcManager\_etoured.dll
0x00007ffb91ca0000 - 0x00007ffb91cd1000 	C:\Program Files\NVIDIA Corporation\CoProcManager\nvd3d9wrapx.dll
0x00007ffb93b60000 - 0x00007ffb93d3a000 	C:\Windows\system32\SETUPAPI.dll
0x00007ffb93170000 - 0x00007ffb931bf000 	C:\Windows\system32\CFGMGR32.dll
0x00007ffb91740000 - 0x00007ffb91762000 	C:\Program Files\NVIDIA Corporation\CoProcManager\nvdxgiwrapx.dll
0x00007ffb910c0000 - 0x00007ffb9133b000 	C:\Windows\WinSxS\amd64_microsoft.windows.common-controls_6595b64144ccf1df_6.0.9600.18006_none_623f33d3ecbe86e8\COMCTL32.dll
0x0000000070860000 - 0x0000000070932000 	C:\Program Files\Java\jdk1.8.0_101\jre\bin\msvcr100.dll
0x0000000070cf0000 - 0x000000007158a000 	C:\Program Files\Java\jdk1.8.0_101\jre\bin\server\jvm.dll
0x00007ffb8d160000 - 0x00007ffb8d169000 	C:\Windows\SYSTEM32\WSOCK32.dll
0x00007ffb90bf0000 - 0x00007ffb90c12000 	C:\Windows\SYSTEM32\WINMM.dll
0x00007ffb95ec0000 - 0x00007ffb95ec7000 	C:\Windows\system32\PSAPI.DLL
0x00007ffb936e0000 - 0x00007ffb9373a000 	C:\Windows\system32\WS2_32.dll
0x00007ffb90bc0000 - 0x00007ffb90bea000 	C:\Windows\SYSTEM32\WINMMBASE.dll
0x00007ffb95620000 - 0x00007ffb95629000 	C:\Windows\system32\NSI.dll
0x00007ffb91de0000 - 0x00007ffb91e08000 	C:\Windows\SYSTEM32\DEVOBJ.dll
0x0000000071890000 - 0x000000007189f000 	C:\Program Files\Java\jdk1.8.0_101\jre\bin\verify.dll
0x0000000070cc0000 - 0x0000000070ce9000 	C:\Program Files\Java\jdk1.8.0_101\jre\bin\java.dll
0x0000000070ca0000 - 0x0000000070cb6000 	C:\Program Files\Java\jdk1.8.0_101\jre\bin\zip.dll

VM Arguments:
jvm_args: -Djava.awt.headless=true -Xmx1024M -Dfile.encoding=windows-1256 -Duser.country=US -Duser.language=en -Duser.variant 
java_command: com.android.dx.command.Main --dex --force-jumbo --num-threads=4 --multi-dex --output E:\Android summer training\Pro\PipTalk\app\build\intermediates\transforms\dex\debug\folders\1000\10\smack-im-4.2.0-beta2_56e8b508b77adba28bb60b72b06bba3e79c96bcc C:\Users\EL MAGIC\.gradle\caches\modules-2\files-2.1\org.igniterealtime.smack\smack-im\4.2.0-beta2\7f31db59fa89adac4f182b3b8ca196078076c6d8\smack-im-4.2.0-beta2.jar
java_class_path (initial): E:\BFCI\android SDK\android-sdk-windows\build-tools\24.0.1\lib\dx.jar
Launcher Type: SUN_STANDARD

Environment Variables:
PATH=C:\ProgramData\Oracle\Java\javapath;C:\Windows\system32;C:\Windows;C:\Windows\System32\Wbem;C:\Windows\System32\WindowsPowerShell\v1.0\;C:\Program Files (x86)\Microsoft SQL Server\100\Tools\Binn\;C:\Program Files\Microsoft SQL Server\100\Tools\Binn\;C:\Program Files\Microsoft SQL Server\100\DTS\Binn\;C:\Program Files (x86)\MySQL\MySQL Server 5.0\bin;E:\Installed Programs\runtime\win64;E:\Installed Programs\bin;E:\Installed Programs\polyspace\bin
USERNAME=EL MAGIC
OS=Windows_NT
PROCESSOR_IDENTIFIER=Intel64 Family 6 Model 42 Stepping 7, GenuineIntel



---------------  S Y S T E M  ---------------

OS: Windows 8.1 , 64 bit Build 9600 (6.3.9600.17415)

CPU:total 4 (2 cores per cpu, 2 threads per core) family 6 model 42 stepping 7, cmov, cx8, fxsr, mmx, sse, sse2, sse3, ssse3, sse4.1, sse4.2, popcnt, avx, aes, clmul, ht, tsc, tscinvbit

Memory: 4k page, physical 4098096k(169844k free), swap 7243824k(7308k free)

vm_info: Java HotSpot(TM) 64-Bit Server VM (25.101-b13) for windows-amd64 JRE (1.8.0_101-b13), built on Jun 22 2016 01:21:29 by "java_re" with MS VC++ 10.0 (VS2010)

time: Mon Feb 27 21:54:01 2017
elapsed time: 5 seconds (0d 0h 0m 5s)

