#
# There is insufficient memory for the Java Runtime Environment to continue.
# Native memory allocation (malloc) failed to allocate 117856 bytes for Chunk::new
# Possible reasons:
#   The system is out of physical RAM or swap space
#   In 32 bit mode, the process size limit was hit
# Possible solutions:
#   Reduce memory load on the system
#   Increase physical memory or swap space
#   Check if swap backing store is full
#   Use 64 bit Java on a 64 bit OS
#   Decrease Java heap size (-Xmx/-Xms)
#   Decrease number of Java threads
#   Decrease Java thread stack sizes (-Xss)
#   Set larger code cache with -XX:ReservedCodeCacheSize=
# This output file may be truncated or incomplete.
#
#  Out of Memory Error (allocation.cpp:390), pid=3228, tid=0x0000000000000b98
#
# JRE version: Java(TM) SE Runtime Environment (8.0_101-b13) (build 1.8.0_101-b13)
# Java VM: Java HotSpot(TM) 64-Bit Server VM (25.101-b13 mixed mode windows-amd64 compressed oops)
# Failed to write core dump. Minidumps are not enabled by default on client versions of Windows
#

---------------  T H R E A D  ---------------

Current thread (0x0000000005e10800):  JavaThread "C2 CompilerThread1" daemon [_thread_in_native, id=2968, stack(0x0000000007510000,0x0000000007610000)]

Stack: [0x0000000007510000,0x0000000007610000]
[error occurred during error reporting (printing stack bounds), id 0xc0000005]

Native frames: (J=compiled Java code, j=interpreted, Vv=VM code, C=native code)


Current CompileTask:
C2:   2799  581       4       java.util.HashMap::get (23 bytes)


---------------  P R O C E S S  ---------------

Java Threads: ( => current thread )
  0x00000000079e1000 JavaThread "pool-2-thread-4" [_thread_in_Java, id=2236, stack(0x0000000008110000,0x0000000008210000)]
  0x00000000079b2000 JavaThread "pool-2-thread-3" [_thread_in_vm, id=3064, stack(0x0000000008010000,0x0000000008110000)]
  0x0000000007974800 JavaThread "pool-2-thread-2" [_thread_blocked, id=1652, stack(0x0000000007f10000,0x0000000008010000)]
  0x0000000007964800 JavaThread "pool-3-thread-1" [_thread_blocked, id=5760, stack(0x0000000007e10000,0x0000000007f10000)]
  0x000000000797c000 JavaThread "pool-2-thread-1" [_thread_blocked, id=3460, stack(0x0000000007d10000,0x0000000007e10000)]
  0x0000000007790000 JavaThread "Service Thread" daemon [_thread_blocked, id=2984, stack(0x0000000007b10000,0x0000000007c10000)]
  0x0000000005e16800 JavaThread "C1 CompilerThread2" daemon [_thread_in_vm, id=488, stack(0x0000000007610000,0x0000000007710000)]
=>0x0000000005e10800 JavaThread "C2 CompilerThread1" daemon [_thread_in_native, id=2968, stack(0x0000000007510000,0x0000000007610000)]
  0x0000000005e08000 JavaThread "C2 CompilerThread0" daemon [_thread_in_native, id=6536, stack(0x0000000007410000,0x0000000007510000)]
  0x0000000005e06000 JavaThread "Attach Listener" daemon [_thread_blocked, id=3812, stack(0x0000000007310000,0x0000000007410000)]
  0x0000000005e05800 JavaThread "Signal Dispatcher" daemon [_thread_blocked, id=6120, stack(0x0000000007210000,0x0000000007310000)]
  0x0000000005daa800 JavaThread "Finalizer" daemon [_thread_blocked, id=2992, stack(0x0000000007030000,0x0000000007130000)]
  0x0000000005d89000 JavaThread "Reference Handler" daemon [_thread_blocked, id=4780, stack(0x0000000006f30000,0x0000000007030000)]
  0x00000000025f0800 JavaThread "main" [_thread_in_Java, id=4588, stack(0x0000000002440000,0x0000000002540000)]

Other Threads:
  0x0000000005d86800 VMThread [stack: 0x0000000006e30000,0x0000000006f30000] [id=3168]
  0x00000000077de800 WatcherThread [stack: 0x0000000007c10000,0x0000000007d10000] [id=916]

VM state:not at safepoint (normal execution)

VM Mutex/Monitor currently owned by a thread: None

Heap:
 PSYoungGen      total 18944K, used 3673K [0x00000000eab00000, 0x00000000ec000000, 0x0000000100000000)
  eden space 16384K, 6% used [0x00000000eab00000,0x00000000eac17418,0x00000000ebb00000)
  from space 2560K, 99% used [0x00000000ebb00000,0x00000000ebd7f118,0x00000000ebd80000)
  to   space 2560K, 0% used [0x00000000ebd80000,0x00000000ebd80000,0x00000000ec000000)
 ParOldGen       total 44032K, used 726K [0x00000000c0000000, 0x00000000c2b00000, 0x00000000eab00000)
  object space 44032K, 1% used [0x00000000c0000000,0x00000000c00b59a8,0x00000000c2b00000)
 Metaspace       used 5462K, capacity 6512K, committed 6784K, reserved 1069056K
  class space    used 588K, capacity 616K, committed 640K, reserved 1048576K

Card table byte_map: [0x0000000002ab0000,0x0000000002cc0000] byte_map_base: 0x00000000024b0000

Marking Bits: (ParMarkBitMap*) 0x000000007150a6d0
 Begin Bits: [0x0000000003220000, 0x0000000004220000)
 End Bits:   [0x0000000004220000, 0x0000000005220000)

Polling page: 0x0000000000930000

CodeCache: size=245760Kb used=2239Kb max_used=2250Kb free=243520Kb
 bounds [0x000000000f010000, 0x000000000f280000, 0x000000001e010000]
 total_blobs=837 nmethods=574 adapters=176
 compilation: enabled

Compilation events (10 events):
Event: 2.793 Thread 0x0000000005e16800 nmethod 578 0x000000000f23d550 code [0x000000000f23d6c0, 0x000000000f23da88]
Event: 2.793 Thread 0x0000000005e16800  571       3       com.android.dx.ssa.SsaMethod::updateOneDefinition (70 bytes)
Event: 2.794 Thread 0x0000000005e16800 nmethod 571 0x000000000f23c850 code [0x000000000f23ca00, 0x000000000f23d228]
Event: 2.794 Thread 0x0000000005e16800  574       3       com.android.dx.rop.code.InsnList::set (7 bytes)
Event: 2.794 Thread 0x0000000005e08000  585       4       java.util.AbstractCollection::<init> (5 bytes)
Event: 2.794 Thread 0x0000000005e08000 nmethod 585 0x000000000f23e650 code [0x000000000f23e780, 0x000000000f23e7d8]
Event: 2.794 Thread 0x0000000005e16800 nmethod 574 0x000000000f23edd0 code [0x000000000f23efa0, 0x000000000f23f788]
Event: 2.794 Thread 0x0000000005e16800  559       3       com.android.dx.rop.code.InsnList::getLast (11 bytes)
Event: 2.795 Thread 0x0000000005e16800 nmethod 559 0x000000000f2421d0 code [0x000000000f242360, 0x000000000f242808]
Event: 2.795 Thread 0x0000000005e16800  569   !   3       com.android.dx.cf.code.BytecodeArray::parseInstruction (2764 bytes)

GC Heap History (2 events):
Event: 2.781 GC heap before
{Heap before GC invocations=1 (full 0):
 PSYoungGen      total 18944K, used 12572K [0x00000000eab00000, 0x00000000ec000000, 0x0000000100000000)
  eden space 16384K, 76% used [0x00000000eab00000,0x00000000eb747380,0x00000000ebb00000)
  from space 2560K, 0% used [0x00000000ebd80000,0x00000000ebd80000,0x00000000ec000000)
  to   space 2560K, 0% used [0x00000000ebb00000,0x00000000ebb00000,0x00000000ebd80000)
 ParOldGen       total 44032K, used 0K [0x00000000c0000000, 0x00000000c2b00000, 0x00000000eab00000)
  object space 44032K, 0% used [0x00000000c0000000,0x00000000c0000000,0x00000000c2b00000)
 Metaspace       used 5424K, capacity 6512K, committed 6784K, reserved 1069056K
  class space    used 588K, capacity 616K, committed 640K, reserved 1048576K
Event: 2.786 GC heap after
Heap after GC invocations=1 (full 0):
 PSYoungGen      total 18944K, used 2556K [0x00000000eab00000, 0x00000000ec000000, 0x0000000100000000)
  eden space 16384K, 0% used [0x00000000eab00000,0x00000000eab00000,0x00000000ebb00000)
  from space 2560K, 99% used [0x00000000ebb00000,0x00000000ebd7f118,0x00000000ebd80000)
  to   space 2560K, 0% used [0x00000000ebd80000,0x00000000ebd80000,0x00000000ec000000)
 ParOldGen       total 44032K, used 726K [0x00000000c0000000, 0x00000000c2b00000, 0x00000000eab00000)
  object space 44032K, 1% used [0x00000000c0000000,0x00000000c00b59a8,0x00000000c2b00000)
 Metaspace       used 5424K, capacity 6512K, committed 6784K, reserved 1069056K
  class space    used 588K, capacity 616K, committed 640K, reserved 1048576K
}

Deoptimization events (1 events):
Event: 2.754 Thread 0x000000000797c000 Uncommon trap: reason=unstable_if action=reinterpret pc=0x000000000f2280ac method=java.util.HashMap.getNode(ILjava/lang/Object;)Ljava/util/HashMap$Node; @ 129

Internal exceptions (2 events):
Event: 0.133 Thread 0x00000000025f0800 Exception <a 'java/lang/NoSuchMethodError': Method sun.misc.Unsafe.defineClass(Ljava/lang/String;[BII)Ljava/lang/Class; name or signature does not match> (0x00000000eab07cc0) thrown at [C:\re\workspace\8-2-build-windows-amd64-cygwin\jdk8u101\7261\hotspot\s8vòýÀ?
Event: 0.133 Thread 0x00000000025f0800 Exception <a 'java/lang/NoSuchMethodError': Method sun.misc.Unsafe.prefetchRead(Ljava/lang/Object;J)V name or signature does not match> (0x00000000eab07fa8) thrown at [C:\re\workspace\8-2-build-windows-amd64-cygwin\jdk8u101\7261\hotspot\src\share\vm\prims\

Events (10 events):
Event: 2.736 loading class com/android/dx/dex/file/FieldAnnotationStruct done
Event: 2.753 Thread 0x000000000797c000 Uncommon trap: trap_request=0xffffff65 fr.pc=0x000000000f2280ac
Event: 2.754 Thread 0x000000000797c000 DEOPT PACKING pc=0x000000000f2280ac sp=0x0000000007e0e340
Event: 2.754 Thread 0x000000000797c000 DEOPT UNPACKING pc=0x000000000f05582a sp=0x0000000007e0e2b8 mode 2
Event: 2.756 loading class com/android/dx/cf/attrib/AttExceptions
Event: 2.756 loading class com/android/dx/cf/attrib/AttExceptions done
Event: 2.757 Executing VM operation: CollectForMetadataAllocation
Event: 2.759 Executing VM operation: CollectForMetadataAllocation done
Event: 2.761 Executing VM operation: ParallelGCSystemGC
Event: 2.786 Executing VM operation: ParallelGCSystemGC done


Dynamic libraries:
0x00007ff7c0430000 - 0x00007ff7c0467000 	C:\Program Files\Java\jdk1.8.0_101\bin\java.exe
0x00007ffb95ef0000 - 0x00007ffb9609d000 	C:\Windows\SYSTEM32\ntdll.dll
0x00007ffb93f00000 - 0x00007ffb9403e000 	C:\Windows\system32\KERNEL32.DLL
0x00007ffb931c0000 - 0x00007ffb932d5000 	C:\Windows\system32\KERNELBASE.dll
0x00007ffb91b90000 - 0x00007ffb91c1e000 	C:\Windows\system32\apphelp.dll
0x00007ffb81b90000 - 0x00007ffb81be3000 	C:\Windows\AppPatch\AppPatch64\AcGenral.DLL
0x00007ffb93630000 - 0x00007ffb936da000 	C:\Windows\system32\msvcrt.dll
0x00007ffb930e0000 - 0x00007ffb9310e000 	C:\Windows\system32\SspiCli.dll
0x00007ffb95df0000 - 0x00007ffb95e44000 	C:\Windows\system32\SHLWAPI.dll
0x00007ffb93740000 - 0x00007ffb938b7000 	C:\Windows\system32\USER32.dll
0x00007ffb95780000 - 0x00007ffb95914000 	C:\Windows\system32\ole32.dll
0x00007ffb94040000 - 0x00007ffb95568000 	C:\Windows\system32\SHELL32.dll
0x00007ffb92590000 - 0x00007ffb925b1000 	C:\Windows\SYSTEM32\USERENV.dll
0x00007ffb95570000 - 0x00007ffb9561a000 	C:\Windows\system32\ADVAPI32.dll
0x00007ffb8b5f0000 - 0x00007ffb8b60e000 	C:\Windows\SYSTEM32\MPR.dll
0x00007ffb93a20000 - 0x00007ffb93b60000 	C:\Windows\system32\RPCRT4.dll
0x00007ffb95920000 - 0x00007ffb95979000 	C:\Windows\SYSTEM32\sechost.dll
0x00007ffb959e0000 - 0x00007ffb95bf1000 	C:\Windows\SYSTEM32\combase.dll
0x00007ffb95630000 - 0x00007ffb9577f000 	C:\Windows\system32\GDI32.dll
0x00007ffb93010000 - 0x00007ffb93025000 	C:\Windows\SYSTEM32\profapi.dll
0x00007ffb91540000 - 0x00007ffb915f2000 	C:\Windows\SYSTEM32\SHCORE.dll
0x00007ffb95db0000 - 0x00007ffb95de6000 	C:\Windows\system32\IMM32.DLL
0x00007ffb938c0000 - 0x00007ffb93a12000 	C:\Windows\system32\MSCTF.dll
0x00007ffb92f50000 - 0x00007ffb92f81000 	C:\Windows\system32\nvinitx.dll
0x00007ffb92f40000 - 0x00007ffb92f4a000 	C:\Windows\SYSTEM32\VERSION.dll
0x000000000f000000 - 0x000000000f006000 	C:\Program Files\NVIDIA Corporation\CoProcManager\_etoured.dll
0x00007ffb91ca0000 - 0x00007ffb91cd1000 	C:\Program Files\NVIDIA Corporation\CoProcManager\nvd3d9wrapx.dll
0x00007ffb93b60000 - 0x00007ffb93d3a000 	C:\Windows\system32\SETUPAPI.dll
0x00007ffb93170000 - 0x00007ffb931bf000 	C:\Windows\system32\CFGMGR32.dll
0x00007ffb91740000 - 0x00007ffb91762000 	C:\Program Files\NVIDIA Corporation\CoProcManager\nvdxgiwrapx.dll
0x00007ffb910c0000 - 0x00007ffb9133b000 	C:\Windows\WinSxS\amd64_microsoft.windows.common-controls_6595b64144ccf1df_6.0.9600.18006_none_623f33d3ecbe86e8\COMCTL32.dll
0x0000000070860000 - 0x0000000070932000 	C:\Program Files\Java\jdk1.8.0_101\jre\bin\msvcr100.dll
0x0000000070cf0000 - 0x000000007158a000 	C:\Program Files\Java\jdk1.8.0_101\jre\bin\server\jvm.dll
0x00007ffb8d160000 - 0x00007ffb8d169000 	C:\Windows\SYSTEM32\WSOCK32.dll
0x00007ffb90bf0000 - 0x00007ffb90c12000 	C:\Windows\SYSTEM32\WINMM.dll
0x00007ffb95ec0000 - 0x00007ffb95ec7000 	C:\Windows\system32\PSAPI.DLL
0x00007ffb936e0000 - 0x00007ffb9373a000 	C:\Windows\system32\WS2_32.dll
0x00007ffb90bc0000 - 0x00007ffb90bea000 	C:\Windows\SYSTEM32\WINMMBASE.dll
0x00007ffb95620000 - 0x00007ffb95629000 	C:\Windows\system32\NSI.dll
0x00007ffb91de0000 - 0x00007ffb91e08000 	C:\Windows\SYSTEM32\DEVOBJ.dll
0x0000000071890000 - 0x000000007189f000 	C:\Program Files\Java\jdk1.8.0_101\jre\bin\verify.dll
0x0000000070cc0000 - 0x0000000070ce9000 	C:\Program Files\Java\jdk1.8.0_101\jre\bin\java.dll
0x0000000070ca0000 - 0x0000000070cb6000 	C:\Program Files\Java\jdk1.8.0_101\jre\bin\zip.dll

VM Arguments:
jvm_args: -Djava.awt.headless=true -Xmx1024M -Dfile.encoding=windows-1256 -Duser.country=US -Duser.language=en -Duser.variant 
java_command: com.android.dx.command.Main --dex --force-jumbo --num-threads=4 --multi-dex --output E:\Android summer training\Pro\PipTalk\app\build\intermediates\transforms\dex\debug\folders\1000\10\com.android.support-support-core-ui-24.2.1_991c50af554091325e1199303d8b03ba34361be6 E:\Android summer training\Pro\PipTalk\app\build\intermediates\exploded-aar\com.android.support\support-core-ui\24.2.1\jars\classes.jar
java_class_path (initial): E:\BFCI\android SDK\android-sdk-windows\build-tools\24.0.1\lib\dx.jar
Launcher Type: SUN_STANDARD

Environment Variables:
PATH=C:\ProgramData\Oracle\Java\javapath;C:\Windows\system32;C:\Windows;C:\Windows\System32\Wbem;C:\Windows\System32\WindowsPowerShell\v1.0\;C:\Program Files (x86)\Microsoft SQL Server\100\Tools\Binn\;C:\Program Files\Microsoft SQL Server\100\Tools\Binn\;C:\Program Files\Microsoft SQL Server\100\DTS\Binn\;C:\Program Files (x86)\MySQL\MySQL Server 5.0\bin;E:\Installed Programs\runtime\win64;E:\Installed Programs\bin;E:\Installed Programs\polyspace\bin
USERNAME=EL MAGIC
OS=Windows_NT
PROCESSOR_IDENTIFIER=Intel64 Family 6 Model 42 Stepping 7, GenuineIntel



---------------  S Y S T E M  ---------------

OS: Windows 8.1 , 64 bit Build 9600 (6.3.9600.17415)

CPU:total 4 (2 cores per cpu, 2 threads per core) family 6 model 42 stepping 7, cmov, cx8, fxsr, mmx, sse, sse2, sse3, ssse3, sse4.1, sse4.2, popcnt, avx, aes, clmul, ht, tsc, tscinvbit

Memory: 4k page, physical 4098096k(231800k free), swap 7243824k(3320k free)

vm_info: Java HotSpot(TM) 64-Bit Server VM (25.101-b13) for windows-amd64 JRE (1.8.0_101-b13), built on Jun 22 2016 01:21:29 by "java_re" with MS VC++ 10.0 (VS2010)

time: Tue Feb 28 02:31:06 2017
elapsed time: 2 seconds (0d 0h 0m 2s)

