#
# There is insufficient memory for the Java Runtime Environment to continue.
# Native memory allocation (malloc) failed to allocate 299840 bytes for Chunk::new
# Possible reasons:
#   The system is out of physical RAM or swap space
#   In 32 bit mode, the process size limit was hit
# Possible solutions:
#   Reduce memory load on the system
#   Increase physical memory or swap space
#   Check if swap backing store is full
#   Use 64 bit Java on a 64 bit OS
#   Decrease Java heap size (-Xmx/-Xms)
#   Decrease number of Java threads
#   Decrease Java thread stack sizes (-Xss)
#   Set larger code cache with -XX:ReservedCodeCacheSize=
# This output file may be truncated or incomplete.
#
#  Out of Memory Error (allocation.cpp:390), pid=5988, tid=0x0000000000001190
#
# JRE version: Java(TM) SE Runtime Environment (8.0_101-b13) (build 1.8.0_101-b13)
# Java VM: Java HotSpot(TM) 64-Bit Server VM (25.101-b13 mixed mode windows-amd64 compressed oops)
# Failed to write core dump. Minidumps are not enabled by default on client versions of Windows
#

---------------  T H R E A D  ---------------

Current thread (0x0000000007373000):  JavaThread "C2 CompilerThread1" daemon [_thread_in_native, id=4496, stack(0x0000000007730000,0x0000000007830000)]

Stack: [0x0000000007730000,0x0000000007830000]
[error occurred during error reporting (printing stack bounds), id 0xc0000005]

Native frames: (J=compiled Java code, j=interpreted, Vv=VM code, C=native code)


Current CompileTask:
C2:   7463 1762       4       com.android.dx.ssa.SsaConverter::placePhiFunctions (394 bytes)


---------------  P R O C E S S  ---------------

Java Threads: ( => current thread )
  0x00000000075b4000 JavaThread "pool-1-thread-4" [_thread_blocked, id=3900, stack(0x0000000007f30000,0x0000000008030000)]
  0x00000000075b3000 JavaThread "pool-1-thread-3" [_thread_blocked, id=6900, stack(0x0000000007e30000,0x0000000007f30000)]
  0x0000000007606800 JavaThread "pool-1-thread-2" [_thread_blocked, id=4908, stack(0x0000000007d30000,0x0000000007e30000)]
  0x00000000075fa800 JavaThread "pool-2-thread-1" [_thread_blocked, id=6892, stack(0x0000000007c30000,0x0000000007d30000)]
  0x00000000075f9800 JavaThread "pool-1-thread-1" [_thread_in_vm, id=3916, stack(0x0000000007b30000,0x0000000007c30000)]
  0x0000000007389000 JavaThread "Service Thread" daemon [_thread_blocked, id=6608, stack(0x0000000007930000,0x0000000007a30000)]
  0x0000000007375800 JavaThread "C1 CompilerThread2" daemon [_thread_blocked, id=3640, stack(0x0000000007830000,0x0000000007930000)]
=>0x0000000007373000 JavaThread "C2 CompilerThread1" daemon [_thread_in_native, id=4496, stack(0x0000000007730000,0x0000000007830000)]
  0x0000000005c08000 JavaThread "C2 CompilerThread0" daemon [_thread_in_native, id=2396, stack(0x0000000007230000,0x0000000007330000)]
  0x0000000005c06000 JavaThread "Attach Listener" daemon [_thread_blocked, id=6112, stack(0x0000000007130000,0x0000000007230000)]
  0x0000000005c05800 JavaThread "Signal Dispatcher" daemon [_thread_blocked, id=5476, stack(0x0000000007030000,0x0000000007130000)]
  0x0000000005baa800 JavaThread "Finalizer" daemon [_thread_blocked, id=6564, stack(0x0000000006e30000,0x0000000006f30000)]
  0x0000000005b89000 JavaThread "Reference Handler" daemon [_thread_blocked, id=1148, stack(0x0000000006d30000,0x0000000006e30000)]
  0x00000000023d0800 JavaThread "main" [_thread_blocked, id=2924, stack(0x0000000002280000,0x0000000002380000)]

Other Threads:
  0x0000000005b86800 VMThread [stack: 0x0000000006c30000,0x0000000006d30000] [id=1152]
  0x00000000073d5800 WatcherThread [stack: 0x0000000007a30000,0x0000000007b30000] [id=2488]

VM state:not at safepoint (normal execution)

VM Mutex/Monitor currently owned by a thread: None

Heap:
 PSYoungGen      total 35328K, used 27298K [0x00000000eab00000, 0x00000000ef000000, 0x0000000100000000)
  eden space 32768K, 75% used [0x00000000eab00000,0x00000000ec32a548,0x00000000ecb00000)
  from space 2560K, 99% used [0x00000000ecb00000,0x00000000ecd7e698,0x00000000ecd80000)
  to   space 2560K, 0% used [0x00000000eed80000,0x00000000eed80000,0x00000000ef000000)
 ParOldGen       total 44032K, used 9222K [0x00000000c0000000, 0x00000000c2b00000, 0x00000000eab00000)
  object space 44032K, 20% used [0x00000000c0000000,0x00000000c0901958,0x00000000c2b00000)
 Metaspace       used 6306K, capacity 7094K, committed 7296K, reserved 1056768K
  class space    used 605K, capacity 622K, committed 640K, reserved 1048576K

Card table byte_map: [0x0000000002890000,0x0000000002aa0000] byte_map_base: 0x0000000002290000

Marking Bits: (ParMarkBitMap*) 0x00000000774aa6d0
 Begin Bits: [0x0000000003000000, 0x0000000004000000)
 End Bits:   [0x0000000004000000, 0x0000000005000000)

Polling page: 0x0000000002380000

CodeCache: size=245760Kb used=7867Kb max_used=7913Kb free=237892Kb
 bounds [0x000000000f010000, 0x000000000f7e0000, 0x000000001e010000]
 total_blobs=2021 nmethods=1751 adapters=182
 compilation: enabled

Compilation events (10 events):
Event: 7.185 Thread 0x0000000005c08000 nmethod 1757 0x000000000f790310 code [0x000000000f7904a0, 0x000000000f790c98]
Event: 7.186 Thread 0x0000000005c08000 1758       4       com.android.dx.rop.code.BasicBlockList$RegCountVisitor::visitThrowingCstInsn (6 bytes)
Event: 7.191 Thread 0x0000000005c08000 nmethod 1758 0x000000000f78fad0 code [0x000000000f78fc20, 0x000000000f78fe98]
Event: 7.192 Thread 0x0000000005c08000 1759       4       java.lang.String::<init> (82 bytes)
Event: 7.196 Thread 0x0000000005c08000 nmethod 1759 0x000000000f7b3650 code [0x000000000f7b37a0, 0x000000000f7b3a98]
Event: 7.200 Thread 0x0000000005c08000 1760   !   4       com.android.dx.rop.type.Type::intern (319 bytes)
Event: 7.227 Thread 0x0000000005c08000 nmethod 1760 0x000000000f7c0690 code [0x000000000f7c08a0, 0x000000000f7c1810]
Event: 7.228 Thread 0x0000000005c08000 1761   !   4       com.android.dx.cf.code.BytecodeArray::parseInstruction (2764 bytes)
Event: 7.233 Thread 0x0000000007373000 nmethod 1646 0x000000000f7c2210 code [0x000000000f7c2860, 0x000000000f7cb1a8]
Event: 7.235 Thread 0x0000000007373000 1762       4       com.android.dx.ssa.SsaConverter::placePhiFunctions (394 bytes)

GC Heap History (6 events):
Event: 2.582 GC heap before
{Heap before GC invocations=1 (full 0):
 PSYoungGen      total 18944K, used 16384K [0x00000000eab00000, 0x00000000ec000000, 0x0000000100000000)
  eden space 16384K, 100% used [0x00000000eab00000,0x00000000ebb00000,0x00000000ebb00000)
  from space 2560K, 0% used [0x00000000ebd80000,0x00000000ebd80000,0x00000000ec000000)
  to   space 2560K, 0% used [0x00000000ebb00000,0x00000000ebb00000,0x00000000ebd80000)
 ParOldGen       total 44032K, used 0K [0x00000000c0000000, 0x00000000c2b00000, 0x00000000eab00000)
  object space 44032K, 0% used [0x00000000c0000000,0x00000000c0000000,0x00000000c2b00000)
 Metaspace       used 5702K, capacity 6582K, committed 6784K, reserved 1056768K
  class space    used 603K, capacity 622K, committed 640K, reserved 1048576K
Event: 2.690 GC heap after
Heap after GC invocations=1 (full 0):
 PSYoungGen      total 18944K, used 2535K [0x00000000eab00000, 0x00000000ed000000, 0x0000000100000000)
  eden space 16384K, 0% used [0x00000000eab00000,0x00000000eab00000,0x00000000ebb00000)
  from space 2560K, 99% used [0x00000000ebb00000,0x00000000ebd79f48,0x00000000ebd80000)
  to   space 2560K, 0% used [0x00000000ecd80000,0x00000000ecd80000,0x00000000ed000000)
 ParOldGen       total 44032K, used 1565K [0x00000000c0000000, 0x00000000c2b00000, 0x00000000eab00000)
  object space 44032K, 3% used [0x00000000c0000000,0x00000000c0187750,0x00000000c2b00000)
 Metaspace       used 5702K, capacity 6582K, committed 6784K, reserved 1056768K
  class space    used 603K, capacity 622K, committed 640K, reserved 1048576K
}
Event: 3.693 GC heap before
{Heap before GC invocations=2 (full 0):
 PSYoungGen      total 18944K, used 18919K [0x00000000eab00000, 0x00000000ed000000, 0x0000000100000000)
  eden space 16384K, 100% used [0x00000000eab00000,0x00000000ebb00000,0x00000000ebb00000)
  from space 2560K, 99% used [0x00000000ebb00000,0x00000000ebd79f48,0x00000000ebd80000)
  to   space 2560K, 0% used [0x00000000ecd80000,0x00000000ecd80000,0x00000000ed000000)
 ParOldGen       total 44032K, used 1565K [0x00000000c0000000, 0x00000000c2b00000, 0x00000000eab00000)
  object space 44032K, 3% used [0x00000000c0000000,0x00000000c0187750,0x00000000c2b00000)
 Metaspace       used 6117K, capacity 6966K, committed 7040K, reserved 1056768K
  class space    used 604K, capacity 622K, committed 640K, reserved 1048576K
Event: 3.824 GC heap after
Heap after GC invocations=2 (full 0):
 PSYoungGen      total 35328K, used 2557K [0x00000000eab00000, 0x00000000ed000000, 0x0000000100000000)
  eden space 32768K, 0% used [0x00000000eab00000,0x00000000eab00000,0x00000000ecb00000)
  from space 2560K, 99% used [0x00000000ecd80000,0x00000000ecfff4c8,0x00000000ed000000)
  to   space 2560K, 0% used [0x00000000ecb00000,0x00000000ecb00000,0x00000000ecd80000)
 ParOldGen       total 44032K, used 4090K [0x00000000c0000000, 0x00000000c2b00000, 0x00000000eab00000)
  object space 44032K, 9% used [0x00000000c0000000,0x00000000c03feaf0,0x00000000c2b00000)
 Metaspace       used 6117K, capacity 6966K, committed 7040K, reserved 1056768K
  class space    used 604K, capacity 622K, committed 640K, reserved 1048576K
}
Event: 5.947 GC heap before
{Heap before GC invocations=3 (full 0):
 PSYoungGen      total 35328K, used 35325K [0x00000000eab00000, 0x00000000ed000000, 0x0000000100000000)
  eden space 32768K, 100% used [0x00000000eab00000,0x00000000ecb00000,0x00000000ecb00000)
  from space 2560K, 99% used [0x00000000ecd80000,0x00000000ecfff4c8,0x00000000ed000000)
  to   space 2560K, 0% used [0x00000000ecb00000,0x00000000ecb00000,0x00000000ecd80000)
 ParOldGen       total 44032K, used 4090K [0x00000000c0000000, 0x00000000c2b00000, 0x00000000eab00000)
  object space 44032K, 9% used [0x00000000c0000000,0x00000000c03feaf0,0x00000000c2b00000)
 Metaspace       used 6258K, capacity 7094K, committed 7296K, reserved 1056768K
  class space    used 605K, capacity 622K, committed 640K, reserved 1048576K
Event: 6.080 GC heap after
Heap after GC invocations=3 (full 0):
 PSYoungGen      total 35328K, used 2553K [0x00000000eab00000, 0x00000000ef000000, 0x0000000100000000)
  eden space 32768K, 0% used [0x00000000eab00000,0x00000000eab00000,0x00000000ecb00000)
  from space 2560K, 99% used [0x00000000ecb00000,0x00000000ecd7e698,0x00000000ecd80000)
  to   space 2560K, 0% used [0x00000000eed80000,0x00000000eed80000,0x00000000ef000000)
 ParOldGen       total 44032K, used 9222K [0x00000000c0000000, 0x00000000c2b00000, 0x00000000eab00000)
  object space 44032K, 20% used [0x00000000c0000000,0x00000000c0901958,0x00000000c2b00000)
 Metaspace       used 6258K, capacity 7094K, committed 7296K, reserved 1056768K
  class space    used 605K, capacity 622K, committed 640K, reserved 1048576K
}

Deoptimization events (10 events):
Event: 6.376 Thread 0x0000000007606800 Uncommon trap: reason=class_check action=maybe_recompile pc=0x000000000f6e5044 method=com.android.dx.cf.code.RopperMachine.run(Lcom/android/dx/cf/code/Frame;II)V @ 988
Event: 6.376 Thread 0x0000000007606800 Uncommon trap: reason=class_check action=maybe_recompile pc=0x000000000f6e5044 method=com.android.dx.cf.code.RopperMachine.run(Lcom/android/dx/cf/code/Frame;II)V @ 988
Event: 6.376 Thread 0x0000000007606800 Uncommon trap: reason=class_check action=maybe_recompile pc=0x000000000f5dd738 method=com.android.dx.rop.code.RegisterSpec.withSimpleType()Lcom/android/dx/rop/code/RegisterSpec; @ 21
Event: 6.376 Thread 0x0000000007606800 Uncommon trap: reason=bimorphic action=maybe_recompile pc=0x000000000f63389c method=com.android.dx.ssa.LiteralOpUpgrader.tryReplacingWithConstant(Lcom/android/dx/ssa/NormalSsaInsn;)Z @ 62
Event: 6.377 Thread 0x0000000007606800 Uncommon trap: reason=unstable_if action=reinterpret pc=0x000000000f42825c method=com.android.dx.ssa.SsaMethod.updateOneDefinition(Lcom/android/dx/ssa/SsaInsn;Lcom/android/dx/rop/code/RegisterSpec;)V @ 4
Event: 6.383 Thread 0x0000000007606800 Uncommon trap: reason=class_check action=maybe_recompile pc=0x000000000f6e5044 method=com.android.dx.cf.code.RopperMachine.run(Lcom/android/dx/cf/code/Frame;II)V @ 988
Event: 6.383 Thread 0x0000000007606800 Uncommon trap: reason=class_check action=maybe_recompile pc=0x000000000f6e5044 method=com.android.dx.cf.code.RopperMachine.run(Lcom/android/dx/cf/code/Frame;II)V @ 988
Event: 6.383 Thread 0x0000000007606800 Uncommon trap: reason=class_check action=maybe_recompile pc=0x000000000f5dd738 method=com.android.dx.rop.code.RegisterSpec.withSimpleType()Lcom/android/dx/rop/code/RegisterSpec; @ 21
Event: 6.384 Thread 0x0000000007606800 Uncommon trap: reason=bimorphic action=maybe_recompile pc=0x000000000f63389c method=com.android.dx.ssa.LiteralOpUpgrader.tryReplacingWithConstant(Lcom/android/dx/ssa/NormalSsaInsn;)Z @ 62
Event: 6.420 Thread 0x0000000007606800 Uncommon trap: reason=unstable_if action=reinterpret pc=0x000000000f57d00c method=com.android.dx.cf.code.BytecodeArray.parseInstruction(ILcom/android/dx/cf/code/BytecodeArray$Visitor;)I @ 1198

Internal exceptions (4 events):
Event: 0.469 Thread 0x00000000023d0800 Exception <a 'java/lang/NoSuchMethodError': Method sun.misc.Unsafe.defineClass(Ljava/lang/String;[BII)Ljava/lang/Class; name or signature does not match> (0x00000000eab07cc0) thrown at [C:\re\workspace\8-2-build-windows-amd64-cygwin\jdk8u101\7261\hotspot\s†yXƒÞ?
Event: 0.470 Thread 0x00000000023d0800 Exception <a 'java/lang/NoSuchMethodError': Method sun.misc.Unsafe.prefetchRead(Ljava/lang/Object;J)V name or signature does not match> (0x00000000eab07fa8) thrown at [C:\re\workspace\8-2-build-windows-amd64-cygwin\jdk8u101\7261\hotspot\src\share\vm\prims\¯O<<Ø
@
Event: 3.312 Thread 0x00000000075b3000 Implicit null exception at 0x000000000f328a92 to 0x000000000f32a385
Event: 3.313 Thread 0x00000000075b3000 Implicit null exception at 0x000000000f32e608 to 0x000000000f3303c1

Events (10 events):
Event: 6.384 Thread 0x0000000007606800 Uncommon trap: trap_request=0xffffffc6 fr.pc=0x000000000f63389c
Event: 6.384 Thread 0x0000000007606800 DEOPT PACKING pc=0x000000000f63389c sp=0x0000000007e2e890
Event: 6.384 Thread 0x0000000007606800 DEOPT UNPACKING pc=0x000000000f05582a sp=0x0000000007e2e798 mode 2
Event: 6.420 Thread 0x0000000007606800 Uncommon trap: trap_request=0xffffff65 fr.pc=0x000000000f57d00c
Event: 6.420 Thread 0x0000000007606800 DEOPT PACKING pc=0x000000000f57d00c sp=0x0000000007e2e910
Event: 6.420 Thread 0x0000000007606800 DEOPT UNPACKING pc=0x000000000f05582a sp=0x0000000007e2e898 mode 2
Event: 6.421 Thread 0x0000000007606800 DEOPT PACKING pc=0x000000000f4a73b8 sp=0x0000000007e2e8d0
Event: 6.421 Thread 0x0000000007606800 DEOPT UNPACKING pc=0x000000000f05787f sp=0x0000000007e2e700 mode 0
Event: 7.174 Thread 0x00000000075f9800 DEOPT PACKING pc=0x000000000f54da31 sp=0x0000000007c2e6d0
Event: 7.174 Thread 0x00000000075f9800 DEOPT UNPACKING pc=0x000000000f05787f sp=0x0000000007c2e438 mode 0


Dynamic libraries:
0x00007ff7a5fc0000 - 0x00007ff7a5ff7000 	C:\Program Files\Java\jdk1.8.0_101\bin\java.exe
0x00007ff994800000 - 0x00007ff9949ad000 	C:\Windows\SYSTEM32\ntdll.dll
0x00007ff9924c0000 - 0x00007ff9925fe000 	C:\Windows\system32\KERNEL32.DLL
0x00007ff991aa0000 - 0x00007ff991bb5000 	C:\Windows\system32\KERNELBASE.dll
0x00007ff990100000 - 0x00007ff99018e000 	C:\Windows\system32\apphelp.dll
0x00007ff981a70000 - 0x00007ff981ac3000 	C:\Windows\AppPatch\AppPatch64\AcGenral.DLL
0x00007ff991e80000 - 0x00007ff991f2a000 	C:\Windows\system32\msvcrt.dll
0x00007ff991c20000 - 0x00007ff991c4e000 	C:\Windows\system32\SspiCli.dll
0x00007ff992150000 - 0x00007ff9921a4000 	C:\Windows\system32\SHLWAPI.dll
0x00007ff9922e0000 - 0x00007ff992457000 	C:\Windows\system32\USER32.dll
0x00007ff994000000 - 0x00007ff994194000 	C:\Windows\system32\ole32.dll
0x00007ff992710000 - 0x00007ff993c38000 	C:\Windows\system32\SHELL32.dll
0x00007ff990e90000 - 0x00007ff990eb1000 	C:\Windows\SYSTEM32\USERENV.dll
0x00007ff9942d0000 - 0x00007ff99437a000 	C:\Windows\system32\ADVAPI32.dll
0x00007ff984fc0000 - 0x00007ff984fde000 	C:\Windows\SYSTEM32\MPR.dll
0x00007ff994380000 - 0x00007ff9944c0000 	C:\Windows\system32\RPCRT4.dll
0x00007ff9941a0000 - 0x00007ff9941f9000 	C:\Windows\SYSTEM32\sechost.dll
0x00007ff991f30000 - 0x00007ff992142000 	C:\Windows\SYSTEM32\combase.dll
0x00007ff993c50000 - 0x00007ff993d9f000 	C:\Windows\system32\GDI32.dll
0x00007ff991920000 - 0x00007ff991935000 	C:\Windows\SYSTEM32\profapi.dll
0x00007ff990190000 - 0x00007ff990242000 	C:\Windows\SYSTEM32\SHCORE.dll
0x00007ff9926c0000 - 0x00007ff9926f6000 	C:\Windows\system32\IMM32.DLL
0x00007ff9946a0000 - 0x00007ff9947f2000 	C:\Windows\system32\MSCTF.dll
0x00007ff9918d0000 - 0x00007ff991901000 	C:\Windows\system32\nvinitx.dll
0x00007ff9918c0000 - 0x00007ff9918ca000 	C:\Windows\SYSTEM32\VERSION.dll
0x000000000f000000 - 0x000000000f006000 	C:\Program Files\NVIDIA Corporation\CoProcManager\_etoured.dll
0x00007ff98fd30000 - 0x00007ff98fd61000 	C:\Program Files\NVIDIA Corporation\CoProcManager\nvd3d9wrapx.dll
0x00007ff993db0000 - 0x00007ff993f8a000 	C:\Windows\system32\SETUPAPI.dll
0x00007ff991e30000 - 0x00007ff991e7f000 	C:\Windows\system32\CFGMGR32.dll
0x00007ff98fd00000 - 0x00007ff98fd22000 	C:\Program Files\NVIDIA Corporation\CoProcManager\nvdxgiwrapx.dll
0x00007ff98f300000 - 0x00007ff98f57b000 	C:\Windows\WinSxS\amd64_microsoft.windows.common-controls_6595b64144ccf1df_6.0.9600.18006_none_623f33d3ecbe86e8\COMCTL32.dll
0x0000000076670000 - 0x0000000076742000 	C:\Program Files\Java\jdk1.8.0_101\jre\bin\msvcr100.dll
0x0000000076c90000 - 0x000000007752a000 	C:\Program Files\Java\jdk1.8.0_101\jre\bin\server\jvm.dll
0x00007ff978ac0000 - 0x00007ff978ac9000 	C:\Windows\SYSTEM32\WSOCK32.dll
0x00007ff98fa80000 - 0x00007ff98faa2000 	C:\Windows\SYSTEM32\WINMM.dll
0x00007ff993da0000 - 0x00007ff993da7000 	C:\Windows\system32\PSAPI.DLL
0x00007ff992460000 - 0x00007ff9924ba000 	C:\Windows\system32\WS2_32.dll
0x00007ff98efa0000 - 0x00007ff98efca000 	C:\Windows\SYSTEM32\WINMMBASE.dll
0x00007ff993c40000 - 0x00007ff993c49000 	C:\Windows\system32\NSI.dll
0x00007ff9906f0000 - 0x00007ff990718000 	C:\Windows\SYSTEM32\DEVOBJ.dll
0x0000000050150000 - 0x000000005015f000 	C:\Program Files\Java\jdk1.8.0_101\jre\bin\verify.dll
0x0000000050120000 - 0x0000000050149000 	C:\Program Files\Java\jdk1.8.0_101\jre\bin\java.dll
0x0000000050100000 - 0x0000000050116000 	C:\Program Files\Java\jdk1.8.0_101\jre\bin\zip.dll

VM Arguments:
jvm_args: -Djava.awt.headless=true -Xmx1024M -Dfile.encoding=windows-1256 -Duser.country=US -Duser.language=en -Duser.variant 
java_command: com.android.dx.command.Main --dex --num-threads=4 --output E:\Android summer training\Pro\PipTalk\app\build\intermediates\pre-dexed\debug\smack-core-4.2.0-beta2_e7866cc932a88b0a70902a0281d4a776fddcdf16.jar C:\Users\EL MAGIC\.gradle\caches\modules-2\files-2.1\org.igniterealtime.smack\smack-core\4.2.0-beta2\dec19022e442de85f072941d34917ccdde6f0060\smack-core-4.2.0-beta2.jar
java_class_path (initial): E:\BFCI\android SDK\android-sdk-windows\build-tools\24.0.1\lib\dx.jar
Launcher Type: SUN_STANDARD

Environment Variables:
PATH=C:\ProgramData\Oracle\Java\javapath;C:\Windows\system32;C:\Windows;C:\Windows\System32\Wbem;C:\Windows\System32\WindowsPowerShell\v1.0\;C:\Program Files (x86)\Microsoft SQL Server\100\Tools\Binn\;C:\Program Files\Microsoft SQL Server\100\Tools\Binn\;C:\Program Files\Microsoft SQL Server\100\DTS\Binn\;C:\Program Files (x86)\MySQL\MySQL Server 5.0\bin;E:\Installed Programs\runtime\win64;E:\Installed Programs\bin;E:\Installed Programs\polyspace\bin
USERNAME=EL MAGIC
OS=Windows_NT
PROCESSOR_IDENTIFIER=Intel64 Family 6 Model 42 Stepping 7, GenuineIntel



---------------  S Y S T E M  ---------------

OS: Windows 8.1 , 64 bit Build 9600 (6.3.9600.17415)

CPU:total 4 (2 cores per cpu, 2 threads per core) family 6 model 42 stepping 7, cmov, cx8, fxsr, mmx, sse, sse2, sse3, ssse3, sse4.1, sse4.2, popcnt, avx, aes, clmul, ht, tsc, tscinvbit

Memory: 4k page, physical 4098096k(603236k free), swap 5660400k(5304k free)

vm_info: Java HotSpot(TM) 64-Bit Server VM (25.101-b13) for windows-amd64 JRE (1.8.0_101-b13), built on Jun 22 2016 01:21:29 by "java_re" with MS VC++ 10.0 (VS2010)

time: Mon Jun 19 08:59:36 2017
elapsed time: 7 seconds (0d 0h 0m 7s)

