#
# There is insufficient memory for the Java Runtime Environment to continue.
# Native memory allocation (malloc) failed to allocate 465824 bytes for Chunk::new
# Possible reasons:
#   The system is out of physical RAM or swap space
#   In 32 bit mode, the process size limit was hit
# Possible solutions:
#   Reduce memory load on the system
#   Increase physical memory or swap space
#   Check if swap backing store is full
#   Use 64 bit Java on a 64 bit OS
#   Decrease Java heap size (-Xmx/-Xms)
#   Decrease number of Java threads
#   Decrease Java thread stack sizes (-Xss)
#   Set larger code cache with -XX:ReservedCodeCacheSize=
# This output file may be truncated or incomplete.
#
#  Out of Memory Error (allocation.cpp:390), pid=5480, tid=0x0000000000000088
#
# JRE version: Java(TM) SE Runtime Environment (8.0_101-b13) (build 1.8.0_101-b13)
# Java VM: Java HotSpot(TM) 64-Bit Server VM (25.101-b13 mixed mode windows-amd64 compressed oops)
# Failed to write core dump. Minidumps are not enabled by default on client versions of Windows
#

---------------  T H R E A D  ---------------

Current thread (0x00000000063a5000):  JavaThread "C2 CompilerThread0" daemon [_thread_in_native, id=136, stack(0x0000000007a00000,0x0000000007b00000)]

Stack: [0x0000000007a00000,0x0000000007b00000]
[error occurred during error reporting (printing stack bounds), id 0xc0000005]

Native frames: (J=compiled Java code, j=interpreted, Vv=VM code, C=native code)


Current CompileTask:
C2:   7955 1817       4       com.android.dx.cf.code.BaseMachine::getLocalTarget (151 bytes)


---------------  P R O C E S S  ---------------

Java Threads: ( => current thread )
  0x0000000007fc6800 JavaThread "pool-1-thread-1" [_thread_in_Java, id=6616, stack(0x0000000008300000,0x0000000008400000)]
  0x0000000007d7e800 JavaThread "Service Thread" daemon [_thread_blocked, id=3116, stack(0x0000000008100000,0x0000000008200000)]
  0x00000000063af000 JavaThread "C1 CompilerThread2" daemon [_thread_blocked, id=2620, stack(0x0000000007c00000,0x0000000007d00000)]
  0x00000000063a8000 JavaThread "C2 CompilerThread1" daemon [_thread_in_native, id=6304, stack(0x0000000007b00000,0x0000000007c00000)]
=>0x00000000063a5000 JavaThread "C2 CompilerThread0" daemon [_thread_in_native, id=136, stack(0x0000000007a00000,0x0000000007b00000)]
  0x0000000006397000 JavaThread "Attach Listener" daemon [_thread_blocked, id=32, stack(0x0000000007900000,0x0000000007a00000)]
  0x0000000006396000 JavaThread "Signal Dispatcher" daemon [_thread_blocked, id=3328, stack(0x0000000007800000,0x0000000007900000)]
  0x000000000638a800 JavaThread "Finalizer" daemon [_thread_blocked, id=3660, stack(0x0000000007620000,0x0000000007720000)]
  0x0000000006369000 JavaThread "Reference Handler" daemon [_thread_blocked, id=1112, stack(0x0000000007520000,0x0000000007620000)]
  0x0000000002bd0800 JavaThread "main" [_thread_blocked, id=4168, stack(0x0000000002a00000,0x0000000002b00000)]

Other Threads:
  0x0000000006366800 VMThread [stack: 0x0000000007420000,0x0000000007520000] [id=3848]
  0x0000000007dae000 WatcherThread [stack: 0x0000000008200000,0x0000000008300000] [id=6928]

VM state:not at safepoint (normal execution)

VM Mutex/Monitor currently owned by a thread: None

Heap:
 PSYoungGen      total 103936K, used 37191K [0x00000000eab00000, 0x00000000f2b80000, 0x0000000100000000)
  eden space 89088K, 25% used [0x00000000eab00000,0x00000000ec0d2888,0x00000000f0200000)
  from space 14848K, 99% used [0x00000000f0e80000,0x00000000f1cff598,0x00000000f1d00000)
  to   space 10752K, 0% used [0x00000000f2100000,0x00000000f2100000,0x00000000f2b80000)
 ParOldGen       total 60416K, used 31445K [0x00000000c0000000, 0x00000000c3b00000, 0x00000000eab00000)
  object space 60416K, 52% used [0x00000000c0000000,0x00000000c1eb5460,0x00000000c3b00000)
 Metaspace       used 6499K, capacity 7320K, committed 7680K, reserved 1058816K
  class space    used 619K, capacity 656K, committed 768K, reserved 1048576K

Card table byte_map: [0x0000000003090000,0x00000000032a0000] byte_map_base: 0x0000000002a90000

Marking Bits: (ParMarkBitMap*) 0x000000007150a6d0
 Begin Bits: [0x0000000003800000, 0x0000000004800000)
 End Bits:   [0x0000000004800000, 0x0000000005800000)

Polling page: 0x0000000000ed0000

CodeCache: size=245760Kb used=8500Kb max_used=8511Kb free=237259Kb
 bounds [0x000000000f010000, 0x000000000f870000, 0x000000001e010000]
 total_blobs=2255 nmethods=1991 adapters=176
 compilation: enabled

Compilation events (10 events):
Event: 7.784 Thread 0x00000000063a5000 nmethod 1799 0x000000000f84db50 code [0x000000000f84dcc0, 0x000000000f84dfc8]
Event: 7.784 Thread 0x00000000063a5000 1952       4       com.android.dx.dex.code.RopTranslator$TranslationVisitor::addOutput (9 bytes)
Event: 7.794 Thread 0x00000000063a5000 nmethod 1952 0x000000000f84f7d0 code [0x000000000f84f960, 0x000000000f84fea8]
Event: 7.794 Thread 0x00000000063a5000 1798       4       com.android.dx.ssa.back.LivenessAnalyzer::<init> (55 bytes)
Event: 7.800 Thread 0x00000000063a5000 nmethod 1798 0x000000000f84f010 code [0x000000000f84f180, 0x000000000f84f558]
Event: 7.800 Thread 0x00000000063a5000 1819       4       com.android.dx.ssa.SsaConverter::needsNewSuccessor (53 bytes)
Event: 7.803 Thread 0x00000000063a5000 nmethod 1819 0x000000000f84d490 code [0x000000000f84d5e0, 0x000000000f84d7d8]
Event: 7.804 Thread 0x00000000063a5000 1814       4       com.android.dx.rop.code.SourcePosition::<init> (50 bytes)
Event: 7.804 Thread 0x00000000063a5000 nmethod 1814 0x000000000f851550 code [0x000000000f851680, 0x000000000f851738]
Event: 7.804 Thread 0x00000000063a5000 1817       4       com.android.dx.cf.code.BaseMachine::getLocalTarget (151 bytes)

GC Heap History (10 events):
Event: 3.919 GC heap before
{Heap before GC invocations=7 (full 1):
 PSYoungGen      total 33280K, used 33266K [0x00000000eab00000, 0x00000000ef300000, 0x0000000100000000)
  eden space 30720K, 100% used [0x00000000eab00000,0x00000000ec900000,0x00000000ec900000)
  from space 2560K, 99% used [0x00000000ec900000,0x00000000ecb7ca78,0x00000000ecb80000)
  to   space 8192K, 0% used [0x00000000eeb00000,0x00000000eeb00000,0x00000000ef300000)
 ParOldGen       total 23552K, used 12491K [0x00000000c0000000, 0x00000000c1700000, 0x00000000eab00000)
  object space 23552K, 53% used [0x00000000c0000000,0x00000000c0c32f68,0x00000000c1700000)
 Metaspace       used 6207K, capacity 7152K, committed 7296K, reserved 1058816K
  class space    used 593K, capacity 616K, committed 640K, reserved 1048576K
Event: 3.962 GC heap after
Heap after GC invocations=7 (full 1):
 PSYoungGen      total 64512K, used 7962K [0x00000000eab00000, 0x00000000ef580000, 0x0000000100000000)
  eden space 56320K, 0% used [0x00000000eab00000,0x00000000eab00000,0x00000000ee200000)
  from space 8192K, 97% used [0x00000000eeb00000,0x00000000ef2c6b88,0x00000000ef300000)
  to   space 9216K, 0% used [0x00000000ee200000,0x00000000ee200000,0x00000000eeb00000)
 ParOldGen       total 23552K, used 12499K [0x00000000c0000000, 0x00000000c1700000, 0x00000000eab00000)
  object space 23552K, 53% used [0x00000000c0000000,0x00000000c0c34f68,0x00000000c1700000)
 Metaspace       used 6207K, capacity 7152K, committed 7296K, reserved 1058816K
  class space    used 593K, capacity 616K, committed 640K, reserved 1048576K
}
Event: 4.310 GC heap before
{Heap before GC invocations=8 (full 1):
 PSYoungGen      total 64512K, used 64282K [0x00000000eab00000, 0x00000000ef580000, 0x0000000100000000)
  eden space 56320K, 100% used [0x00000000eab00000,0x00000000ee200000,0x00000000ee200000)
  from space 8192K, 97% used [0x00000000eeb00000,0x00000000ef2c6b88,0x00000000ef300000)
  to   space 9216K, 0% used [0x00000000ee200000,0x00000000ee200000,0x00000000eeb00000)
 ParOldGen       total 23552K, used 12499K [0x00000000c0000000, 0x00000000c1700000, 0x00000000eab00000)
  object space 23552K, 53% used [0x00000000c0000000,0x00000000c0c34f68,0x00000000c1700000)
 Metaspace       used 6223K, capacity 7152K, committed 7296K, reserved 1058816K
  class space    used 593K, capacity 616K, committed 640K, reserved 1048576K
Event: 4.347 GC heap after
Heap after GC invocations=8 (full 1):
 PSYoungGen      total 65536K, used 9205K [0x00000000eab00000, 0x00000000f2f00000, 0x0000000100000000)
  eden space 56320K, 0% used [0x00000000eab00000,0x00000000eab00000,0x00000000ee200000)
  from space 9216K, 99% used [0x00000000ee200000,0x00000000eeafd748,0x00000000eeb00000)
  to   space 14336K, 0% used [0x00000000f2100000,0x00000000f2100000,0x00000000f2f00000)
 ParOldGen       total 23552K, used 18977K [0x00000000c0000000, 0x00000000c1700000, 0x00000000eab00000)
  object space 23552K, 80% used [0x00000000c0000000,0x00000000c12887b8,0x00000000c1700000)
 Metaspace       used 6223K, capacity 7152K, committed 7296K, reserved 1058816K
  class space    used 593K, capacity 616K, committed 640K, reserved 1048576K
}
Event: 4.348 GC heap before
{Heap before GC invocations=9 (full 2):
 PSYoungGen      total 65536K, used 9205K [0x00000000eab00000, 0x00000000f2f00000, 0x0000000100000000)
  eden space 56320K, 0% used [0x00000000eab00000,0x00000000eab00000,0x00000000ee200000)
  from space 9216K, 99% used [0x00000000ee200000,0x00000000eeafd748,0x00000000eeb00000)
  to   space 14336K, 0% used [0x00000000f2100000,0x00000000f2100000,0x00000000f2f00000)
 ParOldGen       total 23552K, used 18977K [0x00000000c0000000, 0x00000000c1700000, 0x00000000eab00000)
  object space 23552K, 80% used [0x00000000c0000000,0x00000000c12887b8,0x00000000c1700000)
 Metaspace       used 6223K, capacity 7152K, committed 7296K, reserved 1058816K
  class space    used 593K, capacity 616K, committed 640K, reserved 1048576K
Event: 4.583 GC heap after
Heap after GC invocations=9 (full 2):
 PSYoungGen      total 65536K, used 2012K [0x00000000eab00000, 0x00000000f2f00000, 0x0000000100000000)
  eden space 56320K, 0% used [0x00000000eab00000,0x00000000eab00000,0x00000000ee200000)
  from space 9216K, 21% used [0x00000000ee200000,0x00000000ee3f7230,0x00000000eeb00000)
  to   space 14336K, 0% used [0x00000000f2100000,0x00000000f2100000,0x00000000f2f00000)
 ParOldGen       total 60416K, used 23340K [0x00000000c0000000, 0x00000000c3b00000, 0x00000000eab00000)
  object space 60416K, 38% used [0x00000000c0000000,0x00000000c16cb1f8,0x00000000c3b00000)
 Metaspace       used 6223K, capacity 7152K, committed 7296K, reserved 1058816K
  class space    used 593K, capacity 616K, committed 640K, reserved 1048576K
}
Event: 5.580 GC heap before
{Heap before GC invocations=10 (full 2):
 PSYoungGen      total 65536K, used 58332K [0x00000000eab00000, 0x00000000f2f00000, 0x0000000100000000)
  eden space 56320K, 100% used [0x00000000eab00000,0x00000000ee200000,0x00000000ee200000)
  from space 9216K, 21% used [0x00000000ee200000,0x00000000ee3f7230,0x00000000eeb00000)
  to   space 14336K, 0% used [0x00000000f2100000,0x00000000f2100000,0x00000000f2f00000)
 ParOldGen       total 60416K, used 23340K [0x00000000c0000000, 0x00000000c3b00000, 0x00000000eab00000)
  object space 60416K, 38% used [0x00000000c0000000,0x00000000c16cb1f8,0x00000000c3b00000)
 Metaspace       used 6349K, capacity 7192K, committed 7424K, reserved 1058816K
  class space    used 613K, capacity 656K, committed 768K, reserved 1048576K
Event: 5.644 GC heap after
Heap after GC invocations=10 (full 2):
 PSYoungGen      total 99840K, used 10411K [0x00000000eab00000, 0x00000000f2b80000, 0x0000000100000000)
  eden space 89088K, 0% used [0x00000000eab00000,0x00000000eab00000,0x00000000f0200000)
  from space 10752K, 96% used [0x00000000f2100000,0x00000000f2b2ae50,0x00000000f2b80000)
  to   space 14848K, 0% used [0x00000000f0e80000,0x00000000f0e80000,0x00000000f1d00000)
 ParOldGen       total 60416K, used 23348K [0x00000000c0000000, 0x00000000c3b00000, 0x00000000eab00000)
  object space 60416K, 38% used [0x00000000c0000000,0x00000000c16cd1f8,0x00000000c3b00000)
 Metaspace       used 6349K, capacity 7192K, committed 7424K, reserved 1058816K
  class space    used 613K, capacity 656K, committed 768K, reserved 1048576K
}
Event: 6.272 GC heap before
{Heap before GC invocations=11 (full 2):
 PSYoungGen      total 99840K, used 99499K [0x00000000eab00000, 0x00000000f2b80000, 0x0000000100000000)
  eden space 89088K, 100% used [0x00000000eab00000,0x00000000f0200000,0x00000000f0200000)
  from space 10752K, 96% used [0x00000000f2100000,0x00000000f2b2ae50,0x00000000f2b80000)
  to   space 14848K, 0% used [0x00000000f0e80000,0x00000000f0e80000,0x00000000f1d00000)
 ParOldGen       total 60416K, used 23348K [0x00000000c0000000, 0x00000000c3b00000, 0x00000000eab00000)
  object space 60416K, 38% used [0x00000000c0000000,0x00000000c16cd1f8,0x00000000c3b00000)
 Metaspace       used 6409K, capacity 7256K, committed 7424K, reserved 1058816K
  class space    used 613K, capacity 656K, committed 768K, reserved 1048576K
Event: 6.356 GC heap after
Heap after GC invocations=11 (full 2):
 PSYoungGen      total 103936K, used 14845K [0x00000000eab00000, 0x00000000f2b80000, 0x0000000100000000)
  eden space 89088K, 0% used [0x00000000eab00000,0x00000000eab00000,0x00000000f0200000)
  from space 14848K, 99% used [0x00000000f0e80000,0x00000000f1cff598,0x00000000f1d00000)
  to   space 10752K, 0% used [0x00000000f2100000,0x00000000f2100000,0x00000000f2b80000)
 ParOldGen       total 60416K, used 31445K [0x00000000c0000000, 0x00000000c3b00000, 0x00000000eab00000)
  object space 60416K, 52% used [0x00000000c0000000,0x00000000c1eb5460,0x00000000c3b00000)
 Metaspace       used 6409K, capacity 7256K, committed 7424K, reserved 1058816K
  class space    used 613K, capacity 656K, committed 768K, reserved 1048576K
}

Deoptimization events (10 events):
Event: 5.947 Thread 0x0000000007fc6800 Uncommon trap: reason=bimorphic action=maybe_recompile pc=0x000000000f6895f8 method=com.android.dx.rop.code.RegisterSpec.withSimpleType()Lcom/android/dx/rop/code/RegisterSpec; @ 21
Event: 5.952 Thread 0x0000000007fc6800 Uncommon trap: reason=unstable_if action=reinterpret pc=0x000000000f7c3bdc method=java.util.HashMap.putVal(ILjava/lang/Object;Ljava/lang/Object;ZZ)Ljava/lang/Object; @ 206
Event: 5.975 Thread 0x0000000007fc6000 Uncommon trap: reason=unstable_if action=reinterpret pc=0x000000000f772cac method=com.android.dx.ssa.SCCP.simulateBranch(Lcom/android/dx/ssa/SsaInsn;)V @ 548
Event: 6.044 Thread 0x0000000007fc6800 Uncommon trap: reason=bimorphic action=maybe_recompile pc=0x000000000f6895f8 method=com.android.dx.rop.code.RegisterSpec.withSimpleType()Lcom/android/dx/rop/code/RegisterSpec; @ 21
Event: 6.064 Thread 0x0000000007faf000 Uncommon trap: reason=unstable_if action=reinterpret pc=0x000000000f6f85b0 method=com.android.dx.rop.cst.CstNat.equals(Ljava/lang/Object;)Z @ 25
Event: 6.857 Thread 0x0000000007fc6800 Uncommon trap: reason=class_check action=maybe_recompile pc=0x000000000f4b8d98 method=java.util.Arrays.hashCode([Ljava/lang/Object;)I @ 43
Event: 6.857 Thread 0x0000000007fc6800 Uncommon trap: reason=class_check action=maybe_recompile pc=0x000000000f4b8d98 method=java.util.Arrays.hashCode([Ljava/lang/Object;)I @ 43
Event: 6.857 Thread 0x0000000007fc6800 Uncommon trap: reason=class_check action=maybe_recompile pc=0x000000000f4b8d98 method=java.util.Arrays.hashCode([Ljava/lang/Object;)I @ 43
Event: 6.857 Thread 0x0000000007fc6800 Uncommon trap: reason=class_check action=maybe_recompile pc=0x000000000f4b8d98 method=java.util.Arrays.hashCode([Ljava/lang/Object;)I @ 43
Event: 6.857 Thread 0x0000000007fc6800 Uncommon trap: reason=class_check action=maybe_recompile pc=0x000000000f4b8078 method=java.util.Arrays.hashCode([Ljava/lang/Object;)I @ 43

Internal exceptions (6 events):
Event: 0.069 Thread 0x0000000002bd0800 Exception <a 'java/lang/NoSuchMethodError': Method sun.misc.Unsafe.defineClass(Ljava/lang/String;[BII)Ljava/lang/Class; name or signature does not match> (0x00000000eab07cc0) thrown at [C:\re\workspace\8-2-build-windows-amd64-cygwin\jdk8u101\7261\hotspot\s˙œŒ±?
Event: 0.070 Thread 0x0000000002bd0800 Exception <a 'java/lang/NoSuchMethodError': Method sun.misc.Unsafe.prefetchRead(Ljava/lang/Object;J)V name or signature does not match> (0x00000000eab07fa8) thrown at [C:\re\workspace\8-2-build-windows-amd64-cygwin\jdk8u101\7261\hotspot\src\share\vm\prims\Hç.±ØL@
Event: 2.912 Thread 0x0000000007faf000 Implicit null exception at 0x000000000f330012 to 0x000000000f331ba9
Event: 4.837 Thread 0x0000000002bd0800 Exception <a 'java/lang/ArrayIndexOutOfBoundsException': 18> (0x00000000eac3e720) thrown at [C:\re\workspace\8-2-build-windows-amd64-cygwin\jdk8u101\7261\hotspot\src\share\vm\interpreter\interpreterRuntime.cpp, line 366]
Event: 4.837 Thread 0x0000000002bd0800 Exception <a 'java/lang/ArrayIndexOutOfBoundsException': 145> (0x00000000eac402a0) thrown at [C:\re\workspace\8-2-build-windows-amd64-cygwin\jdk8u101\7261\hotspot\src\share\vm\interpreter\interpreterRuntime.cpp, line 366]
Event: 4.993 Thread 0x0000000002bd0800 Exception <a 'java/lang/ArrayIndexOutOfBoundsException'> (0x00000000eac41588) thrown at [C:\re\workspace\8-2-build-windows-amd64-cygwin\jdk8u101\7261\hotspot\src\share\vm\runtime\sharedRuntime.cpp, line 605]

Events (10 events):
Event: 6.888 loading class com/android/dx/dex/file/CatchStructs
Event: 6.888 loading class com/android/dx/dex/file/CatchStructs done
Event: 6.963 Thread 0x0000000007fc6800 DEOPT PACKING pc=0x000000000f829eaa sp=0x00000000083ff0a0
Event: 6.963 Thread 0x0000000007fc6800 DEOPT UNPACKING pc=0x000000000f05787f sp=0x00000000083fee30 mode 0
Event: 6.970 Thread 0x0000000007fc6800 DEOPT PACKING pc=0x000000000f828975 sp=0x00000000083ff020
Event: 6.970 Thread 0x0000000007fc6800 DEOPT UNPACKING pc=0x000000000f05787f sp=0x00000000083fed68 mode 0
Event: 7.104 Thread 0x0000000007fc6800 DEOPT PACKING pc=0x000000000f82a8c4 sp=0x00000000083ff0d0
Event: 7.104 Thread 0x0000000007fc6800 DEOPT UNPACKING pc=0x000000000f05787f sp=0x00000000083fee20 mode 0
Event: 7.303 Thread 0x0000000007fc6800 DEOPT PACKING pc=0x000000000f82b558 sp=0x00000000083ff160
Event: 7.303 Thread 0x0000000007fc6800 DEOPT UNPACKING pc=0x000000000f05787f sp=0x00000000083feee0 mode 0


Dynamic libraries:
0x00007ff7c0430000 - 0x00007ff7c0467000 	C:\Program Files\Java\jdk1.8.0_101\bin\java.exe
0x00007ffb95ef0000 - 0x00007ffb9609d000 	C:\Windows\SYSTEM32\ntdll.dll
0x00007ffb93f00000 - 0x00007ffb9403e000 	C:\Windows\system32\KERNEL32.DLL
0x00007ffb931c0000 - 0x00007ffb932d5000 	C:\Windows\system32\KERNELBASE.dll
0x00007ffb91b90000 - 0x00007ffb91c1e000 	C:\Windows\system32\apphelp.dll
0x00007ffb81b90000 - 0x00007ffb81be3000 	C:\Windows\AppPatch\AppPatch64\AcGenral.DLL
0x00007ffb93630000 - 0x00007ffb936da000 	C:\Windows\system32\msvcrt.dll
0x00007ffb930e0000 - 0x00007ffb9310e000 	C:\Windows\system32\SspiCli.dll
0x00007ffb95df0000 - 0x00007ffb95e44000 	C:\Windows\system32\SHLWAPI.dll
0x00007ffb93740000 - 0x00007ffb938b7000 	C:\Windows\system32\USER32.dll
0x00007ffb95780000 - 0x00007ffb95914000 	C:\Windows\system32\ole32.dll
0x00007ffb94040000 - 0x00007ffb95568000 	C:\Windows\system32\SHELL32.dll
0x00007ffb92590000 - 0x00007ffb925b1000 	C:\Windows\SYSTEM32\USERENV.dll
0x00007ffb95570000 - 0x00007ffb9561a000 	C:\Windows\system32\ADVAPI32.dll
0x00007ffb8b5f0000 - 0x00007ffb8b60e000 	C:\Windows\SYSTEM32\MPR.dll
0x00007ffb93a20000 - 0x00007ffb93b60000 	C:\Windows\system32\RPCRT4.dll
0x00007ffb95920000 - 0x00007ffb95979000 	C:\Windows\SYSTEM32\sechost.dll
0x00007ffb959e0000 - 0x00007ffb95bf1000 	C:\Windows\SYSTEM32\combase.dll
0x00007ffb95630000 - 0x00007ffb9577f000 	C:\Windows\system32\GDI32.dll
0x00007ffb93010000 - 0x00007ffb93025000 	C:\Windows\SYSTEM32\profapi.dll
0x00007ffb91540000 - 0x00007ffb915f2000 	C:\Windows\SYSTEM32\SHCORE.dll
0x00007ffb95db0000 - 0x00007ffb95de6000 	C:\Windows\system32\IMM32.DLL
0x00007ffb938c0000 - 0x00007ffb93a12000 	C:\Windows\system32\MSCTF.dll
0x00007ffb92f50000 - 0x00007ffb92f81000 	C:\Windows\system32\nvinitx.dll
0x00007ffb92f40000 - 0x00007ffb92f4a000 	C:\Windows\SYSTEM32\VERSION.dll
0x000000000f000000 - 0x000000000f006000 	C:\Program Files\NVIDIA Corporation\CoProcManager\_etoured.dll
0x00007ffb91ca0000 - 0x00007ffb91cd1000 	C:\Program Files\NVIDIA Corporation\CoProcManager\nvd3d9wrapx.dll
0x00007ffb93b60000 - 0x00007ffb93d3a000 	C:\Windows\system32\SETUPAPI.dll
0x00007ffb93170000 - 0x00007ffb931bf000 	C:\Windows\system32\CFGMGR32.dll
0x00007ffb91740000 - 0x00007ffb91762000 	C:\Program Files\NVIDIA Corporation\CoProcManager\nvdxgiwrapx.dll
0x00007ffb910c0000 - 0x00007ffb9133b000 	C:\Windows\WinSxS\amd64_microsoft.windows.common-controls_6595b64144ccf1df_6.0.9600.18006_none_623f33d3ecbe86e8\COMCTL32.dll
0x0000000070860000 - 0x0000000070932000 	C:\Program Files\Java\jdk1.8.0_101\jre\bin\msvcr100.dll
0x0000000070cf0000 - 0x000000007158a000 	C:\Program Files\Java\jdk1.8.0_101\jre\bin\server\jvm.dll
0x00007ffb8d160000 - 0x00007ffb8d169000 	C:\Windows\SYSTEM32\WSOCK32.dll
0x00007ffb90bf0000 - 0x00007ffb90c12000 	C:\Windows\SYSTEM32\WINMM.dll
0x00007ffb95ec0000 - 0x00007ffb95ec7000 	C:\Windows\system32\PSAPI.DLL
0x00007ffb936e0000 - 0x00007ffb9373a000 	C:\Windows\system32\WS2_32.dll
0x00007ffb90bc0000 - 0x00007ffb90bea000 	C:\Windows\SYSTEM32\WINMMBASE.dll
0x00007ffb95620000 - 0x00007ffb95629000 	C:\Windows\system32\NSI.dll
0x00007ffb91de0000 - 0x00007ffb91e08000 	C:\Windows\SYSTEM32\DEVOBJ.dll
0x0000000071890000 - 0x000000007189f000 	C:\Program Files\Java\jdk1.8.0_101\jre\bin\verify.dll
0x0000000070cc0000 - 0x0000000070ce9000 	C:\Program Files\Java\jdk1.8.0_101\jre\bin\java.dll
0x0000000070ca0000 - 0x0000000070cb6000 	C:\Program Files\Java\jdk1.8.0_101\jre\bin\zip.dll

VM Arguments:
jvm_args: -Djava.awt.headless=true -Xmx1024M -Dfile.encoding=windows-1256 -Duser.country=US -Duser.language=en -Duser.variant 
java_command: com.android.dx.command.Main --dex --force-jumbo --num-threads=4 --multi-dex --output E:\Android summer training\Pro\PipTalk\app\build\intermediates\transforms\dex\debug\folders\1000\10\com.android.support-appcompat-v7-24.2.1_1e281853588ce34ca18e201b6b0dc61261408134 E:\Android summer training\Pro\PipTalk\app\build\intermediates\exploded-aar\com.android.support\appcompat-v7\24.2.1\jars\classes.jar
java_class_path (initial): E:\BFCI\android SDK\android-sdk-windows\build-tools\24.0.1\lib\dx.jar
Launcher Type: SUN_STANDARD

Environment Variables:
PATH=C:\ProgramData\Oracle\Java\javapath;C:\Windows\system32;C:\Windows;C:\Windows\System32\Wbem;C:\Windows\System32\WindowsPowerShell\v1.0\;C:\Program Files (x86)\Microsoft SQL Server\100\Tools\Binn\;C:\Program Files\Microsoft SQL Server\100\Tools\Binn\;C:\Program Files\Microsoft SQL Server\100\DTS\Binn\;C:\Program Files (x86)\MySQL\MySQL Server 5.0\bin;E:\Installed Programs\runtime\win64;E:\Installed Programs\bin;E:\Installed Programs\polyspace\bin
USERNAME=EL MAGIC
OS=Windows_NT
PROCESSOR_IDENTIFIER=Intel64 Family 6 Model 42 Stepping 7, GenuineIntel



---------------  S Y S T E M  ---------------

OS: Windows 8.1 , 64 bit Build 9600 (6.3.9600.17415)

CPU:total 4 (2 cores per cpu, 2 threads per core) family 6 model 42 stepping 7, cmov, cx8, fxsr, mmx, sse, sse2, sse3, ssse3, sse4.1, sse4.2, popcnt, avx, aes, clmul, ht, tsc, tscinvbit

Memory: 4k page, physical 4098096k(225684k free), swap 7243824k(5740k free)

vm_info: Java HotSpot(TM) 64-Bit Server VM (25.101-b13) for windows-amd64 JRE (1.8.0_101-b13), built on Jun 22 2016 01:21:29 by "java_re" with MS VC++ 10.0 (VS2010)

time: Tue Feb 28 01:51:43 2017
elapsed time: 7 seconds (0d 0h 0m 7s)

