#
# There is insufficient memory for the Java Runtime Environment to continue.
# Native memory allocation (malloc) failed to allocate 92736 bytes for Chunk::new
# Possible reasons:
#   The system is out of physical RAM or swap space
#   In 32 bit mode, the process size limit was hit
# Possible solutions:
#   Reduce memory load on the system
#   Increase physical memory or swap space
#   Check if swap backing store is full
#   Use 64 bit Java on a 64 bit OS
#   Decrease Java heap size (-Xmx/-Xms)
#   Decrease number of Java threads
#   Decrease Java thread stack sizes (-Xss)
#   Set larger code cache with -XX:ReservedCodeCacheSize=
# This output file may be truncated or incomplete.
#
#  Out of Memory Error (allocation.cpp:390), pid=4332, tid=0x0000000000000ba8
#
# JRE version: Java(TM) SE Runtime Environment (8.0_101-b13) (build 1.8.0_101-b13)
# Java VM: Java HotSpot(TM) 64-Bit Server VM (25.101-b13 mixed mode windows-amd64 compressed oops)
# Failed to write core dump. Minidumps are not enabled by default on client versions of Windows
#

---------------  T H R E A D  ---------------

Current thread (0x0000000007b73000):  JavaThread "C2 CompilerThread1" daemon [_thread_in_native, id=2984, stack(0x0000000007f30000,0x0000000008030000)]

Stack: [0x0000000007f30000,0x0000000008030000]
[error occurred during error reporting (printing stack bounds), id 0xc0000005]

Native frames: (J=compiled Java code, j=interpreted, Vv=VM code, C=native code)


Current CompileTask:
C2:   1706  917       4       com.android.dx.util.FixedSizeList::equals (41 bytes)


---------------  P R O C E S S  ---------------

Java Threads: ( => current thread )
  0x0000000007e41800 JavaThread "pool-2-thread-4" [_thread_blocked, id=5792, stack(0x0000000008730000,0x0000000008830000)]
  0x0000000007e40800 JavaThread "pool-2-thread-3" [_thread_in_vm, id=6748, stack(0x0000000008630000,0x0000000008730000)]
  0x0000000007e40000 JavaThread "pool-2-thread-2" [_thread_in_Java, id=3292, stack(0x0000000008530000,0x0000000008630000)]
  0x0000000007e3d000 JavaThread "pool-3-thread-1" [_thread_blocked, id=7068, stack(0x0000000008430000,0x0000000008530000)]
  0x0000000007e3c800 JavaThread "pool-2-thread-1" [_thread_blocked, id=5324, stack(0x0000000008330000,0x0000000008430000)]
  0x0000000007b82000 JavaThread "Service Thread" daemon [_thread_blocked, id=376, stack(0x0000000008130000,0x0000000008230000)]
  0x0000000007b79000 JavaThread "C1 CompilerThread2" daemon [_thread_blocked, id=5616, stack(0x0000000008030000,0x0000000008130000)]
=>0x0000000007b73000 JavaThread "C2 CompilerThread1" daemon [_thread_in_native, id=2984, stack(0x0000000007f30000,0x0000000008030000)]
  0x0000000006428800 JavaThread "C2 CompilerThread0" daemon [_thread_in_native, id=6568, stack(0x0000000007a30000,0x0000000007b30000)]
  0x0000000006427000 JavaThread "Attach Listener" daemon [_thread_blocked, id=2756, stack(0x0000000007930000,0x0000000007a30000)]
  0x0000000006426800 JavaThread "Signal Dispatcher" daemon [_thread_blocked, id=4428, stack(0x0000000007830000,0x0000000007930000)]
  0x0000000002d0b800 JavaThread "Finalizer" daemon [_thread_blocked, id=3964, stack(0x0000000007650000,0x0000000007750000)]
  0x0000000002d01000 JavaThread "Reference Handler" daemon [_thread_blocked, id=3456, stack(0x0000000007550000,0x0000000007650000)]
  0x0000000002c10800 JavaThread "main" [_thread_blocked, id=6752, stack(0x0000000002b10000,0x0000000002c10000)]

Other Threads:
  0x00000000063a7800 VMThread [stack: 0x0000000007450000,0x0000000007550000] [id=2372]
  0x0000000007bcc800 WatcherThread [stack: 0x0000000008230000,0x0000000008330000] [id=5364]

VM state:not at safepoint (normal execution)

VM Mutex/Monitor currently owned by a thread: None

Heap:
 PSYoungGen      total 18944K, used 3745K [0x00000000eab00000, 0x00000000ec000000, 0x0000000100000000)
  eden space 16384K, 7% used [0x00000000eab00000,0x00000000eac2ea90,0x00000000ebb00000)
  from space 2560K, 99% used [0x00000000ebd80000,0x00000000ebff9c68,0x00000000ec000000)
  to   space 2560K, 0% used [0x00000000ebb00000,0x00000000ebb00000,0x00000000ebd80000)
 ParOldGen       total 44032K, used 2815K [0x00000000c0000000, 0x00000000c2b00000, 0x00000000eab00000)
  object space 44032K, 6% used [0x00000000c0000000,0x00000000c02bff70,0x00000000c2b00000)
 Metaspace       used 5843K, capacity 6832K, committed 7040K, reserved 1056768K
  class space    used 592K, capacity 616K, committed 640K, reserved 1048576K

Card table byte_map: [0x00000000030d0000,0x00000000032e0000] byte_map_base: 0x0000000002ad0000

Marking Bits: (ParMarkBitMap*) 0x000000007150a6d0
 Begin Bits: [0x0000000003840000, 0x0000000004840000)
 End Bits:   [0x0000000004840000, 0x0000000005840000)

Polling page: 0x0000000000ed0000

CodeCache: size=245760Kb used=3620Kb max_used=3620Kb free=242139Kb
 bounds [0x000000000f010000, 0x000000000f3a0000, 0x000000001e010000]
 total_blobs=1181 nmethods=917 adapters=176
 compilation: disabled (not enough contiguous free space left)

Compilation events (10 events):
Event: 1.530 Thread 0x0000000007b79000  908       3       com.android.dx.ssa.SCCP::simulatePhiBlock (50 bytes)
Event: 1.531 Thread 0x0000000007b79000 nmethod 908 0x000000000f37a0d0 code [0x000000000f37a2a0, 0x000000000f37abb8]
Event: 1.531 Thread 0x0000000007b79000  900   !   3       com.android.dx.cf.code.Ropper::processBlock (1101 bytes)
Event: 1.535 Thread 0x0000000007b73000  915       4       com.android.dx.ssa.NormalSsaInsn::hasSideEffect (76 bytes)
Event: 1.538 Thread 0x0000000007b73000 nmethod 915 0x000000000f37dcd0 code [0x000000000f37de20, 0x000000000f37df98]
Event: 1.539 Thread 0x0000000006428800  916       4       com.android.dx.rop.code.RegisterSpec::getCategory (13 bytes)
Event: 1.540 Thread 0x0000000007b73000  917       4       com.android.dx.util.FixedSizeList::equals (41 bytes)
Event: 1.540 Thread 0x0000000006428800 nmethod 916 0x000000000f37e210 code [0x000000000f37e360, 0x000000000f37e438]
Event: 1.540 Thread 0x0000000006428800  918       4       java.util.Arrays::equals (78 bytes)
Event: 1.544 Thread 0x0000000007b79000 nmethod 900 0x000000000f37e510 code [0x000000000f37f0a0, 0x000000000f388cb8]

GC Heap History (2 events):
Event: 1.113 GC heap before
{Heap before GC invocations=1 (full 0):
 PSYoungGen      total 18944K, used 16384K [0x00000000eab00000, 0x00000000ec000000, 0x0000000100000000)
  eden space 16384K, 100% used [0x00000000eab00000,0x00000000ebb00000,0x00000000ebb00000)
  from space 2560K, 0% used [0x00000000ebd80000,0x00000000ebd80000,0x00000000ec000000)
  to   space 2560K, 0% used [0x00000000ebb00000,0x00000000ebb00000,0x00000000ebd80000)
 ParOldGen       total 44032K, used 0K [0x00000000c0000000, 0x00000000c2b00000, 0x00000000eab00000)
  object space 44032K, 0% used [0x00000000c0000000,0x00000000c0000000,0x00000000c2b00000)
 Metaspace       used 5423K, capacity 6448K, committed 6528K, reserved 1056768K
  class space    used 586K, capacity 616K, committed 640K, reserved 1048576K
Event: 1.128 GC heap after
Heap after GC invocations=1 (full 0):
 PSYoungGen      total 18944K, used 2536K [0x00000000eab00000, 0x00000000ec000000, 0x0000000100000000)
  eden space 16384K, 0% used [0x00000000eab00000,0x00000000eab00000,0x00000000ebb00000)
  from space 2560K, 99% used [0x00000000ebb00000,0x00000000ebd7a078,0x00000000ebd80000)
  to   space 2560K, 0% used [0x00000000ebd80000,0x00000000ebd80000,0x00000000ec000000)
 ParOldGen       total 44032K, used 963K [0x00000000c0000000, 0x00000000c2b00000, 0x00000000eab00000)
  object space 44032K, 2% used [0x00000000c0000000,0x00000000c00f0fd8,0x00000000c2b00000)
 Metaspace       used 5423K, capacity 6448K, committed 6528K, reserved 1056768K
  class space    used 586K, capacity 616K, committed 640K, reserved 1048576K
}

Deoptimization events (4 events):
Event: 0.661 Thread 0x0000000002c10800 Uncommon trap: reason=unstable_if action=reinterpret pc=0x000000000f168614 method=java.lang.String.compareTo(Ljava/lang/String;)I @ 38
Event: 1.156 Thread 0x0000000007e40000 Uncommon trap: reason=unstable_if action=reinterpret pc=0x000000000f21c37c method=java.util.HashMap.getNode(ILjava/lang/Object;)Ljava/util/HashMap$Node; @ 62
Event: 1.282 Thread 0x0000000007e40800 Uncommon trap: reason=unstable_if action=reinterpret pc=0x000000000f261d98 method=java.util.HashMap.getNode(ILjava/lang/Object;)Ljava/util/HashMap$Node; @ 129
Event: 1.499 Thread 0x0000000007e40000 Uncommon trap: reason=bimorphic action=maybe_recompile pc=0x000000000f235364 method=java.util.HashMap.getNode(ILjava/lang/Object;)Ljava/util/HashMap$Node; @ 126

Internal exceptions (2 events):
Event: 0.045 Thread 0x0000000002c10800 Exception <a 'java/lang/NoSuchMethodError': Method sun.misc.Unsafe.defineClass(Ljava/lang/String;[BII)Ljava/lang/Class; name or signature does not match> (0x00000000eab07cc0) thrown at [C:\re\workspace\8-2-build-windows-amd64-cygwin\jdk8u101\7261\hotspot\sÞ(*§?
Event: 0.045 Thread 0x0000000002c10800 Exception <a 'java/lang/NoSuchMethodError': Method sun.misc.Unsafe.prefetchRead(Ljava/lang/Object;J)V name or signature does not match> (0x00000000eab07fa8) thrown at [C:\re\workspace\8-2-build-windows-amd64-cygwin\jdk8u101\7261\hotspot\src\share\vm\prims\

Events (10 events):
Event: 1.282 loading class java/util/HashMap$Values
Event: 1.282 loading class java/util/HashMap$Values done
Event: 1.282 loading class java/util/HashMap$ValueIterator
Event: 1.282 loading class java/util/HashMap$ValueIterator done
Event: 1.282 Thread 0x0000000007e40800 Uncommon trap: trap_request=0xffffff65 fr.pc=0x000000000f261d98
Event: 1.282 Thread 0x0000000007e40800 DEOPT PACKING pc=0x000000000f261d98 sp=0x000000000872e8d0
Event: 1.282 Thread 0x0000000007e40800 DEOPT UNPACKING pc=0x000000000f05582a sp=0x000000000872e848 mode 2
Event: 1.499 Thread 0x0000000007e40000 Uncommon trap: trap_request=0xffffffc6 fr.pc=0x000000000f235364
Event: 1.499 Thread 0x0000000007e40000 DEOPT PACKING pc=0x000000000f235364 sp=0x000000000862ed30
Event: 1.499 Thread 0x0000000007e40000 DEOPT UNPACKING pc=0x000000000f05582a sp=0x000000000862ec48 mode 2


Dynamic libraries:
0x00007ff7c0430000 - 0x00007ff7c0467000 	C:\Program Files\Java\jdk1.8.0_101\bin\java.exe
0x00007ffb95ef0000 - 0x00007ffb9609d000 	C:\Windows\SYSTEM32\ntdll.dll
0x00007ffb93f00000 - 0x00007ffb9403e000 	C:\Windows\system32\KERNEL32.DLL
0x00007ffb931c0000 - 0x00007ffb932d5000 	C:\Windows\system32\KERNELBASE.dll
0x00007ffb91b90000 - 0x00007ffb91c1e000 	C:\Windows\system32\apphelp.dll
0x00007ffb81b90000 - 0x00007ffb81be3000 	C:\Windows\AppPatch\AppPatch64\AcGenral.DLL
0x00007ffb93630000 - 0x00007ffb936da000 	C:\Windows\system32\msvcrt.dll
0x00007ffb930e0000 - 0x00007ffb9310e000 	C:\Windows\system32\SspiCli.dll
0x00007ffb95df0000 - 0x00007ffb95e44000 	C:\Windows\system32\SHLWAPI.dll
0x00007ffb93740000 - 0x00007ffb938b7000 	C:\Windows\system32\USER32.dll
0x00007ffb95780000 - 0x00007ffb95914000 	C:\Windows\system32\ole32.dll
0x00007ffb94040000 - 0x00007ffb95568000 	C:\Windows\system32\SHELL32.dll
0x00007ffb92590000 - 0x00007ffb925b1000 	C:\Windows\SYSTEM32\USERENV.dll
0x00007ffb95570000 - 0x00007ffb9561a000 	C:\Windows\system32\ADVAPI32.dll
0x00007ffb8b5f0000 - 0x00007ffb8b60e000 	C:\Windows\SYSTEM32\MPR.dll
0x00007ffb93a20000 - 0x00007ffb93b60000 	C:\Windows\system32\RPCRT4.dll
0x00007ffb95920000 - 0x00007ffb95979000 	C:\Windows\SYSTEM32\sechost.dll
0x00007ffb959e0000 - 0x00007ffb95bf1000 	C:\Windows\SYSTEM32\combase.dll
0x00007ffb95630000 - 0x00007ffb9577f000 	C:\Windows\system32\GDI32.dll
0x00007ffb93010000 - 0x00007ffb93025000 	C:\Windows\SYSTEM32\profapi.dll
0x00007ffb91540000 - 0x00007ffb915f2000 	C:\Windows\SYSTEM32\SHCORE.dll
0x00007ffb95db0000 - 0x00007ffb95de6000 	C:\Windows\system32\IMM32.DLL
0x00007ffb938c0000 - 0x00007ffb93a12000 	C:\Windows\system32\MSCTF.dll
0x00007ffb92f50000 - 0x00007ffb92f81000 	C:\Windows\system32\nvinitx.dll
0x00007ffb92f40000 - 0x00007ffb92f4a000 	C:\Windows\SYSTEM32\VERSION.dll
0x000000000f000000 - 0x000000000f006000 	C:\Program Files\NVIDIA Corporation\CoProcManager\_etoured.dll
0x00007ffb91ca0000 - 0x00007ffb91cd1000 	C:\Program Files\NVIDIA Corporation\CoProcManager\nvd3d9wrapx.dll
0x00007ffb93b60000 - 0x00007ffb93d3a000 	C:\Windows\system32\SETUPAPI.dll
0x00007ffb93170000 - 0x00007ffb931bf000 	C:\Windows\system32\CFGMGR32.dll
0x00007ffb91740000 - 0x00007ffb91762000 	C:\Program Files\NVIDIA Corporation\CoProcManager\nvdxgiwrapx.dll
0x00007ffb910c0000 - 0x00007ffb9133b000 	C:\Windows\WinSxS\amd64_microsoft.windows.common-controls_6595b64144ccf1df_6.0.9600.18006_none_623f33d3ecbe86e8\COMCTL32.dll
0x0000000070860000 - 0x0000000070932000 	C:\Program Files\Java\jdk1.8.0_101\jre\bin\msvcr100.dll
0x0000000070cf0000 - 0x000000007158a000 	C:\Program Files\Java\jdk1.8.0_101\jre\bin\server\jvm.dll
0x00007ffb8d160000 - 0x00007ffb8d169000 	C:\Windows\SYSTEM32\WSOCK32.dll
0x00007ffb90bf0000 - 0x00007ffb90c12000 	C:\Windows\SYSTEM32\WINMM.dll
0x00007ffb95ec0000 - 0x00007ffb95ec7000 	C:\Windows\system32\PSAPI.DLL
0x00007ffb936e0000 - 0x00007ffb9373a000 	C:\Windows\system32\WS2_32.dll
0x00007ffb90bc0000 - 0x00007ffb90bea000 	C:\Windows\SYSTEM32\WINMMBASE.dll
0x00007ffb95620000 - 0x00007ffb95629000 	C:\Windows\system32\NSI.dll
0x00007ffb91de0000 - 0x00007ffb91e08000 	C:\Windows\SYSTEM32\DEVOBJ.dll
0x0000000071890000 - 0x000000007189f000 	C:\Program Files\Java\jdk1.8.0_101\jre\bin\verify.dll
0x0000000070cc0000 - 0x0000000070ce9000 	C:\Program Files\Java\jdk1.8.0_101\jre\bin\java.dll
0x0000000070ca0000 - 0x0000000070cb6000 	C:\Program Files\Java\jdk1.8.0_101\jre\bin\zip.dll

VM Arguments:
jvm_args: -Djava.awt.headless=true -Xmx1024M -Dfile.encoding=windows-1256 -Duser.country=US -Duser.language=en -Duser.variant 
java_command: com.android.dx.command.Main --dex --force-jumbo --num-threads=4 --multi-dex --output E:\Android summer training\Pro\PipTalk\app\build\intermediates\transforms\dex\debug\folders\1000\10\com.android.support-appcompat-v7-24.2.1_1e281853588ce34ca18e201b6b0dc61261408134 E:\Android summer training\Pro\PipTalk\app\build\intermediates\exploded-aar\com.android.support\appcompat-v7\24.2.1\jars\classes.jar
java_class_path (initial): E:\BFCI\android SDK\android-sdk-windows\build-tools\24.0.1\lib\dx.jar
Launcher Type: SUN_STANDARD

Environment Variables:
PATH=C:\ProgramData\Oracle\Java\javapath;C:\Windows\system32;C:\Windows;C:\Windows\System32\Wbem;C:\Windows\System32\WindowsPowerShell\v1.0\;C:\Program Files (x86)\Microsoft SQL Server\100\Tools\Binn\;C:\Program Files\Microsoft SQL Server\100\Tools\Binn\;C:\Program Files\Microsoft SQL Server\100\DTS\Binn\;C:\Program Files (x86)\MySQL\MySQL Server 5.0\bin;E:\Installed Programs\runtime\win64;E:\Installed Programs\bin;E:\Installed Programs\polyspace\bin
USERNAME=EL MAGIC
OS=Windows_NT
PROCESSOR_IDENTIFIER=Intel64 Family 6 Model 42 Stepping 7, GenuineIntel



---------------  S Y S T E M  ---------------

OS: Windows 8.1 , 64 bit Build 9600 (6.3.9600.17415)

CPU:total 4 (2 cores per cpu, 2 threads per core) family 6 model 42 stepping 7, cmov, cx8, fxsr, mmx, sse, sse2, sse3, ssse3, sse4.1, sse4.2, popcnt, avx, aes, clmul, ht, tsc, tscinvbit

Memory: 4k page, physical 4098096k(334512k free), swap 7243824k(9148k free)

vm_info: Java HotSpot(TM) 64-Bit Server VM (25.101-b13) for windows-amd64 JRE (1.8.0_101-b13), built on Jun 22 2016 01:21:29 by "java_re" with MS VC++ 10.0 (VS2010)

time: Mon Feb 27 21:22:45 2017
elapsed time: 2 seconds (0d 0h 0m 2s)

