#
# There is insufficient memory for the Java Runtime Environment to continue.
# Native memory allocation (malloc) failed to allocate 32784 bytes for Chunk::new
# Possible reasons:
#   The system is out of physical RAM or swap space
#   In 32 bit mode, the process size limit was hit
# Possible solutions:
#   Reduce memory load on the system
#   Increase physical memory or swap space
#   Check if swap backing store is full
#   Use 64 bit Java on a 64 bit OS
#   Decrease Java heap size (-Xmx/-Xms)
#   Decrease number of Java threads
#   Decrease Java thread stack sizes (-Xss)
#   Set larger code cache with -XX:ReservedCodeCacheSize=
# This output file may be truncated or incomplete.
#
#  Out of Memory Error (allocation.cpp:390), pid=5288, tid=0x00000000000011dc
#
# JRE version: Java(TM) SE Runtime Environment (8.0_101-b13) (build 1.8.0_101-b13)
# Java VM: Java HotSpot(TM) 64-Bit Server VM (25.101-b13 mixed mode windows-amd64 compressed oops)
# Failed to write core dump. Minidumps are not enabled by default on client versions of Windows
#

---------------  T H R E A D  ---------------

Current thread (0x0000000005d18000):  JavaThread "C2 CompilerThread0" daemon [_thread_in_native, id=4572, stack(0x0000000007340000,0x0000000007440000)]

Stack: [0x0000000007340000,0x0000000007440000]
[error occurred during error reporting (printing stack bounds), id 0xc0000005]

Native frames: (J=compiled Java code, j=interpreted, Vv=VM code, C=native code)


Current CompileTask:
C2:   6494 1249       4       com.android.dx.ssa.SCCP::simulateStmt (481 bytes)


---------------  P R O C E S S  ---------------

Java Threads: ( => current thread )
  0x0000000007692000 JavaThread "pool-1-thread-4" [_thread_blocked, id=5196, stack(0x0000000008040000,0x0000000008140000)]
  0x0000000007691000 JavaThread "pool-1-thread-3" [_thread_in_Java, id=5948, stack(0x0000000007f40000,0x0000000008040000)]
  0x000000000768c000 JavaThread "pool-1-thread-2" [_thread_blocked, id=3292, stack(0x0000000007e40000,0x0000000007f40000)]
  0x000000000768a000 JavaThread "pool-2-thread-1" [_thread_in_Java, id=4112, stack(0x0000000007d40000,0x0000000007e40000)]
  0x000000000777a800 JavaThread "pool-1-thread-1" [_thread_blocked, id=3108, stack(0x0000000007c40000,0x0000000007d40000)]
  0x0000000007492000 JavaThread "Service Thread" daemon [_thread_blocked, id=6508, stack(0x0000000007a40000,0x0000000007b40000)]
  0x000000000748b000 JavaThread "C1 CompilerThread2" daemon [_thread_in_native, id=368, stack(0x0000000007940000,0x0000000007a40000)]
  0x0000000007483000 JavaThread "C2 CompilerThread1" daemon [_thread_in_native, id=6984, stack(0x0000000007840000,0x0000000007940000)]
=>0x0000000005d18000 JavaThread "C2 CompilerThread0" daemon [_thread_in_native, id=4572, stack(0x0000000007340000,0x0000000007440000)]
  0x0000000005d16000 JavaThread "Attach Listener" daemon [_thread_blocked, id=4748, stack(0x0000000007240000,0x0000000007340000)]
  0x0000000005d15800 JavaThread "Signal Dispatcher" daemon [_thread_blocked, id=6708, stack(0x0000000007140000,0x0000000007240000)]
  0x0000000005cba800 JavaThread "Finalizer" daemon [_thread_blocked, id=7144, stack(0x0000000006f30000,0x0000000007030000)]
  0x0000000005c99000 JavaThread "Reference Handler" daemon [_thread_blocked, id=2044, stack(0x0000000006e30000,0x0000000006f30000)]
  0x00000000024e0800 JavaThread "main" [_thread_blocked, id=5892, stack(0x00000000023d0000,0x00000000024d0000)]

Other Threads:
  0x0000000005c96800 VMThread [stack: 0x0000000006d30000,0x0000000006e30000] [id=4976]
  0x00000000074f5000 WatcherThread [stack: 0x0000000007b40000,0x0000000007c40000] [id=4136]

VM state:not at safepoint (normal execution)

VM Mutex/Monitor currently owned by a thread: None

Heap:
 PSYoungGen      total 35328K, used 10106K [0x00000000eab00000, 0x00000000ed000000, 0x0000000100000000)
  eden space 32768K, 23% used [0x00000000eab00000,0x00000000eb264f78,0x00000000ecb00000)
  from space 2560K, 99% used [0x00000000ecd80000,0x00000000ecff9c70,0x00000000ed000000)
  to   space 2560K, 0% used [0x00000000ecb00000,0x00000000ecb00000,0x00000000ecd80000)
 ParOldGen       total 44032K, used 1792K [0x00000000c0000000, 0x00000000c2b00000, 0x00000000eab00000)
  object space 44032K, 4% used [0x00000000c0000000,0x00000000c01c0078,0x00000000c2b00000)
 Metaspace       used 6129K, capacity 6966K, committed 7040K, reserved 1056768K
  class space    used 601K, capacity 622K, committed 640K, reserved 1048576K

Card table byte_map: [0x00000000029a0000,0x0000000002bb0000] byte_map_base: 0x00000000023a0000

Marking Bits: (ParMarkBitMap*) 0x00000000774aa6d0
 Begin Bits: [0x0000000003110000, 0x0000000004110000)
 End Bits:   [0x0000000004110000, 0x0000000005110000)

Polling page: 0x0000000000830000

CodeCache: size=245760Kb used=5305Kb max_used=5305Kb free=240454Kb
 bounds [0x000000000f010000, 0x000000000f550000, 0x000000001e010000]
 total_blobs=1614 nmethods=1344 adapters=182
 compilation: enabled

Compilation events (10 events):
Event: 6.476 Thread 0x000000000748b000 nmethod 1343 0x000000000f52ae50 code [0x000000000f52afa0, 0x000000000f52b0f0]
Event: 6.476 Thread 0x000000000748b000 1344       3       com.android.dx.dex.cf.AttributeTranslator::getParameterAnnotations (69 bytes)
Event: 6.477 Thread 0x000000000748b000 nmethod 1344 0x000000000f52b190 code [0x000000000f52b3a0, 0x000000000f52bd18]
Event: 6.477 Thread 0x000000000748b000 1345       3       com.android.dx.rop.code.ThrowingInsn::<init> (49 bytes)
Event: 6.478 Thread 0x000000000748b000 nmethod 1345 0x000000000f52c050 code [0x000000000f52c1e0, 0x000000000f52c648]
Event: 6.478 Thread 0x000000000748b000 1346       3       com.android.dx.cf.attrib.AttCode::byteLength (29 bytes)
Event: 6.479 Thread 0x000000000748b000 nmethod 1346 0x000000000f52c810 code [0x000000000f52c9e0, 0x000000000f52d458]
Event: 6.479 Thread 0x000000000748b000 1347       3       com.android.dx.cf.code.BasicBlocker::visitNoArgs (298 bytes)
Event: 6.480 Thread 0x000000000748b000 nmethod 1347 0x000000000f52d8d0 code [0x000000000f52db40, 0x000000000f52e8f8]
Event: 6.480 Thread 0x000000000748b000 1348       3       com.android.dx.cf.code.Simulator$SimVisitor::visitNoArgs (2136 bytes)

GC Heap History (4 events):
Event: 3.948 GC heap before
{Heap before GC invocations=1 (full 0):
 PSYoungGen      total 18944K, used 16384K [0x00000000eab00000, 0x00000000ec000000, 0x0000000100000000)
  eden space 16384K, 100% used [0x00000000eab00000,0x00000000ebb00000,0x00000000ebb00000)
  from space 2560K, 0% used [0x00000000ebd80000,0x00000000ebd80000,0x00000000ec000000)
  to   space 2560K, 0% used [0x00000000ebb00000,0x00000000ebb00000,0x00000000ebd80000)
 ParOldGen       total 44032K, used 0K [0x00000000c0000000, 0x00000000c2b00000, 0x00000000eab00000)
  object space 44032K, 0% used [0x00000000c0000000,0x00000000c0000000,0x00000000c2b00000)
 Metaspace       used 5066K, capacity 6032K, committed 6272K, reserved 1056768K
  class space    used 553K, capacity 584K, committed 640K, reserved 1048576K
Event: 4.955 GC heap after
Heap after GC invocations=1 (full 0):
 PSYoungGen      total 18944K, used 2545K [0x00000000eab00000, 0x00000000ed000000, 0x0000000100000000)
  eden space 16384K, 0% used [0x00000000eab00000,0x00000000eab00000,0x00000000ebb00000)
  from space 2560K, 99% used [0x00000000ebb00000,0x00000000ebd7c4a0,0x00000000ebd80000)
  to   space 2560K, 0% used [0x00000000ecd80000,0x00000000ecd80000,0x00000000ed000000)
 ParOldGen       total 44032K, used 134K [0x00000000c0000000, 0x00000000c2b00000, 0x00000000eab00000)
  object space 44032K, 0% used [0x00000000c0000000,0x00000000c00219a8,0x00000000c2b00000)
 Metaspace       used 5066K, capacity 6032K, committed 6272K, reserved 1056768K
  class space    used 553K, capacity 584K, committed 640K, reserved 1048576K
}
Event: 6.367 GC heap before
{Heap before GC invocations=2 (full 0):
 PSYoungGen      total 18944K, used 18929K [0x00000000eab00000, 0x00000000ed000000, 0x0000000100000000)
  eden space 16384K, 100% used [0x00000000eab00000,0x00000000ebb00000,0x00000000ebb00000)
  from space 2560K, 99% used [0x00000000ebb00000,0x00000000ebd7c4a0,0x00000000ebd80000)
  to   space 2560K, 0% used [0x00000000ecd80000,0x00000000ecd80000,0x00000000ed000000)
 ParOldGen       total 44032K, used 134K [0x00000000c0000000, 0x00000000c2b00000, 0x00000000eab00000)
  object space 44032K, 0% used [0x00000000c0000000,0x00000000c00219a8,0x00000000c2b00000)
 Metaspace       used 6036K, capacity 6838K, committed 7040K, reserved 1056768K
  class space    used 601K, capacity 622K, committed 640K, reserved 1048576K
Event: 6.390 GC heap after
Heap after GC invocations=2 (full 0):
 PSYoungGen      total 35328K, used 2535K [0x00000000eab00000, 0x00000000ed000000, 0x0000000100000000)
  eden space 32768K, 0% used [0x00000000eab00000,0x00000000eab00000,0x00000000ecb00000)
  from space 2560K, 99% used [0x00000000ecd80000,0x00000000ecff9c70,0x00000000ed000000)
  to   space 2560K, 0% used [0x00000000ecb00000,0x00000000ecb00000,0x00000000ecd80000)
 ParOldGen       total 44032K, used 1792K [0x00000000c0000000, 0x00000000c2b00000, 0x00000000eab00000)
  object space 44032K, 4% used [0x00000000c0000000,0x00000000c01c0078,0x00000000c2b00000)
 Metaspace       used 6036K, capacity 6838K, committed 7040K, reserved 1056768K
  class space    used 601K, capacity 622K, committed 640K, reserved 1048576K
}

Deoptimization events (6 events):
Event: 5.268 Thread 0x000000000768c000 Uncommon trap: reason=unstable_if action=reinterpret pc=0x000000000f239574 method=java.util.HashMap.getNode(ILjava/lang/Object;)Ljava/util/HashMap$Node; @ 62
Event: 5.271 Thread 0x0000000007691000 Uncommon trap: reason=unstable_if action=reinterpret pc=0x000000000f21a0f0 method=java.util.BitSet.nextSetBit(I)I @ 87
Event: 5.530 Thread 0x000000000768c000 Uncommon trap: reason=unstable_if action=reinterpret pc=0x000000000f270af0 method=java.util.HashMap.getNode(ILjava/lang/Object;)Ljava/util/HashMap$Node; @ 62
Event: 6.349 Thread 0x0000000007692000 Uncommon trap: reason=unstable_if action=reinterpret pc=0x000000000f41ddf8 method=com.android.dx.cf.code.Ropper.labelToResultIndex(I)I @ 34
Event: 6.362 Thread 0x000000000768c000 Uncommon trap: reason=unstable_if action=reinterpret pc=0x000000000f36da50 method=com.android.dx.rop.code.RegisterSpec.equals(ILcom/android/dx/rop/type/TypeBearer;Lcom/android/dx/rop/code/LocalItem;)Z @ 42
Event: 6.483 Thread 0x000000000777a800 Uncommon trap: reason=unstable_if action=reinterpret pc=0x000000000f3cfe3c method=com.android.dx.util.IntList.binarysearch(I)I @ 105

Internal exceptions (2 events):
Event: 0.068 Thread 0x00000000024e0800 Exception <a 'java/lang/NoSuchMethodError': Method sun.misc.Unsafe.defineClass(Ljava/lang/String;[BII)Ljava/lang/Class; name or signature does not match> (0x00000000eab07cc0) thrown at [C:\re\workspace\8-2-build-windows-amd64-cygwin\jdk8u101\7261\hotspot\sNŠ	àn±?
Event: 0.068 Thread 0x00000000024e0800 Exception <a 'java/lang/NoSuchMethodError': Method sun.misc.Unsafe.prefetchRead(Ljava/lang/Object;J)V name or signature does not match> (0x00000000eab07fa8) thrown at [C:\re\workspace\8-2-build-windows-amd64-cygwin\jdk8u101\7261\hotspot\src\share\vm\prims\

Events (10 events):
Event: 6.362 Thread 0x000000000768c000 Uncommon trap: trap_request=0xffffff65 fr.pc=0x000000000f36da50
Event: 6.362 Thread 0x000000000768c000 DEOPT PACKING pc=0x000000000f36da50 sp=0x0000000007f3eb50
Event: 6.362 Thread 0x000000000768c000 DEOPT UNPACKING pc=0x000000000f05582a sp=0x0000000007f3ead8 mode 2
Event: 6.367 Executing VM operation: ParallelGCFailedAllocation
Event: 6.390 Executing VM operation: ParallelGCFailedAllocation done
Event: 6.474 loading class com/android/dx/cf/code/BytecodeArray$ConstantParserVisitor
Event: 6.474 loading class com/android/dx/cf/code/BytecodeArray$ConstantParserVisitor done
Event: 6.483 Thread 0x000000000777a800 Uncommon trap: trap_request=0xffffff65 fr.pc=0x000000000f3cfe3c
Event: 6.483 Thread 0x000000000777a800 DEOPT PACKING pc=0x000000000f3cfe3c sp=0x0000000007d3e630
Event: 6.483 Thread 0x000000000777a800 DEOPT UNPACKING pc=0x000000000f05582a sp=0x0000000007d3e5a8 mode 2


Dynamic libraries:
0x00007ff7a5fc0000 - 0x00007ff7a5ff7000 	C:\Program Files\Java\jdk1.8.0_101\bin\java.exe
0x00007ff994800000 - 0x00007ff9949ad000 	C:\Windows\SYSTEM32\ntdll.dll
0x00007ff9924c0000 - 0x00007ff9925fe000 	C:\Windows\system32\KERNEL32.DLL
0x00007ff991aa0000 - 0x00007ff991bb5000 	C:\Windows\system32\KERNELBASE.dll
0x00007ff990100000 - 0x00007ff99018e000 	C:\Windows\system32\apphelp.dll
0x00007ff981a70000 - 0x00007ff981ac3000 	C:\Windows\AppPatch\AppPatch64\AcGenral.DLL
0x00007ff991e80000 - 0x00007ff991f2a000 	C:\Windows\system32\msvcrt.dll
0x00007ff991c20000 - 0x00007ff991c4e000 	C:\Windows\system32\SspiCli.dll
0x00007ff992150000 - 0x00007ff9921a4000 	C:\Windows\system32\SHLWAPI.dll
0x00007ff9922e0000 - 0x00007ff992457000 	C:\Windows\system32\USER32.dll
0x00007ff994000000 - 0x00007ff994194000 	C:\Windows\system32\ole32.dll
0x00007ff992710000 - 0x00007ff993c38000 	C:\Windows\system32\SHELL32.dll
0x00007ff990e90000 - 0x00007ff990eb1000 	C:\Windows\SYSTEM32\USERENV.dll
0x00007ff9942d0000 - 0x00007ff99437a000 	C:\Windows\system32\ADVAPI32.dll
0x00007ff984fc0000 - 0x00007ff984fde000 	C:\Windows\SYSTEM32\MPR.dll
0x00007ff994380000 - 0x00007ff9944c0000 	C:\Windows\system32\RPCRT4.dll
0x00007ff9941a0000 - 0x00007ff9941f9000 	C:\Windows\SYSTEM32\sechost.dll
0x00007ff991f30000 - 0x00007ff992142000 	C:\Windows\SYSTEM32\combase.dll
0x00007ff993c50000 - 0x00007ff993d9f000 	C:\Windows\system32\GDI32.dll
0x00007ff991920000 - 0x00007ff991935000 	C:\Windows\SYSTEM32\profapi.dll
0x00007ff990190000 - 0x00007ff990242000 	C:\Windows\SYSTEM32\SHCORE.dll
0x00007ff9926c0000 - 0x00007ff9926f6000 	C:\Windows\system32\IMM32.DLL
0x00007ff9946a0000 - 0x00007ff9947f2000 	C:\Windows\system32\MSCTF.dll
0x00007ff9918d0000 - 0x00007ff991901000 	C:\Windows\system32\nvinitx.dll
0x00007ff9918c0000 - 0x00007ff9918ca000 	C:\Windows\SYSTEM32\VERSION.dll
0x000000000f000000 - 0x000000000f006000 	C:\Program Files\NVIDIA Corporation\CoProcManager\_etoured.dll
0x00007ff98fd30000 - 0x00007ff98fd61000 	C:\Program Files\NVIDIA Corporation\CoProcManager\nvd3d9wrapx.dll
0x00007ff993db0000 - 0x00007ff993f8a000 	C:\Windows\system32\SETUPAPI.dll
0x00007ff991e30000 - 0x00007ff991e7f000 	C:\Windows\system32\CFGMGR32.dll
0x00007ff98fd00000 - 0x00007ff98fd22000 	C:\Program Files\NVIDIA Corporation\CoProcManager\nvdxgiwrapx.dll
0x00007ff98f300000 - 0x00007ff98f57b000 	C:\Windows\WinSxS\amd64_microsoft.windows.common-controls_6595b64144ccf1df_6.0.9600.18006_none_623f33d3ecbe86e8\COMCTL32.dll
0x0000000076670000 - 0x0000000076742000 	C:\Program Files\Java\jdk1.8.0_101\jre\bin\msvcr100.dll
0x0000000076c90000 - 0x000000007752a000 	C:\Program Files\Java\jdk1.8.0_101\jre\bin\server\jvm.dll
0x00007ff978ac0000 - 0x00007ff978ac9000 	C:\Windows\SYSTEM32\WSOCK32.dll
0x00007ff98fa80000 - 0x00007ff98faa2000 	C:\Windows\SYSTEM32\WINMM.dll
0x00007ff993da0000 - 0x00007ff993da7000 	C:\Windows\system32\PSAPI.DLL
0x00007ff992460000 - 0x00007ff9924ba000 	C:\Windows\system32\WS2_32.dll
0x00007ff98efa0000 - 0x00007ff98efca000 	C:\Windows\SYSTEM32\WINMMBASE.dll
0x00007ff993c40000 - 0x00007ff993c49000 	C:\Windows\system32\NSI.dll
0x00007ff9906f0000 - 0x00007ff990718000 	C:\Windows\SYSTEM32\DEVOBJ.dll
0x0000000050150000 - 0x000000005015f000 	C:\Program Files\Java\jdk1.8.0_101\jre\bin\verify.dll
0x0000000050120000 - 0x0000000050149000 	C:\Program Files\Java\jdk1.8.0_101\jre\bin\java.dll
0x0000000050100000 - 0x0000000050116000 	C:\Program Files\Java\jdk1.8.0_101\jre\bin\zip.dll

VM Arguments:
jvm_args: -Djava.awt.headless=true -Xmx1024M -Dfile.encoding=windows-1256 -Duser.country=US -Duser.language=en -Duser.variant 
java_command: com.android.dx.command.Main --dex --num-threads=4 --output E:\Android summer training\Pro\PipTalk\app\build\intermediates\pre-dexed\debug\smack-extensions-4.2.0-beta2_24f40b785d784f31fd58e59d6ad4d165df8cbcfc.jar C:\Users\EL MAGIC\.gradle\caches\modules-2\files-2.1\org.igniterealtime.smack\smack-extensions\4.2.0-beta2\7789e55ec62f9b4df4aba5390af7fd1e5cb6b573\smack-extensions-4.2.0-beta2.jar
java_class_path (initial): E:\BFCI\android SDK\android-sdk-windows\build-tools\24.0.1\lib\dx.jar
Launcher Type: SUN_STANDARD

Environment Variables:
PATH=C:\ProgramData\Oracle\Java\javapath;C:\Windows\system32;C:\Windows;C:\Windows\System32\Wbem;C:\Windows\System32\WindowsPowerShell\v1.0\;C:\Program Files (x86)\Microsoft SQL Server\100\Tools\Binn\;C:\Program Files\Microsoft SQL Server\100\Tools\Binn\;C:\Program Files\Microsoft SQL Server\100\DTS\Binn\;C:\Program Files (x86)\MySQL\MySQL Server 5.0\bin;E:\Installed Programs\runtime\win64;E:\Installed Programs\bin;E:\Installed Programs\polyspace\bin
USERNAME=EL MAGIC
OS=Windows_NT
PROCESSOR_IDENTIFIER=Intel64 Family 6 Model 42 Stepping 7, GenuineIntel



---------------  S Y S T E M  ---------------

OS: Windows 8.1 , 64 bit Build 9600 (6.3.9600.17415)

CPU:total 4 (2 cores per cpu, 2 threads per core) family 6 model 42 stepping 7, cmov, cx8, fxsr, mmx, sse, sse2, sse3, ssse3, sse4.1, sse4.2, popcnt, avx, aes, clmul, ht, tsc, tscinvbit

Memory: 4k page, physical 4098096k(659872k free), swap 5660400k(4908k free)

vm_info: Java HotSpot(TM) 64-Bit Server VM (25.101-b13) for windows-amd64 JRE (1.8.0_101-b13), built on Jun 22 2016 01:21:29 by "java_re" with MS VC++ 10.0 (VS2010)

time: Mon Jun 19 08:59:28 2017
elapsed time: 6 seconds (0d 0h 0m 6s)

