#
# There is insufficient memory for the Java Runtime Environment to continue.
# Native memory allocation (malloc) failed to allocate 169136 bytes for Chunk::new
# Possible reasons:
#   The system is out of physical RAM or swap space
#   In 32 bit mode, the process size limit was hit
# Possible solutions:
#   Reduce memory load on the system
#   Increase physical memory or swap space
#   Check if swap backing store is full
#   Use 64 bit Java on a 64 bit OS
#   Decrease Java heap size (-Xmx/-Xms)
#   Decrease number of Java threads
#   Decrease Java thread stack sizes (-Xss)
#   Set larger code cache with -XX:ReservedCodeCacheSize=
# This output file may be truncated or incomplete.
#
#  Out of Memory Error (allocation.cpp:390), pid=3908, tid=0x0000000000000644
#
# JRE version: Java(TM) SE Runtime Environment (8.0_101-b13) (build 1.8.0_101-b13)
# Java VM: Java HotSpot(TM) 64-Bit Server VM (25.101-b13 mixed mode windows-amd64 compressed oops)
# Failed to write core dump. Minidumps are not enabled by default on client versions of Windows
#

---------------  T H R E A D  ---------------

Current thread (0x0000000005af8000):  JavaThread "C2 CompilerThread0" daemon [_thread_in_native, id=1604, stack(0x00000000070f0000,0x00000000071f0000)]

Stack: [0x00000000070f0000,0x00000000071f0000]
[error occurred during error reporting (printing stack bounds), id 0xc0000005]

Native frames: (J=compiled Java code, j=interpreted, Vv=VM code, C=native code)


Current CompileTask:
C2:   2881 1154       4       com.android.dx.ssa.SsaMethod::deleteInsns (239 bytes)


---------------  P R O C E S S  ---------------

Java Threads: ( => current thread )
  0x00000000074f7000 JavaThread "pool-2-thread-4" [_thread_in_Java, id=5852, stack(0x0000000007df0000,0x0000000007ef0000)]
  0x00000000074ec800 JavaThread "pool-2-thread-2" [_thread_in_Java, id=1504, stack(0x0000000007bf0000,0x0000000007cf0000)]
  0x00000000074ea000 JavaThread "pool-3-thread-1" [_thread_blocked, id=6324, stack(0x0000000007af0000,0x0000000007bf0000)]
  0x0000000007344000 JavaThread "Service Thread" daemon [_thread_blocked, id=5592, stack(0x00000000077f0000,0x00000000078f0000)]
  0x000000000733b000 JavaThread "C1 CompilerThread2" daemon [_thread_blocked, id=3168, stack(0x00000000076f0000,0x00000000077f0000)]
  0x0000000005afb000 JavaThread "C2 CompilerThread1" daemon [_thread_in_native, id=5680, stack(0x00000000071f0000,0x00000000072f0000)]
=>0x0000000005af8000 JavaThread "C2 CompilerThread0" daemon [_thread_in_native, id=1604, stack(0x00000000070f0000,0x00000000071f0000)]
  0x0000000005af6000 JavaThread "Attach Listener" daemon [_thread_blocked, id=6036, stack(0x0000000006ff0000,0x00000000070f0000)]
  0x0000000005af5800 JavaThread "Signal Dispatcher" daemon [_thread_blocked, id=6624, stack(0x0000000006ef0000,0x0000000006ff0000)]
  0x0000000005a9a800 JavaThread "Finalizer" daemon [_thread_blocked, id=3736, stack(0x0000000006d10000,0x0000000006e10000)]
  0x0000000005a79000 JavaThread "Reference Handler" daemon [_thread_blocked, id=5976, stack(0x0000000006c10000,0x0000000006d10000)]
  0x00000000022e0800 JavaThread "main" [_thread_blocked, id=6840, stack(0x00000000021a0000,0x00000000022a0000)]

Other Threads:
  0x0000000005a76800 VMThread [stack: 0x0000000006b10000,0x0000000006c10000] [id=5520]
  0x00000000073af000 WatcherThread [stack: 0x00000000078f0000,0x00000000079f0000] [id=2912]

VM state:not at safepoint (normal execution)

VM Mutex/Monitor currently owned by a thread: None

Heap:
 PSYoungGen      total 35328K, used 12361K [0x00000000eab00000, 0x00000000ed000000, 0x0000000100000000)
  eden space 32768K, 29% used [0x00000000eab00000,0x00000000eb494fc8,0x00000000ecb00000)
  from space 2560K, 99% used [0x00000000ecd80000,0x00000000ecffd7e8,0x00000000ed000000)
  to   space 2560K, 0% used [0x00000000ecb00000,0x00000000ecb00000,0x00000000ecd80000)
 ParOldGen       total 44032K, used 4593K [0x00000000c0000000, 0x00000000c2b00000, 0x00000000eab00000)
  object space 44032K, 10% used [0x00000000c0000000,0x00000000c047c600,0x00000000c2b00000)
 Metaspace       used 6057K, capacity 6964K, committed 7040K, reserved 1056768K
  class space    used 602K, capacity 620K, committed 640K, reserved 1048576K

Card table byte_map: [0x00000000027a0000,0x00000000029b0000] byte_map_base: 0x00000000021a0000

Marking Bits: (ParMarkBitMap*) 0x000000007150a6d0
 Begin Bits: [0x0000000002f10000, 0x0000000003f10000)
 End Bits:   [0x0000000003f10000, 0x0000000004f10000)

Polling page: 0x00000000007e0000

CodeCache: size=245760Kb used=4973Kb max_used=4973Kb free=240786Kb
 bounds [0x000000000f010000, 0x000000000f4f0000, 0x000000001e010000]
 total_blobs=1528 nmethods=1258 adapters=182
 compilation: disabled (not enough contiguous free space left)

Compilation events (10 events):
Event: 2.586 Thread 0x000000000733b000 1163       3       com.android.dx.ssa.SsaRenamer$BlockRenamer::visitMoveInsn (271 bytes)
Event: 2.590 Thread 0x000000000733b000 nmethod 1163 0x000000000f481550 code [0x000000000f4819e0, 0x000000000f484b08]
Event: 2.590 Thread 0x000000000733b000 1167       3       com.android.dx.ssa.DeadCodeRemover::run (194 bytes)
Event: 2.592 Thread 0x000000000733b000 nmethod 1167 0x000000000f486d10 code [0x000000000f487040, 0x000000000f4888a8]
Event: 2.592 Thread 0x000000000733b000 1166       3       com.android.dx.ssa.SsaMethod::forEachBlockDepthFirstDom (128 bytes)
Event: 2.594 Thread 0x000000000733b000 nmethod 1166 0x000000000f4896d0 code [0x000000000f489a20, 0x000000000f48bb78]
Event: 2.594 Thread 0x000000000733b000 1164       3       com.android.dx.ssa.SsaRenamer::access$500 (6 bytes)
Event: 2.595 Thread 0x000000000733b000 nmethod 1164 0x000000000f47e850 code [0x000000000f47ea00, 0x000000000f47ef98]
Event: 2.595 Thread 0x000000000733b000 1165       3       com.android.dx.ssa.SsaRenamer::getLocalForNewReg (25 bytes)
Event: 2.595 Thread 0x000000000733b000 nmethod 1165 0x000000000f47de10 code [0x000000000f47dfc0, 0x000000000f47e4f8]

GC Heap History (2 events):
Event: 1.906 GC heap before
{Heap before GC invocations=1 (full 0):
 PSYoungGen      total 18944K, used 16384K [0x00000000eab00000, 0x00000000ec000000, 0x0000000100000000)
  eden space 16384K, 100% used [0x00000000eab00000,0x00000000ebb00000,0x00000000ebb00000)
  from space 2560K, 0% used [0x00000000ebd80000,0x00000000ebd80000,0x00000000ec000000)
  to   space 2560K, 0% used [0x00000000ebb00000,0x00000000ebb00000,0x00000000ebd80000)
 ParOldGen       total 44032K, used 0K [0x00000000c0000000, 0x00000000c2b00000, 0x00000000eab00000)
  object space 44032K, 0% used [0x00000000c0000000,0x00000000c0000000,0x00000000c2b00000)
 Metaspace       used 5842K, capacity 6770K, committed 7040K, reserved 1056768K
  class space    used 599K, capacity 618K, committed 640K, reserved 1048576K
Event: 2.002 GC heap after
Heap after GC invocations=1 (full 0):
 PSYoungGen      total 18944K, used 2557K [0x00000000eab00000, 0x00000000ed000000, 0x0000000100000000)
  eden space 16384K, 0% used [0x00000000eab00000,0x00000000eab00000,0x00000000ebb00000)
  from space 2560K, 99% used [0x00000000ebb00000,0x00000000ebd7f428,0x00000000ebd80000)
  to   space 2560K, 0% used [0x00000000ecd80000,0x00000000ecd80000,0x00000000ed000000)
 ParOldGen       total 44032K, used 1986K [0x00000000c0000000, 0x00000000c2b00000, 0x00000000eab00000)
  object space 44032K, 4% used [0x00000000c0000000,0x00000000c01f0930,0x00000000c2b00000)
 Metaspace       used 5842K, capacity 6770K, committed 7040K, reserved 1056768K
  class space    used 599K, capacity 618K, committed 640K, reserved 1048576K
}

Deoptimization events (8 events):
Event: 1.410 Thread 0x00000000022e0800 Uncommon trap: reason=unstable_if action=reinterpret pc=0x000000000f2421a8 method=java.util.HashMap.getNode(ILjava/lang/Object;)Ljava/util/HashMap$Node; @ 129
Event: 1.637 Thread 0x00000000022e0800 Uncommon trap: reason=unstable_if action=reinterpret pc=0x000000000f2675ec method=java.lang.String.<init>([CII)V @ 18
Event: 1.736 Thread 0x00000000074ec800 Uncommon trap: reason=unstable_if action=reinterpret pc=0x000000000f2442b0 method=java.util.BitSet.nextSetBit(I)I @ 87
Event: 2.129 Thread 0x00000000074e0000 Uncommon trap: reason=class_check action=maybe_recompile pc=0x000000000f2b8064 method=com.android.dx.rop.type.Type.equals(Ljava/lang/Object;)Z @ 8
Event: 2.140 Thread 0x00000000074e0000 Uncommon trap: reason=class_check action=maybe_recompile pc=0x000000000f2b8064 method=com.android.dx.rop.type.Type.equals(Ljava/lang/Object;)Z @ 8
Event: 2.150 Thread 0x00000000074e0000 Uncommon trap: reason=class_check action=maybe_recompile pc=0x000000000f2b8064 method=com.android.dx.rop.type.Type.equals(Ljava/lang/Object;)Z @ 8
Event: 2.536 Thread 0x00000000074ec800 Uncommon trap: reason=class_check action=maybe_recompile pc=0x000000000f2b8064 method=com.android.dx.rop.type.Type.equals(Ljava/lang/Object;)Z @ 8
Event: 2.568 Thread 0x00000000074ec800 Uncommon trap: reason=null_check action=make_not_entrant pc=0x000000000f33ac70 method=com.android.dx.ssa.SsaRenamer.getLocalForNewReg(I)Lcom/android/dx/rop/code/LocalItem; @ 19

Internal exceptions (3 events):
Event: 0.369 Thread 0x00000000022e0800 Exception <a 'java/lang/NoSuchMethodError': Method sun.misc.Unsafe.defineClass(Ljava/lang/String;[BII)Ljava/lang/Class; name or signature does not match> (0x00000000eab07cc0) thrown at [C:\re\workspace\8-2-build-windows-amd64-cygwin\jdk8u101\7261\hotspot\s¥ÜUT¡¢◊?
Event: 0.369 Thread 0x00000000022e0800 Exception <a 'java/lang/NoSuchMethodError': Method sun.misc.Unsafe.prefetchRead(Ljava/lang/Object;J)V name or signature does not match> (0x00000000eab07fa8) thrown at [C:\re\workspace\8-2-build-windows-amd64-cygwin\jdk8u101\7261\hotspot\src\share\vm\prims\Õ≤rÛùä@
Event: 2.568 Thread 0x00000000074ec800 Implicit null exception at 0x000000000f3395d3 to 0x000000000f33ac25

Events (10 events):
Event: 2.150 Thread 0x00000000074e0000 DEOPT PACKING pc=0x000000000f2b8064 sp=0x0000000007aedad0
Event: 2.150 Thread 0x00000000074e0000 DEOPT UNPACKING pc=0x000000000f05582a sp=0x0000000007aed858 mode 2
Event: 2.536 Thread 0x00000000074ec800 Uncommon trap: trap_request=0xffffffde fr.pc=0x000000000f2b8064
Event: 2.536 Thread 0x00000000074ec800 DEOPT PACKING pc=0x000000000f2b8064 sp=0x0000000007cedff0
Event: 2.536 Thread 0x00000000074ec800 DEOPT UNPACKING pc=0x000000000f05582a sp=0x0000000007cedd78 mode 2
Event: 2.539 Thread 0x00000000074ec800 DEOPT PACKING pc=0x000000000f3c7c7a sp=0x0000000007ceec40
Event: 2.541 Thread 0x00000000074ec800 DEOPT UNPACKING pc=0x000000000f05787f sp=0x0000000007cee9a8 mode 0
Event: 2.568 Thread 0x00000000074ec800 Uncommon trap: trap_request=0xfffffff4 fr.pc=0x000000000f33ac70
Event: 2.568 Thread 0x00000000074ec800 DEOPT PACKING pc=0x000000000f33ac70 sp=0x0000000007ceec30
Event: 2.568 Thread 0x00000000074ec800 DEOPT UNPACKING pc=0x000000000f05582a sp=0x0000000007ceeaa8 mode 2


Dynamic libraries:
0x00007ff7c0430000 - 0x00007ff7c0467000 	C:\Program Files\Java\jdk1.8.0_101\bin\java.exe
0x00007ffb95ef0000 - 0x00007ffb9609d000 	C:\Windows\SYSTEM32\ntdll.dll
0x00007ffb93f00000 - 0x00007ffb9403e000 	C:\Windows\system32\KERNEL32.DLL
0x00007ffb931c0000 - 0x00007ffb932d5000 	C:\Windows\system32\KERNELBASE.dll
0x00007ffb91b90000 - 0x00007ffb91c1e000 	C:\Windows\system32\apphelp.dll
0x00007ffb81b90000 - 0x00007ffb81be3000 	C:\Windows\AppPatch\AppPatch64\AcGenral.DLL
0x00007ffb93630000 - 0x00007ffb936da000 	C:\Windows\system32\msvcrt.dll
0x00007ffb930e0000 - 0x00007ffb9310e000 	C:\Windows\system32\SspiCli.dll
0x00007ffb95df0000 - 0x00007ffb95e44000 	C:\Windows\system32\SHLWAPI.dll
0x00007ffb93740000 - 0x00007ffb938b7000 	C:\Windows\system32\USER32.dll
0x00007ffb95780000 - 0x00007ffb95914000 	C:\Windows\system32\ole32.dll
0x00007ffb94040000 - 0x00007ffb95568000 	C:\Windows\system32\SHELL32.dll
0x00007ffb92590000 - 0x00007ffb925b1000 	C:\Windows\SYSTEM32\USERENV.dll
0x00007ffb95570000 - 0x00007ffb9561a000 	C:\Windows\system32\ADVAPI32.dll
0x00007ffb8b5f0000 - 0x00007ffb8b60e000 	C:\Windows\SYSTEM32\MPR.dll
0x00007ffb93a20000 - 0x00007ffb93b60000 	C:\Windows\system32\RPCRT4.dll
0x00007ffb95920000 - 0x00007ffb95979000 	C:\Windows\SYSTEM32\sechost.dll
0x00007ffb959e0000 - 0x00007ffb95bf1000 	C:\Windows\SYSTEM32\combase.dll
0x00007ffb95630000 - 0x00007ffb9577f000 	C:\Windows\system32\GDI32.dll
0x00007ffb93010000 - 0x00007ffb93025000 	C:\Windows\SYSTEM32\profapi.dll
0x00007ffb91540000 - 0x00007ffb915f2000 	C:\Windows\SYSTEM32\SHCORE.dll
0x00007ffb95db0000 - 0x00007ffb95de6000 	C:\Windows\system32\IMM32.DLL
0x00007ffb938c0000 - 0x00007ffb93a12000 	C:\Windows\system32\MSCTF.dll
0x00007ffb92f50000 - 0x00007ffb92f81000 	C:\Windows\system32\nvinitx.dll
0x00007ffb92f40000 - 0x00007ffb92f4a000 	C:\Windows\SYSTEM32\VERSION.dll
0x000000000f000000 - 0x000000000f006000 	C:\Program Files\NVIDIA Corporation\CoProcManager\_etoured.dll
0x00007ffb91ca0000 - 0x00007ffb91cd1000 	C:\Program Files\NVIDIA Corporation\CoProcManager\nvd3d9wrapx.dll
0x00007ffb93b60000 - 0x00007ffb93d3a000 	C:\Windows\system32\SETUPAPI.dll
0x00007ffb93170000 - 0x00007ffb931bf000 	C:\Windows\system32\CFGMGR32.dll
0x00007ffb91740000 - 0x00007ffb91762000 	C:\Program Files\NVIDIA Corporation\CoProcManager\nvdxgiwrapx.dll
0x00007ffb910c0000 - 0x00007ffb9133b000 	C:\Windows\WinSxS\amd64_microsoft.windows.common-controls_6595b64144ccf1df_6.0.9600.18006_none_623f33d3ecbe86e8\COMCTL32.dll
0x0000000070860000 - 0x0000000070932000 	C:\Program Files\Java\jdk1.8.0_101\jre\bin\msvcr100.dll
0x0000000070cf0000 - 0x000000007158a000 	C:\Program Files\Java\jdk1.8.0_101\jre\bin\server\jvm.dll
0x00007ffb8d160000 - 0x00007ffb8d169000 	C:\Windows\SYSTEM32\WSOCK32.dll
0x00007ffb90bf0000 - 0x00007ffb90c12000 	C:\Windows\SYSTEM32\WINMM.dll
0x00007ffb95ec0000 - 0x00007ffb95ec7000 	C:\Windows\system32\PSAPI.DLL
0x00007ffb936e0000 - 0x00007ffb9373a000 	C:\Windows\system32\WS2_32.dll
0x00007ffb90bc0000 - 0x00007ffb90bea000 	C:\Windows\SYSTEM32\WINMMBASE.dll
0x00007ffb95620000 - 0x00007ffb95629000 	C:\Windows\system32\NSI.dll
0x00007ffb91de0000 - 0x00007ffb91e08000 	C:\Windows\SYSTEM32\DEVOBJ.dll
0x0000000071890000 - 0x000000007189f000 	C:\Program Files\Java\jdk1.8.0_101\jre\bin\verify.dll
0x0000000070cc0000 - 0x0000000070ce9000 	C:\Program Files\Java\jdk1.8.0_101\jre\bin\java.dll
0x0000000070ca0000 - 0x0000000070cb6000 	C:\Program Files\Java\jdk1.8.0_101\jre\bin\zip.dll

VM Arguments:
jvm_args: -Djava.awt.headless=true -Xmx1024M -Dfile.encoding=windows-1256 -Duser.country=US -Duser.language=en -Duser.variant 
java_command: com.android.dx.command.Main --dex --force-jumbo --num-threads=4 --multi-dex --output E:\Android summer training\Pro\PipTalk\app\build\intermediates\transforms\dex\debug\folders\1000\10\smack-tcp-4.2.0-beta2_e86fa4714b90f20b21ec7e28debd9eec93a8ebe3 C:\Users\EL MAGIC\.gradle\caches\modules-2\files-2.1\org.igniterealtime.smack\smack-tcp\4.2.0-beta2\b408ce3741dada58eb87724cddfede6097c76636\smack-tcp-4.2.0-beta2.jar
java_class_path (initial): E:\BFCI\android SDK\android-sdk-windows\build-tools\24.0.1\lib\dx.jar
Launcher Type: SUN_STANDARD

Environment Variables:
PATH=C:\ProgramData\Oracle\Java\javapath;C:\Windows\system32;C:\Windows;C:\Windows\System32\Wbem;C:\Windows\System32\WindowsPowerShell\v1.0\;C:\Program Files (x86)\Microsoft SQL Server\100\Tools\Binn\;C:\Program Files\Microsoft SQL Server\100\Tools\Binn\;C:\Program Files\Microsoft SQL Server\100\DTS\Binn\;C:\Program Files (x86)\MySQL\MySQL Server 5.0\bin;E:\Installed Programs\runtime\win64;E:\Installed Programs\bin;E:\Installed Programs\polyspace\bin
USERNAME=EL MAGIC
OS=Windows_NT
PROCESSOR_IDENTIFIER=Intel64 Family 6 Model 42 Stepping 7, GenuineIntel



---------------  S Y S T E M  ---------------

OS: Windows 8.1 , 64 bit Build 9600 (6.3.9600.17415)

CPU:total 4 (2 cores per cpu, 2 threads per core) family 6 model 42 stepping 7, cmov, cx8, fxsr, mmx, sse, sse2, sse3, ssse3, sse4.1, sse4.2, popcnt, avx, aes, clmul, ht, tsc, tscinvbit

Memory: 4k page, physical 4098096k(206960k free), swap 7243824k(5108k free)

vm_info: Java HotSpot(TM) 64-Bit Server VM (25.101-b13) for windows-amd64 JRE (1.8.0_101-b13), built on Jun 22 2016 01:21:29 by "java_re" with MS VC++ 10.0 (VS2010)

time: Mon Feb 27 23:58:14 2017
elapsed time: 2 seconds (0d 0h 0m 2s)

