#
# There is insufficient memory for the Java Runtime Environment to continue.
# Native memory allocation (malloc) failed to allocate 311296 bytes for Chunk::new
# Possible reasons:
#   The system is out of physical RAM or swap space
#   In 32 bit mode, the process size limit was hit
# Possible solutions:
#   Reduce memory load on the system
#   Increase physical memory or swap space
#   Check if swap backing store is full
#   Use 64 bit Java on a 64 bit OS
#   Decrease Java heap size (-Xmx/-Xms)
#   Decrease number of Java threads
#   Decrease Java thread stack sizes (-Xss)
#   Set larger code cache with -XX:ReservedCodeCacheSize=
# This output file may be truncated or incomplete.
#
#  Out of Memory Error (allocation.cpp:390), pid=4984, tid=0x0000000000000bf8
#
# JRE version: Java(TM) SE Runtime Environment (8.0_101-b13) (build 1.8.0_101-b13)
# Java VM: Java HotSpot(TM) 64-Bit Server VM (25.101-b13 mixed mode windows-amd64 compressed oops)
# Failed to write core dump. Minidumps are not enabled by default on client versions of Windows
#

---------------  T H R E A D  ---------------

Current thread (0x0000000005b68000):  JavaThread "C2 CompilerThread0" daemon [_thread_in_native, id=3064, stack(0x0000000007160000,0x0000000007260000)]

Stack: [0x0000000007160000,0x0000000007260000]
[error occurred during error reporting (printing stack bounds), id 0xc0000005]

Native frames: (J=compiled Java code, j=interpreted, Vv=VM code, C=native code)


Current CompileTask:
C2:   4900 1746       4       com.android.dx.ssa.SCCP::simulatePhi (169 bytes)


---------------  P R O C E S S  ---------------

Java Threads: ( => current thread )
  0x0000000007570000 JavaThread "pool-2-thread-4" [_thread_blocked, id=2712, stack(0x0000000007e60000,0x0000000007f60000)]
  0x000000000756f800 JavaThread "pool-2-thread-3" [_thread_blocked, id=1496, stack(0x0000000007d60000,0x0000000007e60000)]
  0x000000000756e800 JavaThread "pool-2-thread-2" [_thread_blocked, id=6536, stack(0x0000000007c60000,0x0000000007d60000)]
  0x000000000756c000 JavaThread "pool-3-thread-1" [_thread_blocked, id=1108, stack(0x0000000007b60000,0x0000000007c60000)]
  0x000000000756b000 JavaThread "pool-2-thread-1" [_thread_blocked, id=504, stack(0x0000000007a60000,0x0000000007b60000)]
  0x00000000072b3000 JavaThread "Service Thread" daemon [_thread_blocked, id=488, stack(0x0000000007860000,0x0000000007960000)]
  0x00000000072ab000 JavaThread "C1 CompilerThread2" daemon [_thread_blocked, id=3384, stack(0x0000000007760000,0x0000000007860000)]
  0x0000000007296000 JavaThread "C2 CompilerThread1" daemon [_thread_in_native, id=6032, stack(0x0000000007660000,0x0000000007760000)]
=>0x0000000005b68000 JavaThread "C2 CompilerThread0" daemon [_thread_in_native, id=3064, stack(0x0000000007160000,0x0000000007260000)]
  0x0000000005b66000 JavaThread "Attach Listener" daemon [_thread_blocked, id=2784, stack(0x0000000007060000,0x0000000007160000)]
  0x0000000005b65800 JavaThread "Signal Dispatcher" daemon [_thread_blocked, id=1368, stack(0x0000000006f60000,0x0000000007060000)]
  0x0000000005b0a000 JavaThread "Finalizer" daemon [_thread_blocked, id=6156, stack(0x0000000006d80000,0x0000000006e80000)]
  0x0000000005ae9000 JavaThread "Reference Handler" daemon [_thread_blocked, id=1624, stack(0x0000000006c80000,0x0000000006d80000)]
  0x0000000002350800 JavaThread "main" [_thread_in_Java, id=3896, stack(0x0000000002190000,0x0000000002290000)]

Other Threads:
  0x0000000005ae6800 VMThread [stack: 0x0000000006b80000,0x0000000006c80000] [id=3664]
  0x00000000072fe000 WatcherThread [stack: 0x0000000007960000,0x0000000007a60000] [id=5976]

VM state:not at safepoint (normal execution)

VM Mutex/Monitor currently owned by a thread: None

Heap:
 PSYoungGen      total 139264K, used 83057K [0x00000000eab00000, 0x00000000f4d00000, 0x0000000100000000)
  eden space 124928K, 55% used [0x00000000eab00000,0x00000000eee1ee40,0x00000000f2500000)
  from space 14336K, 99% used [0x00000000f3700000,0x00000000f44fd9b8,0x00000000f4500000)
  to   space 18432K, 0% used [0x00000000f2500000,0x00000000f2500000,0x00000000f3700000)
 ParOldGen       total 44032K, used 24764K [0x00000000c0000000, 0x00000000c2b00000, 0x00000000eab00000)
  object space 44032K, 56% used [0x00000000c0000000,0x00000000c182f018,0x00000000c2b00000)
 Metaspace       used 6390K, capacity 7256K, committed 7424K, reserved 1056768K
  class space    used 613K, capacity 656K, committed 768K, reserved 1048576K

Card table byte_map: [0x0000000002810000,0x0000000002a20000] byte_map_base: 0x0000000002210000

Marking Bits: (ParMarkBitMap*) 0x000000007150a6d0
 Begin Bits: [0x0000000002f80000, 0x0000000003f80000)
 End Bits:   [0x0000000003f80000, 0x0000000004f80000)

Polling page: 0x00000000006c0000

CodeCache: size=245760Kb used=7893Kb max_used=7893Kb free=237866Kb
 bounds [0x000000000f010000, 0x000000000f7d0000, 0x000000001e010000]
 total_blobs=2120 nmethods=1856 adapters=176
 compilation: enabled

Compilation events (10 events):
Event: 4.856 Thread 0x0000000005b68000 nmethod 1857 0x000000000f7b5910 code [0x000000000f7b5a60, 0x000000000f7b5d38]
Event: 4.856 Thread 0x0000000005b68000 1802       4       com.android.dx.rop.code.BasicBlockList::forEachInsn (39 bytes)
Event: 4.861 Thread 0x0000000005b68000 nmethod 1802 0x000000000f7b50d0 code [0x000000000f7b5220, 0x000000000f7b54d8]
Event: 4.861 Thread 0x0000000005b68000 1746       4       com.android.dx.ssa.SCCP::simulatePhi (169 bytes)
Event: 4.875 Thread 0x00000000072ab000 1903       1       com.android.dx.ssa.LiteralOpUpgrader$1::visitPhiInsn (1 bytes)
Event: 4.875 Thread 0x00000000072ab000 nmethod 1903 0x000000000f792090 code [0x000000000f7921e0, 0x000000000f7922f0]
Event: 4.877 Thread 0x00000000072ab000 1904 %     3       com.android.dx.ssa.back.FirstFitLocalCombiningAllocator::getLocalItemForReg @ 48 (97 bytes)
Event: 4.878 Thread 0x00000000072ab000 nmethod 1904% 0x000000000f7b6610 code [0x000000000f7b6860, 0x000000000f7b7898]
Event: 4.878 Thread 0x00000000072ab000 1907       2       com.android.dx.ssa.back.FirstFitLocalCombiningAllocator::ssaSetToSpecs (57 bytes)
Event: 4.879 Thread 0x00000000072ab000 nmethod 1907 0x000000000f7b9c90 code [0x000000000f7b9ea0, 0x000000000f7ba6b8]

GC Heap History (10 events):
Event: 2.996 GC heap before
{Heap before GC invocations=4 (full 0):
 PSYoungGen      total 18944K, used 18924K [0x00000000eab00000, 0x00000000ed000000, 0x0000000100000000)
  eden space 16384K, 100% used [0x00000000eab00000,0x00000000ebb00000,0x00000000ebb00000)
  from space 2560K, 99% used [0x00000000ebb00000,0x00000000ebd7b3a0,0x00000000ebd80000)
  to   space 2560K, 0% used [0x00000000ecd80000,0x00000000ecd80000,0x00000000ed000000)
 ParOldGen       total 44032K, used 5095K [0x00000000c0000000, 0x00000000c2b00000, 0x00000000eab00000)
  object space 44032K, 11% used [0x00000000c0000000,0x00000000c04f9f58,0x00000000c2b00000)
 Metaspace       used 6090K, capacity 7088K, committed 7296K, reserved 1056768K
  class space    used 593K, capacity 616K, committed 640K, reserved 1048576K
Event: 3.012 GC heap after
Heap after GC invocations=4 (full 0):
 PSYoungGen      total 35328K, used 2533K [0x00000000eab00000, 0x00000000ed000000, 0x0000000100000000)
  eden space 32768K, 0% used [0x00000000eab00000,0x00000000eab00000,0x00000000ecb00000)
  from space 2560K, 98% used [0x00000000ecd80000,0x00000000ecff9750,0x00000000ed000000)
  to   space 2560K, 0% used [0x00000000ecb00000,0x00000000ecb00000,0x00000000ecd80000)
 ParOldGen       total 44032K, used 7728K [0x00000000c0000000, 0x00000000c2b00000, 0x00000000eab00000)
  object space 44032K, 17% used [0x00000000c0000000,0x00000000c078c0f0,0x00000000c2b00000)
 Metaspace       used 6090K, capacity 7088K, committed 7296K, reserved 1056768K
  class space    used 593K, capacity 616K, committed 640K, reserved 1048576K
}
Event: 3.285 GC heap before
{Heap before GC invocations=5 (full 0):
 PSYoungGen      total 35328K, used 35301K [0x00000000eab00000, 0x00000000ed000000, 0x0000000100000000)
  eden space 32768K, 100% used [0x00000000eab00000,0x00000000ecb00000,0x00000000ecb00000)
  from space 2560K, 98% used [0x00000000ecd80000,0x00000000ecff9750,0x00000000ed000000)
  to   space 2560K, 0% used [0x00000000ecb00000,0x00000000ecb00000,0x00000000ecd80000)
 ParOldGen       total 44032K, used 7728K [0x00000000c0000000, 0x00000000c2b00000, 0x00000000eab00000)
  object space 44032K, 17% used [0x00000000c0000000,0x00000000c078c0f0,0x00000000c2b00000)
 Metaspace       used 6154K, capacity 7088K, committed 7296K, reserved 1056768K
  class space    used 593K, capacity 616K, committed 640K, reserved 1048576K
Event: 3.305 GC heap after
Heap after GC invocations=5 (full 0):
 PSYoungGen      total 35328K, used 2553K [0x00000000eab00000, 0x00000000efb00000, 0x0000000100000000)
  eden space 32768K, 0% used [0x00000000eab00000,0x00000000eab00000,0x00000000ecb00000)
  from space 2560K, 99% used [0x00000000ecb00000,0x00000000ecd7e778,0x00000000ecd80000)
  to   space 8192K, 0% used [0x00000000ef300000,0x00000000ef300000,0x00000000efb00000)
 ParOldGen       total 44032K, used 13071K [0x00000000c0000000, 0x00000000c2b00000, 0x00000000eab00000)
  object space 44032K, 29% used [0x00000000c0000000,0x00000000c0cc3d10,0x00000000c2b00000)
 Metaspace       used 6154K, capacity 7088K, committed 7296K, reserved 1056768K
  class space    used 593K, capacity 616K, committed 640K, reserved 1048576K
}
Event: 3.583 GC heap before
{Heap before GC invocations=6 (full 0):
 PSYoungGen      total 35328K, used 35321K [0x00000000eab00000, 0x00000000efb00000, 0x0000000100000000)
  eden space 32768K, 100% used [0x00000000eab00000,0x00000000ecb00000,0x00000000ecb00000)
  from space 2560K, 99% used [0x00000000ecb00000,0x00000000ecd7e778,0x00000000ecd80000)
  to   space 8192K, 0% used [0x00000000ef300000,0x00000000ef300000,0x00000000efb00000)
 ParOldGen       total 44032K, used 13071K [0x00000000c0000000, 0x00000000c2b00000, 0x00000000eab00000)
  object space 44032K, 29% used [0x00000000c0000000,0x00000000c0cc3d10,0x00000000c2b00000)
 Metaspace       used 6186K, capacity 7152K, committed 7296K, reserved 1056768K
  class space    used 593K, capacity 616K, committed 640K, reserved 1048576K
Event: 3.606 GC heap after
Heap after GC invocations=6 (full 0):
 PSYoungGen      total 72704K, used 8171K [0x00000000eab00000, 0x00000000efd00000, 0x0000000100000000)
  eden space 64512K, 0% used [0x00000000eab00000,0x00000000eab00000,0x00000000eea00000)
  from space 8192K, 99% used [0x00000000ef300000,0x00000000efafad38,0x00000000efb00000)
  to   space 9216K, 0% used [0x00000000eea00000,0x00000000eea00000,0x00000000ef300000)
 ParOldGen       total 44032K, used 13079K [0x00000000c0000000, 0x00000000c2b00000, 0x00000000eab00000)
  object space 44032K, 29% used [0x00000000c0000000,0x00000000c0cc5d10,0x00000000c2b00000)
 Metaspace       used 6186K, capacity 7152K, committed 7296K, reserved 1056768K
  class space    used 593K, capacity 616K, committed 640K, reserved 1048576K
}
Event: 3.996 GC heap before
{Heap before GC invocations=7 (full 0):
 PSYoungGen      total 72704K, used 72683K [0x00000000eab00000, 0x00000000efd00000, 0x0000000100000000)
  eden space 64512K, 100% used [0x00000000eab00000,0x00000000eea00000,0x00000000eea00000)
  from space 8192K, 99% used [0x00000000ef300000,0x00000000efafad38,0x00000000efb00000)
  to   space 9216K, 0% used [0x00000000eea00000,0x00000000eea00000,0x00000000ef300000)
 ParOldGen       total 44032K, used 13079K [0x00000000c0000000, 0x00000000c2b00000, 0x00000000eab00000)
  object space 44032K, 29% used [0x00000000c0000000,0x00000000c0cc5d10,0x00000000c2b00000)
 Metaspace       used 6304K, capacity 7192K, committed 7424K, reserved 1056768K
  class space    used 613K, capacity 656K, committed 768K, reserved 1048576K
Event: 4.047 GC heap after
Heap after GC invocations=7 (full 0):
 PSYoungGen      total 73728K, used 9200K [0x00000000eab00000, 0x00000000f4500000, 0x0000000100000000)
  eden space 64512K, 0% used [0x00000000eab00000,0x00000000eab00000,0x00000000eea00000)
  from space 9216K, 99% used [0x00000000eea00000,0x00000000ef2fc330,0x00000000ef300000)
  to   space 14336K, 0% used [0x00000000f3700000,0x00000000f3700000,0x00000000f4500000)
 ParOldGen       total 44032K, used 20521K [0x00000000c0000000, 0x00000000c2b00000, 0x00000000eab00000)
  object space 44032K, 46% used [0x00000000c0000000,0x00000000c140a7b0,0x00000000c2b00000)
 Metaspace       used 6304K, capacity 7192K, committed 7424K, reserved 1056768K
  class space    used 613K, capacity 656K, committed 768K, reserved 1048576K
}
Event: 4.449 GC heap before
{Heap before GC invocations=8 (full 0):
 PSYoungGen      total 73728K, used 73712K [0x00000000eab00000, 0x00000000f4500000, 0x0000000100000000)
  eden space 64512K, 100% used [0x00000000eab00000,0x00000000eea00000,0x00000000eea00000)
  from space 9216K, 99% used [0x00000000eea00000,0x00000000ef2fc330,0x00000000ef300000)
  to   space 14336K, 0% used [0x00000000f3700000,0x00000000f3700000,0x00000000f4500000)
 ParOldGen       total 44032K, used 20521K [0x00000000c0000000, 0x00000000c2b00000, 0x00000000eab00000)
  object space 44032K, 46% used [0x00000000c0000000,0x00000000c140a7b0,0x00000000c2b00000)
 Metaspace       used 6375K, capacity 7256K, committed 7424K, reserved 1056768K
  class space    used 613K, capacity 656K, committed 768K, reserved 1048576K
Event: 4.485 GC heap after
Heap after GC invocations=8 (full 0):
 PSYoungGen      total 139264K, used 14326K [0x00000000eab00000, 0x00000000f4d00000, 0x0000000100000000)
  eden space 124928K, 0% used [0x00000000eab00000,0x00000000eab00000,0x00000000f2500000)
  from space 14336K, 99% used [0x00000000f3700000,0x00000000f44fd9b8,0x00000000f4500000)
  to   space 18432K, 0% used [0x00000000f2500000,0x00000000f2500000,0x00000000f3700000)
 ParOldGen       total 44032K, used 24764K [0x00000000c0000000, 0x00000000c2b00000, 0x00000000eab00000)
  object space 44032K, 56% used [0x00000000c0000000,0x00000000c182f018,0x00000000c2b00000)
 Metaspace       used 6375K, capacity 7256K, committed 7424K, reserved 1056768K
  class space    used 613K, capacity 656K, committed 768K, reserved 1048576K
}

Deoptimization events (10 events):
Event: 3.970 Thread 0x000000000756f800 Uncommon trap: reason=bimorphic action=maybe_recompile pc=0x000000000f59e044 method=com.android.dx.ssa.LiteralOpUpgrader.tryReplacingWithConstant(Lcom/android/dx/ssa/NormalSsaInsn;)Z @ 62
Event: 3.975 Thread 0x000000000756f800 Uncommon trap: reason=unstable_if action=reinterpret pc=0x000000000f53e82c method=java.util.HashMap.putVal(ILjava/lang/Object;Ljava/lang/Object;ZZ)Ljava/lang/Object; @ 162
Event: 3.983 Thread 0x000000000756b000 Uncommon trap: reason=class_check action=maybe_recompile pc=0x000000000f726ec0 method=com.android.dx.cf.code.OneLocalsArray.set(ILcom/android/dx/rop/type/TypeBearer;)V @ 85
Event: 4.057 Thread 0x000000000756e800 Uncommon trap: reason=class_check action=maybe_recompile pc=0x000000000f726ec0 method=com.android.dx.cf.code.OneLocalsArray.set(ILcom/android/dx/rop/type/TypeBearer;)V @ 85
Event: 4.138 Thread 0x000000000756e800 Uncommon trap: reason=bimorphic action=maybe_recompile pc=0x000000000f59e044 method=com.android.dx.ssa.LiteralOpUpgrader.tryReplacingWithConstant(Lcom/android/dx/ssa/NormalSsaInsn;)Z @ 62
Event: 4.195 Thread 0x000000000756f800 Uncommon trap: reason=unstable_if action=reinterpret pc=0x000000000f56610c method=com.android.dx.ssa.MoveParamCombiner$1.visitNonMoveInsn(Lcom/android/dx/ssa/NormalSsaInsn;)V @ 27
Event: 4.284 Thread 0x000000000756f800 Uncommon trap: reason=unstable_if action=reinterpret pc=0x000000000f722a04 method=java.util.HashMap.resize()[Ljava/util/HashMap$Node; @ 206
Event: 4.630 Thread 0x000000000756e800 Uncommon trap: reason=unstable_if action=reinterpret pc=0x000000000f723cac method=com.android.dx.rop.cst.CstNat.equals(Ljava/lang/Object;)Z @ 25
Event: 4.654 Thread 0x000000000756f800 Uncommon trap: reason=unstable_if action=reinterpret pc=0x000000000f71765c method=com.android.dx.ssa.SCCP.simulateBranch(Lcom/android/dx/ssa/SsaInsn;)V @ 548
Event: 4.708 Thread 0x000000000756f800 Uncommon trap: reason=class_check action=maybe_recompile pc=0x000000000f726ec0 method=com.android.dx.cf.code.OneLocalsArray.set(ILcom/android/dx/rop/type/TypeBearer;)V @ 85

Internal exceptions (5 events):
Event: 0.069 Thread 0x0000000002350800 Exception <a 'java/lang/NoSuchMethodError': Method sun.misc.Unsafe.defineClass(Ljava/lang/String;[BII)Ljava/lang/Class; name or signature does not match> (0x00000000eab07cc0) thrown at [C:\re\workspace\8-2-build-windows-amd64-cygwin\jdk8u101\7261\hotspot\sÑÕ?K≈±?
Event: 0.069 Thread 0x0000000002350800 Exception <a 'java/lang/NoSuchMethodError': Method sun.misc.Unsafe.prefetchRead(Ljava/lang/Object;J)V name or signature does not match> (0x00000000eab07fa8) thrown at [C:\re\workspace\8-2-build-windows-amd64-cygwin\jdk8u101\7261\hotspot\src\share\vm\prims\ÿ:¶Â¿ÿ@
Event: 3.856 Thread 0x0000000002350800 Exception <a 'java/lang/ArrayIndexOutOfBoundsException': 18> (0x00000000edb98b28) thrown at [C:\re\workspace\8-2-build-windows-amd64-cygwin\jdk8u101\7261\hotspot\src\share\vm\interpreter\interpreterRuntime.cpp, line 366]
Event: 3.857 Thread 0x0000000002350800 Exception <a 'java/lang/ArrayIndexOutOfBoundsException'> (0x00000000edb9a6a8) thrown at [C:\re\workspace\8-2-build-windows-amd64-cygwin\jdk8u101\7261\hotspot\src\share\vm\runtime\sharedRuntime.cpp, line 605]
Event: 3.859 Thread 0x0000000002350800 Exception <a 'java/lang/ArrayIndexOutOfBoundsException'> (0x00000000edb9b990) thrown at [C:\re\workspace\8-2-build-windows-amd64-cygwin\jdk8u101\7261\hotspot\src\share\vm\runtime\sharedRuntime.cpp, line 605]

Events (10 events):
Event: 4.485 Executing VM operation: ParallelGCFailedAllocation done
Event: 4.630 Thread 0x000000000756e800 Uncommon trap: trap_request=0xffffff65 fr.pc=0x000000000f723cac
Event: 4.631 Thread 0x000000000756e800 DEOPT PACKING pc=0x000000000f723cac sp=0x0000000007d5dcf0
Event: 4.631 Thread 0x000000000756e800 DEOPT UNPACKING pc=0x000000000f05582a sp=0x0000000007d5dc10 mode 2
Event: 4.654 Thread 0x000000000756f800 Uncommon trap: trap_request=0xffffff65 fr.pc=0x000000000f71765c
Event: 4.654 Thread 0x000000000756f800 DEOPT PACKING pc=0x000000000f71765c sp=0x0000000007e5e970
Event: 4.654 Thread 0x000000000756f800 DEOPT UNPACKING pc=0x000000000f05582a sp=0x0000000007e5e948 mode 2
Event: 4.708 Thread 0x000000000756f800 Uncommon trap: trap_request=0xffffffde fr.pc=0x000000000f726ec0
Event: 4.708 Thread 0x000000000756f800 DEOPT PACKING pc=0x000000000f726ec0 sp=0x0000000007e5de90
Event: 4.708 Thread 0x000000000756f800 DEOPT UNPACKING pc=0x000000000f05582a sp=0x0000000007e5dd58 mode 2


Dynamic libraries:
0x00007ff7c0430000 - 0x00007ff7c0467000 	C:\Program Files\Java\jdk1.8.0_101\bin\java.exe
0x00007ffb95ef0000 - 0x00007ffb9609d000 	C:\Windows\SYSTEM32\ntdll.dll
0x00007ffb93f00000 - 0x00007ffb9403e000 	C:\Windows\system32\KERNEL32.DLL
0x00007ffb931c0000 - 0x00007ffb932d5000 	C:\Windows\system32\KERNELBASE.dll
0x00007ffb91b90000 - 0x00007ffb91c1e000 	C:\Windows\system32\apphelp.dll
0x00007ffb81b90000 - 0x00007ffb81be3000 	C:\Windows\AppPatch\AppPatch64\AcGenral.DLL
0x00007ffb93630000 - 0x00007ffb936da000 	C:\Windows\system32\msvcrt.dll
0x00007ffb930e0000 - 0x00007ffb9310e000 	C:\Windows\system32\SspiCli.dll
0x00007ffb95df0000 - 0x00007ffb95e44000 	C:\Windows\system32\SHLWAPI.dll
0x00007ffb93740000 - 0x00007ffb938b7000 	C:\Windows\system32\USER32.dll
0x00007ffb95780000 - 0x00007ffb95914000 	C:\Windows\system32\ole32.dll
0x00007ffb94040000 - 0x00007ffb95568000 	C:\Windows\system32\SHELL32.dll
0x00007ffb92590000 - 0x00007ffb925b1000 	C:\Windows\SYSTEM32\USERENV.dll
0x00007ffb95570000 - 0x00007ffb9561a000 	C:\Windows\system32\ADVAPI32.dll
0x00007ffb8b5f0000 - 0x00007ffb8b60e000 	C:\Windows\SYSTEM32\MPR.dll
0x00007ffb93a20000 - 0x00007ffb93b60000 	C:\Windows\system32\RPCRT4.dll
0x00007ffb95920000 - 0x00007ffb95979000 	C:\Windows\SYSTEM32\sechost.dll
0x00007ffb959e0000 - 0x00007ffb95bf1000 	C:\Windows\SYSTEM32\combase.dll
0x00007ffb95630000 - 0x00007ffb9577f000 	C:\Windows\system32\GDI32.dll
0x00007ffb93010000 - 0x00007ffb93025000 	C:\Windows\SYSTEM32\profapi.dll
0x00007ffb91540000 - 0x00007ffb915f2000 	C:\Windows\SYSTEM32\SHCORE.dll
0x00007ffb95db0000 - 0x00007ffb95de6000 	C:\Windows\system32\IMM32.DLL
0x00007ffb938c0000 - 0x00007ffb93a12000 	C:\Windows\system32\MSCTF.dll
0x00007ffb92f50000 - 0x00007ffb92f81000 	C:\Windows\system32\nvinitx.dll
0x00007ffb92f40000 - 0x00007ffb92f4a000 	C:\Windows\SYSTEM32\VERSION.dll
0x000000000f000000 - 0x000000000f006000 	C:\Program Files\NVIDIA Corporation\CoProcManager\_etoured.dll
0x00007ffb91ca0000 - 0x00007ffb91cd1000 	C:\Program Files\NVIDIA Corporation\CoProcManager\nvd3d9wrapx.dll
0x00007ffb93b60000 - 0x00007ffb93d3a000 	C:\Windows\system32\SETUPAPI.dll
0x00007ffb93170000 - 0x00007ffb931bf000 	C:\Windows\system32\CFGMGR32.dll
0x00007ffb91740000 - 0x00007ffb91762000 	C:\Program Files\NVIDIA Corporation\CoProcManager\nvdxgiwrapx.dll
0x00007ffb910c0000 - 0x00007ffb9133b000 	C:\Windows\WinSxS\amd64_microsoft.windows.common-controls_6595b64144ccf1df_6.0.9600.18006_none_623f33d3ecbe86e8\COMCTL32.dll
0x0000000070860000 - 0x0000000070932000 	C:\Program Files\Java\jdk1.8.0_101\jre\bin\msvcr100.dll
0x0000000070cf0000 - 0x000000007158a000 	C:\Program Files\Java\jdk1.8.0_101\jre\bin\server\jvm.dll
0x00007ffb8d160000 - 0x00007ffb8d169000 	C:\Windows\SYSTEM32\WSOCK32.dll
0x00007ffb90bf0000 - 0x00007ffb90c12000 	C:\Windows\SYSTEM32\WINMM.dll
0x00007ffb95ec0000 - 0x00007ffb95ec7000 	C:\Windows\system32\PSAPI.DLL
0x00007ffb936e0000 - 0x00007ffb9373a000 	C:\Windows\system32\WS2_32.dll
0x00007ffb90bc0000 - 0x00007ffb90bea000 	C:\Windows\SYSTEM32\WINMMBASE.dll
0x00007ffb95620000 - 0x00007ffb95629000 	C:\Windows\system32\NSI.dll
0x00007ffb91de0000 - 0x00007ffb91e08000 	C:\Windows\SYSTEM32\DEVOBJ.dll
0x0000000071890000 - 0x000000007189f000 	C:\Program Files\Java\jdk1.8.0_101\jre\bin\verify.dll
0x0000000070cc0000 - 0x0000000070ce9000 	C:\Program Files\Java\jdk1.8.0_101\jre\bin\java.dll
0x0000000070ca0000 - 0x0000000070cb6000 	C:\Program Files\Java\jdk1.8.0_101\jre\bin\zip.dll

VM Arguments:
jvm_args: -Djava.awt.headless=true -Xmx1024M -Dfile.encoding=windows-1256 -Duser.country=US -Duser.language=en -Duser.variant 
java_command: com.android.dx.command.Main --dex --force-jumbo --num-threads=4 --multi-dex --output E:\Android summer training\Pro\PipTalk\app\build\intermediates\transforms\dex\debug\folders\1000\10\com.android.support-appcompat-v7-24.2.1_1e281853588ce34ca18e201b6b0dc61261408134 E:\Android summer training\Pro\PipTalk\app\build\intermediates\exploded-aar\com.android.support\appcompat-v7\24.2.1\jars\classes.jar
java_class_path (initial): E:\BFCI\android SDK\android-sdk-windows\build-tools\24.0.1\lib\dx.jar
Launcher Type: SUN_STANDARD

Environment Variables:
PATH=C:\ProgramData\Oracle\Java\javapath;C:\Windows\system32;C:\Windows;C:\Windows\System32\Wbem;C:\Windows\System32\WindowsPowerShell\v1.0\;C:\Program Files (x86)\Microsoft SQL Server\100\Tools\Binn\;C:\Program Files\Microsoft SQL Server\100\Tools\Binn\;C:\Program Files\Microsoft SQL Server\100\DTS\Binn\;C:\Program Files (x86)\MySQL\MySQL Server 5.0\bin;E:\Installed Programs\runtime\win64;E:\Installed Programs\bin;E:\Installed Programs\polyspace\bin
USERNAME=EL MAGIC
OS=Windows_NT
PROCESSOR_IDENTIFIER=Intel64 Family 6 Model 42 Stepping 7, GenuineIntel



---------------  S Y S T E M  ---------------

OS: Windows 8.1 , 64 bit Build 9600 (6.3.9600.17415)

CPU:total 4 (2 cores per cpu, 2 threads per core) family 6 model 42 stepping 7, cmov, cx8, fxsr, mmx, sse, sse2, sse3, ssse3, sse4.1, sse4.2, popcnt, avx, aes, clmul, ht, tsc, tscinvbit

Memory: 4k page, physical 4098096k(424976k free), swap 7243824k(5220k free)

vm_info: Java HotSpot(TM) 64-Bit Server VM (25.101-b13) for windows-amd64 JRE (1.8.0_101-b13), built on Jun 22 2016 01:21:29 by "java_re" with MS VC++ 10.0 (VS2010)

time: Tue Feb 28 02:26:54 2017
elapsed time: 4 seconds (0d 0h 0m 4s)

