#
# There is insufficient memory for the Java Runtime Environment to continue.
# Native memory allocation (malloc) failed to allocate 168816 bytes for Chunk::new
# Possible reasons:
#   The system is out of physical RAM or swap space
#   In 32 bit mode, the process size limit was hit
# Possible solutions:
#   Reduce memory load on the system
#   Increase physical memory or swap space
#   Check if swap backing store is full
#   Use 64 bit Java on a 64 bit OS
#   Decrease Java heap size (-Xmx/-Xms)
#   Decrease number of Java threads
#   Decrease Java thread stack sizes (-Xss)
#   Set larger code cache with -XX:ReservedCodeCacheSize=
# This output file may be truncated or incomplete.
#
#  Out of Memory Error (allocation.cpp:390), pid=6816, tid=0x000000000000144c
#
# JRE version: Java(TM) SE Runtime Environment (8.0_101-b13) (build 1.8.0_101-b13)
# Java VM: Java HotSpot(TM) 64-Bit Server VM (25.101-b13 mixed mode windows-amd64 compressed oops)
# Failed to write core dump. Minidumps are not enabled by default on client versions of Windows
#

---------------  T H R E A D  ---------------

Current thread (0x0000000006404000):  JavaThread "C2 CompilerThread0" daemon [_thread_in_native, id=5196, stack(0x0000000007960000,0x0000000007a60000)]

Stack: [0x0000000007960000,0x0000000007a60000]
[error occurred during error reporting (printing stack bounds), id 0xc0000005]

Native frames: (J=compiled Java code, j=interpreted, Vv=VM code, C=native code)


Current CompileTask:
C2:   5964 1576   !   4       com.android.dx.cf.code.RopperMachine::run (1550 bytes)


---------------  P R O C E S S  ---------------

Java Threads: ( => current thread )
  0x0000000007e30800 JavaThread "pool-2-thread-4" [_thread_blocked, id=2712, stack(0x0000000008660000,0x0000000008760000)]
  0x0000000007e2c800 JavaThread "pool-2-thread-3" [_thread_in_Java, id=1640, stack(0x0000000008560000,0x0000000008660000)]
  0x0000000007e89000 JavaThread "pool-2-thread-2" [_thread_in_Java, id=4816, stack(0x0000000008460000,0x0000000008560000)]
  0x0000000007e7a800 JavaThread "pool-3-thread-1" [_thread_blocked, id=4812, stack(0x0000000008360000,0x0000000008460000)]
  0x0000000007e79800 JavaThread "pool-2-thread-1" [_thread_in_Java, id=5240, stack(0x0000000008260000,0x0000000008360000)]
  0x0000000007bbb000 JavaThread "Service Thread" daemon [_thread_blocked, id=6276, stack(0x0000000008060000,0x0000000008160000)]
  0x0000000007ba3000 JavaThread "C1 CompilerThread2" daemon [_thread_blocked, id=5348, stack(0x0000000007f60000,0x0000000008060000)]
  0x0000000006407800 JavaThread "C2 CompilerThread1" daemon [_thread_in_native, id=4860, stack(0x0000000007a60000,0x0000000007b60000)]
=>0x0000000006404000 JavaThread "C2 CompilerThread0" daemon [_thread_in_native, id=5196, stack(0x0000000007960000,0x0000000007a60000)]
  0x00000000063f7000 JavaThread "Attach Listener" daemon [_thread_blocked, id=4760, stack(0x0000000007860000,0x0000000007960000)]
  0x00000000063f6000 JavaThread "Signal Dispatcher" daemon [_thread_blocked, id=3804, stack(0x0000000007760000,0x0000000007860000)]
  0x0000000002d24800 JavaThread "Finalizer" daemon [_thread_blocked, id=3420, stack(0x0000000007660000,0x0000000007760000)]
  0x0000000002d1f000 JavaThread "Reference Handler" daemon [_thread_blocked, id=2220, stack(0x0000000007560000,0x0000000007660000)]
  0x0000000002c30800 JavaThread "main" [_thread_blocked, id=5060, stack(0x0000000002b30000,0x0000000002c30000)]

Other Threads:
  0x00000000063c7800 VMThread [stack: 0x0000000007460000,0x0000000007560000] [id=6272]
  0x0000000007c1e000 WatcherThread [stack: 0x0000000008160000,0x0000000008260000] [id=3848]

VM state:not at safepoint (normal execution)

VM Mutex/Monitor currently owned by a thread: None

Heap:
 PSYoungGen      total 35328K, used 16849K [0x00000000eab00000, 0x00000000ed000000, 0x0000000100000000)
  eden space 32768K, 43% used [0x00000000eab00000,0x00000000eb8f6c30,0x00000000ecb00000)
  from space 2560K, 99% used [0x00000000ecb00000,0x00000000ecd7da08,0x00000000ecd80000)
  to   space 2560K, 0% used [0x00000000ecd80000,0x00000000ecd80000,0x00000000ed000000)
 ParOldGen       total 44032K, used 8671K [0x00000000c0000000, 0x00000000c2b00000, 0x00000000eab00000)
  object space 44032K, 19% used [0x00000000c0000000,0x00000000c0877ea0,0x00000000c2b00000)
 Metaspace       used 6120K, capacity 7088K, committed 7296K, reserved 1056768K
  class space    used 592K, capacity 616K, committed 640K, reserved 1048576K

Card table byte_map: [0x00000000030f0000,0x0000000003300000] byte_map_base: 0x0000000002af0000

Marking Bits: (ParMarkBitMap*) 0x000000007150a6d0
 Begin Bits: [0x0000000003860000, 0x0000000004860000)
 End Bits:   [0x0000000004860000, 0x0000000005860000)

Polling page: 0x0000000000de0000

CodeCache: size=245760Kb used=7055Kb max_used=7068Kb free=238704Kb
 bounds [0x000000000f010000, 0x000000000f700000, 0x000000001e010000]
 total_blobs=1874 nmethods=1611 adapters=176
 compilation: enabled

Compilation events (10 events):
Event: 5.935 Thread 0x0000000006407800 nmethod 1617 0x000000000f6f8810 code [0x000000000f6f8a00, 0x000000000f6f98e8]
Event: 5.935 Thread 0x0000000006407800 1619       4       com.android.dx.util.IntList::mutableCopy (39 bytes)
Event: 5.946 Thread 0x0000000006407800 nmethod 1619 0x000000000f6fb390 code [0x000000000f6fb500, 0x000000000f6fba98]
Event: 5.946 Thread 0x0000000006407800 1581       4       com.android.dx.ssa.SsaRenamer$BlockRenamer$RenamingMapper::map (28 bytes)
Event: 5.947 Thread 0x0000000006407800 nmethod 1581 0x000000000f6f3210 code [0x000000000f6f3360, 0x000000000f6f3468]
Event: 5.947 Thread 0x0000000006407800 1594       4       com.android.dx.rop.code.SourcePosition::<init> (50 bytes)
Event: 5.948 Thread 0x0000000006407800 nmethod 1594 0x000000000f641e10 code [0x000000000f641f40, 0x000000000f641ff8]
Event: 5.948 Thread 0x0000000006407800 1579       4       com.android.dx.ssa.SsaBasicBlock::<init> (109 bytes)
Event: 5.959 Thread 0x0000000006407800 nmethod 1579 0x000000000f6fbe50 code [0x000000000f6fbfe0, 0x000000000f6fc678]
Event: 5.959 Thread 0x0000000006407800 1582       4       com.android.dx.ssa.SsaBasicBlock::exitBlockFixup (58 bytes)

GC Heap History (6 events):
Event: 1.279 GC heap before
{Heap before GC invocations=1 (full 0):
 PSYoungGen      total 18944K, used 16384K [0x00000000eab00000, 0x00000000ec000000, 0x0000000100000000)
  eden space 16384K, 100% used [0x00000000eab00000,0x00000000ebb00000,0x00000000ebb00000)
  from space 2560K, 0% used [0x00000000ebd80000,0x00000000ebd80000,0x00000000ec000000)
  to   space 2560K, 0% used [0x00000000ebb00000,0x00000000ebb00000,0x00000000ebd80000)
 ParOldGen       total 44032K, used 0K [0x00000000c0000000, 0x00000000c2b00000, 0x00000000eab00000)
  object space 44032K, 0% used [0x00000000c0000000,0x00000000c0000000,0x00000000c2b00000)
 Metaspace       used 5573K, capacity 6640K, committed 6784K, reserved 1056768K
  class space    used 583K, capacity 616K, committed 640K, reserved 1048576K
Event: 1.443 GC heap after
Heap after GC invocations=1 (full 0):
 PSYoungGen      total 18944K, used 2554K [0x00000000eab00000, 0x00000000ed000000, 0x0000000100000000)
  eden space 16384K, 0% used [0x00000000eab00000,0x00000000eab00000,0x00000000ebb00000)
  from space 2560K, 99% used [0x00000000ebb00000,0x00000000ebd7eab8,0x00000000ebd80000)
  to   space 2560K, 0% used [0x00000000ecd80000,0x00000000ecd80000,0x00000000ed000000)
 ParOldGen       total 44032K, used 1332K [0x00000000c0000000, 0x00000000c2b00000, 0x00000000eab00000)
  object space 44032K, 3% used [0x00000000c0000000,0x00000000c014d3f0,0x00000000c2b00000)
 Metaspace       used 5573K, capacity 6640K, committed 6784K, reserved 1056768K
  class space    used 583K, capacity 616K, committed 640K, reserved 1048576K
}
Event: 3.079 GC heap before
{Heap before GC invocations=2 (full 0):
 PSYoungGen      total 18944K, used 18938K [0x00000000eab00000, 0x00000000ed000000, 0x0000000100000000)
  eden space 16384K, 100% used [0x00000000eab00000,0x00000000ebb00000,0x00000000ebb00000)
  from space 2560K, 99% used [0x00000000ebb00000,0x00000000ebd7eab8,0x00000000ebd80000)
  to   space 2560K, 0% used [0x00000000ecd80000,0x00000000ecd80000,0x00000000ed000000)
 ParOldGen       total 44032K, used 1332K [0x00000000c0000000, 0x00000000c2b00000, 0x00000000eab00000)
  object space 44032K, 3% used [0x00000000c0000000,0x00000000c014d3f0,0x00000000c2b00000)
 Metaspace       used 5903K, capacity 6896K, committed 7040K, reserved 1056768K
  class space    used 590K, capacity 616K, committed 640K, reserved 1048576K
Event: 3.404 GC heap after
Heap after GC invocations=2 (full 0):
 PSYoungGen      total 35328K, used 2541K [0x00000000eab00000, 0x00000000ed000000, 0x0000000100000000)
  eden space 32768K, 0% used [0x00000000eab00000,0x00000000eab00000,0x00000000ecb00000)
  from space 2560K, 99% used [0x00000000ecd80000,0x00000000ecffb488,0x00000000ed000000)
  to   space 2560K, 0% used [0x00000000ecb00000,0x00000000ecb00000,0x00000000ecd80000)
 ParOldGen       total 44032K, used 3305K [0x00000000c0000000, 0x00000000c2b00000, 0x00000000eab00000)
  object space 44032K, 7% used [0x00000000c0000000,0x00000000c033a4b8,0x00000000c2b00000)
 Metaspace       used 5903K, capacity 6896K, committed 7040K, reserved 1056768K
  class space    used 590K, capacity 616K, committed 640K, reserved 1048576K
}
Event: 5.570 GC heap before
{Heap before GC invocations=3 (full 0):
 PSYoungGen      total 35328K, used 35309K [0x00000000eab00000, 0x00000000ed000000, 0x0000000100000000)
  eden space 32768K, 100% used [0x00000000eab00000,0x00000000ecb00000,0x00000000ecb00000)
  from space 2560K, 99% used [0x00000000ecd80000,0x00000000ecffb488,0x00000000ed000000)
  to   space 2560K, 0% used [0x00000000ecb00000,0x00000000ecb00000,0x00000000ecd80000)
 ParOldGen       total 44032K, used 3305K [0x00000000c0000000, 0x00000000c2b00000, 0x00000000eab00000)
  object space 44032K, 7% used [0x00000000c0000000,0x00000000c033a4b8,0x00000000c2b00000)
 Metaspace       used 6112K, capacity 7088K, committed 7296K, reserved 1056768K
  class space    used 592K, capacity 616K, committed 640K, reserved 1048576K
Event: 5.812 GC heap after
Heap after GC invocations=3 (full 0):
 PSYoungGen      total 35328K, used 2550K [0x00000000eab00000, 0x00000000ed000000, 0x0000000100000000)
  eden space 32768K, 0% used [0x00000000eab00000,0x00000000eab00000,0x00000000ecb00000)
  from space 2560K, 99% used [0x00000000ecb00000,0x00000000ecd7da08,0x00000000ecd80000)
  to   space 2560K, 0% used [0x00000000ecd80000,0x00000000ecd80000,0x00000000ed000000)
 ParOldGen       total 44032K, used 8671K [0x00000000c0000000, 0x00000000c2b00000, 0x00000000eab00000)
  object space 44032K, 19% used [0x00000000c0000000,0x00000000c0877ea0,0x00000000c2b00000)
 Metaspace       used 6112K, capacity 7088K, committed 7296K, reserved 1056768K
  class space    used 592K, capacity 616K, committed 640K, reserved 1048576K
}

Deoptimization events (10 events):
Event: 4.730 Thread 0x0000000007e30800 Uncommon trap: reason=class_check action=maybe_recompile pc=0x000000000f4c3bc4 method=java.util.HashMap.putVal(ILjava/lang/Object;Ljava/lang/Object;ZZ)Ljava/lang/Object; @ 203
Event: 4.730 Thread 0x0000000007e30800 Uncommon trap: reason=bimorphic action=maybe_recompile pc=0x000000000f5464c4 method=java.util.HashMap.getNode(ILjava/lang/Object;)Ljava/util/HashMap$Node; @ 126
Event: 4.730 Thread 0x0000000007e30800 Uncommon trap: reason=bimorphic action=maybe_recompile pc=0x000000000f5464c4 method=java.util.HashMap.getNode(ILjava/lang/Object;)Ljava/util/HashMap$Node; @ 126
Event: 4.735 Thread 0x0000000007e89000 Uncommon trap: reason=unstable_if action=reinterpret pc=0x000000000f5d249c method=com.android.dx.rop.code.RegisterSpec.equals(ILcom/android/dx/rop/type/TypeBearer;Lcom/android/dx/rop/code/LocalItem;)Z @ 42
Event: 4.766 Thread 0x0000000007e30800 Uncommon trap: reason=bimorphic action=maybe_recompile pc=0x000000000f5464c4 method=java.util.HashMap.getNode(ILjava/lang/Object;)Ljava/util/HashMap$Node; @ 126
Event: 4.766 Thread 0x0000000007e30800 Uncommon trap: reason=class_check action=maybe_recompile pc=0x000000000f4c3bc4 method=java.util.HashMap.putVal(ILjava/lang/Object;Ljava/lang/Object;ZZ)Ljava/lang/Object; @ 203
Event: 4.766 Thread 0x0000000007e30800 Uncommon trap: reason=class_check action=maybe_recompile pc=0x000000000f4c3bc4 method=java.util.HashMap.putVal(ILjava/lang/Object;Ljava/lang/Object;ZZ)Ljava/lang/Object; @ 203
Event: 5.822 Thread 0x0000000002c30800 Uncommon trap: reason=bimorphic action=maybe_recompile pc=0x000000000f5c0d6c method=com.android.dx.ssa.LiteralOpUpgrader.tryReplacingWithConstant(Lcom/android/dx/ssa/NormalSsaInsn;)Z @ 52
Event: 5.822 Thread 0x0000000002c30800 Uncommon trap: reason=bimorphic action=maybe_recompile pc=0x000000000f5c0d6c method=com.android.dx.ssa.LiteralOpUpgrader.tryReplacingWithConstant(Lcom/android/dx/ssa/NormalSsaInsn;)Z @ 52
Event: 5.840 Thread 0x0000000007e89000 Uncommon trap: reason=bimorphic action=maybe_recompile pc=0x000000000f5c0d6c method=com.android.dx.ssa.LiteralOpUpgrader.tryReplacingWithConstant(Lcom/android/dx/ssa/NormalSsaInsn;)Z @ 52

Internal exceptions (4 events):
Event: 0.051 Thread 0x0000000002c30800 Exception <a 'java/lang/NoSuchMethodError': Method sun.misc.Unsafe.defineClass(Ljava/lang/String;[BII)Ljava/lang/Class; name or signature does not match> (0x00000000eab07cc0) thrown at [C:\re\workspace\8-2-build-windows-amd64-cygwin\jdk8u101\7261\hotspot\sîƒýNTª?
Event: 0.051 Thread 0x0000000002c30800 Exception <a 'java/lang/NoSuchMethodError': Method sun.misc.Unsafe.prefetchRead(Ljava/lang/Object;J)V name or signature does not match> (0x00000000eab07fa8) thrown at [C:\re\workspace\8-2-build-windows-amd64-cygwin\jdk8u101\7261\hotspot\src\share\vm\prims\Oª|—PŒ@
Event: 3.444 Thread 0x0000000007e30800 Implicit null exception at 0x000000000f4bc762 to 0x000000000f4bc852
Event: 3.951 Thread 0x0000000007e79800 Implicit null exception at 0x000000000f2f9314 to 0x000000000f2fa7c5

Events (10 events):
Event: 5.812 Executing VM operation: ParallelGCFailedAllocation done
Event: 5.822 Thread 0x0000000002c30800 Uncommon trap: trap_request=0xffffffc6 fr.pc=0x000000000f5c0d6c
Event: 5.822 Thread 0x0000000002c30800 DEOPT PACKING pc=0x000000000f5c0d6c sp=0x0000000002c2e3a0
Event: 5.822 Thread 0x0000000002c30800 DEOPT UNPACKING pc=0x000000000f05582a sp=0x0000000002c2e2a8 mode 2
Event: 5.822 Thread 0x0000000002c30800 Uncommon trap: trap_request=0xffffffc6 fr.pc=0x000000000f5c0d6c
Event: 5.822 Thread 0x0000000002c30800 DEOPT PACKING pc=0x000000000f5c0d6c sp=0x0000000002c2e3a0
Event: 5.822 Thread 0x0000000002c30800 DEOPT UNPACKING pc=0x000000000f05582a sp=0x0000000002c2e2a8 mode 2
Event: 5.840 Thread 0x0000000007e89000 Uncommon trap: trap_request=0xffffffc6 fr.pc=0x000000000f5c0d6c
Event: 5.840 Thread 0x0000000007e89000 DEOPT PACKING pc=0x000000000f5c0d6c sp=0x000000000855ee80
Event: 5.840 Thread 0x0000000007e89000 DEOPT UNPACKING pc=0x000000000f05582a sp=0x000000000855ed88 mode 2


Dynamic libraries:
0x00007ff7c0430000 - 0x00007ff7c0467000 	C:\Program Files\Java\jdk1.8.0_101\bin\java.exe
0x00007ffb95ef0000 - 0x00007ffb9609d000 	C:\Windows\SYSTEM32\ntdll.dll
0x00007ffb93f00000 - 0x00007ffb9403e000 	C:\Windows\system32\KERNEL32.DLL
0x00007ffb931c0000 - 0x00007ffb932d5000 	C:\Windows\system32\KERNELBASE.dll
0x00007ffb91b90000 - 0x00007ffb91c1e000 	C:\Windows\system32\apphelp.dll
0x00007ffb81b90000 - 0x00007ffb81be3000 	C:\Windows\AppPatch\AppPatch64\AcGenral.DLL
0x00007ffb93630000 - 0x00007ffb936da000 	C:\Windows\system32\msvcrt.dll
0x00007ffb930e0000 - 0x00007ffb9310e000 	C:\Windows\system32\SspiCli.dll
0x00007ffb95df0000 - 0x00007ffb95e44000 	C:\Windows\system32\SHLWAPI.dll
0x00007ffb93740000 - 0x00007ffb938b7000 	C:\Windows\system32\USER32.dll
0x00007ffb95780000 - 0x00007ffb95914000 	C:\Windows\system32\ole32.dll
0x00007ffb94040000 - 0x00007ffb95568000 	C:\Windows\system32\SHELL32.dll
0x00007ffb92590000 - 0x00007ffb925b1000 	C:\Windows\SYSTEM32\USERENV.dll
0x00007ffb95570000 - 0x00007ffb9561a000 	C:\Windows\system32\ADVAPI32.dll
0x00007ffb8b5f0000 - 0x00007ffb8b60e000 	C:\Windows\SYSTEM32\MPR.dll
0x00007ffb93a20000 - 0x00007ffb93b60000 	C:\Windows\system32\RPCRT4.dll
0x00007ffb95920000 - 0x00007ffb95979000 	C:\Windows\SYSTEM32\sechost.dll
0x00007ffb959e0000 - 0x00007ffb95bf1000 	C:\Windows\SYSTEM32\combase.dll
0x00007ffb95630000 - 0x00007ffb9577f000 	C:\Windows\system32\GDI32.dll
0x00007ffb93010000 - 0x00007ffb93025000 	C:\Windows\SYSTEM32\profapi.dll
0x00007ffb91540000 - 0x00007ffb915f2000 	C:\Windows\SYSTEM32\SHCORE.dll
0x00007ffb95db0000 - 0x00007ffb95de6000 	C:\Windows\system32\IMM32.DLL
0x00007ffb938c0000 - 0x00007ffb93a12000 	C:\Windows\system32\MSCTF.dll
0x00007ffb92f50000 - 0x00007ffb92f81000 	C:\Windows\system32\nvinitx.dll
0x00007ffb92f40000 - 0x00007ffb92f4a000 	C:\Windows\SYSTEM32\VERSION.dll
0x000000000f000000 - 0x000000000f006000 	C:\Program Files\NVIDIA Corporation\CoProcManager\_etoured.dll
0x00007ffb91ca0000 - 0x00007ffb91cd1000 	C:\Program Files\NVIDIA Corporation\CoProcManager\nvd3d9wrapx.dll
0x00007ffb93b60000 - 0x00007ffb93d3a000 	C:\Windows\system32\SETUPAPI.dll
0x00007ffb93170000 - 0x00007ffb931bf000 	C:\Windows\system32\CFGMGR32.dll
0x00007ffb91740000 - 0x00007ffb91762000 	C:\Program Files\NVIDIA Corporation\CoProcManager\nvdxgiwrapx.dll
0x00007ffb910c0000 - 0x00007ffb9133b000 	C:\Windows\WinSxS\amd64_microsoft.windows.common-controls_6595b64144ccf1df_6.0.9600.18006_none_623f33d3ecbe86e8\COMCTL32.dll
0x0000000070860000 - 0x0000000070932000 	C:\Program Files\Java\jdk1.8.0_101\jre\bin\msvcr100.dll
0x0000000070cf0000 - 0x000000007158a000 	C:\Program Files\Java\jdk1.8.0_101\jre\bin\server\jvm.dll
0x00007ffb8d160000 - 0x00007ffb8d169000 	C:\Windows\SYSTEM32\WSOCK32.dll
0x00007ffb90bf0000 - 0x00007ffb90c12000 	C:\Windows\SYSTEM32\WINMM.dll
0x00007ffb95ec0000 - 0x00007ffb95ec7000 	C:\Windows\system32\PSAPI.DLL
0x00007ffb936e0000 - 0x00007ffb9373a000 	C:\Windows\system32\WS2_32.dll
0x00007ffb90bc0000 - 0x00007ffb90bea000 	C:\Windows\SYSTEM32\WINMMBASE.dll
0x00007ffb95620000 - 0x00007ffb95629000 	C:\Windows\system32\NSI.dll
0x00007ffb91de0000 - 0x00007ffb91e08000 	C:\Windows\SYSTEM32\DEVOBJ.dll
0x0000000071890000 - 0x000000007189f000 	C:\Program Files\Java\jdk1.8.0_101\jre\bin\verify.dll
0x0000000070cc0000 - 0x0000000070ce9000 	C:\Program Files\Java\jdk1.8.0_101\jre\bin\java.dll
0x0000000070ca0000 - 0x0000000070cb6000 	C:\Program Files\Java\jdk1.8.0_101\jre\bin\zip.dll

VM Arguments:
jvm_args: -Djava.awt.headless=true -Xmx1024M -Dfile.encoding=windows-1256 -Duser.country=US -Duser.language=en -Duser.variant 
java_command: com.android.dx.command.Main --dex --force-jumbo --num-threads=4 --multi-dex --output E:\Android summer training\Pro\PipTalk\app\build\intermediates\transforms\dex\debug\folders\1000\10\com.android.support-design-24.2.1_81f81298d2db85f13c332e515bee4bcb39e543e7 E:\Android summer training\Pro\PipTalk\app\build\intermediates\exploded-aar\com.android.support\design\24.2.1\jars\classes.jar
java_class_path (initial): E:\BFCI\android SDK\android-sdk-windows\build-tools\24.0.1\lib\dx.jar
Launcher Type: SUN_STANDARD

Environment Variables:
PATH=C:\ProgramData\Oracle\Java\javapath;C:\Windows\system32;C:\Windows;C:\Windows\System32\Wbem;C:\Windows\System32\WindowsPowerShell\v1.0\;C:\Program Files (x86)\Microsoft SQL Server\100\Tools\Binn\;C:\Program Files\Microsoft SQL Server\100\Tools\Binn\;C:\Program Files\Microsoft SQL Server\100\DTS\Binn\;C:\Program Files (x86)\MySQL\MySQL Server 5.0\bin;E:\Installed Programs\runtime\win64;E:\Installed Programs\bin;E:\Installed Programs\polyspace\bin
USERNAME=EL MAGIC
OS=Windows_NT
PROCESSOR_IDENTIFIER=Intel64 Family 6 Model 42 Stepping 7, GenuineIntel



---------------  S Y S T E M  ---------------

OS: Windows 8.1 , 64 bit Build 9600 (6.3.9600.17415)

CPU:total 4 (2 cores per cpu, 2 threads per core) family 6 model 42 stepping 7, cmov, cx8, fxsr, mmx, sse, sse2, sse3, ssse3, sse4.1, sse4.2, popcnt, avx, aes, clmul, ht, tsc, tscinvbit

Memory: 4k page, physical 4098096k(169220k free), swap 7243824k(7060k free)

vm_info: Java HotSpot(TM) 64-Bit Server VM (25.101-b13) for windows-amd64 JRE (1.8.0_101-b13), built on Jun 22 2016 01:21:29 by "java_re" with MS VC++ 10.0 (VS2010)

time: Mon Feb 27 21:54:01 2017
elapsed time: 5 seconds (0d 0h 0m 5s)

