#
# There is insufficient memory for the Java Runtime Environment to continue.
# Native memory allocation (malloc) failed to allocate 1159216 bytes for Chunk::new
# Possible reasons:
#   The system is out of physical RAM or swap space
#   In 32 bit mode, the process size limit was hit
# Possible solutions:
#   Reduce memory load on the system
#   Increase physical memory or swap space
#   Check if swap backing store is full
#   Use 64 bit Java on a 64 bit OS
#   Decrease Java heap size (-Xmx/-Xms)
#   Decrease number of Java threads
#   Decrease Java thread stack sizes (-Xss)
#   Set larger code cache with -XX:ReservedCodeCacheSize=
# This output file may be truncated or incomplete.
#
#  Out of Memory Error (allocation.cpp:390), pid=2932, tid=0x00000000000017ec
#
# JRE version: Java(TM) SE Runtime Environment (8.0_101-b13) (build 1.8.0_101-b13)
# Java VM: Java HotSpot(TM) 64-Bit Server VM (25.101-b13 mixed mode windows-amd64 compressed oops)
# Failed to write core dump. Minidumps are not enabled by default on client versions of Windows
#

---------------  T H R E A D  ---------------

Current thread (0x00000000063f8000):  JavaThread "C2 CompilerThread0" daemon [_thread_in_native, id=6124, stack(0x00000000079e0000,0x0000000007ae0000)]

Stack: [0x00000000079e0000,0x0000000007ae0000]
[error occurred during error reporting (printing stack bounds), id 0xc0000005]

Native frames: (J=compiled Java code, j=interpreted, Vv=VM code, C=native code)


Current CompileTask:
C2:   7468 1840   !   4       com.android.dx.cf.code.RopperMachine::run (1550 bytes)


---------------  P R O C E S S  ---------------

Java Threads: ( => current thread )
  0x0000000007d7e000 JavaThread "pool-1-thread-4" [_thread_blocked, id=6340, stack(0x00000000086e0000,0x00000000087e0000)]
  0x0000000007d7d800 JavaThread "pool-1-thread-3" [_thread_blocked, id=3624, stack(0x00000000085e0000,0x00000000086e0000)]
  0x0000000007d7c800 JavaThread "pool-1-thread-2" [_thread_blocked, id=4904, stack(0x00000000084e0000,0x00000000085e0000)]
  0x0000000007d79000 JavaThread "pool-2-thread-1" [_thread_blocked, id=2796, stack(0x00000000083e0000,0x00000000084e0000)]
  0x0000000007d76800 JavaThread "pool-1-thread-1" [_thread_blocked, id=3924, stack(0x00000000082e0000,0x00000000083e0000)]
  0x0000000007b37800 JavaThread "Service Thread" daemon [_thread_blocked, id=1320, stack(0x00000000080e0000,0x00000000081e0000)]
  0x0000000007b25800 JavaThread "C1 CompilerThread2" daemon [_thread_blocked, id=6944, stack(0x0000000007fe0000,0x00000000080e0000)]
  0x0000000007b23000 JavaThread "C2 CompilerThread1" daemon [_thread_in_native, id=2444, stack(0x0000000007ee0000,0x0000000007fe0000)]
=>0x00000000063f8000 JavaThread "C2 CompilerThread0" daemon [_thread_in_native, id=6124, stack(0x00000000079e0000,0x0000000007ae0000)]
  0x00000000063f6000 JavaThread "Attach Listener" daemon [_thread_blocked, id=2776, stack(0x00000000078e0000,0x00000000079e0000)]
  0x00000000063f5800 JavaThread "Signal Dispatcher" daemon [_thread_blocked, id=5744, stack(0x00000000077e0000,0x00000000078e0000)]
  0x000000000639a800 JavaThread "Finalizer" daemon [_thread_blocked, id=6644, stack(0x0000000007600000,0x0000000007700000)]
  0x0000000002ccf000 JavaThread "Reference Handler" daemon [_thread_blocked, id=6172, stack(0x0000000007500000,0x0000000007600000)]
  0x0000000002be0800 JavaThread "main" [_thread_in_Java, id=4316, stack(0x0000000002ae0000,0x0000000002be0000)]

Other Threads:
  0x0000000006377800 VMThread [stack: 0x0000000007400000,0x0000000007500000] [id=4732]
  0x0000000007b86000 WatcherThread [stack: 0x00000000081e0000,0x00000000082e0000] [id=6460]

VM state:not at safepoint (normal execution)

VM Mutex/Monitor currently owned by a thread: None

Heap:
 PSYoungGen      total 68096K, used 64479K [0x00000000eab00000, 0x00000000ef000000, 0x0000000100000000)
  eden space 65536K, 94% used [0x00000000eab00000,0x00000000ee77bc18,0x00000000eeb00000)
  from space 2560K, 99% used [0x00000000eed80000,0x00000000eeffc008,0x00000000ef000000)
  to   space 2560K, 0% used [0x00000000eeb00000,0x00000000eeb00000,0x00000000eed80000)
 ParOldGen       total 44032K, used 14321K [0x00000000c0000000, 0x00000000c2b00000, 0x00000000eab00000)
  object space 44032K, 32% used [0x00000000c0000000,0x00000000c0dfc788,0x00000000c2b00000)
 Metaspace       used 6353K, capacity 7128K, committed 7424K, reserved 1056768K
  class space    used 622K, capacity 656K, committed 768K, reserved 1048576K

Card table byte_map: [0x00000000030a0000,0x00000000032b0000] byte_map_base: 0x0000000002aa0000

Marking Bits: (ParMarkBitMap*) 0x00000000774aa6d0
 Begin Bits: [0x0000000003810000, 0x0000000004810000)
 End Bits:   [0x0000000004810000, 0x0000000005810000)

Polling page: 0x0000000002a30000

CodeCache: size=245760Kb used=7277Kb max_used=7294Kb free=238482Kb
 bounds [0x000000000f010000, 0x000000000f740000, 0x000000001e010000]
 total_blobs=1961 nmethods=1693 adapters=181
 compilation: enabled

Compilation events (10 events):
Event: 7.101 Thread 0x0000000007b25800 1880       2       java.util.concurrent.locks.AbstractQueuedSynchronizer::compareAndSetState (13 bytes)
Event: 7.101 Thread 0x0000000007b25800 nmethod 1880 0x000000000f726110 code [0x000000000f726260, 0x000000000f7263d0]
Event: 7.138 Thread 0x00000000063f8000 nmethod 1839 0x000000000f729d50 code [0x000000000f72a800, 0x000000000f72c7b0]
Event: 7.138 Thread 0x00000000063f8000 1854       4       java.util.HashMap::putVal (300 bytes)
Event: 7.155 Thread 0x00000000063f8000 nmethod 1854 0x000000000f72eb90 code [0x000000000f72ed60, 0x000000000f72f8e8]
Event: 7.155 Thread 0x00000000063f8000 1863       4       com.android.dx.ssa.SsaBasicBlock::getRopLabelSuccessorList (57 bytes)
Event: 7.168 Thread 0x00000000063f8000 nmethod 1863 0x000000000f730250 code [0x000000000f7303e0, 0x000000000f730af8]
Event: 7.169 Thread 0x00000000063f8000 1859       4       com.android.dx.ssa.SsaMethod::isRegALocal (90 bytes)
Event: 7.243 Thread 0x00000000063f8000 nmethod 1859 0x000000000f734090 code [0x000000000f734360, 0x000000000f735ab0]
Event: 7.243 Thread 0x00000000063f8000 1840   !   4       com.android.dx.cf.code.RopperMachine::run (1550 bytes)

GC Heap History (8 events):
Event: 1.647 GC heap before
{Heap before GC invocations=1 (full 0):
 PSYoungGen      total 18944K, used 16384K [0x00000000eab00000, 0x00000000ec000000, 0x0000000100000000)
  eden space 16384K, 100% used [0x00000000eab00000,0x00000000ebb00000,0x00000000ebb00000)
  from space 2560K, 0% used [0x00000000ebd80000,0x00000000ebd80000,0x00000000ec000000)
  to   space 2560K, 0% used [0x00000000ebb00000,0x00000000ebb00000,0x00000000ebd80000)
 ParOldGen       total 44032K, used 0K [0x00000000c0000000, 0x00000000c2b00000, 0x00000000eab00000)
  object space 44032K, 0% used [0x00000000c0000000,0x00000000c0000000,0x00000000c2b00000)
 Metaspace       used 5808K, capacity 6710K, committed 6784K, reserved 1056768K
  class space    used 599K, capacity 622K, committed 640K, reserved 1048576K
Event: 1.678 GC heap after
Heap after GC invocations=1 (full 0):
 PSYoungGen      total 18944K, used 2529K [0x00000000eab00000, 0x00000000ed000000, 0x0000000100000000)
  eden space 16384K, 0% used [0x00000000eab00000,0x00000000eab00000,0x00000000ebb00000)
  from space 2560K, 98% used [0x00000000ebb00000,0x00000000ebd786a8,0x00000000ebd80000)
  to   space 2560K, 0% used [0x00000000ecd80000,0x00000000ecd80000,0x00000000ed000000)
 ParOldGen       total 44032K, used 1875K [0x00000000c0000000, 0x00000000c2b00000, 0x00000000eab00000)
  object space 44032K, 4% used [0x00000000c0000000,0x00000000c01d4ee8,0x00000000c2b00000)
 Metaspace       used 5808K, capacity 6710K, committed 6784K, reserved 1056768K
  class space    used 599K, capacity 622K, committed 640K, reserved 1048576K
}
Event: 2.080 GC heap before
{Heap before GC invocations=2 (full 0):
 PSYoungGen      total 18944K, used 18913K [0x00000000eab00000, 0x00000000ed000000, 0x0000000100000000)
  eden space 16384K, 100% used [0x00000000eab00000,0x00000000ebb00000,0x00000000ebb00000)
  from space 2560K, 98% used [0x00000000ebb00000,0x00000000ebd786a8,0x00000000ebd80000)
  to   space 2560K, 0% used [0x00000000ecd80000,0x00000000ecd80000,0x00000000ed000000)
 ParOldGen       total 44032K, used 1875K [0x00000000c0000000, 0x00000000c2b00000, 0x00000000eab00000)
  object space 44032K, 4% used [0x00000000c0000000,0x00000000c01d4ee8,0x00000000c2b00000)
 Metaspace       used 6014K, capacity 6902K, committed 7040K, reserved 1056768K
  class space    used 602K, capacity 622K, committed 640K, reserved 1048576K
Event: 2.109 GC heap after
Heap after GC invocations=2 (full 0):
 PSYoungGen      total 35328K, used 2558K [0x00000000eab00000, 0x00000000ed000000, 0x0000000100000000)
  eden space 32768K, 0% used [0x00000000eab00000,0x00000000eab00000,0x00000000ecb00000)
  from space 2560K, 99% used [0x00000000ecd80000,0x00000000ecfff878,0x00000000ed000000)
  to   space 2560K, 0% used [0x00000000ecb00000,0x00000000ecb00000,0x00000000ecd80000)
 ParOldGen       total 44032K, used 5131K [0x00000000c0000000, 0x00000000c2b00000, 0x00000000eab00000)
  object space 44032K, 11% used [0x00000000c0000000,0x00000000c0502e38,0x00000000c2b00000)
 Metaspace       used 6014K, capacity 6902K, committed 7040K, reserved 1056768K
  class space    used 602K, capacity 622K, committed 640K, reserved 1048576K
}
Event: 2.658 GC heap before
{Heap before GC invocations=3 (full 0):
 PSYoungGen      total 35328K, used 35326K [0x00000000eab00000, 0x00000000ed000000, 0x0000000100000000)
  eden space 32768K, 100% used [0x00000000eab00000,0x00000000ecb00000,0x00000000ecb00000)
  from space 2560K, 99% used [0x00000000ecd80000,0x00000000ecfff878,0x00000000ed000000)
  to   space 2560K, 0% used [0x00000000ecb00000,0x00000000ecb00000,0x00000000ecd80000)
 ParOldGen       total 44032K, used 5131K [0x00000000c0000000, 0x00000000c2b00000, 0x00000000eab00000)
  object space 44032K, 11% used [0x00000000c0000000,0x00000000c0502e38,0x00000000c2b00000)
 Metaspace       used 6212K, capacity 7030K, committed 7296K, reserved 1056768K
  class space    used 602K, capacity 622K, committed 640K, reserved 1048576K
Event: 2.924 GC heap after
Heap after GC invocations=3 (full 0):
 PSYoungGen      total 35328K, used 2559K [0x00000000eab00000, 0x00000000ef000000, 0x0000000100000000)
  eden space 32768K, 0% used [0x00000000eab00000,0x00000000eab00000,0x00000000ecb00000)
  from space 2560K, 99% used [0x00000000ecb00000,0x00000000ecd7fff8,0x00000000ecd80000)
  to   space 2560K, 0% used [0x00000000eed80000,0x00000000eed80000,0x00000000ef000000)
 ParOldGen       total 44032K, used 9873K [0x00000000c0000000, 0x00000000c2b00000, 0x00000000eab00000)
  object space 44032K, 22% used [0x00000000c0000000,0x00000000c09a4738,0x00000000c2b00000)
 Metaspace       used 6212K, capacity 7030K, committed 7296K, reserved 1056768K
  class space    used 602K, capacity 622K, committed 640K, reserved 1048576K
}
Event: 3.617 GC heap before
{Heap before GC invocations=4 (full 0):
 PSYoungGen      total 35328K, used 35327K [0x00000000eab00000, 0x00000000ef000000, 0x0000000100000000)
  eden space 32768K, 100% used [0x00000000eab00000,0x00000000ecb00000,0x00000000ecb00000)
  from space 2560K, 99% used [0x00000000ecb00000,0x00000000ecd7fff8,0x00000000ecd80000)
  to   space 2560K, 0% used [0x00000000eed80000,0x00000000eed80000,0x00000000ef000000)
 ParOldGen       total 44032K, used 9873K [0x00000000c0000000, 0x00000000c2b00000, 0x00000000eab00000)
  object space 44032K, 22% used [0x00000000c0000000,0x00000000c09a4738,0x00000000c2b00000)
 Metaspace       used 6339K, capacity 7128K, committed 7424K, reserved 1056768K
  class space    used 622K, capacity 656K, committed 768K, reserved 1048576K
Event: 3.704 GC heap after
Heap after GC invocations=4 (full 0):
 PSYoungGen      total 68096K, used 2544K [0x00000000eab00000, 0x00000000ef000000, 0x0000000100000000)
  eden space 65536K, 0% used [0x00000000eab00000,0x00000000eab00000,0x00000000eeb00000)
  from space 2560K, 99% used [0x00000000eed80000,0x00000000eeffc008,0x00000000ef000000)
  to   space 2560K, 0% used [0x00000000eeb00000,0x00000000eeb00000,0x00000000eed80000)
 ParOldGen       total 44032K, used 14321K [0x00000000c0000000, 0x00000000c2b00000, 0x00000000eab00000)
  object space 44032K, 32% used [0x00000000c0000000,0x00000000c0dfc788,0x00000000c2b00000)
 Metaspace       used 6339K, capacity 7128K, committed 7424K, reserved 1056768K
  class space    used 622K, capacity 656K, committed 768K, reserved 1048576K
}

Deoptimization events (10 events):
Event: 3.176 Thread 0x0000000002be0800 Uncommon trap: reason=unloaded action=reinterpret pc=0x000000000f5d02e8 method=com.android.dx.cf.cst.ConstantPoolParser.parse0(ILjava/util/BitSet;)Lcom/android/dx/rop/cst/Constant; @ 220
Event: 3.539 Thread 0x0000000007d7e000 Uncommon trap: reason=unstable_if action=reinterpret pc=0x000000000f587150 method=com.android.dx.ssa.SCCP.simulateStmt(Lcom/android/dx/ssa/SsaInsn;)V @ 53
Event: 3.707 Thread 0x0000000007d7e000 Uncommon trap: reason=bimorphic action=maybe_recompile pc=0x000000000f5f6778 method=com.android.dx.ssa.SCCP.setLatticeValueTo(IILcom/android/dx/rop/cst/Constant;)Z @ 43
Event: 3.707 Thread 0x0000000007d7e000 Uncommon trap: reason=bimorphic action=maybe_recompile pc=0x000000000f5f6778 method=com.android.dx.ssa.SCCP.setLatticeValueTo(IILcom/android/dx/rop/cst/Constant;)Z @ 43
Event: 3.707 Thread 0x0000000007d7e000 Uncommon trap: reason=bimorphic action=maybe_recompile pc=0x000000000f5f6778 method=com.android.dx.ssa.SCCP.setLatticeValueTo(IILcom/android/dx/rop/cst/Constant;)Z @ 43
Event: 3.707 Thread 0x0000000007d7e000 Uncommon trap: reason=bimorphic action=maybe_recompile pc=0x000000000f5f6778 method=com.android.dx.ssa.SCCP.setLatticeValueTo(IILcom/android/dx/rop/cst/Constant;)Z @ 43
Event: 4.009 Thread 0x0000000007d7d800 Uncommon trap: reason=unstable_if action=reinterpret pc=0x000000000f4b88d4 method=com.android.dx.cf.code.Merger.mergeType(Lcom/android/dx/rop/type/TypeBearer;Lcom/android/dx/rop/type/TypeBearer;)Lcom/android/dx/rop/type/TypeBearer; @ 52
Event: 4.726 Thread 0x0000000007d7d800 Uncommon trap: reason=unstable_if action=reinterpret pc=0x000000000f43fec4 method=java.util.HashMap.putVal(ILjava/lang/Object;Ljava/lang/Object;ZZ)Ljava/lang/Object; @ 162
Event: 4.937 Thread 0x0000000007d7d800 Uncommon trap: reason=unstable_if action=reinterpret pc=0x000000000f686ce4 method=java.util.HashMap.resize()[Ljava/util/HashMap$Node; @ 206
Event: 7.058 Thread 0x0000000002be0800 Uncommon trap: reason=unstable_if action=reinterpret pc=0x000000000f6f70f4 method=com.android.dx.cf.code.Merger.mergeLocals(Lcom/android/dx/cf/code/OneLocalsArray;Lcom/android/dx/cf/code/OneLocalsArray;)Lcom/android/dx/cf/code/OneLocalsArray; @ 2

Internal exceptions (5 events):
Event: 0.194 Thread 0x0000000002be0800 Exception <a 'java/lang/NoSuchMethodError': Method sun.misc.Unsafe.defineClass(Ljava/lang/String;[BII)Ljava/lang/Class; name or signature does not match> (0x00000000eab07cc0) thrown at [C:\re\workspace\8-2-build-windows-amd64-cygwin\jdk8u101\7261\hotspot\sπ‚›ÃŒ»?
Event: 0.194 Thread 0x0000000002be0800 Exception <a 'java/lang/NoSuchMethodError': Method sun.misc.Unsafe.prefetchRead(Ljava/lang/Object;J)V name or signature does not match> (0x00000000eab07fa8) thrown at [C:\re\workspace\8-2-build-windows-amd64-cygwin\jdk8u101\7261\hotspot\src\share\vm\prims\Œ÷
Event: 3.015 Thread 0x0000000007d7c800 Exception <a 'java/lang/ArrayIndexOutOfBoundsException': 18> (0x00000000eb9746a8) thrown at [C:\re\workspace\8-2-build-windows-amd64-cygwin\jdk8u101\7261\hotspot\src\share\vm\interpreter\interpreterRuntime.cpp, line 366]
Event: 3.015 Thread 0x0000000007d7c800 Exception <a 'java/lang/ArrayIndexOutOfBoundsException': 145> (0x00000000eb976228) thrown at [C:\re\workspace\8-2-build-windows-amd64-cygwin\jdk8u101\7261\hotspot\src\share\vm\interpreter\interpreterRuntime.cpp, line 366]
Event: 3.016 Thread 0x0000000007d7c800 Exception <a 'java/lang/ArrayIndexOutOfBoundsException'> (0x00000000eb977510) thrown at [C:\re\workspace\8-2-build-windows-amd64-cygwin\jdk8u101\7261\hotspot\src\share\vm\runtime\sharedRuntime.cpp, line 605]

Events (10 events):
Event: 7.016 Thread 0x0000000002be0800 DEOPT UNPACKING pc=0x000000000f05787f sp=0x0000000002bde1b0 mode 0
Event: 7.018 Thread 0x0000000002be0800 DEOPT PACKING pc=0x000000000f5250b2 sp=0x0000000002bde200
Event: 7.018 Thread 0x0000000002be0800 DEOPT UNPACKING pc=0x000000000f05787f sp=0x0000000002bddfc8 mode 0
Event: 7.038 Thread 0x0000000002be0800 DEOPT PACKING pc=0x000000000f525e45 sp=0x0000000002bde370
Event: 7.038 Thread 0x0000000002be0800 DEOPT UNPACKING pc=0x000000000f05787f sp=0x0000000002bde0a8 mode 0
Event: 7.054 Thread 0x0000000002be0800 DEOPT PACKING pc=0x000000000f395b4d sp=0x0000000002bddf00
Event: 7.054 Thread 0x0000000002be0800 DEOPT UNPACKING pc=0x000000000f05787f sp=0x0000000002bddc70 mode 0
Event: 7.058 Thread 0x0000000002be0800 Uncommon trap: trap_request=0xffffff65 fr.pc=0x000000000f6f70f4
Event: 7.058 Thread 0x0000000002be0800 DEOPT PACKING pc=0x000000000f6f70f4 sp=0x0000000002bdde50
Event: 7.058 Thread 0x0000000002be0800 DEOPT UNPACKING pc=0x000000000f05582a sp=0x0000000002bdde10 mode 2


Dynamic libraries:
0x00007ff7a5fc0000 - 0x00007ff7a5ff7000 	C:\Program Files\Java\jdk1.8.0_101\bin\java.exe
0x00007ff994800000 - 0x00007ff9949ad000 	C:\Windows\SYSTEM32\ntdll.dll
0x00007ff9924c0000 - 0x00007ff9925fe000 	C:\Windows\system32\KERNEL32.DLL
0x00007ff991aa0000 - 0x00007ff991bb5000 	C:\Windows\system32\KERNELBASE.dll
0x00007ff990100000 - 0x00007ff99018e000 	C:\Windows\system32\apphelp.dll
0x00007ff981a70000 - 0x00007ff981ac3000 	C:\Windows\AppPatch\AppPatch64\AcGenral.DLL
0x00007ff991e80000 - 0x00007ff991f2a000 	C:\Windows\system32\msvcrt.dll
0x00007ff991c20000 - 0x00007ff991c4e000 	C:\Windows\system32\SspiCli.dll
0x00007ff992150000 - 0x00007ff9921a4000 	C:\Windows\system32\SHLWAPI.dll
0x00007ff9922e0000 - 0x00007ff992457000 	C:\Windows\system32\USER32.dll
0x00007ff994000000 - 0x00007ff994194000 	C:\Windows\system32\ole32.dll
0x00007ff992710000 - 0x00007ff993c38000 	C:\Windows\system32\SHELL32.dll
0x00007ff990e90000 - 0x00007ff990eb1000 	C:\Windows\SYSTEM32\USERENV.dll
0x00007ff9942d0000 - 0x00007ff99437a000 	C:\Windows\system32\ADVAPI32.dll
0x00007ff984fc0000 - 0x00007ff984fde000 	C:\Windows\SYSTEM32\MPR.dll
0x00007ff994380000 - 0x00007ff9944c0000 	C:\Windows\system32\RPCRT4.dll
0x00007ff9941a0000 - 0x00007ff9941f9000 	C:\Windows\SYSTEM32\sechost.dll
0x00007ff991f30000 - 0x00007ff992142000 	C:\Windows\SYSTEM32\combase.dll
0x00007ff993c50000 - 0x00007ff993d9f000 	C:\Windows\system32\GDI32.dll
0x00007ff991920000 - 0x00007ff991935000 	C:\Windows\SYSTEM32\profapi.dll
0x00007ff990190000 - 0x00007ff990242000 	C:\Windows\SYSTEM32\SHCORE.dll
0x00007ff9926c0000 - 0x00007ff9926f6000 	C:\Windows\system32\IMM32.DLL
0x00007ff9946a0000 - 0x00007ff9947f2000 	C:\Windows\system32\MSCTF.dll
0x00007ff9918d0000 - 0x00007ff991901000 	C:\Windows\system32\nvinitx.dll
0x00007ff9918c0000 - 0x00007ff9918ca000 	C:\Windows\SYSTEM32\VERSION.dll
0x000000000f000000 - 0x000000000f006000 	C:\Program Files\NVIDIA Corporation\CoProcManager\_etoured.dll
0x00007ff98fd30000 - 0x00007ff98fd61000 	C:\Program Files\NVIDIA Corporation\CoProcManager\nvd3d9wrapx.dll
0x00007ff993db0000 - 0x00007ff993f8a000 	C:\Windows\system32\SETUPAPI.dll
0x00007ff991e30000 - 0x00007ff991e7f000 	C:\Windows\system32\CFGMGR32.dll
0x00007ff98fd00000 - 0x00007ff98fd22000 	C:\Program Files\NVIDIA Corporation\CoProcManager\nvdxgiwrapx.dll
0x00007ff98f300000 - 0x00007ff98f57b000 	C:\Windows\WinSxS\amd64_microsoft.windows.common-controls_6595b64144ccf1df_6.0.9600.18006_none_623f33d3ecbe86e8\COMCTL32.dll
0x0000000076670000 - 0x0000000076742000 	C:\Program Files\Java\jdk1.8.0_101\jre\bin\msvcr100.dll
0x0000000076c90000 - 0x000000007752a000 	C:\Program Files\Java\jdk1.8.0_101\jre\bin\server\jvm.dll
0x00007ff978ac0000 - 0x00007ff978ac9000 	C:\Windows\SYSTEM32\WSOCK32.dll
0x00007ff98fa80000 - 0x00007ff98faa2000 	C:\Windows\SYSTEM32\WINMM.dll
0x00007ff993da0000 - 0x00007ff993da7000 	C:\Windows\system32\PSAPI.DLL
0x00007ff992460000 - 0x00007ff9924ba000 	C:\Windows\system32\WS2_32.dll
0x00007ff98efa0000 - 0x00007ff98efca000 	C:\Windows\SYSTEM32\WINMMBASE.dll
0x00007ff993c40000 - 0x00007ff993c49000 	C:\Windows\system32\NSI.dll
0x00007ff9906f0000 - 0x00007ff990718000 	C:\Windows\SYSTEM32\DEVOBJ.dll
0x0000000050150000 - 0x000000005015f000 	C:\Program Files\Java\jdk1.8.0_101\jre\bin\verify.dll
0x0000000050120000 - 0x0000000050149000 	C:\Program Files\Java\jdk1.8.0_101\jre\bin\java.dll
0x0000000050100000 - 0x0000000050116000 	C:\Program Files\Java\jdk1.8.0_101\jre\bin\zip.dll

VM Arguments:
jvm_args: -Djava.awt.headless=true -Xmx1024M -Dfile.encoding=windows-1256 -Duser.country=US -Duser.language=en -Duser.variant 
java_command: com.android.dx.command.Main --dex --num-threads=4 --output E:\Android summer training\Pro\PipTalk\app\build\intermediates\pre-dexed\debug\com.google.firebase-firebase-analytics-impl-10.2.0_ab3b5c2715328995c3b3a2d81b450cbc2fb39e8f.jar E:\Android summer training\Pro\PipTalk\app\build\intermediates\exploded-aar\com.google.firebase\firebase-analytics-impl\10.2.0\jars\classes.jar
java_class_path (initial): E:\BFCI\android SDK\android-sdk-windows\build-tools\24.0.1\lib\dx.jar
Launcher Type: SUN_STANDARD

Environment Variables:
PATH=C:\ProgramData\Oracle\Java\javapath;C:\Windows\system32;C:\Windows;C:\Windows\System32\Wbem;C:\Windows\System32\WindowsPowerShell\v1.0\;C:\Program Files (x86)\Microsoft SQL Server\100\Tools\Binn\;C:\Program Files\Microsoft SQL Server\100\Tools\Binn\;C:\Program Files\Microsoft SQL Server\100\DTS\Binn\;C:\Program Files (x86)\MySQL\MySQL Server 5.0\bin;E:\Installed Programs\runtime\win64;E:\Installed Programs\bin;E:\Installed Programs\polyspace\bin
USERNAME=EL MAGIC
OS=Windows_NT
PROCESSOR_IDENTIFIER=Intel64 Family 6 Model 42 Stepping 7, GenuineIntel



---------------  S Y S T E M  ---------------

OS: Windows 8.1 , 64 bit Build 9600 (6.3.9600.17415)

CPU:total 4 (2 cores per cpu, 2 threads per core) family 6 model 42 stepping 7, cmov, cx8, fxsr, mmx, sse, sse2, sse3, ssse3, sse4.1, sse4.2, popcnt, avx, aes, clmul, ht, tsc, tscinvbit

Memory: 4k page, physical 4098096k(600532k free), swap 5660400k(5292k free)

vm_info: Java HotSpot(TM) 64-Bit Server VM (25.101-b13) for windows-amd64 JRE (1.8.0_101-b13), built on Jun 22 2016 01:21:29 by "java_re" with MS VC++ 10.0 (VS2010)

time: Mon Jun 19 08:59:36 2017
elapsed time: 7 seconds (0d 0h 0m 7s)

