#
# There is insufficient memory for the Java Runtime Environment to continue.
# Native memory allocation (malloc) failed to allocate 123856 bytes for Chunk::new
# Possible reasons:
#   The system is out of physical RAM or swap space
#   In 32 bit mode, the process size limit was hit
# Possible solutions:
#   Reduce memory load on the system
#   Increase physical memory or swap space
#   Check if swap backing store is full
#   Use 64 bit Java on a 64 bit OS
#   Decrease Java heap size (-Xmx/-Xms)
#   Decrease number of Java threads
#   Decrease Java thread stack sizes (-Xss)
#   Set larger code cache with -XX:ReservedCodeCacheSize=
# This output file may be truncated or incomplete.
#
#  Out of Memory Error (allocation.cpp:390), pid=5628, tid=0x0000000000001290
#
# JRE version: Java(TM) SE Runtime Environment (8.0_101-b13) (build 1.8.0_101-b13)
# Java VM: Java HotSpot(TM) 64-Bit Server VM (25.101-b13 mixed mode windows-amd64 compressed oops)
# Failed to write core dump. Minidumps are not enabled by default on client versions of Windows
#

---------------  T H R E A D  ---------------

Current thread (0x0000000005ad9800):  JavaThread "C2 CompilerThread0" daemon [_thread_in_native, id=4752, stack(0x00000000070e0000,0x00000000071e0000)]

Stack: [0x00000000070e0000,0x00000000071e0000]
[error occurred during error reporting (printing stack bounds), id 0xc0000005]

Native frames: (J=compiled Java code, j=interpreted, Vv=VM code, C=native code)


Current CompileTask:
C2:   1513  618       4       java.util.HashMap::get (23 bytes)


---------------  P R O C E S S  ---------------

Java Threads: ( => current thread )
  0x000000000743c800 JavaThread "pool-1-thread-4" [_thread_in_native, id=3692, stack(0x0000000007de0000,0x0000000007ee0000)]
  0x0000000007407800 JavaThread "pool-2-thread-1" [_thread_blocked, id=6256, stack(0x0000000007ae0000,0x0000000007be0000)]
  0x0000000007406800 JavaThread "pool-1-thread-1" [_thread_in_native, id=2268, stack(0x00000000079e0000,0x0000000007ae0000)]
  0x0000000007233000 JavaThread "Service Thread" daemon [_thread_blocked, id=4808, stack(0x00000000077e0000,0x00000000078e0000)]
  0x000000000722a800 JavaThread "C1 CompilerThread2" daemon [_thread_in_native, id=2172, stack(0x00000000076e0000,0x00000000077e0000)]
  0x0000000007224800 JavaThread "C2 CompilerThread1" daemon [_thread_blocked, id=2056, stack(0x00000000075e0000,0x00000000076e0000)]
=>0x0000000005ad9800 JavaThread "C2 CompilerThread0" daemon [_thread_in_native, id=4752, stack(0x00000000070e0000,0x00000000071e0000)]
  0x0000000005ad8000 JavaThread "Attach Listener" daemon [_thread_blocked, id=4644, stack(0x0000000006fe0000,0x00000000070e0000)]
  0x0000000005ad5800 JavaThread "Signal Dispatcher" daemon [_thread_blocked, id=1124, stack(0x0000000006ee0000,0x0000000006fe0000)]
  0x00000000023ba000 JavaThread "Finalizer" daemon [_thread_blocked, id=3084, stack(0x0000000006d00000,0x0000000006e00000)]
  0x0000000005a59000 JavaThread "Reference Handler" daemon [_thread_blocked, id=2572, stack(0x0000000006c00000,0x0000000006d00000)]
  0x00000000022c0800 JavaThread "main" [_thread_blocked, id=3092, stack(0x00000000021c0000,0x00000000022c0000)]

Other Threads:
  0x0000000005a56800 VMThread [stack: 0x0000000006b00000,0x0000000006c00000] [id=1644]
  0x00000000072a6000 WatcherThread [stack: 0x00000000078e0000,0x00000000079e0000] [id=5436]

VM state:not at safepoint (normal execution)

VM Mutex/Monitor currently owned by a thread: None

Heap:
 PSYoungGen      total 18944K, used 6220K [0x00000000eab00000, 0x00000000ec000000, 0x0000000100000000)
  eden space 16384K, 37% used [0x00000000eab00000,0x00000000eb113218,0x00000000ebb00000)
  from space 2560K, 0% used [0x00000000ebb00000,0x00000000ebb00000,0x00000000ebd80000)
  to   space 2560K, 0% used [0x00000000ebd80000,0x00000000ebd80000,0x00000000ec000000)
 ParOldGen       total 31232K, used 1746K [0x00000000c0000000, 0x00000000c1e80000, 0x00000000eab00000)
  object space 31232K, 5% used [0x00000000c0000000,0x00000000c01b4a38,0x00000000c1e80000)
 Metaspace       used 5499K, capacity 6576K, committed 6784K, reserved 1058816K
  class space    used 586K, capacity 616K, committed 640K, reserved 1048576K

Card table byte_map: [0x0000000002780000,0x0000000002990000] byte_map_base: 0x0000000002180000

Marking Bits: (ParMarkBitMap*) 0x000000007150a6d0
 Begin Bits: [0x0000000002ef0000, 0x0000000003ef0000)
 End Bits:   [0x0000000003ef0000, 0x0000000004ef0000)

Polling page: 0x00000000020d0000

CodeCache: size=245760Kb used=2423Kb max_used=2423Kb free=243336Kb
 bounds [0x000000000f010000, 0x000000000f280000, 0x000000001e010000]
 total_blobs=877 nmethods=614 adapters=176
 compilation: enabled

Compilation events (10 events):
Event: 1.505 Thread 0x0000000007224800  622       4       java.util.ArrayList::iterator (10 bytes)
Event: 1.506 Thread 0x0000000007224800 nmethod 622 0x000000000f25f850 code [0x000000000f25f9a0, 0x000000000f25faa8]
Event: 1.507 Thread 0x000000000722a800 nmethod 617 0x000000000f269590 code [0x000000000f269860, 0x000000000f26b408]
Event: 1.507 Thread 0x000000000722a800  612       3       com.android.dx.rop.code.Insn::hashCode (5 bytes)
Event: 1.507 Thread 0x000000000722a800 nmethod 612 0x000000000f2662d0 code [0x000000000f266440, 0x000000000f2665c8]
Event: 1.507 Thread 0x000000000722a800  623       3       com.android.dx.ssa.SsaMethod$2::visitNonMoveInsn (6 bytes)
Event: 1.507 Thread 0x000000000722a800 nmethod 623 0x000000000f265f50 code [0x000000000f2660c0, 0x000000000f266248]
Event: 1.507 Thread 0x000000000722a800  619       3       java.util.Collections$UnmodifiableCollection::<init> (22 bytes)
Event: 1.507 Thread 0x000000000722a800 nmethod 619 0x000000000f265a10 code [0x000000000f265b80, 0x000000000f265e48]
Event: 1.508 Thread 0x000000000722a800  621       3       com.android.dx.ssa.LiteralOpUpgrader$1::visitNonMoveInsn (203 bytes)

GC Heap History (4 events):
Event: 1.113 GC heap before
{Heap before GC invocations=1 (full 0):
 PSYoungGen      total 18944K, used 6335K [0x00000000eab00000, 0x00000000ec000000, 0x0000000100000000)
  eden space 16384K, 38% used [0x00000000eab00000,0x00000000eb12fd90,0x00000000ebb00000)
  from space 2560K, 0% used [0x00000000ebd80000,0x00000000ebd80000,0x00000000ec000000)
  to   space 2560K, 0% used [0x00000000ebb00000,0x00000000ebb00000,0x00000000ebd80000)
 ParOldGen       total 44032K, used 0K [0x00000000c0000000, 0x00000000c2b00000, 0x00000000eab00000)
  object space 44032K, 0% used [0x00000000c0000000,0x00000000c0000000,0x00000000c2b00000)
 Metaspace       used 4421K, capacity 5584K, committed 5760K, reserved 1060864K
  class space    used 491K, capacity 520K, committed 640K, reserved 1048576K
Event: 1.124 GC heap after
Heap after GC invocations=1 (full 0):
 PSYoungGen      total 18944K, used 1910K [0x00000000eab00000, 0x00000000ec000000, 0x0000000100000000)
  eden space 16384K, 0% used [0x00000000eab00000,0x00000000eab00000,0x00000000ebb00000)
  from space 2560K, 74% used [0x00000000ebb00000,0x00000000ebcdda48,0x00000000ebd80000)
  to   space 2560K, 0% used [0x00000000ebd80000,0x00000000ebd80000,0x00000000ec000000)
 ParOldGen       total 44032K, used 8K [0x00000000c0000000, 0x00000000c2b00000, 0x00000000eab00000)
  object space 44032K, 0% used [0x00000000c0000000,0x00000000c0002000,0x00000000c2b00000)
 Metaspace       used 4421K, capacity 5584K, committed 5760K, reserved 1060864K
  class space    used 491K, capacity 520K, committed 640K, reserved 1048576K
}
Event: 1.124 GC heap before
{Heap before GC invocations=2 (full 1):
 PSYoungGen      total 18944K, used 1910K [0x00000000eab00000, 0x00000000ec000000, 0x0000000100000000)
  eden space 16384K, 0% used [0x00000000eab00000,0x00000000eab00000,0x00000000ebb00000)
  from space 2560K, 74% used [0x00000000ebb00000,0x00000000ebcdda48,0x00000000ebd80000)
  to   space 2560K, 0% used [0x00000000ebd80000,0x00000000ebd80000,0x00000000ec000000)
 ParOldGen       total 44032K, used 8K [0x00000000c0000000, 0x00000000c2b00000, 0x00000000eab00000)
  object space 44032K, 0% used [0x00000000c0000000,0x00000000c0002000,0x00000000c2b00000)
 Metaspace       used 4421K, capacity 5584K, committed 5760K, reserved 1060864K
  class space    used 491K, capacity 520K, committed 640K, reserved 1048576K
Event: 1.164 GC heap after
Heap after GC invocations=2 (full 1):
 PSYoungGen      total 18944K, used 0K [0x00000000eab00000, 0x00000000ec000000, 0x0000000100000000)
  eden space 16384K, 0% used [0x00000000eab00000,0x00000000eab00000,0x00000000ebb00000)
  from space 2560K, 0% used [0x00000000ebb00000,0x00000000ebb00000,0x00000000ebd80000)
  to   space 2560K, 0% used [0x00000000ebd80000,0x00000000ebd80000,0x00000000ec000000)
 ParOldGen       total 31232K, used 1746K [0x00000000c0000000, 0x00000000c1e80000, 0x00000000eab00000)
  object space 31232K, 5% used [0x00000000c0000000,0x00000000c01b4a38,0x00000000c1e80000)
 Metaspace       used 4421K, capacity 5584K, committed 5760K, reserved 1058816K
  class space    used 491K, capacity 520K, committed 640K, reserved 1048576K
}

Deoptimization events (1 events):
Event: 1.480 Thread 0x000000000740b000 Uncommon trap: reason=unstable_if action=reinterpret pc=0x000000000f1faeb0 method=java.util.BitSet.nextSetBit(I)I @ 87

Internal exceptions (2 events):
Event: 0.088 Thread 0x00000000022c0800 Exception <a 'java/lang/NoSuchMethodError': Method sun.misc.Unsafe.defineClass(Ljava/lang/String;[BII)Ljava/lang/Class; name or signature does not match> (0x00000000eab07cc0) thrown at [C:\re\workspace\8-2-build-windows-amd64-cygwin\jdk8u101\7261\hotspot\s
Event: 0.089 Thread 0x00000000022c0800 Exception <a 'java/lang/NoSuchMethodError': Method sun.misc.Unsafe.prefetchRead(Ljava/lang/Object;J)V name or signature does not match> (0x00000000eab07fa8) thrown at [C:\re\workspace\8-2-build-windows-amd64-cygwin\jdk8u101\7261\hotspot\src\share\vm\prims\

Events (10 events):
Event: 1.372 loading class com/android/dx/dex/file/MethodAnnotationStruct
Event: 1.372 loading class com/android/dx/dex/file/MethodAnnotationStruct done
Event: 1.429 Thread 0x000000000740a000 Thread exited: 0x000000000740a000
Event: 1.480 Thread 0x000000000740b000 Uncommon trap: trap_request=0xffffff65 fr.pc=0x000000000f1faeb0
Event: 1.480 Thread 0x000000000740b000 DEOPT PACKING pc=0x000000000f1faeb0 sp=0x0000000007dded40
Event: 1.480 Thread 0x000000000740b000 DEOPT UNPACKING pc=0x000000000f05582a sp=0x0000000007ddecd8 mode 2
Event: 1.502 loading class java/util/DualPivotQuicksort
Event: 1.503 loading class java/util/DualPivotQuicksort done
Event: 1.509 Thread 0x000000000740b000 Thread exited: 0x000000000740b000
Event: 1.510 loading class java/util/TreeMap$EntrySet


Dynamic libraries:
0x00007ff7c0430000 - 0x00007ff7c0467000 	C:\Program Files\Java\jdk1.8.0_101\bin\java.exe
0x00007ffb95ef0000 - 0x00007ffb9609d000 	C:\Windows\SYSTEM32\ntdll.dll
0x00007ffb93f00000 - 0x00007ffb9403e000 	C:\Windows\system32\KERNEL32.DLL
0x00007ffb931c0000 - 0x00007ffb932d5000 	C:\Windows\system32\KERNELBASE.dll
0x00007ffb91b90000 - 0x00007ffb91c1e000 	C:\Windows\system32\apphelp.dll
0x00007ffb81b90000 - 0x00007ffb81be3000 	C:\Windows\AppPatch\AppPatch64\AcGenral.DLL
0x00007ffb93630000 - 0x00007ffb936da000 	C:\Windows\system32\msvcrt.dll
0x00007ffb930e0000 - 0x00007ffb9310e000 	C:\Windows\system32\SspiCli.dll
0x00007ffb95df0000 - 0x00007ffb95e44000 	C:\Windows\system32\SHLWAPI.dll
0x00007ffb93740000 - 0x00007ffb938b7000 	C:\Windows\system32\USER32.dll
0x00007ffb95780000 - 0x00007ffb95914000 	C:\Windows\system32\ole32.dll
0x00007ffb94040000 - 0x00007ffb95568000 	C:\Windows\system32\SHELL32.dll
0x00007ffb92590000 - 0x00007ffb925b1000 	C:\Windows\SYSTEM32\USERENV.dll
0x00007ffb95570000 - 0x00007ffb9561a000 	C:\Windows\system32\ADVAPI32.dll
0x00007ffb8b5f0000 - 0x00007ffb8b60e000 	C:\Windows\SYSTEM32\MPR.dll
0x00007ffb93a20000 - 0x00007ffb93b60000 	C:\Windows\system32\RPCRT4.dll
0x00007ffb95920000 - 0x00007ffb95979000 	C:\Windows\SYSTEM32\sechost.dll
0x00007ffb959e0000 - 0x00007ffb95bf1000 	C:\Windows\SYSTEM32\combase.dll
0x00007ffb95630000 - 0x00007ffb9577f000 	C:\Windows\system32\GDI32.dll
0x00007ffb93010000 - 0x00007ffb93025000 	C:\Windows\SYSTEM32\profapi.dll
0x00007ffb91540000 - 0x00007ffb915f2000 	C:\Windows\SYSTEM32\SHCORE.dll
0x00007ffb95db0000 - 0x00007ffb95de6000 	C:\Windows\system32\IMM32.DLL
0x00007ffb938c0000 - 0x00007ffb93a12000 	C:\Windows\system32\MSCTF.dll
0x00007ffb92f50000 - 0x00007ffb92f81000 	C:\Windows\system32\nvinitx.dll
0x00007ffb92f40000 - 0x00007ffb92f4a000 	C:\Windows\SYSTEM32\VERSION.dll
0x000000000f000000 - 0x000000000f006000 	C:\Program Files\NVIDIA Corporation\CoProcManager\_etoured.dll
0x00007ffb91ca0000 - 0x00007ffb91cd1000 	C:\Program Files\NVIDIA Corporation\CoProcManager\nvd3d9wrapx.dll
0x00007ffb93b60000 - 0x00007ffb93d3a000 	C:\Windows\system32\SETUPAPI.dll
0x00007ffb93170000 - 0x00007ffb931bf000 	C:\Windows\system32\CFGMGR32.dll
0x00007ffb91740000 - 0x00007ffb91762000 	C:\Program Files\NVIDIA Corporation\CoProcManager\nvdxgiwrapx.dll
0x00007ffb910c0000 - 0x00007ffb9133b000 	C:\Windows\WinSxS\amd64_microsoft.windows.common-controls_6595b64144ccf1df_6.0.9600.18006_none_623f33d3ecbe86e8\COMCTL32.dll
0x0000000070860000 - 0x0000000070932000 	C:\Program Files\Java\jdk1.8.0_101\jre\bin\msvcr100.dll
0x0000000070cf0000 - 0x000000007158a000 	C:\Program Files\Java\jdk1.8.0_101\jre\bin\server\jvm.dll
0x00007ffb8d160000 - 0x00007ffb8d169000 	C:\Windows\SYSTEM32\WSOCK32.dll
0x00007ffb90bf0000 - 0x00007ffb90c12000 	C:\Windows\SYSTEM32\WINMM.dll
0x00007ffb95ec0000 - 0x00007ffb95ec7000 	C:\Windows\system32\PSAPI.DLL
0x00007ffb936e0000 - 0x00007ffb9373a000 	C:\Windows\system32\WS2_32.dll
0x00007ffb90bc0000 - 0x00007ffb90bea000 	C:\Windows\SYSTEM32\WINMMBASE.dll
0x00007ffb95620000 - 0x00007ffb95629000 	C:\Windows\system32\NSI.dll
0x00007ffb91de0000 - 0x00007ffb91e08000 	C:\Windows\SYSTEM32\DEVOBJ.dll
0x0000000071890000 - 0x000000007189f000 	C:\Program Files\Java\jdk1.8.0_101\jre\bin\verify.dll
0x0000000070cc0000 - 0x0000000070ce9000 	C:\Program Files\Java\jdk1.8.0_101\jre\bin\java.dll
0x0000000070ca0000 - 0x0000000070cb6000 	C:\Program Files\Java\jdk1.8.0_101\jre\bin\zip.dll

VM Arguments:
jvm_args: -Djava.awt.headless=true -Xmx1024M -Dfile.encoding=windows-1256 -Duser.country=US -Duser.language=en -Duser.variant 
java_command: com.android.dx.command.Main --dex --num-threads=4 --output E:\Android summer training\Pro\PipTalk\app\build\intermediates\pre-dexed\debug\internal_impl-24.2.1_96f3a430a3b54c5b5e3dcbcdf69bfd441ef29c41.jar E:\Android summer training\Pro\PipTalk\app\build\intermediates\exploded-aar\com.android.support\support-fragment\24.2.1\jars\libs\internal_impl-24.2.1.jar
java_class_path (initial): E:\BFCI\android SDK\android-sdk-windows\build-tools\24.0.1\lib\dx.jar
Launcher Type: SUN_STANDARD

Environment Variables:
PATH=C:\ProgramData\Oracle\Java\javapath;C:\Windows\system32;C:\Windows;C:\Windows\System32\Wbem;C:\Windows\System32\WindowsPowerShell\v1.0\;C:\Program Files (x86)\Microsoft SQL Server\100\Tools\Binn\;C:\Program Files\Microsoft SQL Server\100\Tools\Binn\;C:\Program Files\Microsoft SQL Server\100\DTS\Binn\;C:\Program Files (x86)\MySQL\MySQL Server 5.0\bin;E:\Installed Programs\runtime\win64;E:\Installed Programs\bin;E:\Installed Programs\polyspace\bin
USERNAME=EL MAGIC
OS=Windows_NT
PROCESSOR_IDENTIFIER=Intel64 Family 6 Model 42 Stepping 7, GenuineIntel



---------------  S Y S T E M  ---------------

OS: Windows 8.1 , 64 bit Build 9600 (6.3.9600.17415)

CPU:total 4 (2 cores per cpu, 2 threads per core) family 6 model 42 stepping 7, cmov, cx8, fxsr, mmx, sse, sse2, sse3, ssse3, sse4.1, sse4.2, popcnt, avx, aes, clmul, ht, tsc, tscinvbit

Memory: 4k page, physical 4098096k(269356k free), swap 7243824k(4992k free)

vm_info: Java HotSpot(TM) 64-Bit Server VM (25.101-b13) for windows-amd64 JRE (1.8.0_101-b13), built on Jun 22 2016 01:21:29 by "java_re" with MS VC++ 10.0 (VS2010)

time: Tue Feb 28 01:11:42 2017
elapsed time: 1 seconds (0d 0h 0m 1s)

