#
# There is insufficient memory for the Java Runtime Environment to continue.
# Native memory allocation (malloc) failed to allocate 848416 bytes for Chunk::new
# Possible reasons:
#   The system is out of physical RAM or swap space
#   In 32 bit mode, the process size limit was hit
# Possible solutions:
#   Reduce memory load on the system
#   Increase physical memory or swap space
#   Check if swap backing store is full
#   Use 64 bit Java on a 64 bit OS
#   Decrease Java heap size (-Xmx/-Xms)
#   Decrease number of Java threads
#   Decrease Java thread stack sizes (-Xss)
#   Set larger code cache with -XX:ReservedCodeCacheSize=
# This output file may be truncated or incomplete.
#
#  Out of Memory Error (allocation.cpp:390), pid=7084, tid=0x0000000000000544
#
# JRE version: Java(TM) SE Runtime Environment (8.0_101-b13) (build 1.8.0_101-b13)
# Java VM: Java HotSpot(TM) 64-Bit Server VM (25.101-b13 mixed mode windows-amd64 compressed oops)
# Failed to write core dump. Minidumps are not enabled by default on client versions of Windows
#

---------------  T H R E A D  ---------------

Current thread (0x0000000007733000):  JavaThread "C2 CompilerThread1" daemon [_thread_in_native, id=1348, stack(0x0000000007af0000,0x0000000007bf0000)]

Stack: [0x0000000007af0000,0x0000000007bf0000]
[error occurred during error reporting (printing stack bounds), id 0xc0000005]

Native frames: (J=compiled Java code, j=interpreted, Vv=VM code, C=native code)


Current CompileTask:
C2:  25238 2151   !   4       com.android.dx.cf.code.BytecodeArray::parseInstruction (2764 bytes)


---------------  P R O C E S S  ---------------

Java Threads: ( => current thread )
  0x00000000079ba000 JavaThread "pool-1-thread-1" [_thread_in_native, id=2596, stack(0x0000000007ef0000,0x0000000007ff0000)]
  0x0000000007740000 JavaThread "Service Thread" daemon [_thread_blocked, id=528, stack(0x0000000007cf0000,0x0000000007df0000)]
  0x0000000007739000 JavaThread "C1 CompilerThread2" daemon [_thread_blocked, id=6436, stack(0x0000000007bf0000,0x0000000007cf0000)]
=>0x0000000007733000 JavaThread "C2 CompilerThread1" daemon [_thread_in_native, id=1348, stack(0x0000000007af0000,0x0000000007bf0000)]
  0x0000000005fd8000 JavaThread "C2 CompilerThread0" daemon [_thread_in_native, id=2876, stack(0x00000000075f0000,0x00000000076f0000)]
  0x0000000005fd6000 JavaThread "Attach Listener" daemon [_thread_blocked, id=5804, stack(0x00000000074f0000,0x00000000075f0000)]
  0x0000000005fd5800 JavaThread "Signal Dispatcher" daemon [_thread_blocked, id=5508, stack(0x00000000073f0000,0x00000000074f0000)]
  0x0000000005f7a000 JavaThread "Finalizer" daemon [_thread_blocked, id=5892, stack(0x00000000071f0000,0x00000000072f0000)]
  0x0000000005f59000 JavaThread "Reference Handler" daemon [_thread_blocked, id=4032, stack(0x00000000070f0000,0x00000000071f0000)]
  0x00000000027c0800 JavaThread "main" [_thread_blocked, id=5348, stack(0x00000000026c0000,0x00000000027c0000)]

Other Threads:
  0x0000000005f56800 VMThread [stack: 0x0000000006ff0000,0x00000000070f0000] [id=6012]
  0x0000000007756800 WatcherThread [stack: 0x0000000007df0000,0x0000000007ef0000] [id=856]

VM state:not at safepoint (normal execution)

VM Mutex/Monitor currently owned by a thread: None

Heap:
 PSYoungGen      total 139264K, used 23118K [0x00000000eab00000, 0x00000000f5100000, 0x0000000100000000)
  eden space 123904K, 6% used [0x00000000eab00000,0x00000000eb299768,0x00000000f2400000)
  from space 15360K, 99% used [0x00000000f3800000,0x00000000f46fa428,0x00000000f4700000)
  to   space 20480K, 0% used [0x00000000f2400000,0x00000000f2400000,0x00000000f3800000)
 ParOldGen       total 44032K, used 26660K [0x00000000c0000000, 0x00000000c2b00000, 0x00000000eab00000)
  object space 44032K, 60% used [0x00000000c0000000,0x00000000c1a09280,0x00000000c2b00000)
 Metaspace       used 6465K, capacity 7160K, committed 7296K, reserved 1056768K
  class space    used 606K, capacity 624K, committed 640K, reserved 1048576K

Card table byte_map: [0x0000000002c80000,0x0000000002e90000] byte_map_base: 0x0000000002680000

Marking Bits: (ParMarkBitMap*) 0x000000007150a6d0
 Begin Bits: [0x00000000033f0000, 0x00000000043f0000)
 End Bits:   [0x00000000043f0000, 0x00000000053f0000)

Polling page: 0x0000000000b40000

CodeCache: size=245760Kb used=9800Kb max_used=9800Kb free=235959Kb
 bounds [0x000000000f010000, 0x000000000f9b0000, 0x000000001e010000]
 total_blobs=2404 nmethods=2134 adapters=182
 compilation: enabled

Compilation events (10 events):
Event: 24.126 Thread 0x0000000007739000 2160       2       java.util.concurrent.locks.AbstractQueuedSynchronizer::enq (58 bytes)
Event: 24.126 Thread 0x0000000007739000 nmethod 2160 0x000000000f98e790 code [0x000000000f98e900, 0x000000000f98ebf0]
Event: 24.139 Thread 0x0000000007739000 2162       2       java.util.concurrent.locks.AbstractQueuedSynchronizer$ConditionObject::await (98 bytes)
Event: 24.140 Thread 0x0000000007739000 nmethod 2162 0x000000000f98d810 code [0x000000000f98da20, 0x000000000f98e0e8]
Event: 24.489 Thread 0x0000000007739000 2163       2       com.android.dx.cf.code.SwitchList::getTarget (9 bytes)
Event: 24.489 Thread 0x0000000007739000 nmethod 2163 0x000000000f994410 code [0x000000000f994580, 0x000000000f9946e8]
Event: 24.516 Thread 0x0000000007739000 2164       2       com.android.dx.dex.code.RopTranslator$TranslationVisitor::addOutputSuffix (9 bytes)
Event: 24.516 Thread 0x0000000007739000 nmethod 2164 0x000000000f993dd0 code [0x000000000f993f40, 0x000000000f9941c8]
Event: 24.517 Thread 0x0000000007739000 2165       2       com.android.dx.dex.code.OutputCollector::addSuffix (10 bytes)
Event: 24.517 Thread 0x0000000007739000 nmethod 2165 0x000000000f993790 code [0x000000000f993900, 0x000000000f993b88]

GC Heap History (10 events):
Event: 6.737 GC heap before
{Heap before GC invocations=4 (full 0):
 PSYoungGen      total 18944K, used 18912K [0x00000000eab00000, 0x00000000ed000000, 0x0000000100000000)
  eden space 16384K, 100% used [0x00000000eab00000,0x00000000ebb00000,0x00000000ebb00000)
  from space 2560K, 98% used [0x00000000ebb00000,0x00000000ebd78028,0x00000000ebd80000)
  to   space 2560K, 0% used [0x00000000ecd80000,0x00000000ecd80000,0x00000000ed000000)
 ParOldGen       total 44032K, used 4679K [0x00000000c0000000, 0x00000000c2b00000, 0x00000000eab00000)
  object space 44032K, 10% used [0x00000000c0000000,0x00000000c0491c00,0x00000000c2b00000)
 Metaspace       used 6236K, capacity 7030K, committed 7296K, reserved 1056768K
  class space    used 601K, capacity 622K, committed 640K, reserved 1048576K
Event: 6.898 GC heap after
Heap after GC invocations=4 (full 0):
 PSYoungGen      total 35328K, used 2546K [0x00000000eab00000, 0x00000000ed000000, 0x0000000100000000)
  eden space 32768K, 0% used [0x00000000eab00000,0x00000000eab00000,0x00000000ecb00000)
  from space 2560K, 99% used [0x00000000ecd80000,0x00000000ecffca00,0x00000000ed000000)
  to   space 2560K, 0% used [0x00000000ecb00000,0x00000000ecb00000,0x00000000ecd80000)
 ParOldGen       total 44032K, used 7257K [0x00000000c0000000, 0x00000000c2b00000, 0x00000000eab00000)
  object space 44032K, 16% used [0x00000000c0000000,0x00000000c0716420,0x00000000c2b00000)
 Metaspace       used 6236K, capacity 7030K, committed 7296K, reserved 1056768K
  class space    used 601K, capacity 622K, committed 640K, reserved 1048576K
}
Event: 11.004 GC heap before
{Heap before GC invocations=5 (full 0):
 PSYoungGen      total 35328K, used 35314K [0x00000000eab00000, 0x00000000ed000000, 0x0000000100000000)
  eden space 32768K, 100% used [0x00000000eab00000,0x00000000ecb00000,0x00000000ecb00000)
  from space 2560K, 99% used [0x00000000ecd80000,0x00000000ecffca00,0x00000000ed000000)
  to   space 2560K, 0% used [0x00000000ecb00000,0x00000000ecb00000,0x00000000ecd80000)
 ParOldGen       total 44032K, used 7257K [0x00000000c0000000, 0x00000000c2b00000, 0x00000000eab00000)
  object space 44032K, 16% used [0x00000000c0000000,0x00000000c0716420,0x00000000c2b00000)
 Metaspace       used 6318K, capacity 7094K, committed 7296K, reserved 1056768K
  class space    used 604K, capacity 622K, committed 640K, reserved 1048576K
Event: 11.445 GC heap after
Heap after GC invocations=5 (full 0):
 PSYoungGen      total 35328K, used 2546K [0x00000000eab00000, 0x00000000efc00000, 0x0000000100000000)
  eden space 32768K, 0% used [0x00000000eab00000,0x00000000eab00000,0x00000000ecb00000)
  from space 2560K, 99% used [0x00000000ecb00000,0x00000000ecd7ca00,0x00000000ecd80000)
  to   space 8704K, 0% used [0x00000000ef380000,0x00000000ef380000,0x00000000efc00000)
 ParOldGen       total 44032K, used 12729K [0x00000000c0000000, 0x00000000c2b00000, 0x00000000eab00000)
  object space 44032K, 28% used [0x00000000c0000000,0x00000000c0c6e480,0x00000000c2b00000)
 Metaspace       used 6318K, capacity 7094K, committed 7296K, reserved 1056768K
  class space    used 604K, capacity 622K, committed 640K, reserved 1048576K
}
Event: 13.227 GC heap before
{Heap before GC invocations=6 (full 0):
 PSYoungGen      total 35328K, used 35314K [0x00000000eab00000, 0x00000000efc00000, 0x0000000100000000)
  eden space 32768K, 100% used [0x00000000eab00000,0x00000000ecb00000,0x00000000ecb00000)
  from space 2560K, 99% used [0x00000000ecb00000,0x00000000ecd7ca00,0x00000000ecd80000)
  to   space 8704K, 0% used [0x00000000ef380000,0x00000000ef380000,0x00000000efc00000)
 ParOldGen       total 44032K, used 12729K [0x00000000c0000000, 0x00000000c2b00000, 0x00000000eab00000)
  object space 44032K, 28% used [0x00000000c0000000,0x00000000c0c6e480,0x00000000c2b00000)
 Metaspace       used 6370K, capacity 7094K, committed 7296K, reserved 1056768K
  class space    used 604K, capacity 622K, committed 640K, reserved 1048576K
Event: 14.635 GC heap after
Heap after GC invocations=6 (full 0):
 PSYoungGen      total 73216K, used 7921K [0x00000000eab00000, 0x00000000efe00000, 0x0000000100000000)
  eden space 64512K, 0% used [0x00000000eab00000,0x00000000eab00000,0x00000000eea00000)
  from space 8704K, 91% used [0x00000000ef380000,0x00000000efb3c570,0x00000000efc00000)
  to   space 9728K, 0% used [0x00000000eea00000,0x00000000eea00000,0x00000000ef380000)
 ParOldGen       total 44032K, used 12729K [0x00000000c0000000, 0x00000000c2b00000, 0x00000000eab00000)
  object space 44032K, 28% used [0x00000000c0000000,0x00000000c0c6e480,0x00000000c2b00000)
 Metaspace       used 6370K, capacity 7094K, committed 7296K, reserved 1056768K
  class space    used 604K, capacity 622K, committed 640K, reserved 1048576K
}
Event: 19.777 GC heap before
{Heap before GC invocations=7 (full 0):
 PSYoungGen      total 73216K, used 72433K [0x00000000eab00000, 0x00000000efe00000, 0x0000000100000000)
  eden space 64512K, 100% used [0x00000000eab00000,0x00000000eea00000,0x00000000eea00000)
  from space 8704K, 91% used [0x00000000ef380000,0x00000000efb3c570,0x00000000efc00000)
  to   space 9728K, 0% used [0x00000000eea00000,0x00000000eea00000,0x00000000ef380000)
 ParOldGen       total 44032K, used 12729K [0x00000000c0000000, 0x00000000c2b00000, 0x00000000eab00000)
  object space 44032K, 28% used [0x00000000c0000000,0x00000000c0c6e480,0x00000000c2b00000)
 Metaspace       used 6432K, capacity 7158K, committed 7296K, reserved 1056768K
  class space    used 604K, capacity 622K, committed 640K, reserved 1048576K
Event: 22.940 GC heap after
Heap after GC invocations=7 (full 0):
 PSYoungGen      total 74240K, used 9723K [0x00000000eab00000, 0x00000000f4700000, 0x0000000100000000)
  eden space 64512K, 0% used [0x00000000eab00000,0x00000000eab00000,0x00000000eea00000)
  from space 9728K, 99% used [0x00000000eea00000,0x00000000ef37efd0,0x00000000ef380000)
  to   space 15360K, 0% used [0x00000000f3800000,0x00000000f3800000,0x00000000f4700000)
 ParOldGen       total 44032K, used 21252K [0x00000000c0000000, 0x00000000c2b00000, 0x00000000eab00000)
  object space 44032K, 48% used [0x00000000c0000000,0x00000000c14c13f8,0x00000000c2b00000)
 Metaspace       used 6432K, capacity 7158K, committed 7296K, reserved 1056768K
  class space    used 604K, capacity 622K, committed 640K, reserved 1048576K
}
Event: 24.144 GC heap before
{Heap before GC invocations=8 (full 0):
 PSYoungGen      total 74240K, used 74235K [0x00000000eab00000, 0x00000000f4700000, 0x0000000100000000)
  eden space 64512K, 100% used [0x00000000eab00000,0x00000000eea00000,0x00000000eea00000)
  from space 9728K, 99% used [0x00000000eea00000,0x00000000ef37efd0,0x00000000ef380000)
  to   space 15360K, 0% used [0x00000000f3800000,0x00000000f3800000,0x00000000f4700000)
 ParOldGen       total 44032K, used 21252K [0x00000000c0000000, 0x00000000c2b00000, 0x00000000eab00000)
  object space 44032K, 48% used [0x00000000c0000000,0x00000000c14c13f8,0x00000000c2b00000)
 Metaspace       used 6452K, capacity 7158K, committed 7296K, reserved 1056768K
  class space    used 604K, capacity 622K, committed 640K, reserved 1048576K
Event: 24.414 GC heap after
Heap after GC invocations=8 (full 0):
 PSYoungGen      total 139264K, used 15337K [0x00000000eab00000, 0x00000000f5100000, 0x0000000100000000)
  eden space 123904K, 0% used [0x00000000eab00000,0x00000000eab00000,0x00000000f2400000)
  from space 15360K, 99% used [0x00000000f3800000,0x00000000f46fa428,0x00000000f4700000)
  to   space 20480K, 0% used [0x00000000f2400000,0x00000000f2400000,0x00000000f3800000)
 ParOldGen       total 44032K, used 26660K [0x00000000c0000000, 0x00000000c2b00000, 0x00000000eab00000)
  object space 44032K, 60% used [0x00000000c0000000,0x00000000c1a09280,0x00000000c2b00000)
 Metaspace       used 6452K, capacity 7158K, committed 7296K, reserved 1056768K
  class space    used 604K, capacity 622K, committed 640K, reserved 1048576K
}

Deoptimization events (10 events):
Event: 11.773 Thread 0x0000000007987800 Uncommon trap: reason=unstable_if action=reinterpret pc=0x000000000f800e1c method=com.android.dx.cf.code.BaseMachine.popArgs(Lcom/android/dx/cf/code/Frame;I)V @ 15
Event: 14.713 Thread 0x0000000007988800 Uncommon trap: reason=unstable_if action=reinterpret pc=0x000000000f625174 method=com.android.dx.ssa.SsaBasicBlock.scheduleMovesFromPhis()V @ 63
Event: 14.914 Thread 0x0000000007983800 Uncommon trap: reason=unstable_if action=reinterpret pc=0x000000000f837d64 method=com.android.dx.cf.code.Ropper.addOrReplaceBlock(Lcom/android/dx/rop/code/BasicBlock;Lcom/android/dx/util/IntList;)Z @ 24
Event: 23.719 Thread 0x0000000007987800 Uncommon trap: reason=unstable_if action=reinterpret pc=0x000000000f8ca4ec method=com.android.dx.dex.code.RopTranslator.pickOrder()V @ 130
Event: 23.787 Thread 0x0000000007987800 Uncommon trap: reason=unstable_if action=reinterpret pc=0x000000000f8abbdc method=com.android.dx.ssa.back.IdenticalBlockCombiner.replaceSucc(Lcom/android/dx/rop/code/BasicBlock;II)V @ 30
Event: 23.921 Thread 0x0000000007983800 Uncommon trap: reason=bimorphic action=maybe_recompile pc=0x000000000f891364 method=com.android.dx.cf.code.BytecodeArray.parseInstruction(ILcom/android/dx/cf/code/BytecodeArray$Visitor;)I @ 907
Event: 23.921 Thread 0x0000000007983800 Uncommon trap: reason=bimorphic action=maybe_recompile pc=0x000000000f891364 method=com.android.dx.cf.code.BytecodeArray.parseInstruction(ILcom/android/dx/cf/code/BytecodeArray$Visitor;)I @ 907
Event: 23.923 Thread 0x0000000007983800 Uncommon trap: reason=bimorphic action=maybe_recompile pc=0x000000000f890ba4 method=com.android.dx.cf.code.BytecodeArray.parseInstruction(ILcom/android/dx/cf/code/BytecodeArray$Visitor;)I @ 1501
Event: 23.923 Thread 0x0000000007983800 Uncommon trap: reason=bimorphic action=maybe_recompile pc=0x000000000f890ba4 method=com.android.dx.cf.code.BytecodeArray.parseInstruction(ILcom/android/dx/cf/code/BytecodeArray$Visitor;)I @ 1501
Event: 24.087 Thread 0x0000000007987800 Uncommon trap: reason=bimorphic action=maybe_recompile pc=0x000000000f5b3d68 method=com.android.dx.ssa.LiteralOpUpgrader.tryReplacingWithConstant(Lcom/android/dx/ssa/NormalSsaInsn;)Z @ 62

Internal exceptions (2 events):
Event: 0.058 Thread 0x00000000027c0800 Exception <a 'java/lang/NoSuchMethodError': Method sun.misc.Unsafe.defineClass(Ljava/lang/String;[BII)Ljava/lang/Class; name or signature does not match> (0x00000000eab07cc0) thrown at [C:\re\workspace\8-2-build-windows-amd64-cygwin\jdk8u101\7261\hotspot\sËÛªD.Ò­?
Event: 0.058 Thread 0x00000000027c0800 Exception <a 'java/lang/NoSuchMethodError': Method sun.misc.Unsafe.prefetchRead(Ljava/lang/Object;J)V name or signature does not match> (0x00000000eab07fa8) thrown at [C:\re\workspace\8-2-build-windows-amd64-cygwin\jdk8u101\7261\hotspot\src\share\vm\prims\

Events (10 events):
Event: 24.522 loading class java/util/HashMap$KeyIterator done
Event: 24.524 Thread 0x00000000079b7000 Thread exited: 0x00000000079b7000
Event: 24.524 Thread 0x0000000007983800 Thread exited: 0x0000000007983800
Event: 24.524 Thread 0x0000000007987800 Thread exited: 0x0000000007987800
Event: 24.530 Thread 0x0000000007988800 Thread exited: 0x0000000007988800
Event: 24.530 Thread 0x00000000079ba000 Thread exited: 0x00000000079ba000
Event: 24.531 loading class com/android/dx/command/dexer/Main$DexWriter
Event: 24.531 loading class com/android/dx/command/dexer/Main$DexWriter done
Event: 24.532 Thread 0x00000000079ba000 Thread added: 0x00000000079ba000
Event: 24.556 loading class java/util/TreeMap$KeySet


Dynamic libraries:
0x00007ff7c0430000 - 0x00007ff7c0467000 	C:\Program Files\Java\jdk1.8.0_101\bin\java.exe
0x00007ffb95ef0000 - 0x00007ffb9609d000 	C:\Windows\SYSTEM32\ntdll.dll
0x00007ffb93f00000 - 0x00007ffb9403e000 	C:\Windows\system32\KERNEL32.DLL
0x00007ffb931c0000 - 0x00007ffb932d5000 	C:\Windows\system32\KERNELBASE.dll
0x00007ffb91b90000 - 0x00007ffb91c1e000 	C:\Windows\system32\apphelp.dll
0x00007ffb81b90000 - 0x00007ffb81be3000 	C:\Windows\AppPatch\AppPatch64\AcGenral.DLL
0x00007ffb93630000 - 0x00007ffb936da000 	C:\Windows\system32\msvcrt.dll
0x00007ffb930e0000 - 0x00007ffb9310e000 	C:\Windows\system32\SspiCli.dll
0x00007ffb95df0000 - 0x00007ffb95e44000 	C:\Windows\system32\SHLWAPI.dll
0x00007ffb93740000 - 0x00007ffb938b7000 	C:\Windows\system32\USER32.dll
0x00007ffb95780000 - 0x00007ffb95914000 	C:\Windows\system32\ole32.dll
0x00007ffb94040000 - 0x00007ffb95568000 	C:\Windows\system32\SHELL32.dll
0x00007ffb92590000 - 0x00007ffb925b1000 	C:\Windows\SYSTEM32\USERENV.dll
0x00007ffb95570000 - 0x00007ffb9561a000 	C:\Windows\system32\ADVAPI32.dll
0x00007ffb8b5f0000 - 0x00007ffb8b60e000 	C:\Windows\SYSTEM32\MPR.dll
0x00007ffb93a20000 - 0x00007ffb93b60000 	C:\Windows\system32\RPCRT4.dll
0x00007ffb95920000 - 0x00007ffb95979000 	C:\Windows\SYSTEM32\sechost.dll
0x00007ffb959e0000 - 0x00007ffb95bf1000 	C:\Windows\SYSTEM32\combase.dll
0x00007ffb95630000 - 0x00007ffb9577f000 	C:\Windows\system32\GDI32.dll
0x00007ffb93010000 - 0x00007ffb93025000 	C:\Windows\SYSTEM32\profapi.dll
0x00007ffb91540000 - 0x00007ffb915f2000 	C:\Windows\SYSTEM32\SHCORE.dll
0x00007ffb95db0000 - 0x00007ffb95de6000 	C:\Windows\system32\IMM32.DLL
0x00007ffb938c0000 - 0x00007ffb93a12000 	C:\Windows\system32\MSCTF.dll
0x00007ffb92f50000 - 0x00007ffb92f81000 	C:\Windows\system32\nvinitx.dll
0x00007ffb92f40000 - 0x00007ffb92f4a000 	C:\Windows\SYSTEM32\VERSION.dll
0x000000000f000000 - 0x000000000f006000 	C:\Program Files\NVIDIA Corporation\CoProcManager\_etoured.dll
0x00007ffb91ca0000 - 0x00007ffb91cd1000 	C:\Program Files\NVIDIA Corporation\CoProcManager\nvd3d9wrapx.dll
0x00007ffb93b60000 - 0x00007ffb93d3a000 	C:\Windows\system32\SETUPAPI.dll
0x00007ffb93170000 - 0x00007ffb931bf000 	C:\Windows\system32\CFGMGR32.dll
0x00007ffb91740000 - 0x00007ffb91762000 	C:\Program Files\NVIDIA Corporation\CoProcManager\nvdxgiwrapx.dll
0x00007ffb910c0000 - 0x00007ffb9133b000 	C:\Windows\WinSxS\amd64_microsoft.windows.common-controls_6595b64144ccf1df_6.0.9600.18006_none_623f33d3ecbe86e8\COMCTL32.dll
0x0000000070860000 - 0x0000000070932000 	C:\Program Files\Java\jdk1.8.0_101\jre\bin\msvcr100.dll
0x0000000070cf0000 - 0x000000007158a000 	C:\Program Files\Java\jdk1.8.0_101\jre\bin\server\jvm.dll
0x00007ffb8d160000 - 0x00007ffb8d169000 	C:\Windows\SYSTEM32\WSOCK32.dll
0x00007ffb90bf0000 - 0x00007ffb90c12000 	C:\Windows\SYSTEM32\WINMM.dll
0x00007ffb95ec0000 - 0x00007ffb95ec7000 	C:\Windows\system32\PSAPI.DLL
0x00007ffb936e0000 - 0x00007ffb9373a000 	C:\Windows\system32\WS2_32.dll
0x00007ffb90bc0000 - 0x00007ffb90bea000 	C:\Windows\SYSTEM32\WINMMBASE.dll
0x00007ffb95620000 - 0x00007ffb95629000 	C:\Windows\system32\NSI.dll
0x00007ffb91de0000 - 0x00007ffb91e08000 	C:\Windows\SYSTEM32\DEVOBJ.dll
0x0000000071890000 - 0x000000007189f000 	C:\Program Files\Java\jdk1.8.0_101\jre\bin\verify.dll
0x0000000070cc0000 - 0x0000000070ce9000 	C:\Program Files\Java\jdk1.8.0_101\jre\bin\java.dll
0x0000000070ca0000 - 0x0000000070cb6000 	C:\Program Files\Java\jdk1.8.0_101\jre\bin\zip.dll

VM Arguments:
jvm_args: -Djava.awt.headless=true -Xmx1024M -Dfile.encoding=windows-1256 -Duser.country=US -Duser.language=en -Duser.variant 
java_command: com.android.dx.command.Main --dex --force-jumbo --num-threads=4 --multi-dex --output E:\Android summer training\Pro\PipTalk\app\build\intermediates\transforms\dex\debug\folders\1000\10\smack-extensions-4.2.0-beta2_24f40b785d784f31fd58e59d6ad4d165df8cbcfc C:\Users\EL MAGIC\.gradle\caches\modules-2\files-2.1\org.igniterealtime.smack\smack-extensions\4.2.0-beta2\7789e55ec62f9b4df4aba5390af7fd1e5cb6b573\smack-extensions-4.2.0-beta2.jar
java_class_path (initial): E:\BFCI\android SDK\android-sdk-windows\build-tools\24.0.1\lib\dx.jar
Launcher Type: SUN_STANDARD

Environment Variables:
PATH=C:\ProgramData\Oracle\Java\javapath;C:\Windows\system32;C:\Windows;C:\Windows\System32\Wbem;C:\Windows\System32\WindowsPowerShell\v1.0\;C:\Program Files (x86)\Microsoft SQL Server\100\Tools\Binn\;C:\Program Files\Microsoft SQL Server\100\Tools\Binn\;C:\Program Files\Microsoft SQL Server\100\DTS\Binn\;C:\Program Files (x86)\MySQL\MySQL Server 5.0\bin;E:\Installed Programs\runtime\win64;E:\Installed Programs\bin;E:\Installed Programs\polyspace\bin
USERNAME=EL MAGIC
OS=Windows_NT
PROCESSOR_IDENTIFIER=Intel64 Family 6 Model 42 Stepping 7, GenuineIntel



---------------  S Y S T E M  ---------------

OS: Windows 8.1 , 64 bit Build 9600 (6.3.9600.17415)

CPU:total 4 (2 cores per cpu, 2 threads per core) family 6 model 42 stepping 7, cmov, cx8, fxsr, mmx, sse, sse2, sse3, ssse3, sse4.1, sse4.2, popcnt, avx, aes, clmul, ht, tsc, tscinvbit

Memory: 4k page, physical 4098096k(91092k free), swap 7243824k(16764k free)

vm_info: Java HotSpot(TM) 64-Bit Server VM (25.101-b13) for windows-amd64 JRE (1.8.0_101-b13), built on Jun 22 2016 01:21:29 by "java_re" with MS VC++ 10.0 (VS2010)

time: Tue Feb 28 00:24:50 2017
elapsed time: 25 seconds (0d 0h 0m 25s)

