#
# There is insufficient memory for the Java Runtime Environment to continue.
# Native memory allocation (malloc) failed to allocate 32744 bytes for ChunkPool::allocate
# Possible reasons:
#   The system is out of physical RAM or swap space
#   In 32 bit mode, the process size limit was hit
# Possible solutions:
#   Reduce memory load on the system
#   Increase physical memory or swap space
#   Check if swap backing store is full
#   Use 64 bit Java on a 64 bit OS
#   Decrease Java heap size (-Xmx/-Xms)
#   Decrease number of Java threads
#   Decrease Java thread stack sizes (-Xss)
#   Set larger code cache with -XX:ReservedCodeCacheSize=
# This output file may be truncated or incomplete.
#
#  Out of Memory Error (allocation.cpp:273), pid=4732, tid=0x000000000000176c
#
# JRE version: Java(TM) SE Runtime Environment (8.0_101-b13) (build 1.8.0_101-b13)
# Java VM: Java HotSpot(TM) 64-Bit Server VM (25.101-b13 mixed mode windows-amd64 compressed oops)
# Failed to write core dump. Minidumps are not enabled by default on client versions of Windows
#

---------------  T H R E A D  ---------------

Current thread (0x0000000005d1c000):  JavaThread "C2 CompilerThread1" daemon [_thread_in_native, id=5996, stack(0x0000000007430000,0x0000000007530000)]

Stack: [0x0000000007430000,0x0000000007530000]
[error occurred during error reporting (printing stack bounds), id 0xc0000005]

Native frames: (J=compiled Java code, j=interpreted, Vv=VM code, C=native code)


Current CompileTask:
C2:   3011 1224       4       com.android.dx.ssa.SCCP::simulateStmt (481 bytes)


---------------  P R O C E S S  ---------------

Java Threads: ( => current thread )
  0x0000000007811800 JavaThread "pool-2-thread-4" [_thread_in_Java, id=5156, stack(0x0000000008030000,0x0000000008130000)]
  0x0000000007803000 JavaThread "pool-2-thread-3" [_thread_in_Java, id=32, stack(0x0000000007f30000,0x0000000008030000)]
  0x00000000076fc800 JavaThread "pool-2-thread-2" [_thread_in_Java, id=5744, stack(0x0000000007e30000,0x0000000007f30000)]
  0x00000000076ea800 JavaThread "pool-3-thread-1" [_thread_blocked, id=4828, stack(0x0000000007d30000,0x0000000007e30000)]
  0x0000000007584000 JavaThread "Service Thread" daemon [_thread_blocked, id=3712, stack(0x0000000007a30000,0x0000000007b30000)]
  0x0000000007575000 JavaThread "C1 CompilerThread2" daemon [_thread_in_native, id=6392, stack(0x0000000007930000,0x0000000007a30000)]
=>0x0000000005d1c000 JavaThread "C2 CompilerThread1" daemon [_thread_in_native, id=5996, stack(0x0000000007430000,0x0000000007530000)]
  0x0000000005d18000 JavaThread "C2 CompilerThread0" daemon [_thread_in_native, id=5480, stack(0x0000000007330000,0x0000000007430000)]
  0x0000000005d16000 JavaThread "Attach Listener" daemon [_thread_blocked, id=6104, stack(0x0000000007230000,0x0000000007330000)]
  0x0000000005d15800 JavaThread "Signal Dispatcher" daemon [_thread_blocked, id=3308, stack(0x0000000007130000,0x0000000007230000)]
  0x0000000005cba800 JavaThread "Finalizer" daemon [_thread_blocked, id=6016, stack(0x0000000006f30000,0x0000000007030000)]
  0x0000000005c99000 JavaThread "Reference Handler" daemon [_thread_blocked, id=4808, stack(0x0000000006e30000,0x0000000006f30000)]
  0x0000000002500800 JavaThread "main" [_thread_blocked, id=6520, stack(0x00000000023b0000,0x00000000024b0000)]

Other Threads:
  0x0000000005c96800 VMThread [stack: 0x0000000006d30000,0x0000000006e30000] [id=6536]
  0x00000000075e9000 WatcherThread [stack: 0x0000000007b30000,0x0000000007c30000] [id=4508]

VM state:not at safepoint (normal execution)

VM Mutex/Monitor currently owned by a thread: None

Heap:
 PSYoungGen      total 35328K, used 13430K [0x00000000eab00000, 0x00000000ed000000, 0x0000000100000000)
  eden space 32768K, 33% used [0x00000000eab00000,0x00000000eb59f028,0x00000000ecb00000)
  from space 2560K, 99% used [0x00000000ecd80000,0x00000000ecffeab0,0x00000000ed000000)
  to   space 2560K, 0% used [0x00000000ecb00000,0x00000000ecb00000,0x00000000ecd80000)
 ParOldGen       total 44032K, used 4351K [0x00000000c0000000, 0x00000000c2b00000, 0x00000000eab00000)
  object space 44032K, 9% used [0x00000000c0000000,0x00000000c043fc60,0x00000000c2b00000)
 Metaspace       used 5950K, capacity 6960K, committed 7040K, reserved 1056768K
  class space    used 593K, capacity 616K, committed 640K, reserved 1048576K

Card table byte_map: [0x00000000029c0000,0x0000000002bd0000] byte_map_base: 0x00000000023c0000

Marking Bits: (ParMarkBitMap*) 0x000000007150a6d0
 Begin Bits: [0x0000000003130000, 0x0000000004130000)
 End Bits:   [0x0000000004130000, 0x0000000005130000)

Polling page: 0x0000000002370000

CodeCache: size=245760Kb used=4833Kb max_used=4842Kb free=240926Kb
 bounds [0x000000000f010000, 0x000000000f4d0000, 0x000000001e010000]
 total_blobs=1486 nmethods=1223 adapters=176
 compilation: enabled

Compilation events (10 events):
Event: 2.889 Thread 0x0000000005d1c000 nmethod 1248 0x000000000f4cbf50 code [0x000000000f4cc0a0, 0x000000000f4cc2d8]
Event: 2.889 Thread 0x0000000005d1c000 1206       4       java.util.AbstractList::<init> (10 bytes)
Event: 2.890 Thread 0x0000000005d1c000 nmethod 1206 0x000000000f33cf50 code [0x000000000f33d080, 0x000000000f33d0d8]
Event: 2.890 Thread 0x0000000005d1c000 1250       4       java.util.Collections$UnmodifiableCollection::iterator (9 bytes)
Event: 2.894 Thread 0x0000000005d1c000 nmethod 1250 0x000000000f4c8410 code [0x000000000f4c8580, 0x000000000f4c8838]
Event: 2.894 Thread 0x0000000005d1c000 1224       4       com.android.dx.ssa.SCCP::simulateStmt (481 bytes)
Event: 2.926 Thread 0x0000000007575000 nmethod 1227 0x000000000f4cd7d0 code [0x000000000f4cd960, 0x000000000f4cdca8]
Event: 2.926 Thread 0x0000000007575000 1258       1       com.android.dx.rop.code.Insn$BaseVisitor::visitThrowingCstInsn (1 bytes)
Event: 2.926 Thread 0x0000000007575000 nmethod 1258 0x000000000f486290 code [0x000000000f4863e0, 0x000000000f4864f0]
Event: 2.926 Thread 0x0000000007575000 1236       3       com.android.dx.ssa.SCCP::replaceConstants (209 bytes)

GC Heap History (4 events):
Event: 1.954 GC heap before
{Heap before GC invocations=1 (full 0):
 PSYoungGen      total 18944K, used 16384K [0x00000000eab00000, 0x00000000ec000000, 0x0000000100000000)
  eden space 16384K, 100% used [0x00000000eab00000,0x00000000ebb00000,0x00000000ebb00000)
  from space 2560K, 0% used [0x00000000ebd80000,0x00000000ebd80000,0x00000000ec000000)
  to   space 2560K, 0% used [0x00000000ebb00000,0x00000000ebb00000,0x00000000ebd80000)
 ParOldGen       total 44032K, used 0K [0x00000000c0000000, 0x00000000c2b00000, 0x00000000eab00000)
  object space 44032K, 0% used [0x00000000c0000000,0x00000000c0000000,0x00000000c2b00000)
 Metaspace       used 5700K, capacity 6768K, committed 7040K, reserved 1056768K
  class space    used 586K, capacity 616K, committed 640K, reserved 1048576K
Event: 2.047 GC heap after
Heap after GC invocations=1 (full 0):
 PSYoungGen      total 18944K, used 2554K [0x00000000eab00000, 0x00000000ed000000, 0x0000000100000000)
  eden space 16384K, 0% used [0x00000000eab00000,0x00000000eab00000,0x00000000ebb00000)
  from space 2560K, 99% used [0x00000000ebb00000,0x00000000ebd7ea80,0x00000000ebd80000)
  to   space 2560K, 0% used [0x00000000ecd80000,0x00000000ecd80000,0x00000000ed000000)
 ParOldGen       total 44032K, used 1836K [0x00000000c0000000, 0x00000000c2b00000, 0x00000000eab00000)
  object space 44032K, 4% used [0x00000000c0000000,0x00000000c01cb398,0x00000000c2b00000)
 Metaspace       used 5700K, capacity 6768K, committed 7040K, reserved 1056768K
  class space    used 586K, capacity 616K, committed 640K, reserved 1048576K
}
Event: 2.659 GC heap before
{Heap before GC invocations=2 (full 0):
 PSYoungGen      total 18944K, used 18938K [0x00000000eab00000, 0x00000000ed000000, 0x0000000100000000)
  eden space 16384K, 100% used [0x00000000eab00000,0x00000000ebb00000,0x00000000ebb00000)
  from space 2560K, 99% used [0x00000000ebb00000,0x00000000ebd7ea80,0x00000000ebd80000)
  to   space 2560K, 0% used [0x00000000ecd80000,0x00000000ecd80000,0x00000000ed000000)
 ParOldGen       total 44032K, used 1836K [0x00000000c0000000, 0x00000000c2b00000, 0x00000000eab00000)
  object space 44032K, 4% used [0x00000000c0000000,0x00000000c01cb398,0x00000000c2b00000)
 Metaspace       used 5920K, capacity 6960K, committed 7040K, reserved 1056768K
  class space    used 591K, capacity 616K, committed 640K, reserved 1048576K
Event: 2.837 GC heap after
Heap after GC invocations=2 (full 0):
 PSYoungGen      total 35328K, used 2554K [0x00000000eab00000, 0x00000000ed000000, 0x0000000100000000)
  eden space 32768K, 0% used [0x00000000eab00000,0x00000000eab00000,0x00000000ecb00000)
  from space 2560K, 99% used [0x00000000ecd80000,0x00000000ecffeab0,0x00000000ed000000)
  to   space 2560K, 0% used [0x00000000ecb00000,0x00000000ecb00000,0x00000000ecd80000)
 ParOldGen       total 44032K, used 4351K [0x00000000c0000000, 0x00000000c2b00000, 0x00000000eab00000)
  object space 44032K, 9% used [0x00000000c0000000,0x00000000c043fc60,0x00000000c2b00000)
 Metaspace       used 5920K, capacity 6960K, committed 7040K, reserved 1056768K
  class space    used 591K, capacity 616K, committed 640K, reserved 1048576K
}

Deoptimization events (10 events):
Event: 1.565 Thread 0x0000000007803000 Uncommon trap: reason=unstable_if action=reinterpret pc=0x000000000f216230 method=java.util.BitSet.ensureCapacity(I)V @ 6
Event: 1.612 Thread 0x0000000002500800 Uncommon trap: reason=unstable_if action=reinterpret pc=0x000000000f22b9f4 method=java.util.BitSet.ensureCapacity(I)V @ 6
Event: 1.613 Thread 0x0000000002500800 Uncommon trap: reason=unstable_if action=reinterpret pc=0x000000000f209e70 method=java.util.BitSet.nextSetBit(I)I @ 87
Event: 1.692 Thread 0x00000000076fc800 Uncommon trap: reason=class_check action=maybe_recompile pc=0x000000000f29c388 method=com.android.dx.ssa.NormalSsaInsn.accept(Lcom/android/dx/ssa/SsaInsn$Visitor;)V @ 9
Event: 1.950 Thread 0x0000000007811800 Uncommon trap: reason=null_check action=make_not_entrant pc=0x000000000f29cb7c method=com.android.dx.ssa.SsaRenamer.getLocalForNewReg(I)Lcom/android/dx/rop/code/LocalItem; @ 19
Event: 2.081 Thread 0x0000000007803000 Uncommon trap: reason=class_check action=maybe_recompile pc=0x000000000f22c970 method=com.android.dx.ssa.NormalSsaInsn.accept(Lcom/android/dx/ssa/SsaInsn$Visitor;)V @ 9
Event: 2.081 Thread 0x0000000007803000 Uncommon trap: reason=class_check action=maybe_recompile pc=0x000000000f22c970 method=com.android.dx.ssa.NormalSsaInsn.accept(Lcom/android/dx/ssa/SsaInsn$Visitor;)V @ 9
Event: 2.081 Thread 0x0000000007803000 Uncommon trap: reason=class_check action=maybe_recompile pc=0x000000000f22c970 method=com.android.dx.ssa.NormalSsaInsn.accept(Lcom/android/dx/ssa/SsaInsn$Visitor;)V @ 9
Event: 2.188 Thread 0x0000000007811800 Uncommon trap: reason=unstable_if action=reinterpret pc=0x000000000f370c1c method=com.android.dx.rop.cst.Constant.compareTo(Lcom/android/dx/rop/cst/Constant;)I @ 12
Event: 2.876 Thread 0x0000000007803000 Uncommon trap: reason=bimorphic action=maybe_recompile pc=0x000000000f247070 method=java.util.HashMap.getNode(ILjava/lang/Object;)Ljava/util/HashMap$Node; @ 126

Internal exceptions (3 events):
Event: 0.084 Thread 0x0000000002500800 Exception <a 'java/lang/NoSuchMethodError': Method sun.misc.Unsafe.defineClass(Ljava/lang/String;[BII)Ljava/lang/Class; name or signature does not match> (0x00000000eab07cc0) thrown at [C:\re\workspace\8-2-build-windows-amd64-cygwin\jdk8u101\7261\hotspot\söÓ-œ«óµ?
Event: 0.084 Thread 0x0000000002500800 Exception <a 'java/lang/NoSuchMethodError': Method sun.misc.Unsafe.prefetchRead(Ljava/lang/Object;J)V name or signature does not match> (0x00000000eab07fa8) thrown at [C:\re\workspace\8-2-build-windows-amd64-cygwin\jdk8u101\7261\hotspot\src\share\vm\prims\Eéè1ˇ?
Event: 1.950 Thread 0x0000000007811800 Implicit null exception at 0x000000000f29b441 to 0x000000000f29cb31

Events (10 events):
Event: 2.659 Executing VM operation: ParallelGCFailedAllocation
Event: 2.837 Executing VM operation: ParallelGCFailedAllocation done
Event: 2.876 Thread 0x0000000007803000 Uncommon trap: trap_request=0xffffffc6 fr.pc=0x000000000f247070
Event: 2.876 Thread 0x0000000007803000 DEOPT PACKING pc=0x000000000f247070 sp=0x000000000802e640
Event: 2.876 Thread 0x0000000007803000 DEOPT UNPACKING pc=0x000000000f05582a sp=0x000000000802e5c0 mode 2
Event: 2.946 loading class java/util/HashMap$KeySet
Event: 2.946 loading class java/util/HashMap$KeySet done
Event: 2.946 loading class java/util/HashMap$KeyIterator
Event: 2.946 loading class java/util/HashMap$KeyIterator done
Event: 2.947 Thread 0x00000000076e6800 Thread exited: 0x00000000076e6800


Dynamic libraries:
0x00007ff7c0430000 - 0x00007ff7c0467000 	C:\Program Files\Java\jdk1.8.0_101\bin\java.exe
0x00007ffb95ef0000 - 0x00007ffb9609d000 	C:\Windows\SYSTEM32\ntdll.dll
0x00007ffb93f00000 - 0x00007ffb9403e000 	C:\Windows\system32\KERNEL32.DLL
0x00007ffb931c0000 - 0x00007ffb932d5000 	C:\Windows\system32\KERNELBASE.dll
0x00007ffb91b90000 - 0x00007ffb91c1e000 	C:\Windows\system32\apphelp.dll
0x00007ffb81b90000 - 0x00007ffb81be3000 	C:\Windows\AppPatch\AppPatch64\AcGenral.DLL
0x00007ffb93630000 - 0x00007ffb936da000 	C:\Windows\system32\msvcrt.dll
0x00007ffb930e0000 - 0x00007ffb9310e000 	C:\Windows\system32\SspiCli.dll
0x00007ffb95df0000 - 0x00007ffb95e44000 	C:\Windows\system32\SHLWAPI.dll
0x00007ffb93740000 - 0x00007ffb938b7000 	C:\Windows\system32\USER32.dll
0x00007ffb95780000 - 0x00007ffb95914000 	C:\Windows\system32\ole32.dll
0x00007ffb94040000 - 0x00007ffb95568000 	C:\Windows\system32\SHELL32.dll
0x00007ffb92590000 - 0x00007ffb925b1000 	C:\Windows\SYSTEM32\USERENV.dll
0x00007ffb95570000 - 0x00007ffb9561a000 	C:\Windows\system32\ADVAPI32.dll
0x00007ffb8b5f0000 - 0x00007ffb8b60e000 	C:\Windows\SYSTEM32\MPR.dll
0x00007ffb93a20000 - 0x00007ffb93b60000 	C:\Windows\system32\RPCRT4.dll
0x00007ffb95920000 - 0x00007ffb95979000 	C:\Windows\SYSTEM32\sechost.dll
0x00007ffb959e0000 - 0x00007ffb95bf1000 	C:\Windows\SYSTEM32\combase.dll
0x00007ffb95630000 - 0x00007ffb9577f000 	C:\Windows\system32\GDI32.dll
0x00007ffb93010000 - 0x00007ffb93025000 	C:\Windows\SYSTEM32\profapi.dll
0x00007ffb91540000 - 0x00007ffb915f2000 	C:\Windows\SYSTEM32\SHCORE.dll
0x00007ffb95db0000 - 0x00007ffb95de6000 	C:\Windows\system32\IMM32.DLL
0x00007ffb938c0000 - 0x00007ffb93a12000 	C:\Windows\system32\MSCTF.dll
0x00007ffb92f50000 - 0x00007ffb92f81000 	C:\Windows\system32\nvinitx.dll
0x00007ffb92f40000 - 0x00007ffb92f4a000 	C:\Windows\SYSTEM32\VERSION.dll
0x000000000f000000 - 0x000000000f006000 	C:\Program Files\NVIDIA Corporation\CoProcManager\_etoured.dll
0x00007ffb91ca0000 - 0x00007ffb91cd1000 	C:\Program Files\NVIDIA Corporation\CoProcManager\nvd3d9wrapx.dll
0x00007ffb93b60000 - 0x00007ffb93d3a000 	C:\Windows\system32\SETUPAPI.dll
0x00007ffb93170000 - 0x00007ffb931bf000 	C:\Windows\system32\CFGMGR32.dll
0x00007ffb91740000 - 0x00007ffb91762000 	C:\Program Files\NVIDIA Corporation\CoProcManager\nvdxgiwrapx.dll
0x00007ffb910c0000 - 0x00007ffb9133b000 	C:\Windows\WinSxS\amd64_microsoft.windows.common-controls_6595b64144ccf1df_6.0.9600.18006_none_623f33d3ecbe86e8\COMCTL32.dll
0x0000000070860000 - 0x0000000070932000 	C:\Program Files\Java\jdk1.8.0_101\jre\bin\msvcr100.dll
0x0000000070cf0000 - 0x000000007158a000 	C:\Program Files\Java\jdk1.8.0_101\jre\bin\server\jvm.dll
0x00007ffb8d160000 - 0x00007ffb8d169000 	C:\Windows\SYSTEM32\WSOCK32.dll
0x00007ffb90bf0000 - 0x00007ffb90c12000 	C:\Windows\SYSTEM32\WINMM.dll
0x00007ffb95ec0000 - 0x00007ffb95ec7000 	C:\Windows\system32\PSAPI.DLL
0x00007ffb936e0000 - 0x00007ffb9373a000 	C:\Windows\system32\WS2_32.dll
0x00007ffb90bc0000 - 0x00007ffb90bea000 	C:\Windows\SYSTEM32\WINMMBASE.dll
0x00007ffb95620000 - 0x00007ffb95629000 	C:\Windows\system32\NSI.dll
0x00007ffb91de0000 - 0x00007ffb91e08000 	C:\Windows\SYSTEM32\DEVOBJ.dll
0x0000000071890000 - 0x000000007189f000 	C:\Program Files\Java\jdk1.8.0_101\jre\bin\verify.dll
0x0000000070cc0000 - 0x0000000070ce9000 	C:\Program Files\Java\jdk1.8.0_101\jre\bin\java.dll
0x0000000070ca0000 - 0x0000000070cb6000 	C:\Program Files\Java\jdk1.8.0_101\jre\bin\zip.dll

VM Arguments:
jvm_args: -Djava.awt.headless=true -Xmx1024M -Dfile.encoding=windows-1256 -Duser.country=US -Duser.language=en -Duser.variant 
java_command: com.android.dx.command.Main --dex --force-jumbo --num-threads=4 --multi-dex --output E:\Android summer training\Pro\PipTalk\app\build\intermediates\transforms\dex\debug\folders\1000\10\com.android.support-support-core-utils-24.2.1_14f8f026d9eb25cfec86a380f04088683236c6d8 E:\Android summer training\Pro\PipTalk\app\build\intermediates\exploded-aar\com.android.support\support-core-utils\24.2.1\jars\classes.jar
java_class_path (initial): E:\BFCI\android SDK\android-sdk-windows\build-tools\24.0.1\lib\dx.jar
Launcher Type: SUN_STANDARD

Environment Variables:
PATH=C:\ProgramData\Oracle\Java\javapath;C:\Windows\system32;C:\Windows;C:\Windows\System32\Wbem;C:\Windows\System32\WindowsPowerShell\v1.0\;C:\Program Files (x86)\Microsoft SQL Server\100\Tools\Binn\;C:\Program Files\Microsoft SQL Server\100\Tools\Binn\;C:\Program Files\Microsoft SQL Server\100\DTS\Binn\;C:\Program Files (x86)\MySQL\MySQL Server 5.0\bin;E:\Installed Programs\runtime\win64;E:\Installed Programs\bin;E:\Installed Programs\polyspace\bin
USERNAME=EL MAGIC
OS=Windows_NT
PROCESSOR_IDENTIFIER=Intel64 Family 6 Model 42 Stepping 7, GenuineIntel



---------------  S Y S T E M  ---------------

OS: Windows 8.1 , 64 bit Build 9600 (6.3.9600.17415)

CPU:total 4 (2 cores per cpu, 2 threads per core) family 6 model 42 stepping 7, cmov, cx8, fxsr, mmx, sse, sse2, sse3, ssse3, sse4.1, sse4.2, popcnt, avx, aes, clmul, ht, tsc, tscinvbit

Memory: 4k page, physical 4098096k(396748k free), swap 7243824k(5108k free)

vm_info: Java HotSpot(TM) 64-Bit Server VM (25.101-b13) for windows-amd64 JRE (1.8.0_101-b13), built on Jun 22 2016 01:21:29 by "java_re" with MS VC++ 10.0 (VS2010)

time: Tue Feb 28 01:50:16 2017
elapsed time: 3 seconds (0d 0h 0m 3s)

