#
# There is insufficient memory for the Java Runtime Environment to continue.
# Native memory allocation (malloc) failed to allocate 72656 bytes for Chunk::new
# Possible reasons:
#   The system is out of physical RAM or swap space
#   In 32 bit mode, the process size limit was hit
# Possible solutions:
#   Reduce memory load on the system
#   Increase physical memory or swap space
#   Check if swap backing store is full
#   Use 64 bit Java on a 64 bit OS
#   Decrease Java heap size (-Xmx/-Xms)
#   Decrease number of Java threads
#   Decrease Java thread stack sizes (-Xss)
#   Set larger code cache with -XX:ReservedCodeCacheSize=
# This output file may be truncated or incomplete.
#
#  Out of Memory Error (allocation.cpp:390), pid=6652, tid=0x0000000000001730
#
# JRE version: Java(TM) SE Runtime Environment (8.0_101-b13) (build 1.8.0_101-b13)
# Java VM: Java HotSpot(TM) 64-Bit Server VM (25.101-b13 mixed mode windows-amd64 compressed oops)
# Failed to write core dump. Minidumps are not enabled by default on client versions of Windows
#

---------------  T H R E A D  ---------------

Current thread (0x0000000005a0b000):  JavaThread "C2 CompilerThread1" daemon [_thread_in_native, id=5936, stack(0x0000000007100000,0x0000000007200000)]

Stack: [0x0000000007100000,0x0000000007200000]
[error occurred during error reporting (printing stack bounds), id 0xc0000005]

Native frames: (J=compiled Java code, j=interpreted, Vv=VM code, C=native code)


Current CompileTask:
C2:   2152 1057       4       com.android.dx.ssa.SsaBasicBlock::forEachInsn (37 bytes)


---------------  P R O C E S S  ---------------

Java Threads: ( => current thread )
  0x0000000007488000 JavaThread "pool-2-thread-4" [_thread_blocked, id=5760, stack(0x0000000007d00000,0x0000000007e00000)]
  0x0000000007486800 JavaThread "pool-2-thread-3" [_thread_blocked, id=5616, stack(0x0000000007c00000,0x0000000007d00000)]
  0x000000000747d800 JavaThread "pool-2-thread-2" [_thread_in_Java, id=2964, stack(0x0000000007b00000,0x0000000007c00000)]
  0x000000000747a000 JavaThread "pool-3-thread-1" [_thread_blocked, id=3404, stack(0x0000000007a00000,0x0000000007b00000)]
  0x00000000074df800 JavaThread "pool-2-thread-1" [_thread_in_Java, id=3424, stack(0x0000000007900000,0x0000000007a00000)]
  0x0000000007253000 JavaThread "Service Thread" daemon [_thread_blocked, id=500, stack(0x0000000007700000,0x0000000007800000)]
  0x0000000007245000 JavaThread "C1 CompilerThread2" daemon [_thread_blocked, id=4516, stack(0x0000000007600000,0x0000000007700000)]
=>0x0000000005a0b000 JavaThread "C2 CompilerThread1" daemon [_thread_in_native, id=5936, stack(0x0000000007100000,0x0000000007200000)]
  0x0000000005a08000 JavaThread "C2 CompilerThread0" daemon [_thread_in_native, id=2856, stack(0x0000000007000000,0x0000000007100000)]
  0x0000000005a06000 JavaThread "Attach Listener" daemon [_thread_blocked, id=848, stack(0x0000000006f00000,0x0000000007000000)]
  0x0000000005a05800 JavaThread "Signal Dispatcher" daemon [_thread_blocked, id=3916, stack(0x0000000006e00000,0x0000000006f00000)]
  0x00000000059aa000 JavaThread "Finalizer" daemon [_thread_blocked, id=5540, stack(0x0000000006c20000,0x0000000006d20000)]
  0x0000000005989000 JavaThread "Reference Handler" daemon [_thread_blocked, id=4660, stack(0x0000000006b20000,0x0000000006c20000)]
  0x0000000002160800 JavaThread "main" [_thread_in_Java, id=2752, stack(0x0000000000620000,0x0000000000720000)]

Other Threads:
  0x0000000005986800 VMThread [stack: 0x0000000006a20000,0x0000000006b20000] [id=6032]
  0x00000000072ad800 WatcherThread [stack: 0x0000000007800000,0x0000000007900000] [id=6540]

VM state:not at safepoint (normal execution)

VM Mutex/Monitor currently owned by a thread: None

Heap:
 PSYoungGen      total 18944K, used 14302K [0x00000000eab00000, 0x00000000ed000000, 0x0000000100000000)
  eden space 16384K, 71% used [0x00000000eab00000,0x00000000eb679d08,0x00000000ebb00000)
  from space 2560K, 99% used [0x00000000ebb00000,0x00000000ebd7dc78,0x00000000ebd80000)
  to   space 2560K, 0% used [0x00000000ecd80000,0x00000000ecd80000,0x00000000ed000000)
 ParOldGen       total 44032K, used 1526K [0x00000000c0000000, 0x00000000c2b00000, 0x00000000eab00000)
  object space 44032K, 3% used [0x00000000c0000000,0x00000000c017da00,0x00000000c2b00000)
 Metaspace       used 5869K, capacity 6896K, committed 7040K, reserved 1056768K
  class space    used 588K, capacity 616K, committed 640K, reserved 1048576K

Card table byte_map: [0x00000000026b0000,0x00000000028c0000] byte_map_base: 0x00000000020b0000

Marking Bits: (ParMarkBitMap*) 0x000000007150a6d0
 Begin Bits: [0x0000000002e20000, 0x0000000003e20000)
 End Bits:   [0x0000000003e20000, 0x0000000004e20000)

Polling page: 0x00000000004b0000

CodeCache: size=245760Kb used=4607Kb max_used=4607Kb free=241152Kb
 bounds [0x000000000f010000, 0x000000000f4a0000, 0x000000001e010000]
 total_blobs=1414 nmethods=1150 adapters=176
 compilation: disabled (not enough contiguous free space left)

Compilation events (10 events):
Event: 2.138 Thread 0x0000000007245000 nmethod 1152 0x000000000f491f50 code [0x000000000f4920a0, 0x000000000f4921b0]
Event: 2.138 Thread 0x0000000007245000 1149       3       com.android.dx.ssa.DeadCodeRemover::process (14 bytes)
Event: 2.138 Thread 0x0000000007245000 nmethod 1149 0x000000000f492210 code [0x000000000f492380, 0x000000000f492578]
Event: 2.138 Thread 0x0000000007245000 1150       3       com.android.dx.ssa.DeadCodeRemover::<init> (44 bytes)
Event: 2.139 Thread 0x0000000007245000 nmethod 1150 0x000000000f492650 code [0x000000000f4927e0, 0x000000000f492bd8]
Event: 2.139 Thread 0x0000000007245000 1159       3       com.android.dx.cf.code.LocalVariableList$Item::matchesAllButType (53 bytes)
Event: 2.139 Thread 0x0000000007245000 nmethod 1159 0x000000000f492d50 code [0x000000000f492ee0, 0x000000000f493428]
Event: 2.139 Thread 0x0000000007245000 1153       1       com.android.dx.ssa.back.FirstFitLocalCombiningAllocator::wantsParamsMovedHigh (2 bytes)
Event: 2.139 Thread 0x0000000007245000 nmethod 1153 0x000000000f493590 code [0x000000000f4936e0, 0x000000000f4937f0]
Event: 2.139 Thread 0x0000000007245000 1160       3       com.android.dx.cf.code.Simulator$SimVisitor::visitNoArgs (2136 bytes)

GC Heap History (2 events):
Event: 1.451 GC heap before
{Heap before GC invocations=1 (full 0):
 PSYoungGen      total 18944K, used 16384K [0x00000000eab00000, 0x00000000ec000000, 0x0000000100000000)
  eden space 16384K, 100% used [0x00000000eab00000,0x00000000ebb00000,0x00000000ebb00000)
  from space 2560K, 0% used [0x00000000ebd80000,0x00000000ebd80000,0x00000000ec000000)
  to   space 2560K, 0% used [0x00000000ebb00000,0x00000000ebb00000,0x00000000ebd80000)
 ParOldGen       total 44032K, used 0K [0x00000000c0000000, 0x00000000c2b00000, 0x00000000eab00000)
  object space 44032K, 0% used [0x00000000c0000000,0x00000000c0000000,0x00000000c2b00000)
 Metaspace       used 5686K, capacity 6704K, committed 6784K, reserved 1056768K
  class space    used 585K, capacity 616K, committed 640K, reserved 1048576K
Event: 1.776 GC heap after
Heap after GC invocations=1 (full 0):
 PSYoungGen      total 18944K, used 2551K [0x00000000eab00000, 0x00000000ed000000, 0x0000000100000000)
  eden space 16384K, 0% used [0x00000000eab00000,0x00000000eab00000,0x00000000ebb00000)
  from space 2560K, 99% used [0x00000000ebb00000,0x00000000ebd7dc78,0x00000000ebd80000)
  to   space 2560K, 0% used [0x00000000ecd80000,0x00000000ecd80000,0x00000000ed000000)
 ParOldGen       total 44032K, used 1526K [0x00000000c0000000, 0x00000000c2b00000, 0x00000000eab00000)
  object space 44032K, 3% used [0x00000000c0000000,0x00000000c017da00,0x00000000c2b00000)
 Metaspace       used 5686K, capacity 6704K, committed 6784K, reserved 1056768K
  class space    used 585K, capacity 616K, committed 640K, reserved 1048576K
}

Deoptimization events (10 events):
Event: 1.880 Thread 0x0000000007488000 Uncommon trap: reason=unstable_if action=reinterpret pc=0x000000000f36ae3c method=java.util.HashMap.getNode(ILjava/lang/Object;)Ljava/util/HashMap$Node; @ 129
Event: 1.931 Thread 0x00000000074df800 Uncommon trap: reason=class_check action=maybe_recompile pc=0x000000000f3d44e0 method=com.android.dx.rop.type.Type.equals(Ljava/lang/Object;)Z @ 8
Event: 1.931 Thread 0x00000000074df800 Uncommon trap: reason=unstable_if action=reinterpret pc=0x000000000f31b508 method=com.android.dx.rop.code.RegisterSpec.equals(ILcom/android/dx/rop/type/TypeBearer;Lcom/android/dx/rop/code/LocalItem;)Z @ 16
Event: 1.931 Thread 0x00000000074df800 Uncommon trap: reason=class_check action=maybe_recompile pc=0x000000000f3d44e0 method=com.android.dx.rop.type.Type.equals(Ljava/lang/Object;)Z @ 8
Event: 1.931 Thread 0x00000000074df800 Uncommon trap: reason=class_check action=maybe_recompile pc=0x000000000f3d44e0 method=com.android.dx.rop.type.Type.equals(Ljava/lang/Object;)Z @ 8
Event: 1.931 Thread 0x00000000074df800 Uncommon trap: reason=class_check action=maybe_recompile pc=0x000000000f3d44e0 method=com.android.dx.rop.type.Type.equals(Ljava/lang/Object;)Z @ 8
Event: 1.937 Thread 0x00000000074df800 Uncommon trap: reason=null_check action=make_not_entrant pc=0x000000000f31e8c0 method=com.android.dx.ssa.SsaRenamer.getLocalForNewReg(I)Lcom/android/dx/rop/code/LocalItem; @ 19
Event: 2.074 Thread 0x0000000002160800 Uncommon trap: reason=unstable_if action=reinterpret pc=0x000000000f3663ec method=com.android.dx.rop.code.RegisterSpecSet.put(Lcom/android/dx/rop/code/RegisterSpec;)V @ 77
Event: 2.074 Thread 0x0000000002160800 Uncommon trap: reason=unstable_if action=reinterpret pc=0x000000000f37de1c method=com.android.dx.rop.code.RegisterSpecSet.put(Lcom/android/dx/rop/code/RegisterSpec;)V @ 77
Event: 2.084 Thread 0x0000000002160800 Uncommon trap: reason=unstable_if action=reinterpret pc=0x000000000f334bf4 method=java.util.HashMap.getNode(ILjava/lang/Object;)Ljava/util/HashMap$Node; @ 129

Internal exceptions (3 events):
Event: 0.048 Thread 0x0000000002160800 Exception <a 'java/lang/NoSuchMethodError': Method sun.misc.Unsafe.defineClass(Ljava/lang/String;[BII)Ljava/lang/Class; name or signature does not match> (0x00000000eab07cc0) thrown at [C:\re\workspace\8-2-build-windows-amd64-cygwin\jdk8u101\7261\hotspot\s‡¯ Zp¨?
Event: 0.048 Thread 0x0000000002160800 Exception <a 'java/lang/NoSuchMethodError': Method sun.misc.Unsafe.prefetchRead(Ljava/lang/Object;J)V name or signature does not match> (0x00000000eab07fa8) thrown at [C:\re\workspace\8-2-build-windows-amd64-cygwin\jdk8u101\7261\hotspot\src\share\vm\prims\¶èÍÿþ?
Event: 1.937 Thread 0x00000000074df800 Implicit null exception at 0x000000000f31c6a8 to 0x000000000f31e87d

Events (10 events):
Event: 2.063 loading class com/android/dx/cf/attrib/BaseParameterAnnotations done
Event: 2.074 Thread 0x0000000002160800 Uncommon trap: trap_request=0xffffff65 fr.pc=0x000000000f3663ec
Event: 2.074 Thread 0x0000000002160800 DEOPT PACKING pc=0x000000000f3663ec sp=0x000000000071e0e0
Event: 2.074 Thread 0x0000000002160800 DEOPT UNPACKING pc=0x000000000f05582a sp=0x000000000071e068 mode 2
Event: 2.074 Thread 0x0000000002160800 Uncommon trap: trap_request=0xffffff65 fr.pc=0x000000000f37de1c
Event: 2.074 Thread 0x0000000002160800 DEOPT PACKING pc=0x000000000f37de1c sp=0x000000000071e0d0
Event: 2.074 Thread 0x0000000002160800 DEOPT UNPACKING pc=0x000000000f05582a sp=0x000000000071dff0 mode 2
Event: 2.084 Thread 0x0000000002160800 Uncommon trap: trap_request=0xffffff65 fr.pc=0x000000000f334bf4
Event: 2.084 Thread 0x0000000002160800 DEOPT PACKING pc=0x000000000f334bf4 sp=0x000000000071dfc0
Event: 2.084 Thread 0x0000000002160800 DEOPT UNPACKING pc=0x000000000f05582a sp=0x000000000071dee0 mode 2


Dynamic libraries:
0x00007ff7c0430000 - 0x00007ff7c0467000 	C:\Program Files\Java\jdk1.8.0_101\bin\java.exe
0x00007ffb95ef0000 - 0x00007ffb9609d000 	C:\Windows\SYSTEM32\ntdll.dll
0x00007ffb93f00000 - 0x00007ffb9403e000 	C:\Windows\system32\KERNEL32.DLL
0x00007ffb931c0000 - 0x00007ffb932d5000 	C:\Windows\system32\KERNELBASE.dll
0x00007ffb91b90000 - 0x00007ffb91c1e000 	C:\Windows\system32\apphelp.dll
0x00007ffb81b90000 - 0x00007ffb81be3000 	C:\Windows\AppPatch\AppPatch64\AcGenral.DLL
0x00007ffb93630000 - 0x00007ffb936da000 	C:\Windows\system32\msvcrt.dll
0x00007ffb930e0000 - 0x00007ffb9310e000 	C:\Windows\system32\SspiCli.dll
0x00007ffb95df0000 - 0x00007ffb95e44000 	C:\Windows\system32\SHLWAPI.dll
0x00007ffb93740000 - 0x00007ffb938b7000 	C:\Windows\system32\USER32.dll
0x00007ffb95780000 - 0x00007ffb95914000 	C:\Windows\system32\ole32.dll
0x00007ffb94040000 - 0x00007ffb95568000 	C:\Windows\system32\SHELL32.dll
0x00007ffb92590000 - 0x00007ffb925b1000 	C:\Windows\SYSTEM32\USERENV.dll
0x00007ffb95570000 - 0x00007ffb9561a000 	C:\Windows\system32\ADVAPI32.dll
0x00007ffb8b5f0000 - 0x00007ffb8b60e000 	C:\Windows\SYSTEM32\MPR.dll
0x00007ffb93a20000 - 0x00007ffb93b60000 	C:\Windows\system32\RPCRT4.dll
0x00007ffb95920000 - 0x00007ffb95979000 	C:\Windows\SYSTEM32\sechost.dll
0x00007ffb959e0000 - 0x00007ffb95bf1000 	C:\Windows\SYSTEM32\combase.dll
0x00007ffb95630000 - 0x00007ffb9577f000 	C:\Windows\system32\GDI32.dll
0x00007ffb93010000 - 0x00007ffb93025000 	C:\Windows\SYSTEM32\profapi.dll
0x00007ffb91540000 - 0x00007ffb915f2000 	C:\Windows\SYSTEM32\SHCORE.dll
0x00007ffb95db0000 - 0x00007ffb95de6000 	C:\Windows\system32\IMM32.DLL
0x00007ffb938c0000 - 0x00007ffb93a12000 	C:\Windows\system32\MSCTF.dll
0x00007ffb92f50000 - 0x00007ffb92f81000 	C:\Windows\system32\nvinitx.dll
0x00007ffb92f40000 - 0x00007ffb92f4a000 	C:\Windows\SYSTEM32\VERSION.dll
0x000000000f000000 - 0x000000000f006000 	C:\Program Files\NVIDIA Corporation\CoProcManager\_etoured.dll
0x00007ffb91ca0000 - 0x00007ffb91cd1000 	C:\Program Files\NVIDIA Corporation\CoProcManager\nvd3d9wrapx.dll
0x00007ffb93b60000 - 0x00007ffb93d3a000 	C:\Windows\system32\SETUPAPI.dll
0x00007ffb93170000 - 0x00007ffb931bf000 	C:\Windows\system32\CFGMGR32.dll
0x00007ffb91740000 - 0x00007ffb91762000 	C:\Program Files\NVIDIA Corporation\CoProcManager\nvdxgiwrapx.dll
0x00007ffb910c0000 - 0x00007ffb9133b000 	C:\Windows\WinSxS\amd64_microsoft.windows.common-controls_6595b64144ccf1df_6.0.9600.18006_none_623f33d3ecbe86e8\COMCTL32.dll
0x0000000070860000 - 0x0000000070932000 	C:\Program Files\Java\jdk1.8.0_101\jre\bin\msvcr100.dll
0x0000000070cf0000 - 0x000000007158a000 	C:\Program Files\Java\jdk1.8.0_101\jre\bin\server\jvm.dll
0x00007ffb8d160000 - 0x00007ffb8d169000 	C:\Windows\SYSTEM32\WSOCK32.dll
0x00007ffb90bf0000 - 0x00007ffb90c12000 	C:\Windows\SYSTEM32\WINMM.dll
0x00007ffb95ec0000 - 0x00007ffb95ec7000 	C:\Windows\system32\PSAPI.DLL
0x00007ffb936e0000 - 0x00007ffb9373a000 	C:\Windows\system32\WS2_32.dll
0x00007ffb90bc0000 - 0x00007ffb90bea000 	C:\Windows\SYSTEM32\WINMMBASE.dll
0x00007ffb95620000 - 0x00007ffb95629000 	C:\Windows\system32\NSI.dll
0x00007ffb91de0000 - 0x00007ffb91e08000 	C:\Windows\SYSTEM32\DEVOBJ.dll
0x0000000071890000 - 0x000000007189f000 	C:\Program Files\Java\jdk1.8.0_101\jre\bin\verify.dll
0x0000000070cc0000 - 0x0000000070ce9000 	C:\Program Files\Java\jdk1.8.0_101\jre\bin\java.dll
0x0000000070ca0000 - 0x0000000070cb6000 	C:\Program Files\Java\jdk1.8.0_101\jre\bin\zip.dll

VM Arguments:
jvm_args: -Djava.awt.headless=true -Xmx1024M -Dfile.encoding=windows-1256 -Duser.country=US -Duser.language=en -Duser.variant 
java_command: com.android.dx.command.Main --dex --force-jumbo --num-threads=4 --multi-dex --output E:\Android summer training\Pro\PipTalk\app\build\intermediates\transforms\dex\debug\folders\1000\10\com.android.support-recyclerview-v7-24.2.1_c78a72f13a001d931fd5a963543f8725ee7385d8 E:\Android summer training\Pro\PipTalk\app\build\intermediates\exploded-aar\com.android.support\recyclerview-v7\24.2.1\jars\classes.jar
java_class_path (initial): E:\BFCI\android SDK\android-sdk-windows\build-tools\24.0.1\lib\dx.jar
Launcher Type: SUN_STANDARD

Environment Variables:
PATH=C:\ProgramData\Oracle\Java\javapath;C:\Windows\system32;C:\Windows;C:\Windows\System32\Wbem;C:\Windows\System32\WindowsPowerShell\v1.0\;C:\Program Files (x86)\Microsoft SQL Server\100\Tools\Binn\;C:\Program Files\Microsoft SQL Server\100\Tools\Binn\;C:\Program Files\Microsoft SQL Server\100\DTS\Binn\;C:\Program Files (x86)\MySQL\MySQL Server 5.0\bin;E:\Installed Programs\runtime\win64;E:\Installed Programs\bin;E:\Installed Programs\polyspace\bin
USERNAME=EL MAGIC
OS=Windows_NT
PROCESSOR_IDENTIFIER=Intel64 Family 6 Model 42 Stepping 7, GenuineIntel



---------------  S Y S T E M  ---------------

OS: Windows 8.1 , 64 bit Build 9600 (6.3.9600.17415)

CPU:total 4 (2 cores per cpu, 2 threads per core) family 6 model 42 stepping 7, cmov, cx8, fxsr, mmx, sse, sse2, sse3, ssse3, sse4.1, sse4.2, popcnt, avx, aes, clmul, ht, tsc, tscinvbit

Memory: 4k page, physical 4098096k(214444k free), swap 7243824k(5172k free)

vm_info: Java HotSpot(TM) 64-Bit Server VM (25.101-b13) for windows-amd64 JRE (1.8.0_101-b13), built on Jun 22 2016 01:21:29 by "java_re" with MS VC++ 10.0 (VS2010)

time: Mon Feb 27 23:57:46 2017
elapsed time: 2 seconds (0d 0h 0m 2s)

