#
# There is insufficient memory for the Java Runtime Environment to continue.
# Native memory allocation (malloc) failed to allocate 268016 bytes for Chunk::new
# Possible reasons:
#   The system is out of physical RAM or swap space
#   In 32 bit mode, the process size limit was hit
# Possible solutions:
#   Reduce memory load on the system
#   Increase physical memory or swap space
#   Check if swap backing store is full
#   Use 64 bit Java on a 64 bit OS
#   Decrease Java heap size (-Xmx/-Xms)
#   Decrease number of Java threads
#   Decrease Java thread stack sizes (-Xss)
#   Set larger code cache with -XX:ReservedCodeCacheSize=
# This output file may be truncated or incomplete.
#
#  Out of Memory Error (allocation.cpp:390), pid=5860, tid=0x00000000000018f8
#
# JRE version: Java(TM) SE Runtime Environment (8.0_101-b13) (build 1.8.0_101-b13)
# Java VM: Java HotSpot(TM) 64-Bit Server VM (25.101-b13 mixed mode windows-amd64 compressed oops)
# Failed to write core dump. Minidumps are not enabled by default on client versions of Windows
#

---------------  T H R E A D  ---------------

Current thread (0x0000000005a84000):  JavaThread "C2 CompilerThread0" daemon [_thread_in_native, id=6392, stack(0x00000000070e0000,0x00000000071e0000)]

Stack: [0x00000000070e0000,0x00000000071e0000]
[error occurred during error reporting (printing stack bounds), id 0xc0000005]

Native frames: (J=compiled Java code, j=interpreted, Vv=VM code, C=native code)


Current CompileTask:
C2:   1755 1094   !   4       com.android.dx.cf.code.BytecodeArray::parseInstruction (2764 bytes)


---------------  P R O C E S S  ---------------

Java Threads: ( => current thread )
  0x00000000074a1000 JavaThread "pool-2-thread-4" [_thread_in_vm, id=5384, stack(0x0000000007de0000,0x0000000007ee0000)]
  0x0000000007497800 JavaThread "pool-2-thread-3" [_thread_in_Java, id=5068, stack(0x0000000007ce0000,0x0000000007de0000)]
  0x0000000007497000 JavaThread "pool-2-thread-2" [_thread_in_Java, id=3972, stack(0x0000000007be0000,0x0000000007ce0000)]
  0x000000000749f000 JavaThread "pool-3-thread-1" [_thread_blocked, id=4152, stack(0x0000000007ae0000,0x0000000007be0000)]
  0x0000000007496000 JavaThread "pool-2-thread-1" [_thread_in_Java, id=5988, stack(0x00000000079e0000,0x0000000007ae0000)]
  0x0000000007235000 JavaThread "Service Thread" daemon [_thread_blocked, id=6796, stack(0x00000000077e0000,0x00000000078e0000)]
  0x0000000005ade000 JavaThread "C1 CompilerThread2" daemon [_thread_blocked, id=5340, stack(0x00000000076e0000,0x00000000077e0000)]
  0x0000000007223800 JavaThread "C2 CompilerThread1" daemon [_thread_blocked, id=4444, stack(0x00000000075e0000,0x00000000076e0000)]
=>0x0000000005a84000 JavaThread "C2 CompilerThread0" daemon [_thread_in_native, id=6392, stack(0x00000000070e0000,0x00000000071e0000)]
  0x0000000005a77000 JavaThread "Attach Listener" daemon [_thread_blocked, id=6616, stack(0x0000000006fe0000,0x00000000070e0000)]
  0x0000000005a76000 JavaThread "Signal Dispatcher" daemon [_thread_blocked, id=5516, stack(0x0000000006ee0000,0x0000000006fe0000)]
  0x0000000005a6a800 JavaThread "Finalizer" daemon [_thread_blocked, id=6704, stack(0x0000000006ce0000,0x0000000006de0000)]
  0x000000000239f000 JavaThread "Reference Handler" daemon [_thread_blocked, id=1392, stack(0x0000000006be0000,0x0000000006ce0000)]
  0x00000000022b0800 JavaThread "main" [_thread_in_Java, id=5956, stack(0x00000000021a0000,0x00000000022a0000)]

Other Threads:
  0x0000000005a47800 VMThread [stack: 0x0000000006ae0000,0x0000000006be0000] [id=5912]
  0x00000000072a7800 WatcherThread [stack: 0x00000000078e0000,0x00000000079e0000] [id=6376]

VM state:not at safepoint (normal execution)

VM Mutex/Monitor currently owned by a thread: None

Heap:
 PSYoungGen      total 18944K, used 12774K [0x00000000eab00000, 0x00000000ec000000, 0x0000000100000000)
  eden space 16384K, 62% used [0x00000000eab00000,0x00000000eb4fae88,0x00000000ebb00000)
  from space 2560K, 99% used [0x00000000ebb00000,0x00000000ebd7eaa0,0x00000000ebd80000)
  to   space 2560K, 0% used [0x00000000ebd80000,0x00000000ebd80000,0x00000000ec000000)
 ParOldGen       total 44032K, used 2453K [0x00000000c0000000, 0x00000000c2b00000, 0x00000000eab00000)
  object space 44032K, 5% used [0x00000000c0000000,0x00000000c0265580,0x00000000c2b00000)
 Metaspace       used 5921K, capacity 6838K, committed 7040K, reserved 1056768K
  class space    used 600K, capacity 622K, committed 640K, reserved 1048576K

Card table byte_map: [0x0000000002770000,0x0000000002980000] byte_map_base: 0x0000000002170000

Marking Bits: (ParMarkBitMap*) 0x000000007150a6d0
 Begin Bits: [0x0000000002ee0000, 0x0000000003ee0000)
 End Bits:   [0x0000000003ee0000, 0x0000000004ee0000)

Polling page: 0x0000000000720000

CodeCache: size=245760Kb used=4207Kb max_used=4219Kb free=241552Kb
 bounds [0x000000000f010000, 0x000000000f440000, 0x000000001e010000]
 total_blobs=1362 nmethods=1093 adapters=182
 compilation: enabled

Compilation events (10 events):
Event: 1.675 Thread 0x0000000005ade000 nmethod 1091 0x000000000f42e310 code [0x000000000f42e460, 0x000000000f42e550]
Event: 1.675 Thread 0x0000000005ade000 1092       1       com.android.dx.cf.code.RopperMachine::getReturnPosition (5 bytes)
Event: 1.675 Thread 0x0000000005ade000 nmethod 1092 0x000000000f42e050 code [0x000000000f42e1a0, 0x000000000f42e2b0]
Event: 1.675 Thread 0x0000000005ade000 1095       1       com.android.dx.rop.code.Rop::getSources (5 bytes)
Event: 1.676 Thread 0x0000000005ade000 nmethod 1095 0x000000000f42dd90 code [0x000000000f42dee0, 0x000000000f42dff0]
Event: 1.676 Thread 0x0000000005ade000 1090       1       com.android.dx.rop.code.DexTranslationAdvice::getMaxOptimalRegisterCount (3 bytes)
Event: 1.676 Thread 0x0000000005ade000 nmethod 1090 0x000000000f42dad0 code [0x000000000f42dc20, 0x000000000f42dd30]
Event: 1.676 Thread 0x0000000005ade000 1088       1       com.android.dx.cf.code.Ropper::access$700 (5 bytes)
Event: 1.676 Thread 0x0000000005ade000 nmethod 1088 0x000000000f42d810 code [0x000000000f42d960, 0x000000000f42da50]
Event: 1.679 Thread 0x0000000007223800 nmethod 1097 0x000000000f42d250 code [0x000000000f42d3a0, 0x000000000f42d5d8]

GC Heap History (2 events):
Event: 1.373 GC heap before
{Heap before GC invocations=1 (full 0):
 PSYoungGen      total 18944K, used 16384K [0x00000000eab00000, 0x00000000ec000000, 0x0000000100000000)
  eden space 16384K, 100% used [0x00000000eab00000,0x00000000ebb00000,0x00000000ebb00000)
  from space 2560K, 0% used [0x00000000ebd80000,0x00000000ebd80000,0x00000000ec000000)
  to   space 2560K, 0% used [0x00000000ebb00000,0x00000000ebb00000,0x00000000ebd80000)
 ParOldGen       total 44032K, used 0K [0x00000000c0000000, 0x00000000c2b00000, 0x00000000eab00000)
  object space 44032K, 0% used [0x00000000c0000000,0x00000000c0000000,0x00000000c2b00000)
 Metaspace       used 5812K, capacity 6710K, committed 6784K, reserved 1056768K
  class space    used 600K, capacity 622K, committed 640K, reserved 1048576K
Event: 1.498 GC heap after
Heap after GC invocations=1 (full 0):
 PSYoungGen      total 18944K, used 2554K [0x00000000eab00000, 0x00000000ec000000, 0x0000000100000000)
  eden space 16384K, 0% used [0x00000000eab00000,0x00000000eab00000,0x00000000ebb00000)
  from space 2560K, 99% used [0x00000000ebb00000,0x00000000ebd7eaa0,0x00000000ebd80000)
  to   space 2560K, 0% used [0x00000000ebd80000,0x00000000ebd80000,0x00000000ec000000)
 ParOldGen       total 44032K, used 2453K [0x00000000c0000000, 0x00000000c2b00000, 0x00000000eab00000)
  object space 44032K, 5% used [0x00000000c0000000,0x00000000c0265580,0x00000000c2b00000)
 Metaspace       used 5812K, capacity 6710K, committed 6784K, reserved 1056768K
  class space    used 600K, capacity 622K, committed 640K, reserved 1048576K
}

Deoptimization events (8 events):
Event: 0.942 Thread 0x0000000007497800 Uncommon trap: reason=unstable_if action=reinterpret pc=0x000000000f223930 method=java.util.BitSet.nextSetBit(I)I @ 87
Event: 1.093 Thread 0x0000000007497800 Uncommon trap: reason=class_check action=maybe_recompile pc=0x000000000f257b30 method=com.android.dx.ssa.NormalSsaInsn.accept(Lcom/android/dx/ssa/SsaInsn$Visitor;)V @ 9
Event: 1.093 Thread 0x0000000007497800 Uncommon trap: reason=class_check action=maybe_recompile pc=0x000000000f257b30 method=com.android.dx.ssa.NormalSsaInsn.accept(Lcom/android/dx/ssa/SsaInsn$Visitor;)V @ 9
Event: 1.125 Thread 0x0000000007496000 Uncommon trap: reason=unstable_if action=reinterpret pc=0x000000000f2c62f8 method=com.android.dx.cf.code.Ropper.labelToResultIndex(I)I @ 34
Event: 1.126 Thread 0x0000000007496000 Uncommon trap: reason=unstable_if action=reinterpret pc=0x000000000f2c0ad8 method=com.android.dx.cf.code.Ropper.labelToResultIndex(I)I @ 34
Event: 1.229 Thread 0x0000000007497800 Uncommon trap: reason=null_check action=make_not_entrant pc=0x000000000f328b74 method=com.android.dx.ssa.SsaRenamer.getLocalForNewReg(I)Lcom/android/dx/rop/code/LocalItem; @ 19
Event: 1.270 Thread 0x0000000007497800 Uncommon trap: reason=unstable_if action=reinterpret pc=0x000000000f33301c method=com.android.dx.rop.cst.Constant.compareTo(Lcom/android/dx/rop/cst/Constant;)I @ 12
Event: 1.610 Thread 0x0000000007496000 Uncommon trap: reason=null_check action=make_not_entrant pc=0x000000000f31b2e0 method=com.android.dx.rop.type.Type.equals(Ljava/lang/Object;)Z @ 8

Internal exceptions (4 events):
Event: 0.047 Thread 0x00000000022b0800 Exception <a 'java/lang/NoSuchMethodError': Method sun.misc.Unsafe.defineClass(Ljava/lang/String;[BII)Ljava/lang/Class; name or signature does not match> (0x00000000eab07cc0) thrown at [C:\re\workspace\8-2-build-windows-amd64-cygwin\jdk8u101\7261\hotspot\s»{5¨?
Event: 0.047 Thread 0x00000000022b0800 Exception <a 'java/lang/NoSuchMethodError': Method sun.misc.Unsafe.prefetchRead(Ljava/lang/Object;J)V name or signature does not match> (0x00000000eab07fa8) thrown at [C:\re\workspace\8-2-build-windows-amd64-cygwin\jdk8u101\7261\hotspot\src\share\vm\prims\ÞºJ,±«ó?
Event: 1.229 Thread 0x0000000007497800 Implicit null exception at 0x000000000f326d1c to 0x000000000f328b39
Event: 1.610 Thread 0x0000000007496000 Implicit null exception at 0x000000000f31b1e2 to 0x000000000f31b2d2

Events (10 events):
Event: 1.270 Thread 0x0000000007497800 Uncommon trap: trap_request=0xffffff65 fr.pc=0x000000000f33301c
Event: 1.270 Thread 0x0000000007497800 DEOPT PACKING pc=0x000000000f33301c sp=0x0000000007dde490
Event: 1.270 Thread 0x0000000007497800 DEOPT UNPACKING pc=0x000000000f05582a sp=0x0000000007dde430 mode 2
Event: 1.271 Executing VM operation: ParallelGCFailedAllocation
Event: 1.498 Executing VM operation: ParallelGCFailedAllocation done
Event: 1.527 loading class com/android/dx/cf/code/SwitchList
Event: 1.527 loading class com/android/dx/cf/code/SwitchList done
Event: 1.610 Thread 0x0000000007496000 Uncommon trap: trap_request=0xfffffff4 fr.pc=0x000000000f31b2e0
Event: 1.610 Thread 0x0000000007496000 DEOPT PACKING pc=0x000000000f31b2e0 sp=0x0000000007ade9f0
Event: 1.610 Thread 0x0000000007496000 DEOPT UNPACKING pc=0x000000000f05582a sp=0x0000000007ade978 mode 2


Dynamic libraries:
0x00007ff7c0430000 - 0x00007ff7c0467000 	C:\Program Files\Java\jdk1.8.0_101\bin\java.exe
0x00007ffb95ef0000 - 0x00007ffb9609d000 	C:\Windows\SYSTEM32\ntdll.dll
0x00007ffb93f00000 - 0x00007ffb9403e000 	C:\Windows\system32\KERNEL32.DLL
0x00007ffb931c0000 - 0x00007ffb932d5000 	C:\Windows\system32\KERNELBASE.dll
0x00007ffb91b90000 - 0x00007ffb91c1e000 	C:\Windows\system32\apphelp.dll
0x00007ffb81b90000 - 0x00007ffb81be3000 	C:\Windows\AppPatch\AppPatch64\AcGenral.DLL
0x00007ffb93630000 - 0x00007ffb936da000 	C:\Windows\system32\msvcrt.dll
0x00007ffb930e0000 - 0x00007ffb9310e000 	C:\Windows\system32\SspiCli.dll
0x00007ffb95df0000 - 0x00007ffb95e44000 	C:\Windows\system32\SHLWAPI.dll
0x00007ffb93740000 - 0x00007ffb938b7000 	C:\Windows\system32\USER32.dll
0x00007ffb95780000 - 0x00007ffb95914000 	C:\Windows\system32\ole32.dll
0x00007ffb94040000 - 0x00007ffb95568000 	C:\Windows\system32\SHELL32.dll
0x00007ffb92590000 - 0x00007ffb925b1000 	C:\Windows\SYSTEM32\USERENV.dll
0x00007ffb95570000 - 0x00007ffb9561a000 	C:\Windows\system32\ADVAPI32.dll
0x00007ffb8b5f0000 - 0x00007ffb8b60e000 	C:\Windows\SYSTEM32\MPR.dll
0x00007ffb93a20000 - 0x00007ffb93b60000 	C:\Windows\system32\RPCRT4.dll
0x00007ffb95920000 - 0x00007ffb95979000 	C:\Windows\SYSTEM32\sechost.dll
0x00007ffb959e0000 - 0x00007ffb95bf1000 	C:\Windows\SYSTEM32\combase.dll
0x00007ffb95630000 - 0x00007ffb9577f000 	C:\Windows\system32\GDI32.dll
0x00007ffb93010000 - 0x00007ffb93025000 	C:\Windows\SYSTEM32\profapi.dll
0x00007ffb91540000 - 0x00007ffb915f2000 	C:\Windows\SYSTEM32\SHCORE.dll
0x00007ffb95db0000 - 0x00007ffb95de6000 	C:\Windows\system32\IMM32.DLL
0x00007ffb938c0000 - 0x00007ffb93a12000 	C:\Windows\system32\MSCTF.dll
0x00007ffb92f50000 - 0x00007ffb92f81000 	C:\Windows\system32\nvinitx.dll
0x00007ffb92f40000 - 0x00007ffb92f4a000 	C:\Windows\SYSTEM32\VERSION.dll
0x000000000f000000 - 0x000000000f006000 	C:\Program Files\NVIDIA Corporation\CoProcManager\_etoured.dll
0x00007ffb91ca0000 - 0x00007ffb91cd1000 	C:\Program Files\NVIDIA Corporation\CoProcManager\nvd3d9wrapx.dll
0x00007ffb93b60000 - 0x00007ffb93d3a000 	C:\Windows\system32\SETUPAPI.dll
0x00007ffb93170000 - 0x00007ffb931bf000 	C:\Windows\system32\CFGMGR32.dll
0x00007ffb91740000 - 0x00007ffb91762000 	C:\Program Files\NVIDIA Corporation\CoProcManager\nvdxgiwrapx.dll
0x00007ffb910c0000 - 0x00007ffb9133b000 	C:\Windows\WinSxS\amd64_microsoft.windows.common-controls_6595b64144ccf1df_6.0.9600.18006_none_623f33d3ecbe86e8\COMCTL32.dll
0x0000000070860000 - 0x0000000070932000 	C:\Program Files\Java\jdk1.8.0_101\jre\bin\msvcr100.dll
0x0000000070cf0000 - 0x000000007158a000 	C:\Program Files\Java\jdk1.8.0_101\jre\bin\server\jvm.dll
0x00007ffb8d160000 - 0x00007ffb8d169000 	C:\Windows\SYSTEM32\WSOCK32.dll
0x00007ffb90bf0000 - 0x00007ffb90c12000 	C:\Windows\SYSTEM32\WINMM.dll
0x00007ffb95ec0000 - 0x00007ffb95ec7000 	C:\Windows\system32\PSAPI.DLL
0x00007ffb936e0000 - 0x00007ffb9373a000 	C:\Windows\system32\WS2_32.dll
0x00007ffb90bc0000 - 0x00007ffb90bea000 	C:\Windows\SYSTEM32\WINMMBASE.dll
0x00007ffb95620000 - 0x00007ffb95629000 	C:\Windows\system32\NSI.dll
0x00007ffb91de0000 - 0x00007ffb91e08000 	C:\Windows\SYSTEM32\DEVOBJ.dll
0x0000000071890000 - 0x000000007189f000 	C:\Program Files\Java\jdk1.8.0_101\jre\bin\verify.dll
0x0000000070cc0000 - 0x0000000070ce9000 	C:\Program Files\Java\jdk1.8.0_101\jre\bin\java.dll
0x0000000070ca0000 - 0x0000000070cb6000 	C:\Program Files\Java\jdk1.8.0_101\jre\bin\zip.dll

VM Arguments:
jvm_args: -Djava.awt.headless=true -Xmx1024M -Dfile.encoding=windows-1256 -Duser.country=US -Duser.language=en -Duser.variant 
java_command: com.android.dx.command.Main --dex --force-jumbo --num-threads=4 --multi-dex --output E:\Android summer training\Pro\PipTalk\app\build\intermediates\transforms\dex\debug\folders\1000\10\minidns-0.1.7_4ede79b173e04e06cb7062a9542fb8678aefc451 C:\Users\EL MAGIC\.gradle\caches\modules-2\files-2.1\de.measite.minidns\minidns\0.1.7\993582d1455b93a5723d2af4b39d8679735b3550\minidns-0.1.7.jar
java_class_path (initial): E:\BFCI\android SDK\android-sdk-windows\build-tools\24.0.1\lib\dx.jar
Launcher Type: SUN_STANDARD

Environment Variables:
PATH=C:\ProgramData\Oracle\Java\javapath;C:\Windows\system32;C:\Windows;C:\Windows\System32\Wbem;C:\Windows\System32\WindowsPowerShell\v1.0\;C:\Program Files (x86)\Microsoft SQL Server\100\Tools\Binn\;C:\Program Files\Microsoft SQL Server\100\Tools\Binn\;C:\Program Files\Microsoft SQL Server\100\DTS\Binn\;C:\Program Files (x86)\MySQL\MySQL Server 5.0\bin;E:\Installed Programs\runtime\win64;E:\Installed Programs\bin;E:\Installed Programs\polyspace\bin
USERNAME=EL MAGIC
OS=Windows_NT
PROCESSOR_IDENTIFIER=Intel64 Family 6 Model 42 Stepping 7, GenuineIntel



---------------  S Y S T E M  ---------------

OS: Windows 8.1 , 64 bit Build 9600 (6.3.9600.17415)

CPU:total 4 (2 cores per cpu, 2 threads per core) family 6 model 42 stepping 7, cmov, cx8, fxsr, mmx, sse, sse2, sse3, ssse3, sse4.1, sse4.2, popcnt, avx, aes, clmul, ht, tsc, tscinvbit

Memory: 4k page, physical 4098096k(467304k free), swap 7243824k(5144k free)

vm_info: Java HotSpot(TM) 64-Bit Server VM (25.101-b13) for windows-amd64 JRE (1.8.0_101-b13), built on Jun 22 2016 01:21:29 by "java_re" with MS VC++ 10.0 (VS2010)

time: Tue Feb 28 02:26:47 2017
elapsed time: 1 seconds (0d 0h 0m 1s)

