#
# There is insufficient memory for the Java Runtime Environment to continue.
# Native memory allocation (malloc) failed to allocate 80176 bytes for Chunk::new
# Possible reasons:
#   The system is out of physical RAM or swap space
#   In 32 bit mode, the process size limit was hit
# Possible solutions:
#   Reduce memory load on the system
#   Increase physical memory or swap space
#   Check if swap backing store is full
#   Use 64 bit Java on a 64 bit OS
#   Decrease Java heap size (-Xmx/-Xms)
#   Decrease number of Java threads
#   Decrease Java thread stack sizes (-Xss)
#   Set larger code cache with -XX:ReservedCodeCacheSize=
# This output file may be truncated or incomplete.
#
#  Out of Memory Error (allocation.cpp:390), pid=4760, tid=0x0000000000000b34
#
# JRE version: Java(TM) SE Runtime Environment (8.0_101-b13) (build 1.8.0_101-b13)
# Java VM: Java HotSpot(TM) 64-Bit Server VM (25.101-b13 mixed mode windows-amd64 compressed oops)
# Failed to write core dump. Minidumps are not enabled by default on client versions of Windows
#

---------------  T H R E A D  ---------------

Current thread (0x00000000058b8000):  JavaThread "C2 CompilerThread0" daemon [_thread_in_native, id=2868, stack(0x0000000006ea0000,0x0000000006fa0000)]

Stack: [0x0000000006ea0000,0x0000000006fa0000]
[error occurred during error reporting (printing stack bounds), id 0xc0000005]

Native frames: (J=compiled Java code, j=interpreted, Vv=VM code, C=native code)


Current CompileTask:
C2:   3707 1319       4       java.util.TreeMap::get (19 bytes)


---------------  P R O C E S S  ---------------

Java Threads: ( => current thread )
  0x000000000729b800 JavaThread "pool-1-thread-1" [_thread_in_Java, id=2576, stack(0x00000000077a0000,0x00000000078a0000)]
  0x0000000007126000 JavaThread "Service Thread" daemon [_thread_blocked, id=6216, stack(0x00000000075a0000,0x00000000076a0000)]
  0x00000000058cb000 JavaThread "C1 CompilerThread2" daemon [_thread_blocked, id=904, stack(0x00000000074a0000,0x00000000075a0000)]
  0x00000000058c8000 JavaThread "C2 CompilerThread1" daemon [_thread_in_native, id=3896, stack(0x0000000006fa0000,0x00000000070a0000)]
=>0x00000000058b8000 JavaThread "C2 CompilerThread0" daemon [_thread_in_native, id=2868, stack(0x0000000006ea0000,0x0000000006fa0000)]
  0x00000000058b6000 JavaThread "Attach Listener" daemon [_thread_blocked, id=5908, stack(0x0000000006da0000,0x0000000006ea0000)]
  0x00000000058b5800 JavaThread "Signal Dispatcher" daemon [_thread_blocked, id=4508, stack(0x0000000006ca0000,0x0000000006da0000)]
  0x000000000219a000 JavaThread "Finalizer" daemon [_thread_blocked, id=6520, stack(0x0000000006ac0000,0x0000000006bc0000)]
  0x000000000218f000 JavaThread "Reference Handler" daemon [_thread_blocked, id=1100, stack(0x00000000069c0000,0x0000000006ac0000)]
  0x00000000020a0800 JavaThread "main" [_thread_blocked, id=2220, stack(0x0000000001f40000,0x0000000002040000)]

Other Threads:
  0x0000000005837800 VMThread [stack: 0x00000000068c0000,0x00000000069c0000] [id=3892]
  0x0000000007144800 WatcherThread [stack: 0x00000000076a0000,0x00000000077a0000] [id=3464]

VM state:not at safepoint (normal execution)

VM Mutex/Monitor currently owned by a thread: None

Heap:
 PSYoungGen      total 18944K, used 15254K [0x00000000eab00000, 0x00000000ed000000, 0x0000000100000000)
  eden space 16384K, 77% used [0x00000000eab00000,0x00000000eb76b128,0x00000000ebb00000)
  from space 2560K, 99% used [0x00000000ebb00000,0x00000000ebd7aaa8,0x00000000ebd80000)
  to   space 2560K, 0% used [0x00000000ecd80000,0x00000000ecd80000,0x00000000ed000000)
 ParOldGen       total 44032K, used 1520K [0x00000000c0000000, 0x00000000c2b00000, 0x00000000eab00000)
  object space 44032K, 3% used [0x00000000c0000000,0x00000000c017c340,0x00000000c2b00000)
 Metaspace       used 6102K, capacity 7024K, committed 7296K, reserved 1058816K
  class space    used 605K, capacity 616K, committed 640K, reserved 1048576K

Card table byte_map: [0x0000000002560000,0x0000000002770000] byte_map_base: 0x0000000001f60000

Marking Bits: (ParMarkBitMap*) 0x000000007150a6d0
 Begin Bits: [0x0000000002cd0000, 0x0000000003cd0000)
 End Bits:   [0x0000000003cd0000, 0x0000000004cd0000)

Polling page: 0x00000000004d0000

CodeCache: size=245760Kb used=5227Kb max_used=5227Kb free=240532Kb
 bounds [0x000000000f010000, 0x000000000f530000, 0x000000001e010000]
 total_blobs=1628 nmethods=1363 adapters=176
 compilation: enabled

Compilation events (10 events):
Event: 2.960 Thread 0x00000000058b8000 nmethod 1311 0x000000000f50c5d0 code [0x000000000f50c740, 0x000000000f50cbd8]
Event: 2.960 Thread 0x00000000058b8000 1309       4       com.android.dx.dex.file.Section::throwIfPrepared (18 bytes)
Event: 2.961 Thread 0x00000000058b8000 nmethod 1309 0x000000000f4d3d10 code [0x000000000f4d3e40, 0x000000000f4d3eb8]
Event: 3.653 Thread 0x00000000058cb000 1316  s    3       com.android.dx.dex.file.TypeIdsSection::intern (62 bytes)
Event: 3.653 Thread 0x00000000058b8000 1319       4       java.util.TreeMap::get (19 bytes)
Event: 3.654 Thread 0x00000000058cb000 nmethod 1316 0x000000000f50d8d0 code [0x000000000f50dae0, 0x000000000f50e6c8]
Event: 3.654 Thread 0x00000000058cb000 1318       3       com.android.dx.rop.type.StdTypeList::hashContents (40 bytes)
Event: 3.655 Thread 0x00000000058cb000 nmethod 1318 0x000000000f511e50 code [0x000000000f511fe0, 0x000000000f512508]
Event: 3.655 Thread 0x00000000058cb000 1317       3       com.android.dx.dex.file.TypeListItem::hashCode (8 bytes)
Event: 3.655 Thread 0x00000000058cb000 nmethod 1317 0x000000000f50d550 code [0x000000000f50d6c0, 0x000000000f50d848]

GC Heap History (2 events):
Event: 1.721 GC heap before
{Heap before GC invocations=1 (full 0):
 PSYoungGen      total 18944K, used 16384K [0x00000000eab00000, 0x00000000ec000000, 0x0000000100000000)
  eden space 16384K, 100% used [0x00000000eab00000,0x00000000ebb00000,0x00000000ebb00000)
  from space 2560K, 0% used [0x00000000ebd80000,0x00000000ebd80000,0x00000000ec000000)
  to   space 2560K, 0% used [0x00000000ebb00000,0x00000000ebb00000,0x00000000ebd80000)
 ParOldGen       total 44032K, used 0K [0x00000000c0000000, 0x00000000c2b00000, 0x00000000eab00000)
  object space 44032K, 0% used [0x00000000c0000000,0x00000000c0000000,0x00000000c2b00000)
 Metaspace       used 5682K, capacity 6704K, committed 6784K, reserved 1056768K
  class space    used 586K, capacity 616K, committed 640K, reserved 1048576K
Event: 1.818 GC heap after
Heap after GC invocations=1 (full 0):
 PSYoungGen      total 18944K, used 2538K [0x00000000eab00000, 0x00000000ed000000, 0x0000000100000000)
  eden space 16384K, 0% used [0x00000000eab00000,0x00000000eab00000,0x00000000ebb00000)
  from space 2560K, 99% used [0x00000000ebb00000,0x00000000ebd7aaa8,0x00000000ebd80000)
  to   space 2560K, 0% used [0x00000000ecd80000,0x00000000ecd80000,0x00000000ed000000)
 ParOldGen       total 44032K, used 1520K [0x00000000c0000000, 0x00000000c2b00000, 0x00000000eab00000)
  object space 44032K, 3% used [0x00000000c0000000,0x00000000c017c340,0x00000000c2b00000)
 Metaspace       used 5682K, capacity 6704K, committed 6784K, reserved 1056768K
  class space    used 586K, capacity 616K, committed 640K, reserved 1048576K
}

Deoptimization events (10 events):
Event: 2.842 Thread 0x000000000729b800 Uncommon trap: reason=class_check action=maybe_recompile pc=0x000000000f44b3b8 method=java.util.Arrays.hashCode([Ljava/lang/Object;)I @ 43
Event: 2.863 Thread 0x000000000729b800 Uncommon trap: reason=bimorphic action=maybe_recompile pc=0x000000000f2d4c2c method=java.util.HashMap.getNode(ILjava/lang/Object;)Ljava/util/HashMap$Node; @ 126
Event: 2.864 Thread 0x000000000729b800 Uncommon trap: reason=bimorphic action=maybe_recompile pc=0x000000000f2d4c2c method=java.util.HashMap.getNode(ILjava/lang/Object;)Ljava/util/HashMap$Node; @ 126
Event: 2.866 Thread 0x000000000729b800 Uncommon trap: reason=bimorphic action=maybe_recompile pc=0x000000000f2d4c2c method=java.util.HashMap.getNode(ILjava/lang/Object;)Ljava/util/HashMap$Node; @ 126
Event: 2.866 Thread 0x000000000729b800 Uncommon trap: reason=bimorphic action=maybe_recompile pc=0x000000000f2d4c2c method=java.util.HashMap.getNode(ILjava/lang/Object;)Ljava/util/HashMap$Node; @ 126
Event: 2.878 Thread 0x000000000729b800 Uncommon trap: reason=class_check action=maybe_recompile pc=0x000000000f4a6284 method=java.util.HashMap.putVal(ILjava/lang/Object;Ljava/lang/Object;ZZ)Ljava/lang/Object; @ 203
Event: 2.878 Thread 0x000000000729b800 Uncommon trap: reason=class_check action=maybe_recompile pc=0x000000000f4a6284 method=java.util.HashMap.putVal(ILjava/lang/Object;Ljava/lang/Object;ZZ)Ljava/lang/Object; @ 203
Event: 2.878 Thread 0x000000000729b800 Uncommon trap: reason=class_check action=maybe_recompile pc=0x000000000f4a6284 method=java.util.HashMap.putVal(ILjava/lang/Object;Ljava/lang/Object;ZZ)Ljava/lang/Object; @ 203
Event: 2.878 Thread 0x000000000729b800 Uncommon trap: reason=class_check action=maybe_recompile pc=0x000000000f4a6284 method=java.util.HashMap.putVal(ILjava/lang/Object;Ljava/lang/Object;ZZ)Ljava/lang/Object; @ 203
Event: 2.878 Thread 0x000000000729b800 Uncommon trap: reason=class_check action=maybe_recompile pc=0x000000000f4aa7bc method=java.util.HashMap.putVal(ILjava/lang/Object;Ljava/lang/Object;ZZ)Ljava/lang/Object; @ 203

Internal exceptions (3 events):
Event: 0.246 Thread 0x00000000020a0800 Exception <a 'java/lang/NoSuchMethodError': Method sun.misc.Unsafe.defineClass(Ljava/lang/String;[BII)Ljava/lang/Class; name or signature does not match> (0x00000000eab07cc0) thrown at [C:\re\workspace\8-2-build-windows-amd64-cygwin\jdk8u101\7261\hotspot\sZ³:ŠÏ?
Event: 0.246 Thread 0x00000000020a0800 Exception <a 'java/lang/NoSuchMethodError': Method sun.misc.Unsafe.prefetchRead(Ljava/lang/Object;J)V name or signature does not match> (0x00000000eab07fa8) thrown at [C:\re\workspace\8-2-build-windows-amd64-cygwin\jdk8u101\7261\hotspot\src\share\vm\prims\¯À~Õ
s@
Event: 2.431 Thread 0x000000000729a000 Implicit null exception at 0x000000000f2f9822 to 0x000000000f2f9912

Events (10 events):
Event: 2.878 Thread 0x000000000729b800 DEOPT PACKING pc=0x000000000f4a6284 sp=0x000000000789ef10
Event: 2.878 Thread 0x000000000729b800 DEOPT UNPACKING pc=0x000000000f05582a sp=0x000000000789ee30 mode 2
Event: 2.878 Thread 0x000000000729b800 Uncommon trap: trap_request=0xffffffde fr.pc=0x000000000f4a6284
Event: 2.878 Thread 0x000000000729b800 DEOPT PACKING pc=0x000000000f4a6284 sp=0x000000000789ef10
Event: 2.878 Thread 0x000000000729b800 DEOPT UNPACKING pc=0x000000000f05582a sp=0x000000000789ee30 mode 2
Event: 2.878 Thread 0x000000000729b800 Uncommon trap: trap_request=0xffffffde fr.pc=0x000000000f4aa7bc
Event: 2.878 Thread 0x000000000729b800 DEOPT PACKING pc=0x000000000f4aa7bc sp=0x000000000789ee70
Event: 2.878 Thread 0x000000000729b800 DEOPT UNPACKING pc=0x000000000f05582a sp=0x000000000789ee28 mode 2
Event: 2.909 loading class com/android/dx/dex/file/ProtoIdItem
Event: 2.909 loading class com/android/dx/dex/file/ProtoIdItem done


Dynamic libraries:
0x00007ff7c0430000 - 0x00007ff7c0467000 	C:\Program Files\Java\jdk1.8.0_101\bin\java.exe
0x00007ffb95ef0000 - 0x00007ffb9609d000 	C:\Windows\SYSTEM32\ntdll.dll
0x00007ffb93f00000 - 0x00007ffb9403e000 	C:\Windows\system32\KERNEL32.DLL
0x00007ffb931c0000 - 0x00007ffb932d5000 	C:\Windows\system32\KERNELBASE.dll
0x00007ffb91b90000 - 0x00007ffb91c1e000 	C:\Windows\system32\apphelp.dll
0x00007ffb81b90000 - 0x00007ffb81be3000 	C:\Windows\AppPatch\AppPatch64\AcGenral.DLL
0x00007ffb93630000 - 0x00007ffb936da000 	C:\Windows\system32\msvcrt.dll
0x00007ffb930e0000 - 0x00007ffb9310e000 	C:\Windows\system32\SspiCli.dll
0x00007ffb95df0000 - 0x00007ffb95e44000 	C:\Windows\system32\SHLWAPI.dll
0x00007ffb93740000 - 0x00007ffb938b7000 	C:\Windows\system32\USER32.dll
0x00007ffb95780000 - 0x00007ffb95914000 	C:\Windows\system32\ole32.dll
0x00007ffb94040000 - 0x00007ffb95568000 	C:\Windows\system32\SHELL32.dll
0x00007ffb92590000 - 0x00007ffb925b1000 	C:\Windows\SYSTEM32\USERENV.dll
0x00007ffb95570000 - 0x00007ffb9561a000 	C:\Windows\system32\ADVAPI32.dll
0x00007ffb8b5f0000 - 0x00007ffb8b60e000 	C:\Windows\SYSTEM32\MPR.dll
0x00007ffb93a20000 - 0x00007ffb93b60000 	C:\Windows\system32\RPCRT4.dll
0x00007ffb95920000 - 0x00007ffb95979000 	C:\Windows\SYSTEM32\sechost.dll
0x00007ffb959e0000 - 0x00007ffb95bf1000 	C:\Windows\SYSTEM32\combase.dll
0x00007ffb95630000 - 0x00007ffb9577f000 	C:\Windows\system32\GDI32.dll
0x00007ffb93010000 - 0x00007ffb93025000 	C:\Windows\SYSTEM32\profapi.dll
0x00007ffb91540000 - 0x00007ffb915f2000 	C:\Windows\SYSTEM32\SHCORE.dll
0x00007ffb95db0000 - 0x00007ffb95de6000 	C:\Windows\system32\IMM32.DLL
0x00007ffb938c0000 - 0x00007ffb93a12000 	C:\Windows\system32\MSCTF.dll
0x00007ffb92f50000 - 0x00007ffb92f81000 	C:\Windows\system32\nvinitx.dll
0x00007ffb92f40000 - 0x00007ffb92f4a000 	C:\Windows\SYSTEM32\VERSION.dll
0x000000000f000000 - 0x000000000f006000 	C:\Program Files\NVIDIA Corporation\CoProcManager\_etoured.dll
0x00007ffb91ca0000 - 0x00007ffb91cd1000 	C:\Program Files\NVIDIA Corporation\CoProcManager\nvd3d9wrapx.dll
0x00007ffb93b60000 - 0x00007ffb93d3a000 	C:\Windows\system32\SETUPAPI.dll
0x00007ffb93170000 - 0x00007ffb931bf000 	C:\Windows\system32\CFGMGR32.dll
0x00007ffb91740000 - 0x00007ffb91762000 	C:\Program Files\NVIDIA Corporation\CoProcManager\nvdxgiwrapx.dll
0x00007ffb910c0000 - 0x00007ffb9133b000 	C:\Windows\WinSxS\amd64_microsoft.windows.common-controls_6595b64144ccf1df_6.0.9600.18006_none_623f33d3ecbe86e8\COMCTL32.dll
0x0000000070860000 - 0x0000000070932000 	C:\Program Files\Java\jdk1.8.0_101\jre\bin\msvcr100.dll
0x0000000070cf0000 - 0x000000007158a000 	C:\Program Files\Java\jdk1.8.0_101\jre\bin\server\jvm.dll
0x00007ffb8d160000 - 0x00007ffb8d169000 	C:\Windows\SYSTEM32\WSOCK32.dll
0x00007ffb90bf0000 - 0x00007ffb90c12000 	C:\Windows\SYSTEM32\WINMM.dll
0x00007ffb95ec0000 - 0x00007ffb95ec7000 	C:\Windows\system32\PSAPI.DLL
0x00007ffb936e0000 - 0x00007ffb9373a000 	C:\Windows\system32\WS2_32.dll
0x00007ffb90bc0000 - 0x00007ffb90bea000 	C:\Windows\SYSTEM32\WINMMBASE.dll
0x00007ffb95620000 - 0x00007ffb95629000 	C:\Windows\system32\NSI.dll
0x00007ffb91de0000 - 0x00007ffb91e08000 	C:\Windows\SYSTEM32\DEVOBJ.dll
0x0000000071890000 - 0x000000007189f000 	C:\Program Files\Java\jdk1.8.0_101\jre\bin\verify.dll
0x0000000070cc0000 - 0x0000000070ce9000 	C:\Program Files\Java\jdk1.8.0_101\jre\bin\java.dll
0x0000000070ca0000 - 0x0000000070cb6000 	C:\Program Files\Java\jdk1.8.0_101\jre\bin\zip.dll

VM Arguments:
jvm_args: -Djava.awt.headless=true -Xmx1024M -Dfile.encoding=windows-1256 -Duser.country=US -Duser.language=en -Duser.variant 
java_command: com.android.dx.command.Main --dex --force-jumbo --num-threads=4 --multi-dex --output E:\Android summer training\Pro\PipTalk\app\build\intermediates\transforms\dex\debug\folders\1000\10\internal_impl-24.2.1_fe5eb295627a0c697653e8d4c2a68af180fc8085 E:\Android summer training\Pro\PipTalk\app\build\intermediates\exploded-aar\com.android.support\support-media-compat\24.2.1\jars\libs\internal_impl-24.2.1.jar
java_class_path (initial): E:\BFCI\android SDK\android-sdk-windows\build-tools\24.0.1\lib\dx.jar
Launcher Type: SUN_STANDARD

Environment Variables:
PATH=C:\ProgramData\Oracle\Java\javapath;C:\Windows\system32;C:\Windows;C:\Windows\System32\Wbem;C:\Windows\System32\WindowsPowerShell\v1.0\;C:\Program Files (x86)\Microsoft SQL Server\100\Tools\Binn\;C:\Program Files\Microsoft SQL Server\100\Tools\Binn\;C:\Program Files\Microsoft SQL Server\100\DTS\Binn\;C:\Program Files (x86)\MySQL\MySQL Server 5.0\bin;E:\Installed Programs\runtime\win64;E:\Installed Programs\bin;E:\Installed Programs\polyspace\bin
USERNAME=EL MAGIC
OS=Windows_NT
PROCESSOR_IDENTIFIER=Intel64 Family 6 Model 42 Stepping 7, GenuineIntel



---------------  S Y S T E M  ---------------

OS: Windows 8.1 , 64 bit Build 9600 (6.3.9600.17415)

CPU:total 4 (2 cores per cpu, 2 threads per core) family 6 model 42 stepping 7, cmov, cx8, fxsr, mmx, sse, sse2, sse3, ssse3, sse4.1, sse4.2, popcnt, avx, aes, clmul, ht, tsc, tscinvbit

Memory: 4k page, physical 4098096k(163296k free), swap 7243824k(5076k free)

vm_info: Java HotSpot(TM) 64-Bit Server VM (25.101-b13) for windows-amd64 JRE (1.8.0_101-b13), built on Jun 22 2016 01:21:29 by "java_re" with MS VC++ 10.0 (VS2010)

time: Tue Feb 28 00:05:01 2017
elapsed time: 3 seconds (0d 0h 0m 3s)

