#
# There is insufficient memory for the Java Runtime Environment to continue.
# Native memory allocation (malloc) failed to allocate 158736 bytes for Chunk::new
# Possible reasons:
#   The system is out of physical RAM or swap space
#   In 32 bit mode, the process size limit was hit
# Possible solutions:
#   Reduce memory load on the system
#   Increase physical memory or swap space
#   Check if swap backing store is full
#   Use 64 bit Java on a 64 bit OS
#   Decrease Java heap size (-Xmx/-Xms)
#   Decrease number of Java threads
#   Decrease Java thread stack sizes (-Xss)
#   Set larger code cache with -XX:ReservedCodeCacheSize=
# This output file may be truncated or incomplete.
#
#  Out of Memory Error (allocation.cpp:390), pid=1324, tid=0x00000000000012e0
#
# JRE version: Java(TM) SE Runtime Environment (8.0_101-b13) (build 1.8.0_101-b13)
# Java VM: Java HotSpot(TM) 64-Bit Server VM (25.101-b13 mixed mode windows-amd64 compressed oops)
# Failed to write core dump. Minidumps are not enabled by default on client versions of Windows
#

---------------  T H R E A D  ---------------

Current thread (0x0000000007673800):  JavaThread "C2 CompilerThread1" daemon [_thread_in_native, id=4832, stack(0x0000000007a30000,0x0000000007b30000)]

Stack: [0x0000000007a30000,0x0000000007b30000]
[error occurred during error reporting (printing stack bounds), id 0xc0000005]

Native frames: (J=compiled Java code, j=interpreted, Vv=VM code, C=native code)


Current CompileTask:
C2:   2962  648       4       com.android.dx.ssa.NormalSsaInsn::accept (25 bytes)


---------------  P R O C E S S  ---------------

Java Threads: ( => current thread )
  0x00000000078b4000 JavaThread "pool-1-thread-4" [_thread_blocked, id=4884, stack(0x0000000008230000,0x0000000008330000)]
  0x00000000078b1000 JavaThread "pool-1-thread-3" [_thread_in_Java, id=2516, stack(0x0000000008130000,0x0000000008230000)]
  0x00000000078b0000 JavaThread "pool-1-thread-2" [_thread_in_Java, id=6872, stack(0x0000000008030000,0x0000000008130000)]
  0x00000000078af000 JavaThread "pool-2-thread-1" [_thread_blocked, id=3576, stack(0x0000000007f30000,0x0000000008030000)]
  0x00000000078ab800 JavaThread "pool-1-thread-1" [_thread_in_vm, id=4212, stack(0x0000000007e30000,0x0000000007f30000)]
  0x0000000007689800 JavaThread "Service Thread" daemon [_thread_blocked, id=3240, stack(0x0000000007c30000,0x0000000007d30000)]
  0x0000000007677000 JavaThread "C1 CompilerThread2" daemon [_thread_blocked, id=4920, stack(0x0000000007b30000,0x0000000007c30000)]
=>0x0000000007673800 JavaThread "C2 CompilerThread1" daemon [_thread_in_native, id=4832, stack(0x0000000007a30000,0x0000000007b30000)]
  0x0000000005f04800 JavaThread "C2 CompilerThread0" daemon [_thread_in_native, id=488, stack(0x0000000007530000,0x0000000007630000)]
  0x0000000005ef7000 JavaThread "Attach Listener" daemon [_thread_blocked, id=7044, stack(0x0000000007430000,0x0000000007530000)]
  0x0000000005ef6000 JavaThread "Signal Dispatcher" daemon [_thread_blocked, id=3588, stack(0x0000000007330000,0x0000000007430000)]
  0x00000000027fa000 JavaThread "Finalizer" daemon [_thread_blocked, id=6156, stack(0x0000000007150000,0x0000000007250000)]
  0x0000000005ec9000 JavaThread "Reference Handler" daemon [_thread_blocked, id=6236, stack(0x0000000007050000,0x0000000007150000)]
  0x0000000002700800 JavaThread "main" [_thread_blocked, id=7040, stack(0x00000000025d0000,0x00000000026d0000)]

Other Threads:
  0x0000000005ec6800 VMThread [stack: 0x0000000006f50000,0x0000000007050000] [id=5228]
  0x00000000076f0000 WatcherThread [stack: 0x0000000007d30000,0x0000000007e30000] [id=3536]

VM state:not at safepoint (normal execution)

VM Mutex/Monitor currently owned by a thread:  ([mutex/lock_event])
[0x000000000282ba20] Patching_lock - owner thread: 0x0000000000000000

Heap:
 PSYoungGen      total 18944K, used 13460K [0x00000000eab00000, 0x00000000ec000000, 0x0000000100000000)
  eden space 16384K, 82% used [0x00000000eab00000,0x00000000eb825318,0x00000000ebb00000)
  from space 2560K, 0% used [0x00000000ebd80000,0x00000000ebd80000,0x00000000ec000000)
  to   space 2560K, 0% used [0x00000000ebb00000,0x00000000ebb00000,0x00000000ebd80000)
 ParOldGen       total 44032K, used 0K [0x00000000c0000000, 0x00000000c2b00000, 0x00000000eab00000)
  object space 44032K, 0% used [0x00000000c0000000,0x00000000c0000000,0x00000000c2b00000)
 Metaspace       used 5729K, capacity 6644K, committed 6784K, reserved 1056768K
  class space    used 601K, capacity 620K, committed 640K, reserved 1048576K

Card table byte_map: [0x0000000002bf0000,0x0000000002e00000] byte_map_base: 0x00000000025f0000

Marking Bits: (ParMarkBitMap*) 0x00000000774aa6d0
 Begin Bits: [0x0000000003360000, 0x0000000004360000)
 End Bits:   [0x0000000004360000, 0x0000000005360000)

Polling page: 0x00000000009e0000

CodeCache: size=245760Kb used=2560Kb max_used=2571Kb free=243199Kb
 bounds [0x000000000f010000, 0x000000000f2a0000, 0x000000001e010000]
 total_blobs=893 nmethods=624 adapters=182
 compilation: enabled

Compilation events (10 events):
Event: 2.903 Thread 0x0000000005f04800 nmethod 641 0x000000000f2931d0 code [0x000000000f293320, 0x000000000f2933f8]
Event: 2.903 Thread 0x0000000005f04800  642       4       com.android.dx.ssa.NormalSsaInsn::isNormalMoveInsn (20 bytes)
Event: 2.904 Thread 0x0000000007677000 nmethod 608 0x000000000f28c910 code [0x000000000f28ca80, 0x000000000f28cd50]
Event: 2.904 Thread 0x0000000007677000  634   !   3       com.android.dx.cf.code.BytecodeArray::parseInstruction (2764 bytes)
Event: 2.904 Thread 0x0000000005f04800 nmethod 642 0x000000000f27e6d0 code [0x000000000f27e800, 0x000000000f27e898]
Event: 2.904 Thread 0x0000000005f04800  644       4       com.android.dx.ssa.SsaBasicBlock::forEachInsn (37 bytes)
Event: 2.905 Thread 0x0000000007673800 nmethod 640 0x000000000f28c4d0 code [0x000000000f28c620, 0x000000000f28c7a8]
Event: 2.906 Thread 0x0000000007673800  647   !   4       com.android.dx.util.FixedSizeList::<init> (36 bytes)
Event: 2.907 Thread 0x0000000007673800 nmethod 647 0x000000000f28c150 code [0x000000000f28c2a0, 0x000000000f28c3f8]
Event: 2.907 Thread 0x0000000007673800  648       4       com.android.dx.ssa.NormalSsaInsn::accept (25 bytes)

GC Heap History (0 events):
No events

Deoptimization events (0 events):
No events

Internal exceptions (2 events):
Event: 1.554 Thread 0x0000000002700800 Exception <a 'java/lang/NoSuchMethodError': Method sun.misc.Unsafe.defineClass(Ljava/lang/String;[BII)Ljava/lang/Class; name or signature does not match> (0x00000000eab07cc0) thrown at [C:\re\workspace\8-2-build-windows-amd64-cygwin\jdk8u101\7261\hotspot\sÓ9œ™ÃÜø?
Event: 1.554 Thread 0x0000000002700800 Exception <a 'java/lang/NoSuchMethodError': Method sun.misc.Unsafe.prefetchRead(Ljava/lang/Object;J)V name or signature does not match> (0x00000000eab07fa8) thrown at [C:\re\workspace\8-2-build-windows-amd64-cygwin\jdk8u101\7261\hotspot\src\share\vm\prims\

Events (10 events):
Event: 2.696 loading class com/android/dx/cf/code/Ropper$ExceptionHandlerSetup
Event: 2.696 loading class com/android/dx/cf/code/Ropper$ExceptionHandlerSetup done
Event: 2.697 loading class java/util/HashMap$Values
Event: 2.697 loading class java/util/HashMap$Values done
Event: 2.697 loading class java/util/HashMap$ValueIterator
Event: 2.697 loading class java/util/HashMap$ValueIterator done
Event: 2.730 loading class java/util/DualPivotQuicksort
Event: 2.730 loading class java/util/DualPivotQuicksort done
Event: 2.909 loading class java/util/ArrayList$1
Event: 2.909 loading class java/util/ArrayList$1 done


Dynamic libraries:
0x00007ff7a5fc0000 - 0x00007ff7a5ff7000 	C:\Program Files\Java\jdk1.8.0_101\bin\java.exe
0x00007ff994800000 - 0x00007ff9949ad000 	C:\Windows\SYSTEM32\ntdll.dll
0x00007ff9924c0000 - 0x00007ff9925fe000 	C:\Windows\system32\KERNEL32.DLL
0x00007ff991aa0000 - 0x00007ff991bb5000 	C:\Windows\system32\KERNELBASE.dll
0x00007ff990100000 - 0x00007ff99018e000 	C:\Windows\system32\apphelp.dll
0x00007ff981a70000 - 0x00007ff981ac3000 	C:\Windows\AppPatch\AppPatch64\AcGenral.DLL
0x00007ff991e80000 - 0x00007ff991f2a000 	C:\Windows\system32\msvcrt.dll
0x00007ff991c20000 - 0x00007ff991c4e000 	C:\Windows\system32\SspiCli.dll
0x00007ff992150000 - 0x00007ff9921a4000 	C:\Windows\system32\SHLWAPI.dll
0x00007ff9922e0000 - 0x00007ff992457000 	C:\Windows\system32\USER32.dll
0x00007ff994000000 - 0x00007ff994194000 	C:\Windows\system32\ole32.dll
0x00007ff992710000 - 0x00007ff993c38000 	C:\Windows\system32\SHELL32.dll
0x00007ff990e90000 - 0x00007ff990eb1000 	C:\Windows\SYSTEM32\USERENV.dll
0x00007ff9942d0000 - 0x00007ff99437a000 	C:\Windows\system32\ADVAPI32.dll
0x00007ff984fc0000 - 0x00007ff984fde000 	C:\Windows\SYSTEM32\MPR.dll
0x00007ff994380000 - 0x00007ff9944c0000 	C:\Windows\system32\RPCRT4.dll
0x00007ff9941a0000 - 0x00007ff9941f9000 	C:\Windows\SYSTEM32\sechost.dll
0x00007ff991f30000 - 0x00007ff992142000 	C:\Windows\SYSTEM32\combase.dll
0x00007ff993c50000 - 0x00007ff993d9f000 	C:\Windows\system32\GDI32.dll
0x00007ff991920000 - 0x00007ff991935000 	C:\Windows\SYSTEM32\profapi.dll
0x00007ff990190000 - 0x00007ff990242000 	C:\Windows\SYSTEM32\SHCORE.dll
0x00007ff9926c0000 - 0x00007ff9926f6000 	C:\Windows\system32\IMM32.DLL
0x00007ff9946a0000 - 0x00007ff9947f2000 	C:\Windows\system32\MSCTF.dll
0x00007ff9918d0000 - 0x00007ff991901000 	C:\Windows\system32\nvinitx.dll
0x00007ff9918c0000 - 0x00007ff9918ca000 	C:\Windows\SYSTEM32\VERSION.dll
0x000000000f000000 - 0x000000000f006000 	C:\Program Files\NVIDIA Corporation\CoProcManager\_etoured.dll
0x00007ff98fd30000 - 0x00007ff98fd61000 	C:\Program Files\NVIDIA Corporation\CoProcManager\nvd3d9wrapx.dll
0x00007ff993db0000 - 0x00007ff993f8a000 	C:\Windows\system32\SETUPAPI.dll
0x00007ff991e30000 - 0x00007ff991e7f000 	C:\Windows\system32\CFGMGR32.dll
0x00007ff98fd00000 - 0x00007ff98fd22000 	C:\Program Files\NVIDIA Corporation\CoProcManager\nvdxgiwrapx.dll
0x00007ff98f300000 - 0x00007ff98f57b000 	C:\Windows\WinSxS\amd64_microsoft.windows.common-controls_6595b64144ccf1df_6.0.9600.18006_none_623f33d3ecbe86e8\COMCTL32.dll
0x0000000076670000 - 0x0000000076742000 	C:\Program Files\Java\jdk1.8.0_101\jre\bin\msvcr100.dll
0x0000000076c90000 - 0x000000007752a000 	C:\Program Files\Java\jdk1.8.0_101\jre\bin\server\jvm.dll
0x00007ff978ac0000 - 0x00007ff978ac9000 	C:\Windows\SYSTEM32\WSOCK32.dll
0x00007ff98fa80000 - 0x00007ff98faa2000 	C:\Windows\SYSTEM32\WINMM.dll
0x00007ff993da0000 - 0x00007ff993da7000 	C:\Windows\system32\PSAPI.DLL
0x00007ff992460000 - 0x00007ff9924ba000 	C:\Windows\system32\WS2_32.dll
0x00007ff98efa0000 - 0x00007ff98efca000 	C:\Windows\SYSTEM32\WINMMBASE.dll
0x00007ff993c40000 - 0x00007ff993c49000 	C:\Windows\system32\NSI.dll
0x00007ff9906f0000 - 0x00007ff990718000 	C:\Windows\SYSTEM32\DEVOBJ.dll
0x0000000050150000 - 0x000000005015f000 	C:\Program Files\Java\jdk1.8.0_101\jre\bin\verify.dll
0x0000000050120000 - 0x0000000050149000 	C:\Program Files\Java\jdk1.8.0_101\jre\bin\java.dll
0x0000000050100000 - 0x0000000050116000 	C:\Program Files\Java\jdk1.8.0_101\jre\bin\zip.dll

VM Arguments:
jvm_args: -Djava.awt.headless=true -Xmx1024M -Dfile.encoding=windows-1256 -Duser.country=US -Duser.language=en -Duser.variant 
java_command: com.android.dx.command.Main --dex --num-threads=4 --output E:\Android summer training\Pro\PipTalk\app\build\intermediates\pre-dexed\debug\httpmime-4.3_7dc4f3b8523a5e3c2ce319e00ad37fe02d2b5e46.jar C:\Users\EL MAGIC\.gradle\caches\modules-2\files-2.1\org.apache.httpcomponents\httpmime\4.3\5b0002c5fb66867ca919be0fbd86de1cfaf76da7\httpmime-4.3.jar
java_class_path (initial): E:\BFCI\android SDK\android-sdk-windows\build-tools\24.0.1\lib\dx.jar
Launcher Type: SUN_STANDARD

Environment Variables:
PATH=C:\ProgramData\Oracle\Java\javapath;C:\Windows\system32;C:\Windows;C:\Windows\System32\Wbem;C:\Windows\System32\WindowsPowerShell\v1.0\;C:\Program Files (x86)\Microsoft SQL Server\100\Tools\Binn\;C:\Program Files\Microsoft SQL Server\100\Tools\Binn\;C:\Program Files\Microsoft SQL Server\100\DTS\Binn\;C:\Program Files (x86)\MySQL\MySQL Server 5.0\bin;E:\Installed Programs\runtime\win64;E:\Installed Programs\bin;E:\Installed Programs\polyspace\bin
USERNAME=EL MAGIC
OS=Windows_NT
PROCESSOR_IDENTIFIER=Intel64 Family 6 Model 42 Stepping 7, GenuineIntel



---------------  S Y S T E M  ---------------

OS: Windows 8.1 , 64 bit Build 9600 (6.3.9600.17415)

CPU:total 4 (2 cores per cpu, 2 threads per core) family 6 model 42 stepping 7, cmov, cx8, fxsr, mmx, sse, sse2, sse3, ssse3, sse4.1, sse4.2, popcnt, avx, aes, clmul, ht, tsc, tscinvbit

Memory: 4k page, physical 4098096k(706052k free), swap 5660400k(5116k free)

vm_info: Java HotSpot(TM) 64-Bit Server VM (25.101-b13) for windows-amd64 JRE (1.8.0_101-b13), built on Jun 22 2016 01:21:29 by "java_re" with MS VC++ 10.0 (VS2010)

time: Mon Jun 19 08:59:37 2017
elapsed time: 2 seconds (0d 0h 0m 2s)

