#
# There is insufficient memory for the Java Runtime Environment to continue.
# Native memory allocation (malloc) failed to allocate 562512 bytes for Chunk::new
# Possible reasons:
#   The system is out of physical RAM or swap space
#   In 32 bit mode, the process size limit was hit
# Possible solutions:
#   Reduce memory load on the system
#   Increase physical memory or swap space
#   Check if swap backing store is full
#   Use 64 bit Java on a 64 bit OS
#   Decrease Java heap size (-Xmx/-Xms)
#   Decrease number of Java threads
#   Decrease Java thread stack sizes (-Xss)
#   Set larger code cache with -XX:ReservedCodeCacheSize=
# This output file may be truncated or incomplete.
#
#  Out of Memory Error (allocation.cpp:390), pid=5672, tid=0x0000000000000330
#
# JRE version: Java(TM) SE Runtime Environment (8.0_101-b13) (build 1.8.0_101-b13)
# Java VM: Java HotSpot(TM) 64-Bit Server VM (25.101-b13 mixed mode windows-amd64 compressed oops)
# Failed to write core dump. Minidumps are not enabled by default on client versions of Windows
#

---------------  T H R E A D  ---------------

Current thread (0x000000000791b000):  JavaThread "C2 CompilerThread1" daemon [_thread_in_native, id=816, stack(0x0000000007d00000,0x0000000007e00000)]

Stack: [0x0000000007d00000,0x0000000007e00000]
[error occurred during error reporting (printing stack bounds), id 0xc0000005]

Native frames: (J=compiled Java code, j=interpreted, Vv=VM code, C=native code)


Current CompileTask:
C2:   4403 1585   !   4       com.android.dx.cf.code.BytecodeArray::parseInstruction (2764 bytes)


---------------  P R O C E S S  ---------------

Java Threads: ( => current thread )
  0x0000000007bc9000 JavaThread "pool-2-thread-4" [_thread_blocked, id=5152, stack(0x0000000008500000,0x0000000008600000)]
  0x0000000007c01000 JavaThread "pool-2-thread-3" [_thread_in_Java, id=2260, stack(0x0000000008400000,0x0000000008500000)]
  0x0000000007c00000 JavaThread "pool-2-thread-2" [_thread_blocked, id=6424, stack(0x0000000008300000,0x0000000008400000)]
  0x0000000007ba0800 JavaThread "pool-3-thread-1" [_thread_blocked, id=3404, stack(0x0000000008200000,0x0000000008300000)]
  0x0000000007b99800 JavaThread "pool-2-thread-1" [_thread_in_Java, id=5504, stack(0x0000000008100000,0x0000000008200000)]
  0x000000000795e800 JavaThread "Service Thread" daemon [_thread_blocked, id=6832, stack(0x0000000007f00000,0x0000000008000000)]
  0x0000000007952000 JavaThread "C1 CompilerThread2" daemon [_thread_blocked, id=2020, stack(0x0000000007e00000,0x0000000007f00000)]
=>0x000000000791b000 JavaThread "C2 CompilerThread1" daemon [_thread_in_native, id=816, stack(0x0000000007d00000,0x0000000007e00000)]
  0x0000000006209000 JavaThread "C2 CompilerThread0" daemon [_thread_in_native, id=3952, stack(0x0000000007800000,0x0000000007900000)]
  0x0000000006207000 JavaThread "Attach Listener" daemon [_thread_blocked, id=3836, stack(0x0000000007700000,0x0000000007800000)]
  0x0000000006206000 JavaThread "Signal Dispatcher" daemon [_thread_blocked, id=4988, stack(0x0000000007600000,0x0000000007700000)]
  0x00000000061aa000 JavaThread "Finalizer" daemon [_thread_blocked, id=4588, stack(0x0000000007420000,0x0000000007520000)]
  0x0000000006189000 JavaThread "Reference Handler" daemon [_thread_blocked, id=4680, stack(0x0000000007320000,0x0000000007420000)]
  0x00000000029f0800 JavaThread "main" [_thread_in_Java, id=7020, stack(0x0000000002850000,0x0000000002950000)]

Other Threads:
  0x0000000006186800 VMThread [stack: 0x0000000007220000,0x0000000007320000] [id=1556]
  0x00000000079c1800 WatcherThread [stack: 0x0000000008000000,0x0000000008100000] [id=2468]

VM state:not at safepoint (normal execution)

VM Mutex/Monitor currently owned by a thread: None

Heap:
 PSYoungGen      total 35328K, used 32749K [0x00000000eab00000, 0x00000000ef000000, 0x0000000100000000)
  eden space 32768K, 92% used [0x00000000eab00000,0x00000000ec8836c8,0x00000000ecb00000)
  from space 2560K, 98% used [0x00000000ecb00000,0x00000000ecd78010,0x00000000ecd80000)
  to   space 2560K, 0% used [0x00000000eed80000,0x00000000eed80000,0x00000000ef000000)
 ParOldGen       total 44032K, used 7966K [0x00000000c0000000, 0x00000000c2b00000, 0x00000000eab00000)
  object space 44032K, 18% used [0x00000000c0000000,0x00000000c07c79f8,0x00000000c2b00000)
 Metaspace       used 6307K, capacity 7094K, committed 7296K, reserved 1056768K
  class space    used 604K, capacity 622K, committed 640K, reserved 1048576K

Card table byte_map: [0x0000000002eb0000,0x00000000030c0000] byte_map_base: 0x00000000028b0000

Marking Bits: (ParMarkBitMap*) 0x000000007150a6d0
 Begin Bits: [0x0000000003620000, 0x0000000004620000)
 End Bits:   [0x0000000004620000, 0x0000000005620000)

Polling page: 0x0000000000bc0000

CodeCache: size=245760Kb used=6821Kb max_used=6821Kb free=238938Kb
 bounds [0x000000000f010000, 0x000000000f6c0000, 0x000000001e010000]
 total_blobs=1918 nmethods=1649 adapters=181
 compilation: enabled

Compilation events (10 events):
Event: 4.391 Thread 0x0000000007952000 1669       2       com.android.dx.rop.annotation.Annotation::put (32 bytes)
Event: 4.391 Thread 0x0000000007952000 nmethod 1669 0x000000000f6bb990 code [0x000000000f6bbb20, 0x000000000f6bbe28]
Event: 4.395 Thread 0x0000000007952000 1670       2       java.util.concurrent.ThreadPoolExecutor::afterExecute (1 bytes)
Event: 4.395 Thread 0x0000000007952000 nmethod 1670 0x000000000f6b0390 code [0x000000000f6b04e0, 0x000000000f6b0630]
Event: 4.395 Thread 0x0000000007952000 1671   !   2       java.util.concurrent.ThreadPoolExecutor::getTask (179 bytes)
Event: 4.396 Thread 0x0000000007952000 nmethod 1671 0x000000000f6bae10 code [0x000000000f6bafe0, 0x000000000f6bb5b8]
Event: 4.396 Thread 0x0000000007952000 1672       2       java.util.concurrent.locks.ReentrantLock::lockInterruptibly (9 bytes)
Event: 4.397 Thread 0x0000000007952000 nmethod 1672 0x000000000f6ba810 code [0x000000000f6ba9a0, 0x000000000f6bac38]
Event: 4.397 Thread 0x0000000007952000 1673       2       java.util.concurrent.locks.AbstractQueuedSynchronizer::acquireInterruptibly (28 bytes)
Event: 4.397 Thread 0x0000000007952000 nmethod 1673 0x000000000f6ba1d0 code [0x000000000f6ba360, 0x000000000f6ba5d8]

GC Heap History (6 events):
Event: 1.547 GC heap before
{Heap before GC invocations=1 (full 0):
 PSYoungGen      total 18944K, used 16384K [0x00000000eab00000, 0x00000000ec000000, 0x0000000100000000)
  eden space 16384K, 100% used [0x00000000eab00000,0x00000000ebb00000,0x00000000ebb00000)
  from space 2560K, 0% used [0x00000000ebd80000,0x00000000ebd80000,0x00000000ec000000)
  to   space 2560K, 0% used [0x00000000ebb00000,0x00000000ebb00000,0x00000000ebd80000)
 ParOldGen       total 44032K, used 0K [0x00000000c0000000, 0x00000000c2b00000, 0x00000000eab00000)
  object space 44032K, 0% used [0x00000000c0000000,0x00000000c0000000,0x00000000c2b00000)
 Metaspace       used 5711K, capacity 6580K, committed 6784K, reserved 1056768K
  class space    used 601K, capacity 620K, committed 640K, reserved 1048576K
Event: 1.629 GC heap after
Heap after GC invocations=1 (full 0):
 PSYoungGen      total 18944K, used 2533K [0x00000000eab00000, 0x00000000ed000000, 0x0000000100000000)
  eden space 16384K, 0% used [0x00000000eab00000,0x00000000eab00000,0x00000000ebb00000)
  from space 2560K, 98% used [0x00000000ebb00000,0x00000000ebd79630,0x00000000ebd80000)
  to   space 2560K, 0% used [0x00000000ecd80000,0x00000000ecd80000,0x00000000ed000000)
 ParOldGen       total 44032K, used 1272K [0x00000000c0000000, 0x00000000c2b00000, 0x00000000eab00000)
  object space 44032K, 2% used [0x00000000c0000000,0x00000000c013e158,0x00000000c2b00000)
 Metaspace       used 5711K, capacity 6580K, committed 6784K, reserved 1056768K
  class space    used 601K, capacity 620K, committed 640K, reserved 1048576K
}
Event: 2.633 GC heap before
{Heap before GC invocations=2 (full 0):
 PSYoungGen      total 18944K, used 18917K [0x00000000eab00000, 0x00000000ed000000, 0x0000000100000000)
  eden space 16384K, 100% used [0x00000000eab00000,0x00000000ebb00000,0x00000000ebb00000)
  from space 2560K, 98% used [0x00000000ebb00000,0x00000000ebd79630,0x00000000ebd80000)
  to   space 2560K, 0% used [0x00000000ecd80000,0x00000000ecd80000,0x00000000ed000000)
 ParOldGen       total 44032K, used 1272K [0x00000000c0000000, 0x00000000c2b00000, 0x00000000eab00000)
  object space 44032K, 2% used [0x00000000c0000000,0x00000000c013e158,0x00000000c2b00000)
 Metaspace       used 6096K, capacity 6966K, committed 7040K, reserved 1056768K
  class space    used 603K, capacity 622K, committed 640K, reserved 1048576K
Event: 2.847 GC heap after
Heap after GC invocations=2 (full 0):
 PSYoungGen      total 35328K, used 2528K [0x00000000eab00000, 0x00000000ed000000, 0x0000000100000000)
  eden space 32768K, 0% used [0x00000000eab00000,0x00000000eab00000,0x00000000ecb00000)
  from space 2560K, 98% used [0x00000000ecd80000,0x00000000ecff8020,0x00000000ed000000)
  to   space 2560K, 0% used [0x00000000ecb00000,0x00000000ecb00000,0x00000000ecd80000)
 ParOldGen       total 44032K, used 3170K [0x00000000c0000000, 0x00000000c2b00000, 0x00000000eab00000)
  object space 44032K, 7% used [0x00000000c0000000,0x00000000c03188f0,0x00000000c2b00000)
 Metaspace       used 6096K, capacity 6966K, committed 7040K, reserved 1056768K
  class space    used 603K, capacity 622K, committed 640K, reserved 1048576K
}
Event: 3.615 GC heap before
{Heap before GC invocations=3 (full 0):
 PSYoungGen      total 35328K, used 35296K [0x00000000eab00000, 0x00000000ed000000, 0x0000000100000000)
  eden space 32768K, 100% used [0x00000000eab00000,0x00000000ecb00000,0x00000000ecb00000)
  from space 2560K, 98% used [0x00000000ecd80000,0x00000000ecff8020,0x00000000ed000000)
  to   space 2560K, 0% used [0x00000000ecb00000,0x00000000ecb00000,0x00000000ecd80000)
 ParOldGen       total 44032K, used 3170K [0x00000000c0000000, 0x00000000c2b00000, 0x00000000eab00000)
  object space 44032K, 7% used [0x00000000c0000000,0x00000000c03188f0,0x00000000c2b00000)
 Metaspace       used 6252K, capacity 7094K, committed 7296K, reserved 1056768K
  class space    used 604K, capacity 622K, committed 640K, reserved 1048576K
Event: 3.706 GC heap after
Heap after GC invocations=3 (full 0):
 PSYoungGen      total 35328K, used 2528K [0x00000000eab00000, 0x00000000ef000000, 0x0000000100000000)
  eden space 32768K, 0% used [0x00000000eab00000,0x00000000eab00000,0x00000000ecb00000)
  from space 2560K, 98% used [0x00000000ecb00000,0x00000000ecd78010,0x00000000ecd80000)
  to   space 2560K, 0% used [0x00000000eed80000,0x00000000eed80000,0x00000000ef000000)
 ParOldGen       total 44032K, used 7966K [0x00000000c0000000, 0x00000000c2b00000, 0x00000000eab00000)
  object space 44032K, 18% used [0x00000000c0000000,0x00000000c07c79f8,0x00000000c2b00000)
 Metaspace       used 6252K, capacity 7094K, committed 7296K, reserved 1056768K
  class space    used 604K, capacity 622K, committed 640K, reserved 1048576K
}

Deoptimization events (10 events):
Event: 3.410 Thread 0x0000000007bc9000 Uncommon trap: reason=unstable_if action=reinterpret pc=0x000000000f5cf224 method=com.android.dx.ssa.SCCP.simulateBranch(Lcom/android/dx/ssa/SsaInsn;)V @ 548
Event: 3.425 Thread 0x0000000007bc9000 Uncommon trap: reason=bimorphic action=maybe_recompile pc=0x000000000f4d1be4 method=com.android.dx.cf.code.BytecodeArray.parseInstruction(ILcom/android/dx/cf/code/BytecodeArray$Visitor;)I @ 907
Event: 3.425 Thread 0x0000000007bc9000 Uncommon trap: reason=bimorphic action=maybe_recompile pc=0x000000000f4d1be4 method=com.android.dx.cf.code.BytecodeArray.parseInstruction(ILcom/android/dx/cf/code/BytecodeArray$Visitor;)I @ 907
Event: 3.435 Thread 0x00000000029f0800 Uncommon trap: reason=unstable_if action=reinterpret pc=0x000000000f4be2bc method=com.android.dx.ssa.SCCP.simulateStmt(Lcom/android/dx/ssa/SsaInsn;)V @ 53
Event: 3.440 Thread 0x00000000029f0800 Uncommon trap: reason=bimorphic action=maybe_recompile pc=0x000000000f5db74c method=com.android.dx.ssa.LiteralOpUpgrader.tryReplacingWithConstant(Lcom/android/dx/ssa/NormalSsaInsn;)Z @ 52
Event: 3.452 Thread 0x00000000029f0800 Uncommon trap: reason=bimorphic action=maybe_recompile pc=0x000000000f4cf860 method=com.android.dx.cf.code.BytecodeArray.parseInstruction(ILcom/android/dx/cf/code/BytecodeArray$Visitor;)I @ 1501
Event: 3.452 Thread 0x00000000029f0800 Uncommon trap: reason=bimorphic action=maybe_recompile pc=0x000000000f4cf860 method=com.android.dx.cf.code.BytecodeArray.parseInstruction(ILcom/android/dx/cf/code/BytecodeArray$Visitor;)I @ 1501
Event: 4.163 Thread 0x0000000007bc9000 Uncommon trap: reason=bimorphic action=maybe_recompile pc=0x000000000f5db74c method=com.android.dx.ssa.LiteralOpUpgrader.tryReplacingWithConstant(Lcom/android/dx/ssa/NormalSsaInsn;)Z @ 52
Event: 4.366 Thread 0x0000000007c01000 Uncommon trap: reason=bimorphic action=maybe_recompile pc=0x000000000f5db74c method=com.android.dx.ssa.LiteralOpUpgrader.tryReplacingWithConstant(Lcom/android/dx/ssa/NormalSsaInsn;)Z @ 52
Event: 4.367 Thread 0x0000000007c01000 Uncommon trap: reason=bimorphic action=maybe_recompile pc=0x000000000f5db74c method=com.android.dx.ssa.LiteralOpUpgrader.tryReplacingWithConstant(Lcom/android/dx/ssa/NormalSsaInsn;)Z @ 52

Internal exceptions (2 events):
Event: 0.072 Thread 0x00000000029f0800 Exception <a 'java/lang/NoSuchMethodError': Method sun.misc.Unsafe.defineClass(Ljava/lang/String;[BII)Ljava/lang/Class; name or signature does not match> (0x00000000eab07cc0) thrown at [C:\re\workspace\8-2-build-windows-amd64-cygwin\jdk8u101\7261\hotspot\s²=;HÆ`²?
Event: 0.072 Thread 0x00000000029f0800 Exception <a 'java/lang/NoSuchMethodError': Method sun.misc.Unsafe.prefetchRead(Ljava/lang/Object;J)V name or signature does not match> (0x00000000eab07fa8) thrown at [C:\re\workspace\8-2-build-windows-amd64-cygwin\jdk8u101\7261\hotspot\src\share\vm\prims\

Events (10 events):
Event: 4.163 Thread 0x0000000007bc9000 DEOPT PACKING pc=0x000000000f5db74c sp=0x00000000085fe6b0
Event: 4.163 Thread 0x0000000007bc9000 DEOPT UNPACKING pc=0x000000000f05582a sp=0x00000000085fe5a8 mode 2
Event: 4.296 Executing VM operation: EnableBiasedLocking
Event: 4.357 Executing VM operation: EnableBiasedLocking done
Event: 4.366 Thread 0x0000000007c01000 Uncommon trap: trap_request=0xffffffc6 fr.pc=0x000000000f5db74c
Event: 4.366 Thread 0x0000000007c01000 DEOPT PACKING pc=0x000000000f5db74c sp=0x00000000084feda0
Event: 4.366 Thread 0x0000000007c01000 DEOPT UNPACKING pc=0x000000000f05582a sp=0x00000000084fec98 mode 2
Event: 4.367 Thread 0x0000000007c01000 Uncommon trap: trap_request=0xffffffc6 fr.pc=0x000000000f5db74c
Event: 4.367 Thread 0x0000000007c01000 DEOPT PACKING pc=0x000000000f5db74c sp=0x00000000084feda0
Event: 4.367 Thread 0x0000000007c01000 DEOPT UNPACKING pc=0x000000000f05582a sp=0x00000000084fec98 mode 2


Dynamic libraries:
0x00007ff7c0430000 - 0x00007ff7c0467000 	C:\Program Files\Java\jdk1.8.0_101\bin\java.exe
0x00007ffb95ef0000 - 0x00007ffb9609d000 	C:\Windows\SYSTEM32\ntdll.dll
0x00007ffb93f00000 - 0x00007ffb9403e000 	C:\Windows\system32\KERNEL32.DLL
0x00007ffb931c0000 - 0x00007ffb932d5000 	C:\Windows\system32\KERNELBASE.dll
0x00007ffb91b90000 - 0x00007ffb91c1e000 	C:\Windows\system32\apphelp.dll
0x00007ffb81b90000 - 0x00007ffb81be3000 	C:\Windows\AppPatch\AppPatch64\AcGenral.DLL
0x00007ffb93630000 - 0x00007ffb936da000 	C:\Windows\system32\msvcrt.dll
0x00007ffb930e0000 - 0x00007ffb9310e000 	C:\Windows\system32\SspiCli.dll
0x00007ffb95df0000 - 0x00007ffb95e44000 	C:\Windows\system32\SHLWAPI.dll
0x00007ffb93740000 - 0x00007ffb938b7000 	C:\Windows\system32\USER32.dll
0x00007ffb95780000 - 0x00007ffb95914000 	C:\Windows\system32\ole32.dll
0x00007ffb94040000 - 0x00007ffb95568000 	C:\Windows\system32\SHELL32.dll
0x00007ffb92590000 - 0x00007ffb925b1000 	C:\Windows\SYSTEM32\USERENV.dll
0x00007ffb95570000 - 0x00007ffb9561a000 	C:\Windows\system32\ADVAPI32.dll
0x00007ffb8b5f0000 - 0x00007ffb8b60e000 	C:\Windows\SYSTEM32\MPR.dll
0x00007ffb93a20000 - 0x00007ffb93b60000 	C:\Windows\system32\RPCRT4.dll
0x00007ffb95920000 - 0x00007ffb95979000 	C:\Windows\SYSTEM32\sechost.dll
0x00007ffb959e0000 - 0x00007ffb95bf1000 	C:\Windows\SYSTEM32\combase.dll
0x00007ffb95630000 - 0x00007ffb9577f000 	C:\Windows\system32\GDI32.dll
0x00007ffb93010000 - 0x00007ffb93025000 	C:\Windows\SYSTEM32\profapi.dll
0x00007ffb91540000 - 0x00007ffb915f2000 	C:\Windows\SYSTEM32\SHCORE.dll
0x00007ffb95db0000 - 0x00007ffb95de6000 	C:\Windows\system32\IMM32.DLL
0x00007ffb938c0000 - 0x00007ffb93a12000 	C:\Windows\system32\MSCTF.dll
0x00007ffb92f50000 - 0x00007ffb92f81000 	C:\Windows\system32\nvinitx.dll
0x00007ffb92f40000 - 0x00007ffb92f4a000 	C:\Windows\SYSTEM32\VERSION.dll
0x000000000f000000 - 0x000000000f006000 	C:\Program Files\NVIDIA Corporation\CoProcManager\_etoured.dll
0x00007ffb91ca0000 - 0x00007ffb91cd1000 	C:\Program Files\NVIDIA Corporation\CoProcManager\nvd3d9wrapx.dll
0x00007ffb93b60000 - 0x00007ffb93d3a000 	C:\Windows\system32\SETUPAPI.dll
0x00007ffb93170000 - 0x00007ffb931bf000 	C:\Windows\system32\CFGMGR32.dll
0x00007ffb91740000 - 0x00007ffb91762000 	C:\Program Files\NVIDIA Corporation\CoProcManager\nvdxgiwrapx.dll
0x00007ffb910c0000 - 0x00007ffb9133b000 	C:\Windows\WinSxS\amd64_microsoft.windows.common-controls_6595b64144ccf1df_6.0.9600.18006_none_623f33d3ecbe86e8\COMCTL32.dll
0x0000000070860000 - 0x0000000070932000 	C:\Program Files\Java\jdk1.8.0_101\jre\bin\msvcr100.dll
0x0000000070cf0000 - 0x000000007158a000 	C:\Program Files\Java\jdk1.8.0_101\jre\bin\server\jvm.dll
0x00007ffb8d160000 - 0x00007ffb8d169000 	C:\Windows\SYSTEM32\WSOCK32.dll
0x00007ffb90bf0000 - 0x00007ffb90c12000 	C:\Windows\SYSTEM32\WINMM.dll
0x00007ffb95ec0000 - 0x00007ffb95ec7000 	C:\Windows\system32\PSAPI.DLL
0x00007ffb936e0000 - 0x00007ffb9373a000 	C:\Windows\system32\WS2_32.dll
0x00007ffb90bc0000 - 0x00007ffb90bea000 	C:\Windows\SYSTEM32\WINMMBASE.dll
0x00007ffb95620000 - 0x00007ffb95629000 	C:\Windows\system32\NSI.dll
0x00007ffb91de0000 - 0x00007ffb91e08000 	C:\Windows\SYSTEM32\DEVOBJ.dll
0x0000000071890000 - 0x000000007189f000 	C:\Program Files\Java\jdk1.8.0_101\jre\bin\verify.dll
0x0000000070cc0000 - 0x0000000070ce9000 	C:\Program Files\Java\jdk1.8.0_101\jre\bin\java.dll
0x0000000070ca0000 - 0x0000000070cb6000 	C:\Program Files\Java\jdk1.8.0_101\jre\bin\zip.dll

VM Arguments:
jvm_args: -Djava.awt.headless=true -Xmx1024M -Dfile.encoding=windows-1256 -Duser.country=US -Duser.language=en -Duser.variant 
java_command: com.android.dx.command.Main --dex --force-jumbo --num-threads=4 --multi-dex --output E:\Android summer training\Pro\PipTalk\app\build\intermediates\transforms\dex\debug\folders\1000\10\com.google.android.gms-play-services-basement-10.2.0_0c3cf0ca30dde1befb2f8f9702aa8f1a690db1f3 E:\Android summer training\Pro\PipTalk\app\build\intermediates\exploded-aar\com.google.android.gms\play-services-basement\10.2.0\jars\classes.jar
java_class_path (initial): E:\BFCI\android SDK\android-sdk-windows\build-tools\24.0.1\lib\dx.jar
Launcher Type: SUN_STANDARD

Environment Variables:
PATH=C:\ProgramData\Oracle\Java\javapath;C:\Windows\system32;C:\Windows;C:\Windows\System32\Wbem;C:\Windows\System32\WindowsPowerShell\v1.0\;C:\Program Files (x86)\Microsoft SQL Server\100\Tools\Binn\;C:\Program Files\Microsoft SQL Server\100\Tools\Binn\;C:\Program Files\Microsoft SQL Server\100\DTS\Binn\;C:\Program Files (x86)\MySQL\MySQL Server 5.0\bin;E:\Installed Programs\runtime\win64;E:\Installed Programs\bin;E:\Installed Programs\polyspace\bin
USERNAME=EL MAGIC
OS=Windows_NT
PROCESSOR_IDENTIFIER=Intel64 Family 6 Model 42 Stepping 7, GenuineIntel



---------------  S Y S T E M  ---------------

OS: Windows 8.1 , 64 bit Build 9600 (6.3.9600.17415)

CPU:total 4 (2 cores per cpu, 2 threads per core) family 6 model 42 stepping 7, cmov, cx8, fxsr, mmx, sse, sse2, sse3, ssse3, sse4.1, sse4.2, popcnt, avx, aes, clmul, ht, tsc, tscinvbit

Memory: 4k page, physical 4098096k(339028k free), swap 7243824k(5156k free)

vm_info: Java HotSpot(TM) 64-Bit Server VM (25.101-b13) for windows-amd64 JRE (1.8.0_101-b13), built on Jun 22 2016 01:21:29 by "java_re" with MS VC++ 10.0 (VS2010)

time: Tue Feb 28 01:50:22 2017
elapsed time: 4 seconds (0d 0h 0m 4s)

