#
# There is insufficient memory for the Java Runtime Environment to continue.
# Native memory allocation (malloc) failed to allocate 69536 bytes for Chunk::new
# Possible reasons:
#   The system is out of physical RAM or swap space
#   In 32 bit mode, the process size limit was hit
# Possible solutions:
#   Reduce memory load on the system
#   Increase physical memory or swap space
#   Check if swap backing store is full
#   Use 64 bit Java on a 64 bit OS
#   Decrease Java heap size (-Xmx/-Xms)
#   Decrease number of Java threads
#   Decrease Java thread stack sizes (-Xss)
#   Set larger code cache with -XX:ReservedCodeCacheSize=
# This output file may be truncated or incomplete.
#
#  Out of Memory Error (allocation.cpp:390), pid=3144, tid=0x00000000000013b8
#
# JRE version: Java(TM) SE Runtime Environment (8.0_101-b13) (build 1.8.0_101-b13)
# Java VM: Java HotSpot(TM) 64-Bit Server VM (25.101-b13 mixed mode windows-amd64 compressed oops)
# Failed to write core dump. Minidumps are not enabled by default on client versions of Windows
#

---------------  T H R E A D  ---------------

Current thread (0x0000000006009800):  JavaThread "C2 CompilerThread0" daemon [_thread_in_native, id=5048, stack(0x0000000007600000,0x0000000007700000)]

Stack: [0x0000000007600000,0x0000000007700000]
[error occurred during error reporting (printing stack bounds), id 0xc0000005]

Native frames: (J=compiled Java code, j=interpreted, Vv=VM code, C=native code)


Current CompileTask:
C2:    742   48       4       sun.misc.ASCIICaseInsensitiveComparator::compare (13 bytes)


---------------  P R O C E S S  ---------------

Java Threads: ( => current thread )
  0x0000000007983000 JavaThread "Service Thread" daemon [_thread_blocked, id=5880, stack(0x0000000007d00000,0x0000000007e00000)]
  0x000000000601c800 JavaThread "C1 CompilerThread2" daemon [_thread_in_native, id=6604, stack(0x0000000007800000,0x0000000007900000)]
  0x000000000600c800 JavaThread "C2 CompilerThread1" daemon [_thread_in_native, id=5416, stack(0x0000000007700000,0x0000000007800000)]
=>0x0000000006009800 JavaThread "C2 CompilerThread0" daemon [_thread_in_native, id=5048, stack(0x0000000007600000,0x0000000007700000)]
  0x0000000006008000 JavaThread "Attach Listener" daemon [_thread_blocked, id=6468, stack(0x0000000007500000,0x0000000007600000)]
  0x0000000006005800 JavaThread "Signal Dispatcher" daemon [_thread_blocked, id=1092, stack(0x0000000007400000,0x0000000007500000)]
  0x00000000027fa800 JavaThread "Finalizer" daemon [_thread_blocked, id=1136, stack(0x0000000007220000,0x0000000007320000)]
  0x0000000005f89000 JavaThread "Reference Handler" daemon [_thread_blocked, id=5436, stack(0x0000000007120000,0x0000000007220000)]
  0x0000000002700800 JavaThread "main" [_thread_blocked, id=3956, stack(0x0000000000bc0000,0x0000000000cc0000)]

Other Threads:
  0x0000000005f86800 VMThread [stack: 0x0000000007020000,0x0000000007120000] [id=5324]
  0x00000000079d9800 WatcherThread [stack: 0x0000000007e00000,0x0000000007f00000] [id=3864]

VM state:at safepoint (normal execution)

VM Mutex/Monitor currently owned by a thread:  ([mutex/lock_event])
[0x000000000288ba20] OopMapCacheAlloc_lock - owner thread: 0x0000000002719800
[0x000000000288c870] Threads_lock - owner thread: 0x0000000005f86800
[0x000000000288bc70] Heap_lock - owner thread: 0x0000000002700800

Heap:
 PSYoungGen      total 18944K, used 2356K [0x00000000eab00000, 0x00000000ec000000, 0x0000000100000000)
  eden space 16384K, 14% used [0x00000000eab00000,0x00000000ead4d260,0x00000000ebb00000)
  from space 2560K, 0% used [0x00000000ebd80000,0x00000000ebd80000,0x00000000ec000000)
  to   space 2560K, 32% used [0x00000000ebb00000,0x00000000ebbceaa0,0x00000000ebd80000)
 ParOldGen       total 44032K, used 8K [0x00000000c0000000, 0x00000000c2b00000, 0x00000000eab00000)
  object space 44032K, 0% used [0x00000000c0000000,0x00000000c0002000,0x00000000c2b00000)
 Metaspace       used 3552K, capacity 4720K, committed 4864K, reserved 1060864K
  class space    used 392K, capacity 424K, committed 512K, reserved 1048576K

Card table byte_map: [0x0000000002cb0000,0x0000000002ec0000] byte_map_base: 0x00000000026b0000

Marking Bits: (ParMarkBitMap*) 0x000000007150a6d0
 Begin Bits: [0x0000000003420000, 0x0000000004420000)
 End Bits:   [0x0000000004420000, 0x0000000005420000)

Polling page: 0x0000000000a50000

CodeCache: size=245760Kb used=1150Kb max_used=1150Kb free=244609Kb
 bounds [0x000000000f010000, 0x000000000f280000, 0x000000001e010000]
 total_blobs=301 nmethods=48 adapters=164
 compilation: enabled

Compilation events (10 events):
Event: 0.460 Thread 0x000000000601c800   43       3       java.lang.String::lastIndexOf (52 bytes)
Event: 0.460 Thread 0x000000000601c800 nmethod 43 0x000000000f128990 code [0x000000000f128b20, 0x000000000f128ec8]
Event: 0.463 Thread 0x000000000601c800   44       3       java.util.concurrent.ConcurrentHashMap::setTabAt (19 bytes)
Event: 0.463 Thread 0x000000000601c800 nmethod 44 0x000000000f129410 code [0x000000000f129560, 0x000000000f1296d0]
Event: 0.464 Thread 0x000000000601c800   46       1       java.net.URL::getHost (5 bytes)
Event: 0.464 Thread 0x000000000601c800 nmethod 46 0x000000000f129750 code [0x000000000f1298a0, 0x000000000f1299b0]
Event: 0.464 Thread 0x000000000601c800   47       1       java.net.URL::getProtocol (5 bytes)
Event: 0.464 Thread 0x000000000601c800 nmethod 47 0x000000000f129a10 code [0x000000000f129b60, 0x000000000f129c70]
Event: 0.464 Thread 0x000000000600c800   49       4       sun.misc.ASCIICaseInsensitiveComparator::compare (126 bytes)
Event: 0.464 Thread 0x0000000006009800   48       4       sun.misc.ASCIICaseInsensitiveComparator::compare (13 bytes)

GC Heap History (0 events):
No events

Deoptimization events (0 events):
No events

Internal exceptions (2 events):
Event: 0.035 Thread 0x0000000002700800 Exception <a 'java/lang/NoSuchMethodError': Method sun.misc.Unsafe.defineClass(Ljava/lang/String;[BII)Ljava/lang/Class; name or signature does not match> (0x00000000eab07cc0) thrown at [C:\re\workspace\8-2-build-windows-amd64-cygwin\jdk8u101\7261\hotspot\s3SȖ]ǡ?
Event: 0.035 Thread 0x0000000002700800 Exception <a 'java/lang/NoSuchMethodError': Method sun.misc.Unsafe.prefetchRead(Ljava/lang/Object;J)V name or signature does not match> (0x00000000eab07fa8) thrown at [C:\re\workspace\8-2-build-windows-amd64-cygwin\jdk8u101\7261\hotspot\src\share\vm\prims\

Events (10 events):
Event: 0.466 loading class java/util/concurrent/locks/ReentrantLock$NonfairSync
Event: 0.466 loading class java/util/concurrent/locks/ReentrantLock$Sync
Event: 0.466 loading class java/util/concurrent/locks/AbstractQueuedSynchronizer
Event: 0.466 loading class java/util/concurrent/locks/AbstractOwnableSynchronizer
Event: 0.466 loading class java/util/concurrent/locks/AbstractOwnableSynchronizer done
Event: 0.466 loading class java/util/concurrent/locks/AbstractQueuedSynchronizer done
Event: 0.466 loading class java/util/concurrent/locks/ReentrantLock$Sync done
Event: 0.466 loading class java/util/concurrent/locks/ReentrantLock$NonfairSync done
Event: 0.466 loading class java/util/concurrent/locks/AbstractQueuedSynchronizer$Node
Event: 0.466 loading class java/util/concurrent/locks/AbstractQueuedSynchronizer$Node done


Dynamic libraries:
0x00007ff7c0430000 - 0x00007ff7c0467000 	C:\Program Files\Java\jdk1.8.0_101\bin\java.exe
0x00007ffb95ef0000 - 0x00007ffb9609d000 	C:\Windows\SYSTEM32\ntdll.dll
0x00007ffb93f00000 - 0x00007ffb9403e000 	C:\Windows\system32\KERNEL32.DLL
0x00007ffb931c0000 - 0x00007ffb932d5000 	C:\Windows\system32\KERNELBASE.dll
0x00007ffb91b90000 - 0x00007ffb91c1e000 	C:\Windows\system32\apphelp.dll
0x00007ffb81b90000 - 0x00007ffb81be3000 	C:\Windows\AppPatch\AppPatch64\AcGenral.DLL
0x00007ffb93630000 - 0x00007ffb936da000 	C:\Windows\system32\msvcrt.dll
0x00007ffb930e0000 - 0x00007ffb9310e000 	C:\Windows\system32\SspiCli.dll
0x00007ffb95df0000 - 0x00007ffb95e44000 	C:\Windows\system32\SHLWAPI.dll
0x00007ffb93740000 - 0x00007ffb938b7000 	C:\Windows\system32\USER32.dll
0x00007ffb95780000 - 0x00007ffb95914000 	C:\Windows\system32\ole32.dll
0x00007ffb94040000 - 0x00007ffb95568000 	C:\Windows\system32\SHELL32.dll
0x00007ffb92590000 - 0x00007ffb925b1000 	C:\Windows\SYSTEM32\USERENV.dll
0x00007ffb95570000 - 0x00007ffb9561a000 	C:\Windows\system32\ADVAPI32.dll
0x00007ffb8b5f0000 - 0x00007ffb8b60e000 	C:\Windows\SYSTEM32\MPR.dll
0x00007ffb93a20000 - 0x00007ffb93b60000 	C:\Windows\system32\RPCRT4.dll
0x00007ffb95920000 - 0x00007ffb95979000 	C:\Windows\SYSTEM32\sechost.dll
0x00007ffb959e0000 - 0x00007ffb95bf1000 	C:\Windows\SYSTEM32\combase.dll
0x00007ffb95630000 - 0x00007ffb9577f000 	C:\Windows\system32\GDI32.dll
0x00007ffb93010000 - 0x00007ffb93025000 	C:\Windows\SYSTEM32\profapi.dll
0x00007ffb91540000 - 0x00007ffb915f2000 	C:\Windows\SYSTEM32\SHCORE.dll
0x00007ffb95db0000 - 0x00007ffb95de6000 	C:\Windows\system32\IMM32.DLL
0x00007ffb938c0000 - 0x00007ffb93a12000 	C:\Windows\system32\MSCTF.dll
0x00007ffb92f50000 - 0x00007ffb92f81000 	C:\Windows\system32\nvinitx.dll
0x00007ffb92f40000 - 0x00007ffb92f4a000 	C:\Windows\SYSTEM32\VERSION.dll
0x000000000f000000 - 0x000000000f006000 	C:\Program Files\NVIDIA Corporation\CoProcManager\_etoured.dll
0x00007ffb91ca0000 - 0x00007ffb91cd1000 	C:\Program Files\NVIDIA Corporation\CoProcManager\nvd3d9wrapx.dll
0x00007ffb93b60000 - 0x00007ffb93d3a000 	C:\Windows\system32\SETUPAPI.dll
0x00007ffb93170000 - 0x00007ffb931bf000 	C:\Windows\system32\CFGMGR32.dll
0x00007ffb91740000 - 0x00007ffb91762000 	C:\Program Files\NVIDIA Corporation\CoProcManager\nvdxgiwrapx.dll
0x00007ffb910c0000 - 0x00007ffb9133b000 	C:\Windows\WinSxS\amd64_microsoft.windows.common-controls_6595b64144ccf1df_6.0.9600.18006_none_623f33d3ecbe86e8\COMCTL32.dll
0x0000000070860000 - 0x0000000070932000 	C:\Program Files\Java\jdk1.8.0_101\jre\bin\msvcr100.dll
0x0000000070cf0000 - 0x000000007158a000 	C:\Program Files\Java\jdk1.8.0_101\jre\bin\server\jvm.dll
0x00007ffb8d160000 - 0x00007ffb8d169000 	C:\Windows\SYSTEM32\WSOCK32.dll
0x00007ffb90bf0000 - 0x00007ffb90c12000 	C:\Windows\SYSTEM32\WINMM.dll
0x00007ffb95ec0000 - 0x00007ffb95ec7000 	C:\Windows\system32\PSAPI.DLL
0x00007ffb936e0000 - 0x00007ffb9373a000 	C:\Windows\system32\WS2_32.dll
0x00007ffb90bc0000 - 0x00007ffb90bea000 	C:\Windows\SYSTEM32\WINMMBASE.dll
0x00007ffb95620000 - 0x00007ffb95629000 	C:\Windows\system32\NSI.dll
0x00007ffb91de0000 - 0x00007ffb91e08000 	C:\Windows\SYSTEM32\DEVOBJ.dll
0x0000000071890000 - 0x000000007189f000 	C:\Program Files\Java\jdk1.8.0_101\jre\bin\verify.dll
0x0000000070cc0000 - 0x0000000070ce9000 	C:\Program Files\Java\jdk1.8.0_101\jre\bin\java.dll
0x0000000070ca0000 - 0x0000000070cb6000 	C:\Program Files\Java\jdk1.8.0_101\jre\bin\zip.dll

VM Arguments:
jvm_args: -Djava.awt.headless=true -Xmx1024M -Dfile.encoding=windows-1256 -Duser.country=US -Duser.language=en -Duser.variant 
java_command: com.android.dx.command.Main --dex --force-jumbo --num-threads=4 --multi-dex --output E:\Android summer training\Pro\PipTalk\app\build\intermediates\transforms\dex\debug\folders\1000\10\com.google.firebase-firebase-iid-10.2.0_80dd4898e1b87ab1705218a7471ab7eededc12ae E:\Android summer training\Pro\PipTalk\app\build\intermediates\exploded-aar\com.google.firebase\firebase-iid\10.2.0\jars\classes.jar
java_class_path (initial): E:\BFCI\android SDK\android-sdk-windows\build-tools\24.0.1\lib\dx.jar
Launcher Type: SUN_STANDARD

Environment Variables:
PATH=C:\ProgramData\Oracle\Java\javapath;C:\Windows\system32;C:\Windows;C:\Windows\System32\Wbem;C:\Windows\System32\WindowsPowerShell\v1.0\;C:\Program Files (x86)\Microsoft SQL Server\100\Tools\Binn\;C:\Program Files\Microsoft SQL Server\100\Tools\Binn\;C:\Program Files\Microsoft SQL Server\100\DTS\Binn\;C:\Program Files (x86)\MySQL\MySQL Server 5.0\bin;E:\Installed Programs\runtime\win64;E:\Installed Programs\bin;E:\Installed Programs\polyspace\bin
USERNAME=EL MAGIC
OS=Windows_NT
PROCESSOR_IDENTIFIER=Intel64 Family 6 Model 42 Stepping 7, GenuineIntel



---------------  S Y S T E M  ---------------

OS:Failed to allocate version_info

CPU:total 4 (2 cores per cpu, 2 threads per core) family 6 model 42 stepping 7, cmov, cx8, fxsr, mmx, sse, sse2, sse3, ssse3, sse4.1, sse4.2, popcnt, avx, aes, clmul, ht, tsc, tscinvbit

Memory: 4k page, physical 4098096k(307468k free), swap 7243824k(4188k free)

vm_info: Java HotSpot(TM) 64-Bit Server VM (25.101-b13) for windows-amd64 JRE (1.8.0_101-b13), built on Jun 22 2016 01:21:29 by "java_re" with MS VC++ 10.0 (VS2010)

time: Tue Feb 28 02:32:15 2017
elapsed time: 0 seconds (0d 0h 0m 0s)

