#
# There is insufficient memory for the Java Runtime Environment to continue.
# Native memory allocation (malloc) failed to allocate 32744 bytes for ChunkPool::allocate
# Possible reasons:
#   The system is out of physical RAM or swap space
#   In 32 bit mode, the process size limit was hit
# Possible solutions:
#   Reduce memory load on the system
#   Increase physical memory or swap space
#   Check if swap backing store is full
#   Use 64 bit Java on a 64 bit OS
#   Decrease Java heap size (-Xmx/-Xms)
#   Decrease number of Java threads
#   Decrease Java thread stack sizes (-Xss)
#   Set larger code cache with -XX:ReservedCodeCacheSize=
# This output file may be truncated or incomplete.
#
#  Out of Memory Error (allocation.cpp:273), pid=4628, tid=0x0000000000000454
#
# JRE version: Java(TM) SE Runtime Environment (8.0_101-b13) (build 1.8.0_101-b13)
# Java VM: Java HotSpot(TM) 64-Bit Server VM (25.101-b13 mixed mode windows-amd64 compressed oops)
# Failed to write core dump. Minidumps are not enabled by default on client versions of Windows
#

---------------  T H R E A D  ---------------

Current thread (0x000000000774b000):  JavaThread "C1 CompilerThread2" daemon [_thread_in_native, id=1108, stack(0x0000000007c00000,0x0000000007d00000)]

Stack: [0x0000000007c00000,0x0000000007d00000]
[error occurred during error reporting (printing stack bounds), id 0xc0000005]

Native frames: (J=compiled Java code, j=interpreted, Vv=VM code, C=native code)


Current CompileTask:
C1:   2712  350       3       java.util.zip.ZipEntry::setExtra0 (360 bytes)


---------------  P R O C E S S  ---------------

Java Threads: ( => current thread )
  0x00000000078ca800 JavaThread "pool-2-thread-4" [_thread_blocked, id=4140, stack(0x0000000008300000,0x0000000008400000)]
  0x00000000078ca000 JavaThread "pool-2-thread-3" [_thread_blocked, id=7152, stack(0x0000000008200000,0x0000000008300000)]
  0x00000000078c8800 JavaThread "pool-2-thread-2" [_thread_blocked, id=3660, stack(0x0000000008100000,0x0000000008200000)]
  0x00000000078c5800 JavaThread "pool-3-thread-1" [_thread_blocked, id=5480, stack(0x0000000008000000,0x0000000008100000)]
  0x00000000078c4800 JavaThread "pool-2-thread-1" [_thread_in_vm, id=5520, stack(0x0000000007f00000,0x0000000008000000)]
  0x0000000007753000 JavaThread "Service Thread" daemon [_thread_blocked, id=6716, stack(0x0000000007d00000,0x0000000007e00000)]
=>0x000000000774b000 JavaThread "C1 CompilerThread2" daemon [_thread_in_native, id=1108, stack(0x0000000007c00000,0x0000000007d00000)]
  0x000000000773b000 JavaThread "C2 CompilerThread1" daemon [_thread_blocked, id=4320, stack(0x0000000007b00000,0x0000000007c00000)]
  0x0000000006018000 JavaThread "C2 CompilerThread0" daemon [_thread_blocked, id=2784, stack(0x0000000007600000,0x0000000007700000)]
  0x0000000006016000 JavaThread "Attach Listener" daemon [_thread_blocked, id=6032, stack(0x0000000007500000,0x0000000007600000)]
  0x0000000006015800 JavaThread "Signal Dispatcher" daemon [_thread_blocked, id=2440, stack(0x0000000007400000,0x0000000007500000)]
  0x0000000005fba000 JavaThread "Finalizer" daemon [_thread_blocked, id=2856, stack(0x0000000007220000,0x0000000007320000)]
  0x0000000005f99000 JavaThread "Reference Handler" daemon [_thread_blocked, id=5360, stack(0x0000000007120000,0x0000000007220000)]
  0x0000000002800800 JavaThread "main" [_thread_blocked, id=5312, stack(0x0000000002700000,0x0000000002800000)]

Other Threads:
  0x0000000005f96800 VMThread [stack: 0x0000000007020000,0x0000000007120000] [id=4800]
  0x00000000077be800 WatcherThread [stack: 0x0000000007e00000,0x0000000007f00000] [id=4516]

VM state:not at safepoint (normal execution)

VM Mutex/Monitor currently owned by a thread: None

Heap:
 PSYoungGen      total 18944K, used 9257K [0x00000000eab00000, 0x00000000ec000000, 0x0000000100000000)
  eden space 16384K, 56% used [0x00000000eab00000,0x00000000eb40a708,0x00000000ebb00000)
  from space 2560K, 0% used [0x00000000ebd80000,0x00000000ebd80000,0x00000000ec000000)
  to   space 2560K, 0% used [0x00000000ebb00000,0x00000000ebb00000,0x00000000ebd80000)
 ParOldGen       total 44032K, used 0K [0x00000000c0000000, 0x00000000c2b00000, 0x00000000eab00000)
  object space 44032K, 0% used [0x00000000c0000000,0x00000000c0000000,0x00000000c2b00000)
 Metaspace       used 5155K, capacity 6224K, committed 6528K, reserved 1056768K
  class space    used 565K, capacity 584K, committed 640K, reserved 1048576K

Card table byte_map: [0x0000000002cc0000,0x0000000002ed0000] byte_map_base: 0x00000000026c0000

Marking Bits: (ParMarkBitMap*) 0x000000007150a6d0
 Begin Bits: [0x0000000003430000, 0x0000000004430000)
 End Bits:   [0x0000000004430000, 0x0000000005430000)

Polling page: 0x0000000000a80000

CodeCache: size=245760Kb used=1802Kb max_used=1813Kb free=243957Kb
 bounds [0x000000000f010000, 0x000000000f280000, 0x000000001e010000]
 total_blobs=615 nmethods=350 adapters=178
 compilation: enabled

Compilation events (10 events):
Event: 2.600 Thread 0x000000000774b000 nmethod 343 0x000000000f1ce410 code [0x000000000f1ce560, 0x000000000f1ce650]
Event: 2.600 Thread 0x000000000774b000  344       1       com.android.dx.rop.code.Insn::getResult (5 bytes)
Event: 2.600 Thread 0x000000000774b000 nmethod 344 0x000000000f1ce150 code [0x000000000f1ce2a0, 0x000000000f1ce3b0]
Event: 2.636 Thread 0x000000000774b000  345  s    3       java.lang.StringBuffer::toString (36 bytes)
Event: 2.637 Thread 0x000000000774b000 nmethod 345 0x000000000f1d1ed0 code [0x000000000f1d2060, 0x000000000f1d2508]
Event: 2.692 Thread 0x0000000006018000  346       4       java.util.concurrent.ConcurrentHashMap::tabAt (21 bytes)
Event: 2.693 Thread 0x0000000006018000 nmethod 346 0x000000000f1d5290 code [0x000000000f1d53c0, 0x000000000f1d5418]
Event: 2.706 Thread 0x000000000774b000  350       3       java.util.zip.ZipEntry::setExtra0 (360 bytes)
Event: 2.708 Thread 0x000000000773b000  351       4       java.util.concurrent.ConcurrentHashMap::casTabAt (20 bytes)
Event: 2.709 Thread 0x000000000773b000 nmethod 351 0x000000000f1d3110 code [0x000000000f1d3240, 0x000000000f1d32b8]

GC Heap History (0 events):
No events

Deoptimization events (0 events):
No events

Internal exceptions (2 events):
Event: 0.060 Thread 0x0000000002800800 Exception <a 'java/lang/NoSuchMethodError': Method sun.misc.Unsafe.defineClass(Ljava/lang/String;[BII)Ljava/lang/Class; name or signature does not match> (0x00000000eab07cc0) thrown at [C:\re\workspace\8-2-build-windows-amd64-cygwin\jdk8u101\7261\hotspot\s\4v€C§®?
Event: 0.060 Thread 0x0000000002800800 Exception <a 'java/lang/NoSuchMethodError': Method sun.misc.Unsafe.prefetchRead(Ljava/lang/Object;J)V name or signature does not match> (0x00000000eab07fa8) thrown at [C:\re\workspace\8-2-build-windows-amd64-cygwin\jdk8u101\7261\hotspot\src\share\vm\prims\

Events (10 events):
Event: 2.692 loading class com/android/dx/dex/code/form/Form10x
Event: 2.692 loading class com/android/dx/dex/code/form/Form10x done
Event: 2.693 loading class com/android/dx/dex/code/form/Form12x
Event: 2.693 loading class com/android/dx/dex/code/form/Form12x done
Event: 2.707 loading class com/android/dx/dex/code/form/Form22x
Event: 2.707 loading class com/android/dx/dex/code/form/Form22x done
Event: 2.709 loading class com/android/dx/dex/code/form/Form32x
Event: 2.709 loading class com/android/dx/dex/code/form/Form32x done
Event: 2.710 loading class com/android/dx/dex/code/form/Form11x
Event: 2.710 loading class com/android/dx/dex/code/form/Form11x done


Dynamic libraries:
0x00007ff7c0430000 - 0x00007ff7c0467000 	C:\Program Files\Java\jdk1.8.0_101\bin\java.exe
0x00007ffb95ef0000 - 0x00007ffb9609d000 	C:\Windows\SYSTEM32\ntdll.dll
0x00007ffb93f00000 - 0x00007ffb9403e000 	C:\Windows\system32\KERNEL32.DLL
0x00007ffb931c0000 - 0x00007ffb932d5000 	C:\Windows\system32\KERNELBASE.dll
0x00007ffb91b90000 - 0x00007ffb91c1e000 	C:\Windows\system32\apphelp.dll
0x00007ffb81b90000 - 0x00007ffb81be3000 	C:\Windows\AppPatch\AppPatch64\AcGenral.DLL
0x00007ffb93630000 - 0x00007ffb936da000 	C:\Windows\system32\msvcrt.dll
0x00007ffb930e0000 - 0x00007ffb9310e000 	C:\Windows\system32\SspiCli.dll
0x00007ffb95df0000 - 0x00007ffb95e44000 	C:\Windows\system32\SHLWAPI.dll
0x00007ffb93740000 - 0x00007ffb938b7000 	C:\Windows\system32\USER32.dll
0x00007ffb95780000 - 0x00007ffb95914000 	C:\Windows\system32\ole32.dll
0x00007ffb94040000 - 0x00007ffb95568000 	C:\Windows\system32\SHELL32.dll
0x00007ffb92590000 - 0x00007ffb925b1000 	C:\Windows\SYSTEM32\USERENV.dll
0x00007ffb95570000 - 0x00007ffb9561a000 	C:\Windows\system32\ADVAPI32.dll
0x00007ffb8b5f0000 - 0x00007ffb8b60e000 	C:\Windows\SYSTEM32\MPR.dll
0x00007ffb93a20000 - 0x00007ffb93b60000 	C:\Windows\system32\RPCRT4.dll
0x00007ffb95920000 - 0x00007ffb95979000 	C:\Windows\SYSTEM32\sechost.dll
0x00007ffb959e0000 - 0x00007ffb95bf1000 	C:\Windows\SYSTEM32\combase.dll
0x00007ffb95630000 - 0x00007ffb9577f000 	C:\Windows\system32\GDI32.dll
0x00007ffb93010000 - 0x00007ffb93025000 	C:\Windows\SYSTEM32\profapi.dll
0x00007ffb91540000 - 0x00007ffb915f2000 	C:\Windows\SYSTEM32\SHCORE.dll
0x00007ffb95db0000 - 0x00007ffb95de6000 	C:\Windows\system32\IMM32.DLL
0x00007ffb938c0000 - 0x00007ffb93a12000 	C:\Windows\system32\MSCTF.dll
0x00007ffb92f50000 - 0x00007ffb92f81000 	C:\Windows\system32\nvinitx.dll
0x00007ffb92f40000 - 0x00007ffb92f4a000 	C:\Windows\SYSTEM32\VERSION.dll
0x000000000f000000 - 0x000000000f006000 	C:\Program Files\NVIDIA Corporation\CoProcManager\_etoured.dll
0x00007ffb91ca0000 - 0x00007ffb91cd1000 	C:\Program Files\NVIDIA Corporation\CoProcManager\nvd3d9wrapx.dll
0x00007ffb93b60000 - 0x00007ffb93d3a000 	C:\Windows\system32\SETUPAPI.dll
0x00007ffb93170000 - 0x00007ffb931bf000 	C:\Windows\system32\CFGMGR32.dll
0x00007ffb91740000 - 0x00007ffb91762000 	C:\Program Files\NVIDIA Corporation\CoProcManager\nvdxgiwrapx.dll
0x00007ffb910c0000 - 0x00007ffb9133b000 	C:\Windows\WinSxS\amd64_microsoft.windows.common-controls_6595b64144ccf1df_6.0.9600.18006_none_623f33d3ecbe86e8\COMCTL32.dll
0x0000000070860000 - 0x0000000070932000 	C:\Program Files\Java\jdk1.8.0_101\jre\bin\msvcr100.dll
0x0000000070cf0000 - 0x000000007158a000 	C:\Program Files\Java\jdk1.8.0_101\jre\bin\server\jvm.dll
0x00007ffb8d160000 - 0x00007ffb8d169000 	C:\Windows\SYSTEM32\WSOCK32.dll
0x00007ffb90bf0000 - 0x00007ffb90c12000 	C:\Windows\SYSTEM32\WINMM.dll
0x00007ffb95ec0000 - 0x00007ffb95ec7000 	C:\Windows\system32\PSAPI.DLL
0x00007ffb936e0000 - 0x00007ffb9373a000 	C:\Windows\system32\WS2_32.dll
0x00007ffb90bc0000 - 0x00007ffb90bea000 	C:\Windows\SYSTEM32\WINMMBASE.dll
0x00007ffb95620000 - 0x00007ffb95629000 	C:\Windows\system32\NSI.dll
0x00007ffb91de0000 - 0x00007ffb91e08000 	C:\Windows\SYSTEM32\DEVOBJ.dll
0x0000000071890000 - 0x000000007189f000 	C:\Program Files\Java\jdk1.8.0_101\jre\bin\verify.dll
0x0000000070cc0000 - 0x0000000070ce9000 	C:\Program Files\Java\jdk1.8.0_101\jre\bin\java.dll
0x0000000070ca0000 - 0x0000000070cb6000 	C:\Program Files\Java\jdk1.8.0_101\jre\bin\zip.dll

VM Arguments:
jvm_args: -Djava.awt.headless=true -Xmx1024M -Dfile.encoding=windows-1256 -Duser.country=US -Duser.language=en -Duser.variant 
java_command: com.android.dx.command.Main --dex --force-jumbo --num-threads=4 --multi-dex --output E:\Android summer training\Pro\PipTalk\app\build\intermediates\transforms\dex\debug\folders\1000\10\internal_impl-24.2.1_fe5eb295627a0c697653e8d4c2a68af180fc8085 E:\Android summer training\Pro\PipTalk\app\build\intermediates\exploded-aar\com.android.support\support-media-compat\24.2.1\jars\libs\internal_impl-24.2.1.jar
java_class_path (initial): E:\BFCI\android SDK\android-sdk-windows\build-tools\24.0.1\lib\dx.jar
Launcher Type: SUN_STANDARD

Environment Variables:
PATH=C:\ProgramData\Oracle\Java\javapath;C:\Windows\system32;C:\Windows;C:\Windows\System32\Wbem;C:\Windows\System32\WindowsPowerShell\v1.0\;C:\Program Files (x86)\Microsoft SQL Server\100\Tools\Binn\;C:\Program Files\Microsoft SQL Server\100\Tools\Binn\;C:\Program Files\Microsoft SQL Server\100\DTS\Binn\;C:\Program Files (x86)\MySQL\MySQL Server 5.0\bin;E:\Installed Programs\runtime\win64;E:\Installed Programs\bin;E:\Installed Programs\polyspace\bin
USERNAME=EL MAGIC
OS=Windows_NT
PROCESSOR_IDENTIFIER=Intel64 Family 6 Model 42 Stepping 7, GenuineIntel



---------------  S Y S T E M  ---------------

OS: Windows 8.1 , 64 bit Build 9600 (6.3.9600.17415)

CPU:total 4 (2 cores per cpu, 2 threads per core) family 6 model 42 stepping 7, cmov, cx8, fxsr, mmx, sse, sse2, sse3, ssse3, sse4.1, sse4.2, popcnt, avx, aes, clmul, ht, tsc, tscinvbit

Memory: 4k page, physical 4098096k(239920k free), swap 7243824k(3704k free)

vm_info: Java HotSpot(TM) 64-Bit Server VM (25.101-b13) for windows-amd64 JRE (1.8.0_101-b13), built on Jun 22 2016 01:21:29 by "java_re" with MS VC++ 10.0 (VS2010)

time: Tue Feb 28 02:31:06 2017
elapsed time: 2 seconds (0d 0h 0m 2s)

