#
# There is insufficient memory for the Java Runtime Environment to continue.
# Native memory allocation (malloc) failed to allocate 208560 bytes for Chunk::new
# Possible reasons:
#   The system is out of physical RAM or swap space
#   In 32 bit mode, the process size limit was hit
# Possible solutions:
#   Reduce memory load on the system
#   Increase physical memory or swap space
#   Check if swap backing store is full
#   Use 64 bit Java on a 64 bit OS
#   Decrease Java heap size (-Xmx/-Xms)
#   Decrease number of Java threads
#   Decrease Java thread stack sizes (-Xss)
#   Set larger code cache with -XX:ReservedCodeCacheSize=
# This output file may be truncated or incomplete.
#
#  Out of Memory Error (allocation.cpp:390), pid=5728, tid=0x00000000000008c8
#
# JRE version: Java(TM) SE Runtime Environment (8.0_101-b13) (build 1.8.0_101-b13)
# Java VM: Java HotSpot(TM) 64-Bit Server VM (25.101-b13 mixed mode windows-amd64 compressed oops)
# Failed to write core dump. Minidumps are not enabled by default on client versions of Windows
#

---------------  T H R E A D  ---------------

Current thread (0x0000000007c7b000):  JavaThread "C2 CompilerThread1" daemon [_thread_in_native, id=2248, stack(0x0000000008040000,0x0000000008140000)]

Stack: [0x0000000008040000,0x0000000008140000]
[error occurred during error reporting (printing stack bounds), id 0xc0000005]

Native frames: (J=compiled Java code, j=interpreted, Vv=VM code, C=native code)


Current CompileTask:
C2:   1773  910       4       com.android.dx.ssa.back.LivenessAnalyzer::handleTailRecursion (94 bytes)


---------------  P R O C E S S  ---------------

Java Threads: ( => current thread )
  0x0000000007eb2800 JavaThread "pool-2-thread-4" [_thread_in_Java, id=1304, stack(0x0000000008840000,0x0000000008940000)]
  0x0000000007edd800 JavaThread "pool-2-thread-3" [_thread_in_Java, id=7032, stack(0x0000000008740000,0x0000000008840000)]
  0x0000000007ee9000 JavaThread "pool-2-thread-2" [_thread_in_Java, id=5164, stack(0x0000000008640000,0x0000000008740000)]
  0x0000000007f39800 JavaThread "pool-3-thread-1" [_thread_blocked, id=6756, stack(0x0000000008540000,0x0000000008640000)]
  0x0000000007e81000 JavaThread "pool-2-thread-1" [_thread_blocked, id=5560, stack(0x0000000008440000,0x0000000008540000)]
  0x0000000007c93000 JavaThread "Service Thread" daemon [_thread_blocked, id=5312, stack(0x0000000008240000,0x0000000008340000)]
  0x0000000007c8b000 JavaThread "C1 CompilerThread2" daemon [_thread_blocked, id=1464, stack(0x0000000008140000,0x0000000008240000)]
=>0x0000000007c7b000 JavaThread "C2 CompilerThread1" daemon [_thread_in_native, id=2248, stack(0x0000000008040000,0x0000000008140000)]
  0x0000000006538000 JavaThread "C2 CompilerThread0" daemon [_thread_blocked, id=4808, stack(0x0000000007b40000,0x0000000007c40000)]
  0x0000000006536000 JavaThread "Attach Listener" daemon [_thread_blocked, id=6536, stack(0x0000000007a40000,0x0000000007b40000)]
  0x0000000006535800 JavaThread "Signal Dispatcher" daemon [_thread_blocked, id=4100, stack(0x0000000007940000,0x0000000007a40000)]
  0x00000000064da800 JavaThread "Finalizer" daemon [_thread_blocked, id=6136, stack(0x0000000007760000,0x0000000007860000)]
  0x0000000002e0f000 JavaThread "Reference Handler" daemon [_thread_blocked, id=2668, stack(0x0000000007660000,0x0000000007760000)]
  0x0000000002d20800 JavaThread "main" [_thread_in_Java, id=2816, stack(0x0000000002c20000,0x0000000002d20000)]

Other Threads:
  0x00000000064b7800 VMThread [stack: 0x0000000007560000,0x0000000007660000] [id=5340]
  0x0000000007cf6000 WatcherThread [stack: 0x0000000008340000,0x0000000008440000] [id=5292]

VM state:not at safepoint (normal execution)

VM Mutex/Monitor currently owned by a thread: None

Heap:
 PSYoungGen      total 18944K, used 15596K [0x00000000eab00000, 0x00000000ed000000, 0x0000000100000000)
  eden space 16384K, 79% used [0x00000000eab00000,0x00000000eb7c15b0,0x00000000ebb00000)
  from space 2560K, 99% used [0x00000000ebb00000,0x00000000ebd79c88,0x00000000ebd80000)
  to   space 2560K, 0% used [0x00000000ecd80000,0x00000000ecd80000,0x00000000ed000000)
 ParOldGen       total 44032K, used 1387K [0x00000000c0000000, 0x00000000c2b00000, 0x00000000eab00000)
  object space 44032K, 3% used [0x00000000c0000000,0x00000000c015adf8,0x00000000c2b00000)
 Metaspace       used 5788K, capacity 6832K, committed 7040K, reserved 1056768K
  class space    used 590K, capacity 616K, committed 640K, reserved 1048576K

Card table byte_map: [0x00000000031e0000,0x00000000033f0000] byte_map_base: 0x0000000002be0000

Marking Bits: (ParMarkBitMap*) 0x000000007150a6d0
 Begin Bits: [0x0000000003950000, 0x0000000004950000)
 End Bits:   [0x0000000004950000, 0x0000000005950000)

Polling page: 0x0000000000f00000

CodeCache: size=245760Kb used=3372Kb max_used=3377Kb free=242387Kb
 bounds [0x000000000f010000, 0x000000000f360000, 0x000000001e010000]
 total_blobs=1137 nmethods=872 adapters=176
 compilation: disabled (not enough contiguous free space left)

Compilation events (10 events):
Event: 1.462 Thread 0x0000000007c8b000 nmethod 826 0x000000000f343250 code [0x000000000f343400, 0x000000000f343908]
Event: 1.463 Thread 0x0000000007c8b000  825       3       com.android.dx.ssa.back.FirstFitLocalCombiningAllocator::findNextUnreservedRopReg (12 bytes)
Event: 1.463 Thread 0x0000000007c8b000 nmethod 825 0x000000000f35cf50 code [0x000000000f35d0e0, 0x000000000f35d428]
Event: 1.463 Thread 0x0000000007c8b000  864       1       com.android.dx.cf.attrib.AttCode::getMaxStack (5 bytes)
Event: 1.463 Thread 0x0000000007c8b000 nmethod 864 0x000000000f342f90 code [0x000000000f3430e0, 0x000000000f3431f0]
Event: 1.721 Thread 0x0000000007c7b000  910       4       com.android.dx.ssa.back.LivenessAnalyzer::handleTailRecursion (94 bytes)
Event: 1.721 Thread 0x0000000006538000  915       4       com.android.dx.rop.code.RegisterSpecSet::mutableCopy (57 bytes)
Event: 1.721 Thread 0x0000000007c8b000  877       3       com.android.dx.ssa.SsaMethod::computeReachability (131 bytes)
Event: 1.724 Thread 0x0000000007c8b000 

Event: 1.730 Thread 0x0000000006538000 


GC Heap History (2 events):
Event: 1.185 GC heap before
{Heap before GC invocations=1 (full 0):
 PSYoungGen      total 18944K, used 16384K [0x00000000eab00000, 0x00000000ec000000, 0x0000000100000000)
  eden space 16384K, 100% used [0x00000000eab00000,0x00000000ebb00000,0x00000000ebb00000)
  from space 2560K, 0% used [0x00000000ebd80000,0x00000000ebd80000,0x00000000ec000000)
  to   space 2560K, 0% used [0x00000000ebb00000,0x00000000ebb00000,0x00000000ebd80000)
 ParOldGen       total 44032K, used 0K [0x00000000c0000000, 0x00000000c2b00000, 0x00000000eab00000)
  object space 44032K, 0% used [0x00000000c0000000,0x00000000c0000000,0x00000000c2b00000)
 Metaspace       used 5558K, capacity 6640K, committed 6784K, reserved 1056768K
  class space    used 583K, capacity 616K, committed 640K, reserved 1048576K
Event: 1.263 GC heap after
Heap after GC invocations=1 (full 0):
 PSYoungGen      total 18944K, used 2535K [0x00000000eab00000, 0x00000000ed000000, 0x0000000100000000)
  eden space 16384K, 0% used [0x00000000eab00000,0x00000000eab00000,0x00000000ebb00000)
  from space 2560K, 99% used [0x00000000ebb00000,0x00000000ebd79c88,0x00000000ebd80000)
  to   space 2560K, 0% used [0x00000000ecd80000,0x00000000ecd80000,0x00000000ed000000)
 ParOldGen       total 44032K, used 1387K [0x00000000c0000000, 0x00000000c2b00000, 0x00000000eab00000)
  object space 44032K, 3% used [0x00000000c0000000,0x00000000c015adf8,0x00000000c2b00000)
 Metaspace       used 5558K, capacity 6640K, committed 6784K, reserved 1056768K
  class space    used 583K, capacity 616K, committed 640K, reserved 1048576K
}

Deoptimization events (6 events):
Event: 0.875 Thread 0x0000000007e81000 Uncommon trap: reason=unstable_if action=reinterpret pc=0x000000000f219948 method=java.util.HashMap.getNode(ILjava/lang/Object;)Ljava/util/HashMap$Node; @ 62
Event: 1.042 Thread 0x0000000007edd800 Uncommon trap: reason=unstable_if action=reinterpret pc=0x000000000f215fb0 method=java.util.BitSet.nextSetBit(I)I @ 87
Event: 1.325 Thread 0x0000000007edd800 Uncommon trap: reason=unstable_if action=reinterpret pc=0x000000000f256d20 method=java.util.HashMap.getNode(ILjava/lang/Object;)Ljava/util/HashMap$Node; @ 62
Event: 1.439 Thread 0x0000000007eb2800 Uncommon trap: reason=unstable_if action=reinterpret pc=0x000000000f28c974 method=java.util.BitSet.ensureCapacity(I)V @ 6
Event: 1.743 Thread 0x0000000007edd800 Uncommon trap: reason=unstable_if action=reinterpret pc=0x000000000f2c7390 method=com.android.dx.rop.code.RegisterSpec.equals(ILcom/android/dx/rop/type/TypeBearer;Lcom/android/dx/rop/code/LocalItem;)Z @ 16
Event: 1.745 Thread 0x0000000002d20800 Uncommon trap: reason=null_check action=make_not_entrant pc=0x000000000f2c2ea8 method=com.android.dx.ssa.SsaRenamer.getLocalForNewReg(I)Lcom/android/dx/rop/code/LocalItem; @ 19

Internal exceptions (3 events):
Event: 0.058 Thread 0x0000000002d20800 Exception <a 'java/lang/NoSuchMethodError': Method sun.misc.Unsafe.defineClass(Ljava/lang/String;[BII)Ljava/lang/Class; name or signature does not match> (0x00000000eab07cc0) thrown at [C:\re\workspace\8-2-build-windows-amd64-cygwin\jdk8u101\7261\hotspot\sÊmÄ­?
Event: 0.058 Thread 0x0000000002d20800 Exception <a 'java/lang/NoSuchMethodError': Method sun.misc.Unsafe.prefetchRead(Ljava/lang/Object;J)V name or signature does not match> (0x00000000eab07fa8) thrown at [C:\re\workspace\8-2-build-windows-amd64-cygwin\jdk8u101\7261\hotspot\src\share\vm\prims\ùƒ46Oíû?
Event: 1.745 Thread 0x0000000002d20800 Implicit null exception at 0x000000000f2c1736 to 0x000000000f2c2e61

Events (10 events):
Event: 1.533 loading class java/util/TreeMap$EntryIterator
Event: 1.533 loading class java/util/TreeMap$EntryIterator done
Event: 1.533 Executing VM operation: Deoptimize
Event: 1.720 Executing VM operation: Deoptimize done
Event: 1.743 Thread 0x0000000007edd800 Uncommon trap: trap_request=0xffffff65 fr.pc=0x000000000f2c7390
Event: 1.743 Thread 0x0000000007edd800 DEOPT PACKING pc=0x000000000f2c7390 sp=0x000000000883e9e0
Event: 1.743 Thread 0x0000000007edd800 DEOPT UNPACKING pc=0x000000000f05582a sp=0x000000000883e968 mode 2
Event: 1.745 Thread 0x0000000002d20800 Uncommon trap: trap_request=0xfffffff4 fr.pc=0x000000000f2c2ea8
Event: 1.745 Thread 0x0000000002d20800 DEOPT PACKING pc=0x000000000f2c2ea8 sp=0x0000000002d1e650
Event: 1.746 Thread 0x0000000002d20800 DEOPT UNPACKING pc=0x000000000f05582a sp=0x0000000002d1e4a8 mode 2


Dynamic libraries:
0x00007ff7c0430000 - 0x00007ff7c0467000 	C:\Program Files\Java\jdk1.8.0_101\bin\java.exe
0x00007ffb95ef0000 - 0x00007ffb9609d000 	C:\Windows\SYSTEM32\ntdll.dll
0x00007ffb93f00000 - 0x00007ffb9403e000 	C:\Windows\system32\KERNEL32.DLL
0x00007ffb931c0000 - 0x00007ffb932d5000 	C:\Windows\system32\KERNELBASE.dll
0x00007ffb91b90000 - 0x00007ffb91c1e000 	C:\Windows\system32\apphelp.dll
0x00007ffb81b90000 - 0x00007ffb81be3000 	C:\Windows\AppPatch\AppPatch64\AcGenral.DLL
0x00007ffb93630000 - 0x00007ffb936da000 	C:\Windows\system32\msvcrt.dll
0x00007ffb930e0000 - 0x00007ffb9310e000 	C:\Windows\system32\SspiCli.dll
0x00007ffb95df0000 - 0x00007ffb95e44000 	C:\Windows\system32\SHLWAPI.dll
0x00007ffb93740000 - 0x00007ffb938b7000 	C:\Windows\system32\USER32.dll
0x00007ffb95780000 - 0x00007ffb95914000 	C:\Windows\system32\ole32.dll
0x00007ffb94040000 - 0x00007ffb95568000 	C:\Windows\system32\SHELL32.dll
0x00007ffb92590000 - 0x00007ffb925b1000 	C:\Windows\SYSTEM32\USERENV.dll
0x00007ffb95570000 - 0x00007ffb9561a000 	C:\Windows\system32\ADVAPI32.dll
0x00007ffb8b5f0000 - 0x00007ffb8b60e000 	C:\Windows\SYSTEM32\MPR.dll
0x00007ffb93a20000 - 0x00007ffb93b60000 	C:\Windows\system32\RPCRT4.dll
0x00007ffb95920000 - 0x00007ffb95979000 	C:\Windows\SYSTEM32\sechost.dll
0x00007ffb959e0000 - 0x00007ffb95bf1000 	C:\Windows\SYSTEM32\combase.dll
0x00007ffb95630000 - 0x00007ffb9577f000 	C:\Windows\system32\GDI32.dll
0x00007ffb93010000 - 0x00007ffb93025000 	C:\Windows\SYSTEM32\profapi.dll
0x00007ffb91540000 - 0x00007ffb915f2000 	C:\Windows\SYSTEM32\SHCORE.dll
0x00007ffb95db0000 - 0x00007ffb95de6000 	C:\Windows\system32\IMM32.DLL
0x00007ffb938c0000 - 0x00007ffb93a12000 	C:\Windows\system32\MSCTF.dll
0x00007ffb92f50000 - 0x00007ffb92f81000 	C:\Windows\system32\nvinitx.dll
0x00007ffb92f40000 - 0x00007ffb92f4a000 	C:\Windows\SYSTEM32\VERSION.dll
0x000000000f000000 - 0x000000000f006000 	C:\Program Files\NVIDIA Corporation\CoProcManager\_etoured.dll
0x00007ffb91ca0000 - 0x00007ffb91cd1000 	C:\Program Files\NVIDIA Corporation\CoProcManager\nvd3d9wrapx.dll
0x00007ffb93b60000 - 0x00007ffb93d3a000 	C:\Windows\system32\SETUPAPI.dll
0x00007ffb93170000 - 0x00007ffb931bf000 	C:\Windows\system32\CFGMGR32.dll
0x00007ffb91740000 - 0x00007ffb91762000 	C:\Program Files\NVIDIA Corporation\CoProcManager\nvdxgiwrapx.dll
0x00007ffb910c0000 - 0x00007ffb9133b000 	C:\Windows\WinSxS\amd64_microsoft.windows.common-controls_6595b64144ccf1df_6.0.9600.18006_none_623f33d3ecbe86e8\COMCTL32.dll
0x0000000070860000 - 0x0000000070932000 	C:\Program Files\Java\jdk1.8.0_101\jre\bin\msvcr100.dll
0x0000000070cf0000 - 0x000000007158a000 	C:\Program Files\Java\jdk1.8.0_101\jre\bin\server\jvm.dll
0x00007ffb8d160000 - 0x00007ffb8d169000 	C:\Windows\SYSTEM32\WSOCK32.dll
0x00007ffb90bf0000 - 0x00007ffb90c12000 	C:\Windows\SYSTEM32\WINMM.dll
0x00007ffb95ec0000 - 0x00007ffb95ec7000 	C:\Windows\system32\PSAPI.DLL
0x00007ffb936e0000 - 0x00007ffb9373a000 	C:\Windows\system32\WS2_32.dll
0x00007ffb90bc0000 - 0x00007ffb90bea000 	C:\Windows\SYSTEM32\WINMMBASE.dll
0x00007ffb95620000 - 0x00007ffb95629000 	C:\Windows\system32\NSI.dll
0x00007ffb91de0000 - 0x00007ffb91e08000 	C:\Windows\SYSTEM32\DEVOBJ.dll
0x0000000071890000 - 0x000000007189f000 	C:\Program Files\Java\jdk1.8.0_101\jre\bin\verify.dll
0x0000000070cc0000 - 0x0000000070ce9000 	C:\Program Files\Java\jdk1.8.0_101\jre\bin\java.dll
0x0000000070ca0000 - 0x0000000070cb6000 	C:\Program Files\Java\jdk1.8.0_101\jre\bin\zip.dll

VM Arguments:
jvm_args: -Djava.awt.headless=true -Xmx1024M -Dfile.encoding=windows-1256 -Duser.country=US -Duser.language=en -Duser.variant 
java_command: com.android.dx.command.Main --dex --force-jumbo --num-threads=4 --multi-dex --output E:\Android summer training\Pro\PipTalk\app\build\intermediates\transforms\dex\debug\folders\1000\10\com.android.support-design-24.2.1_81f81298d2db85f13c332e515bee4bcb39e543e7 E:\Android summer training\Pro\PipTalk\app\build\intermediates\exploded-aar\com.android.support\design\24.2.1\jars\classes.jar
java_class_path (initial): E:\BFCI\android SDK\android-sdk-windows\build-tools\24.0.1\lib\dx.jar
Launcher Type: SUN_STANDARD

Environment Variables:
PATH=C:\ProgramData\Oracle\Java\javapath;C:\Windows\system32;C:\Windows;C:\Windows\System32\Wbem;C:\Windows\System32\WindowsPowerShell\v1.0\;C:\Program Files (x86)\Microsoft SQL Server\100\Tools\Binn\;C:\Program Files\Microsoft SQL Server\100\Tools\Binn\;C:\Program Files\Microsoft SQL Server\100\DTS\Binn\;C:\Program Files (x86)\MySQL\MySQL Server 5.0\bin;E:\Installed Programs\runtime\win64;E:\Installed Programs\bin;E:\Installed Programs\polyspace\bin
USERNAME=EL MAGIC
OS=Windows_NT
PROCESSOR_IDENTIFIER=Intel64 Family 6 Model 42 Stepping 7, GenuineIntel



---------------  S Y S T E M  ---------------

OS: Windows 8.1 , 64 bit Build 9600 (6.3.9600.17415)

CPU:total 4 (2 cores per cpu, 2 threads per core) family 6 model 42 stepping 7, cmov, cx8, fxsr, mmx, sse, sse2, sse3, ssse3, sse4.1, sse4.2, popcnt, avx, aes, clmul, ht, tsc, tscinvbit

Memory: 4k page, physical 4098096k(353224k free), swap 7243824k(5108k free)

vm_info: Java HotSpot(TM) 64-Bit Server VM (25.101-b13) for windows-amd64 JRE (1.8.0_101-b13), built on Jun 22 2016 01:21:29 by "java_re" with MS VC++ 10.0 (VS2010)

time: Tue Feb 28 01:51:37 2017
elapsed time: 1 seconds (0d 0h 0m 1s)

