#
# There is insufficient memory for the Java Runtime Environment to continue.
# Native memory allocation (malloc) failed to allocate 228256 bytes for Chunk::new
# Possible reasons:
#   The system is out of physical RAM or swap space
#   In 32 bit mode, the process size limit was hit
# Possible solutions:
#   Reduce memory load on the system
#   Increase physical memory or swap space
#   Check if swap backing store is full
#   Use 64 bit Java on a 64 bit OS
#   Decrease Java heap size (-Xmx/-Xms)
#   Decrease number of Java threads
#   Decrease Java thread stack sizes (-Xss)
#   Set larger code cache with -XX:ReservedCodeCacheSize=
# This output file may be truncated or incomplete.
#
#  Out of Memory Error (allocation.cpp:390), pid=5396, tid=0x0000000000000eb8
#
# JRE version: Java(TM) SE Runtime Environment (8.0_101-b13) (build 1.8.0_101-b13)
# Java VM: Java HotSpot(TM) 64-Bit Server VM (25.101-b13 mixed mode windows-amd64 compressed oops)
# Failed to write core dump. Minidumps are not enabled by default on client versions of Windows
#

---------------  T H R E A D  ---------------

Current thread (0x0000000006108000):  JavaThread "C2 CompilerThread0" daemon [_thread_in_native, id=3768, stack(0x0000000007700000,0x0000000007800000)]

Stack: [0x0000000007700000,0x0000000007800000]
[error occurred during error reporting (printing stack bounds), id 0xc0000005]

Native frames: (J=compiled Java code, j=interpreted, Vv=VM code, C=native code)


Current CompileTask:
C2:   3645 1160       4       com.android.dx.rop.code.RopMethod::labelToPredecessors (54 bytes)


---------------  P R O C E S S  ---------------

Java Threads: ( => current thread )
  0x00000000079d5800 JavaThread "pool-2-thread-4" [_thread_in_vm, id=204, stack(0x0000000008400000,0x0000000008500000)]
  0x00000000079d5000 JavaThread "pool-2-thread-3" [_thread_in_Java, id=3460, stack(0x0000000008300000,0x0000000008400000)]
  0x00000000079d3000 JavaThread "pool-2-thread-2" [_thread_blocked, id=6620, stack(0x0000000008200000,0x0000000008300000)]
  0x00000000079d0000 JavaThread "pool-3-thread-1" [_thread_blocked, id=5520, stack(0x0000000008100000,0x0000000008200000)]
  0x00000000079ca800 JavaThread "pool-2-thread-1" [_thread_in_Java, id=1256, stack(0x0000000008000000,0x0000000008100000)]
  0x0000000007857800 JavaThread "Service Thread" daemon [_thread_blocked, id=6840, stack(0x0000000007e00000,0x0000000007f00000)]
  0x000000000784e800 JavaThread "C1 CompilerThread2" daemon [_thread_blocked, id=4816, stack(0x0000000007d00000,0x0000000007e00000)]
  0x000000000611e000 JavaThread "C2 CompilerThread1" daemon [_thread_in_native, id=6792, stack(0x0000000007c00000,0x0000000007d00000)]
=>0x0000000006108000 JavaThread "C2 CompilerThread0" daemon [_thread_in_native, id=3768, stack(0x0000000007700000,0x0000000007800000)]
  0x0000000006106000 JavaThread "Attach Listener" daemon [_thread_blocked, id=6688, stack(0x0000000007600000,0x0000000007700000)]
  0x0000000006105800 JavaThread "Signal Dispatcher" daemon [_thread_blocked, id=6516, stack(0x0000000007500000,0x0000000007600000)]
  0x00000000060aa800 JavaThread "Finalizer" daemon [_thread_blocked, id=868, stack(0x0000000007320000,0x0000000007420000)]
  0x0000000006089000 JavaThread "Reference Handler" daemon [_thread_blocked, id=2480, stack(0x0000000007220000,0x0000000007320000)]
  0x00000000028f0800 JavaThread "main" [_thread_in_Java, id=1516, stack(0x00000000027f0000,0x00000000028f0000)]

Other Threads:
  0x0000000006086800 VMThread [stack: 0x0000000007120000,0x0000000007220000] [id=6496]
  0x00000000078c2800 WatcherThread [stack: 0x0000000007f00000,0x0000000008000000] [id=4472]

VM state:not at safepoint (normal execution)

VM Mutex/Monitor currently owned by a thread: None

Heap:
 PSYoungGen      total 18944K, used 15349K [0x00000000eab00000, 0x00000000ed000000, 0x0000000100000000)
  eden space 16384K, 78% used [0x00000000eab00000,0x00000000eb782cc8,0x00000000ebb00000)
  from space 2560K, 99% used [0x00000000ebb00000,0x00000000ebd7aac8,0x00000000ebd80000)
  to   space 2560K, 0% used [0x00000000ecd80000,0x00000000ecd80000,0x00000000ed000000)
 ParOldGen       total 44032K, used 1647K [0x00000000c0000000, 0x00000000c2b00000, 0x00000000eab00000)
  object space 44032K, 3% used [0x00000000c0000000,0x00000000c019bfb8,0x00000000c2b00000)
 Metaspace       used 5922K, capacity 6896K, committed 7040K, reserved 1056768K
  class space    used 591K, capacity 616K, committed 640K, reserved 1048576K

Card table byte_map: [0x0000000002db0000,0x0000000002fc0000] byte_map_base: 0x00000000027b0000

Marking Bits: (ParMarkBitMap*) 0x000000007150a6d0
 Begin Bits: [0x0000000003520000, 0x0000000004520000)
 End Bits:   [0x0000000004520000, 0x0000000005520000)

Polling page: 0x0000000000bd0000

CodeCache: size=245760Kb used=4870Kb max_used=4870Kb free=240890Kb
 bounds [0x000000000f010000, 0x000000000f4e0000, 0x000000001e010000]
 total_blobs=1471 nmethods=1208 adapters=176
 compilation: enabled

Compilation events (10 events):
Event: 3.519 Thread 0x000000000611e000 1156       4       java.util.HashMap::put (13 bytes)
Event: 3.530 Thread 0x0000000006108000 nmethod 1154 0x000000000f487b50 code [0x000000000f487d00, 0x000000000f488508]
Event: 3.530 Thread 0x000000000784e800 1157       3       com.android.dx.ssa.back.SsaToRop::removePhiFunctions (83 bytes)
Event: 3.532 Thread 0x000000000784e800 nmethod 1157 0x000000000f48b990 code [0x000000000f48bc60, 0x000000000f48cfe8]
Event: 3.532 Thread 0x000000000784e800 1158       3       com.android.dx.ssa.SsaMethod::getCountReachableBlocks (44 bytes)
Event: 3.533 Thread 0x000000000784e800 nmethod 1158 0x000000000f48ab50 code [0x000000000f48ad20, 0x000000000f48b5d8]
Event: 3.533 Thread 0x000000000784e800 1159       3       com.android.dx.ssa.back.SsaToRop::convertBasicBlocks (151 bytes)
Event: 3.534 Thread 0x000000000611e000 nmethod 1156 0x000000000f490f10 code [0x000000000f4910c0, 0x000000000f4918e8]
Event: 3.534 Thread 0x0000000006108000 1160       4       com.android.dx.rop.code.RopMethod::labelToPredecessors (54 bytes)
Event: 3.536 Thread 0x000000000784e800 nmethod 1159 0x000000000f48e550 code [0x000000000f48e860, 0x000000000f490138]

GC Heap History (2 events):
Event: 2.474 GC heap before
{Heap before GC invocations=1 (full 0):
 PSYoungGen      total 18944K, used 16384K [0x00000000eab00000, 0x00000000ec000000, 0x0000000100000000)
  eden space 16384K, 100% used [0x00000000eab00000,0x00000000ebb00000,0x00000000ebb00000)
  from space 2560K, 0% used [0x00000000ebd80000,0x00000000ebd80000,0x00000000ec000000)
  to   space 2560K, 0% used [0x00000000ebb00000,0x00000000ebb00000,0x00000000ebd80000)
 ParOldGen       total 44032K, used 0K [0x00000000c0000000, 0x00000000c2b00000, 0x00000000eab00000)
  object space 44032K, 0% used [0x00000000c0000000,0x00000000c0000000,0x00000000c2b00000)
 Metaspace       used 5711K, capacity 6768K, committed 7040K, reserved 1056768K
  class space    used 585K, capacity 616K, committed 640K, reserved 1048576K
Event: 2.718 GC heap after
Heap after GC invocations=1 (full 0):
 PSYoungGen      total 18944K, used 2538K [0x00000000eab00000, 0x00000000ed000000, 0x0000000100000000)
  eden space 16384K, 0% used [0x00000000eab00000,0x00000000eab00000,0x00000000ebb00000)
  from space 2560K, 99% used [0x00000000ebb00000,0x00000000ebd7aac8,0x00000000ebd80000)
  to   space 2560K, 0% used [0x00000000ecd80000,0x00000000ecd80000,0x00000000ed000000)
 ParOldGen       total 44032K, used 1647K [0x00000000c0000000, 0x00000000c2b00000, 0x00000000eab00000)
  object space 44032K, 3% used [0x00000000c0000000,0x00000000c019bfb8,0x00000000c2b00000)
 Metaspace       used 5711K, capacity 6768K, committed 7040K, reserved 1056768K
  class space    used 585K, capacity 616K, committed 640K, reserved 1048576K
}

Deoptimization events (5 events):
Event: 1.462 Thread 0x00000000079d5800 Uncommon trap: reason=unstable_if action=reinterpret pc=0x000000000f23c100 method=java.util.HashMap.getNode(ILjava/lang/Object;)Ljava/util/HashMap$Node; @ 62
Event: 2.072 Thread 0x00000000079d3000 Uncommon trap: reason=class_check action=maybe_recompile pc=0x000000000f326b0c method=com.android.dx.ssa.NormalSsaInsn.accept(Lcom/android/dx/ssa/SsaInsn$Visitor;)V @ 9
Event: 2.081 Thread 0x00000000028f0800 Uncommon trap: reason=unstable_if action=reinterpret pc=0x000000000f25aab0 method=java.util.BitSet.nextSetBit(I)I @ 87
Event: 2.169 Thread 0x00000000079d5000 Uncommon trap: reason=null_check action=make_not_entrant pc=0x000000000f32733c method=com.android.dx.ssa.SsaRenamer.getLocalForNewReg(I)Lcom/android/dx/rop/code/LocalItem; @ 19
Event: 2.789 Thread 0x00000000079d5000 Uncommon trap: reason=unstable_if action=reinterpret pc=0x000000000f39569c method=com.android.dx.rop.cst.Constant.compareTo(Lcom/android/dx/rop/cst/Constant;)I @ 12

Internal exceptions (3 events):
Event: 0.252 Thread 0x00000000028f0800 Exception <a 'java/lang/NoSuchMethodError': Method sun.misc.Unsafe.defineClass(Ljava/lang/String;[BII)Ljava/lang/Class; name or signature does not match> (0x00000000eab07cc0) thrown at [C:\re\workspace\8-2-build-windows-amd64-cygwin\jdk8u101\7261\hotspot\sá¶ «–?
Event: 0.252 Thread 0x00000000028f0800 Exception <a 'java/lang/NoSuchMethodError': Method sun.misc.Unsafe.prefetchRead(Ljava/lang/Object;J)V name or signature does not match> (0x00000000eab07fa8) thrown at [C:\re\workspace\8-2-build-windows-amd64-cygwin\jdk8u101\7261\hotspot\src\share\vm\prims\ÅÆA:Z@
Event: 2.169 Thread 0x00000000079d5000 Implicit null exception at 0x000000000f325d21 to 0x000000000f3272f1

Events (10 events):
Event: 2.767 loading class com/android/dx/dex/file/UniformListItem done
Event: 2.768 loading class java/util/DualPivotQuicksort
Event: 2.768 loading class com/android/dx/dex/file/AnnotationSetRefItem
Event: 2.768 loading class com/android/dx/dex/file/AnnotationSetRefItem done
Event: 2.768 loading class java/util/DualPivotQuicksort done
Event: 2.789 Thread 0x00000000079d5000 Uncommon trap: trap_request=0xffffff65 fr.pc=0x000000000f39569c
Event: 2.789 Thread 0x00000000079d5000 DEOPT PACKING pc=0x000000000f39569c sp=0x00000000083fe650
Event: 2.789 Thread 0x00000000079d5000 DEOPT UNPACKING pc=0x000000000f05582a sp=0x00000000083fe5f0 mode 2
Event: 2.828 loading class com/android/dx/cf/code/SwitchList
Event: 2.828 loading class com/android/dx/cf/code/SwitchList done


Dynamic libraries:
0x00007ff7c0430000 - 0x00007ff7c0467000 	C:\Program Files\Java\jdk1.8.0_101\bin\java.exe
0x00007ffb95ef0000 - 0x00007ffb9609d000 	C:\Windows\SYSTEM32\ntdll.dll
0x00007ffb93f00000 - 0x00007ffb9403e000 	C:\Windows\system32\KERNEL32.DLL
0x00007ffb931c0000 - 0x00007ffb932d5000 	C:\Windows\system32\KERNELBASE.dll
0x00007ffb91b90000 - 0x00007ffb91c1e000 	C:\Windows\system32\apphelp.dll
0x00007ffb81b90000 - 0x00007ffb81be3000 	C:\Windows\AppPatch\AppPatch64\AcGenral.DLL
0x00007ffb93630000 - 0x00007ffb936da000 	C:\Windows\system32\msvcrt.dll
0x00007ffb930e0000 - 0x00007ffb9310e000 	C:\Windows\system32\SspiCli.dll
0x00007ffb95df0000 - 0x00007ffb95e44000 	C:\Windows\system32\SHLWAPI.dll
0x00007ffb93740000 - 0x00007ffb938b7000 	C:\Windows\system32\USER32.dll
0x00007ffb95780000 - 0x00007ffb95914000 	C:\Windows\system32\ole32.dll
0x00007ffb94040000 - 0x00007ffb95568000 	C:\Windows\system32\SHELL32.dll
0x00007ffb92590000 - 0x00007ffb925b1000 	C:\Windows\SYSTEM32\USERENV.dll
0x00007ffb95570000 - 0x00007ffb9561a000 	C:\Windows\system32\ADVAPI32.dll
0x00007ffb8b5f0000 - 0x00007ffb8b60e000 	C:\Windows\SYSTEM32\MPR.dll
0x00007ffb93a20000 - 0x00007ffb93b60000 	C:\Windows\system32\RPCRT4.dll
0x00007ffb95920000 - 0x00007ffb95979000 	C:\Windows\SYSTEM32\sechost.dll
0x00007ffb959e0000 - 0x00007ffb95bf1000 	C:\Windows\SYSTEM32\combase.dll
0x00007ffb95630000 - 0x00007ffb9577f000 	C:\Windows\system32\GDI32.dll
0x00007ffb93010000 - 0x00007ffb93025000 	C:\Windows\SYSTEM32\profapi.dll
0x00007ffb91540000 - 0x00007ffb915f2000 	C:\Windows\SYSTEM32\SHCORE.dll
0x00007ffb95db0000 - 0x00007ffb95de6000 	C:\Windows\system32\IMM32.DLL
0x00007ffb938c0000 - 0x00007ffb93a12000 	C:\Windows\system32\MSCTF.dll
0x00007ffb92f50000 - 0x00007ffb92f81000 	C:\Windows\system32\nvinitx.dll
0x00007ffb92f40000 - 0x00007ffb92f4a000 	C:\Windows\SYSTEM32\VERSION.dll
0x000000000f000000 - 0x000000000f006000 	C:\Program Files\NVIDIA Corporation\CoProcManager\_etoured.dll
0x00007ffb91ca0000 - 0x00007ffb91cd1000 	C:\Program Files\NVIDIA Corporation\CoProcManager\nvd3d9wrapx.dll
0x00007ffb93b60000 - 0x00007ffb93d3a000 	C:\Windows\system32\SETUPAPI.dll
0x00007ffb93170000 - 0x00007ffb931bf000 	C:\Windows\system32\CFGMGR32.dll
0x00007ffb91740000 - 0x00007ffb91762000 	C:\Program Files\NVIDIA Corporation\CoProcManager\nvdxgiwrapx.dll
0x00007ffb910c0000 - 0x00007ffb9133b000 	C:\Windows\WinSxS\amd64_microsoft.windows.common-controls_6595b64144ccf1df_6.0.9600.18006_none_623f33d3ecbe86e8\COMCTL32.dll
0x0000000070860000 - 0x0000000070932000 	C:\Program Files\Java\jdk1.8.0_101\jre\bin\msvcr100.dll
0x0000000070cf0000 - 0x000000007158a000 	C:\Program Files\Java\jdk1.8.0_101\jre\bin\server\jvm.dll
0x00007ffb8d160000 - 0x00007ffb8d169000 	C:\Windows\SYSTEM32\WSOCK32.dll
0x00007ffb90bf0000 - 0x00007ffb90c12000 	C:\Windows\SYSTEM32\WINMM.dll
0x00007ffb95ec0000 - 0x00007ffb95ec7000 	C:\Windows\system32\PSAPI.DLL
0x00007ffb936e0000 - 0x00007ffb9373a000 	C:\Windows\system32\WS2_32.dll
0x00007ffb90bc0000 - 0x00007ffb90bea000 	C:\Windows\SYSTEM32\WINMMBASE.dll
0x00007ffb95620000 - 0x00007ffb95629000 	C:\Windows\system32\NSI.dll
0x00007ffb91de0000 - 0x00007ffb91e08000 	C:\Windows\SYSTEM32\DEVOBJ.dll
0x0000000071890000 - 0x000000007189f000 	C:\Program Files\Java\jdk1.8.0_101\jre\bin\verify.dll
0x0000000070cc0000 - 0x0000000070ce9000 	C:\Program Files\Java\jdk1.8.0_101\jre\bin\java.dll
0x0000000070ca0000 - 0x0000000070cb6000 	C:\Program Files\Java\jdk1.8.0_101\jre\bin\zip.dll

VM Arguments:
jvm_args: -Djava.awt.headless=true -Xmx1024M -Dfile.encoding=windows-1256 -Duser.country=US -Duser.language=en -Duser.variant 
java_command: com.android.dx.command.Main --dex --force-jumbo --num-threads=4 --multi-dex --output E:\Android summer training\Pro\PipTalk\app\build\intermediates\transforms\dex\debug\folders\1000\10\com.android.support-support-core-utils-24.2.1_14f8f026d9eb25cfec86a380f04088683236c6d8 E:\Android summer training\Pro\PipTalk\app\build\intermediates\exploded-aar\com.android.support\support-core-utils\24.2.1\jars\classes.jar
java_class_path (initial): E:\BFCI\android SDK\android-sdk-windows\build-tools\24.0.1\lib\dx.jar
Launcher Type: SUN_STANDARD

Environment Variables:
PATH=C:\ProgramData\Oracle\Java\javapath;C:\Windows\system32;C:\Windows;C:\Windows\System32\Wbem;C:\Windows\System32\WindowsPowerShell\v1.0\;C:\Program Files (x86)\Microsoft SQL Server\100\Tools\Binn\;C:\Program Files\Microsoft SQL Server\100\Tools\Binn\;C:\Program Files\Microsoft SQL Server\100\DTS\Binn\;C:\Program Files (x86)\MySQL\MySQL Server 5.0\bin;E:\Installed Programs\runtime\win64;E:\Installed Programs\bin;E:\Installed Programs\polyspace\bin
USERNAME=EL MAGIC
OS=Windows_NT
PROCESSOR_IDENTIFIER=Intel64 Family 6 Model 42 Stepping 7, GenuineIntel



---------------  S Y S T E M  ---------------

OS: Windows 8.1 , 64 bit Build 9600 (6.3.9600.17415)

CPU:total 4 (2 cores per cpu, 2 threads per core) family 6 model 42 stepping 7, cmov, cx8, fxsr, mmx, sse, sse2, sse3, ssse3, sse4.1, sse4.2, popcnt, avx, aes, clmul, ht, tsc, tscinvbit

Memory: 4k page, physical 4098096k(164712k free), swap 7243824k(5244k free)

vm_info: Java HotSpot(TM) 64-Bit Server VM (25.101-b13) for windows-amd64 JRE (1.8.0_101-b13), built on Jun 22 2016 01:21:29 by "java_re" with MS VC++ 10.0 (VS2010)

time: Tue Feb 28 00:05:01 2017
elapsed time: 3 seconds (0d 0h 0m 3s)

