#
# There is insufficient memory for the Java Runtime Environment to continue.
# Native memory allocation (malloc) failed to allocate 32744 bytes for ChunkPool::allocate
# Possible reasons:
#   The system is out of physical RAM or swap space
#   In 32 bit mode, the process size limit was hit
# Possible solutions:
#   Reduce memory load on the system
#   Increase physical memory or swap space
#   Check if swap backing store is full
#   Use 64 bit Java on a 64 bit OS
#   Decrease Java heap size (-Xmx/-Xms)
#   Decrease number of Java threads
#   Decrease Java thread stack sizes (-Xss)
#   Set larger code cache with -XX:ReservedCodeCacheSize=
# This output file may be truncated or incomplete.
#
#  Out of Memory Error (allocation.cpp:273), pid=5408, tid=0x00000000000019cc
#
# JRE version: Java(TM) SE Runtime Environment (8.0_101-b13) (build 1.8.0_101-b13)
# Java VM: Java HotSpot(TM) 64-Bit Server VM (25.101-b13 mixed mode windows-amd64 compressed oops)
# Failed to write core dump. Minidumps are not enabled by default on client versions of Windows
#

---------------  T H R E A D  ---------------

Current thread (0x0000000006138000):  JavaThread "C2 CompilerThread1" daemon [_thread_in_native, id=6604, stack(0x00000000078c0000,0x00000000079c0000)]

Stack: [0x00000000078c0000,0x00000000079c0000]
[error occurred during error reporting (printing stack bounds), id 0xc0000005]

Native frames: (J=compiled Java code, j=interpreted, Vv=VM code, C=native code)


Current CompileTask:
C2:   3385 1069   !   4       com.android.dx.cf.code.BytecodeArray::parseInstruction (2764 bytes)


---------------  P R O C E S S  ---------------

Java Threads: ( => current thread )
  0x0000000007c0a800 JavaThread "pool-2-thread-4" [_thread_blocked, id=4576, stack(0x00000000084c0000,0x00000000085c0000)]
  0x0000000007c09800 JavaThread "pool-2-thread-3" [_thread_in_vm, id=2628, stack(0x00000000083c0000,0x00000000084c0000)]
  0x0000000007b65800 JavaThread "pool-2-thread-2" [_thread_blocked, id=3788, stack(0x00000000082c0000,0x00000000083c0000)]
  0x0000000007b5c800 JavaThread "pool-3-thread-1" [_thread_blocked, id=1388, stack(0x00000000081c0000,0x00000000082c0000)]
  0x0000000007b57800 JavaThread "pool-2-thread-1" [_thread_blocked, id=6308, stack(0x00000000080c0000,0x00000000081c0000)]
  0x0000000007a11800 JavaThread "Service Thread" daemon [_thread_blocked, id=5516, stack(0x0000000007ec0000,0x0000000007fc0000)]
  0x000000000613d800 JavaThread "C1 CompilerThread2" daemon [_thread_blocked, id=340, stack(0x0000000007dc0000,0x0000000007ec0000)]
=>0x0000000006138000 JavaThread "C2 CompilerThread1" daemon [_thread_in_native, id=6604, stack(0x00000000078c0000,0x00000000079c0000)]
  0x0000000006134800 JavaThread "C2 CompilerThread0" daemon [_thread_in_native, id=3716, stack(0x00000000077c0000,0x00000000078c0000)]
  0x0000000006133000 JavaThread "Attach Listener" daemon [_thread_blocked, id=1556, stack(0x00000000076c0000,0x00000000077c0000)]
  0x0000000006182000 JavaThread "Signal Dispatcher" daemon [_thread_blocked, id=4824, stack(0x00000000075c0000,0x00000000076c0000)]
  0x000000000611a800 JavaThread "Finalizer" daemon [_thread_blocked, id=5068, stack(0x00000000073b0000,0x00000000074b0000)]
  0x00000000060f8800 JavaThread "Reference Handler" daemon [_thread_blocked, id=2720, stack(0x00000000072b0000,0x00000000073b0000)]
  0x0000000002930800 JavaThread "main" [_thread_in_vm, id=3436, stack(0x0000000000de0000,0x0000000000ee0000)]

Other Threads:
  0x00000000060f6800 VMThread [stack: 0x00000000071b0000,0x00000000072b0000] [id=300]
  0x0000000007a7e000 WatcherThread [stack: 0x0000000007fc0000,0x00000000080c0000] [id=4456]

VM state:not at safepoint (normal execution)

VM Mutex/Monitor currently owned by a thread:  ([mutex/lock_event])
[0x0000000002a3e950] MethodData_lock - owner thread: 0x0000000007c09800

Heap:
 PSYoungGen      total 18944K, used 7721K [0x00000000eab00000, 0x00000000ec000000, 0x0000000100000000)
  eden space 16384K, 31% used [0x00000000eab00000,0x00000000eb00aa28,0x00000000ebb00000)
  from space 2560K, 99% used [0x00000000ebb00000,0x00000000ebd7fcb8,0x00000000ebd80000)
  to   space 2560K, 0% used [0x00000000ebd80000,0x00000000ebd80000,0x00000000ec000000)
 ParOldGen       total 44032K, used 1958K [0x00000000c0000000, 0x00000000c2b00000, 0x00000000eab00000)
  object space 44032K, 4% used [0x00000000c0000000,0x00000000c01e99d8,0x00000000c2b00000)
 Metaspace       used 5732K, capacity 6832K, committed 7040K, reserved 1056768K
  class space    used 580K, capacity 616K, committed 640K, reserved 1048576K

Card table byte_map: [0x0000000002e00000,0x0000000003010000] byte_map_base: 0x0000000002800000

Marking Bits: (ParMarkBitMap*) 0x000000007150a6d0
 Begin Bits: [0x0000000003570000, 0x0000000004570000)
 End Bits:   [0x0000000004570000, 0x0000000005570000)

Polling page: 0x0000000002900000

CodeCache: size=245760Kb used=4176Kb max_used=4190Kb free=241583Kb
 bounds [0x000000000f010000, 0x000000000f430000, 0x000000001e010000]
 total_blobs=1326 nmethods=1065 adapters=174
 compilation: enabled

Compilation events (10 events):
Event: 3.197 Thread 0x0000000006134800 nmethod 1078 0x000000000f429910 code [0x000000000f429a60, 0x000000000f429c38]
Event: 3.197 Thread 0x0000000006134800 1084       4       com.android.dx.rop.code.RegisterSpecList::get (9 bytes)
Event: 3.198 Thread 0x0000000006134800 nmethod 1084 0x000000000f429e50 code [0x000000000f429fa0, 0x000000000f42a078]
Event: 3.198 Thread 0x0000000006134800 1077       4       com.android.dx.rop.type.Type::getFrameType (58 bytes)
Event: 3.199 Thread 0x0000000006134800 nmethod 1077 0x000000000f3f7150 code [0x000000000f3f7280, 0x000000000f3f7318]
Event: 3.200 Thread 0x0000000006134800 1087       4       com.android.dx.util.BitIntSet$1::hasNext (13 bytes)
Event: 3.201 Thread 0x0000000006134800 nmethod 1087 0x000000000f3ccdd0 code [0x000000000f3ccf00, 0x000000000f3ccf78]
Event: 3.366 Thread 0x0000000006134800 1088       4       java.util.HashMap::put (13 bytes)
Event: 3.379 Thread 0x0000000006134800 nmethod 1088 0x000000000f428190 code [0x000000000f428360, 0x000000000f428bd0]
Event: 3.379 Thread 0x0000000006134800 1089       4       java.util.HashMap::putVal (300 bytes)

GC Heap History (2 events):
Event: 2.821 GC heap before
{Heap before GC invocations=1 (full 0):
 PSYoungGen      total 18944K, used 16376K [0x00000000eab00000, 0x00000000ec000000, 0x0000000100000000)
  eden space 16384K, 99% used [0x00000000eab00000,0x00000000ebafe280,0x00000000ebb00000)
  from space 2560K, 0% used [0x00000000ebd80000,0x00000000ebd80000,0x00000000ec000000)
  to   space 2560K, 0% used [0x00000000ebb00000,0x00000000ebb00000,0x00000000ebd80000)
 ParOldGen       total 44032K, used 0K [0x00000000c0000000, 0x00000000c2b00000, 0x00000000eab00000)
  object space 44032K, 0% used [0x00000000c0000000,0x00000000c0000000,0x00000000c2b00000)
 Metaspace       used 5662K, capacity 6768K, committed 7040K, reserved 1056768K
  class space    used 578K, capacity 616K, committed 640K, reserved 1048576K
Event: 3.050 GC heap after
Heap after GC invocations=1 (full 0):
 PSYoungGen      total 18944K, used 2559K [0x00000000eab00000, 0x00000000ec000000, 0x0000000100000000)
  eden space 16384K, 0% used [0x00000000eab00000,0x00000000eab00000,0x00000000ebb00000)
  from space 2560K, 99% used [0x00000000ebb00000,0x00000000ebd7fcb8,0x00000000ebd80000)
  to   space 2560K, 0% used [0x00000000ebd80000,0x00000000ebd80000,0x00000000ec000000)
 ParOldGen       total 44032K, used 1958K [0x00000000c0000000, 0x00000000c2b00000, 0x00000000eab00000)
  object space 44032K, 4% used [0x00000000c0000000,0x00000000c01e99d8,0x00000000c2b00000)
 Metaspace       used 5662K, capacity 6768K, committed 7040K, reserved 1056768K
  class space    used 578K, capacity 616K, committed 640K, reserved 1048576K
}

Deoptimization events (10 events):
Event: 3.159 Thread 0x0000000002930800 Uncommon trap: reason=unstable_if action=reinterpret pc=0x000000000f362a28 method=com.android.dx.rop.code.RegisterSpec.equals(ILcom/android/dx/rop/type/TypeBearer;Lcom/android/dx/rop/code/LocalItem;)Z @ 24
Event: 3.159 Thread 0x0000000002930800 Uncommon trap: reason=unstable_if action=reinterpret pc=0x000000000f277458 method=java.util.HashMap.getNode(ILjava/lang/Object;)Ljava/util/HashMap$Node; @ 129
Event: 3.159 Thread 0x0000000002930800 Uncommon trap: reason=unstable_if action=reinterpret pc=0x000000000f33910c method=com.android.dx.rop.code.RegisterSpec.equals(ILcom/android/dx/rop/type/TypeBearer;Lcom/android/dx/rop/code/LocalItem;)Z @ 24
Event: 3.159 Thread 0x0000000002930800 Uncommon trap: reason=unstable_if action=reinterpret pc=0x000000000f2c2370 method=com.android.dx.rop.code.RegisterSpec.equals(ILcom/android/dx/rop/type/TypeBearer;Lcom/android/dx/rop/code/LocalItem;)Z @ 24
Event: 3.163 Thread 0x0000000002930800 Uncommon trap: reason=unloaded action=reinterpret pc=0x000000000f312c74 method=com.android.dx.ssa.SsaRenamer$BlockRenamer.visitMoveInsn(Lcom/android/dx/ssa/NormalSsaInsn;)V @ 208
Event: 3.163 Thread 0x0000000002930800 Uncommon trap: reason=null_check action=make_not_entrant pc=0x000000000f302688 method=com.android.dx.ssa.SsaRenamer.getLocalForNewReg(I)Lcom/android/dx/rop/code/LocalItem; @ 19
Event: 3.163 Thread 0x0000000002930800 Uncommon trap: reason=unstable_if action=reinterpret pc=0x000000000f3e8e7c method=com.android.dx.ssa.SsaRenamer$BlockRenamer.addMapping(ILcom/android/dx/rop/code/RegisterSpec;)V @ 120
Event: 3.176 Thread 0x0000000002930800 Uncommon trap: reason=unstable_if action=reinterpret pc=0x000000000f40da0c method=com.android.dx.ssa.NormalSsaInsn.getLocalAssignment()Lcom/android/dx/rop/code/RegisterSpec; @ 12
Event: 3.176 Thread 0x0000000002930800 Uncommon trap: reason=unstable_if action=reinterpret pc=0x000000000f391268 method=com.android.dx.ssa.NormalSsaInsn.getLocalAssignment()Lcom/android/dx/rop/code/RegisterSpec; @ 12
Event: 3.176 Thread 0x0000000002930800 Uncommon trap: reason=unstable_if action=reinterpret pc=0x000000000f33c770 method=com.android.dx.ssa.NormalSsaInsn.getLocalAssignment()Lcom/android/dx/rop/code/RegisterSpec; @ 12

Internal exceptions (3 events):
Event: 0.060 Thread 0x0000000002930800 Exception <a 'java/lang/NoSuchMethodError': Method sun.misc.Unsafe.defineClass(Ljava/lang/String;[BII)Ljava/lang/Class; name or signature does not match> (0x00000000eab07cc0) thrown at [C:\re\workspace\8-2-build-windows-amd64-cygwin\jdk8u101\7261\hotspot\sÎÍÂ8Ò‹®?
Event: 0.060 Thread 0x0000000002930800 Exception <a 'java/lang/NoSuchMethodError': Method sun.misc.Unsafe.prefetchRead(Ljava/lang/Object;J)V name or signature does not match> (0x00000000eab07fa8) thrown at [C:\re\workspace\8-2-build-windows-amd64-cygwin\jdk8u101\7261\hotspot\src\share\vm\prims\˜„i¡˜M	@
Event: 3.163 Thread 0x0000000002930800 Implicit null exception at 0x000000000f30115c to 0x000000000f30266d

Events (10 events):
Event: 3.163 Thread 0x0000000002930800 DEOPT UNPACKING pc=0x000000000f05582a sp=0x0000000000edd6b8 mode 2
Event: 3.176 Thread 0x0000000002930800 Uncommon trap: trap_request=0xffffff65 fr.pc=0x000000000f40da0c
Event: 3.176 Thread 0x0000000002930800 DEOPT PACKING pc=0x000000000f40da0c sp=0x0000000000edd890
Event: 3.176 Thread 0x0000000002930800 DEOPT UNPACKING pc=0x000000000f05582a sp=0x0000000000edd6a8 mode 2
Event: 3.176 Thread 0x0000000002930800 Uncommon trap: trap_request=0xffffff65 fr.pc=0x000000000f391268
Event: 3.176 Thread 0x0000000002930800 DEOPT PACKING pc=0x000000000f391268 sp=0x0000000000edd7e0
Event: 3.176 Thread 0x0000000002930800 DEOPT UNPACKING pc=0x000000000f05582a sp=0x0000000000edd700 mode 2
Event: 3.176 Thread 0x0000000002930800 Uncommon trap: trap_request=0xffffff65 fr.pc=0x000000000f33c770
Event: 3.176 Thread 0x0000000002930800 DEOPT PACKING pc=0x000000000f33c770 sp=0x0000000000edd760
Event: 3.176 Thread 0x0000000002930800 DEOPT UNPACKING pc=0x000000000f05582a sp=0x0000000000edd6f0 mode 2


Dynamic libraries:
0x00007ff7c0430000 - 0x00007ff7c0467000 	C:\Program Files\Java\jdk1.8.0_101\bin\java.exe
0x00007ffb95ef0000 - 0x00007ffb9609d000 	C:\Windows\SYSTEM32\ntdll.dll
0x00007ffb93f00000 - 0x00007ffb9403e000 	C:\Windows\system32\KERNEL32.DLL
0x00007ffb931c0000 - 0x00007ffb932d5000 	C:\Windows\system32\KERNELBASE.dll
0x00007ffb91b90000 - 0x00007ffb91c1e000 	C:\Windows\system32\apphelp.dll
0x00007ffb81b90000 - 0x00007ffb81be3000 	C:\Windows\AppPatch\AppPatch64\AcGenral.DLL
0x00007ffb93630000 - 0x00007ffb936da000 	C:\Windows\system32\msvcrt.dll
0x00007ffb930e0000 - 0x00007ffb9310e000 	C:\Windows\system32\SspiCli.dll
0x00007ffb95df0000 - 0x00007ffb95e44000 	C:\Windows\system32\SHLWAPI.dll
0x00007ffb93740000 - 0x00007ffb938b7000 	C:\Windows\system32\USER32.dll
0x00007ffb95780000 - 0x00007ffb95914000 	C:\Windows\system32\ole32.dll
0x00007ffb94040000 - 0x00007ffb95568000 	C:\Windows\system32\SHELL32.dll
0x00007ffb92590000 - 0x00007ffb925b1000 	C:\Windows\SYSTEM32\USERENV.dll
0x00007ffb95570000 - 0x00007ffb9561a000 	C:\Windows\system32\ADVAPI32.dll
0x00007ffb8b5f0000 - 0x00007ffb8b60e000 	C:\Windows\SYSTEM32\MPR.dll
0x00007ffb93a20000 - 0x00007ffb93b60000 	C:\Windows\system32\RPCRT4.dll
0x00007ffb95920000 - 0x00007ffb95979000 	C:\Windows\SYSTEM32\sechost.dll
0x00007ffb959e0000 - 0x00007ffb95bf1000 	C:\Windows\SYSTEM32\combase.dll
0x00007ffb95630000 - 0x00007ffb9577f000 	C:\Windows\system32\GDI32.dll
0x00007ffb93010000 - 0x00007ffb93025000 	C:\Windows\SYSTEM32\profapi.dll
0x00007ffb91540000 - 0x00007ffb915f2000 	C:\Windows\SYSTEM32\SHCORE.dll
0x00007ffb95db0000 - 0x00007ffb95de6000 	C:\Windows\system32\IMM32.DLL
0x00007ffb938c0000 - 0x00007ffb93a12000 	C:\Windows\system32\MSCTF.dll
0x00007ffb92f50000 - 0x00007ffb92f81000 	C:\Windows\system32\nvinitx.dll
0x00007ffb92f40000 - 0x00007ffb92f4a000 	C:\Windows\SYSTEM32\VERSION.dll
0x000000000f000000 - 0x000000000f006000 	C:\Program Files\NVIDIA Corporation\CoProcManager\_etoured.dll
0x00007ffb91ca0000 - 0x00007ffb91cd1000 	C:\Program Files\NVIDIA Corporation\CoProcManager\nvd3d9wrapx.dll
0x00007ffb93b60000 - 0x00007ffb93d3a000 	C:\Windows\system32\SETUPAPI.dll
0x00007ffb93170000 - 0x00007ffb931bf000 	C:\Windows\system32\CFGMGR32.dll
0x00007ffb91740000 - 0x00007ffb91762000 	C:\Program Files\NVIDIA Corporation\CoProcManager\nvdxgiwrapx.dll
0x00007ffb910c0000 - 0x00007ffb9133b000 	C:\Windows\WinSxS\amd64_microsoft.windows.common-controls_6595b64144ccf1df_6.0.9600.18006_none_623f33d3ecbe86e8\COMCTL32.dll
0x0000000070860000 - 0x0000000070932000 	C:\Program Files\Java\jdk1.8.0_101\jre\bin\msvcr100.dll
0x0000000070cf0000 - 0x000000007158a000 	C:\Program Files\Java\jdk1.8.0_101\jre\bin\server\jvm.dll
0x00007ffb8d160000 - 0x00007ffb8d169000 	C:\Windows\SYSTEM32\WSOCK32.dll
0x00007ffb90bf0000 - 0x00007ffb90c12000 	C:\Windows\SYSTEM32\WINMM.dll
0x00007ffb95ec0000 - 0x00007ffb95ec7000 	C:\Windows\system32\PSAPI.DLL
0x00007ffb936e0000 - 0x00007ffb9373a000 	C:\Windows\system32\WS2_32.dll
0x00007ffb90bc0000 - 0x00007ffb90bea000 	C:\Windows\SYSTEM32\WINMMBASE.dll
0x00007ffb95620000 - 0x00007ffb95629000 	C:\Windows\system32\NSI.dll
0x00007ffb91de0000 - 0x00007ffb91e08000 	C:\Windows\SYSTEM32\DEVOBJ.dll
0x0000000071890000 - 0x000000007189f000 	C:\Program Files\Java\jdk1.8.0_101\jre\bin\verify.dll
0x0000000070cc0000 - 0x0000000070ce9000 	C:\Program Files\Java\jdk1.8.0_101\jre\bin\java.dll
0x0000000070ca0000 - 0x0000000070cb6000 	C:\Program Files\Java\jdk1.8.0_101\jre\bin\zip.dll

VM Arguments:
jvm_args: -Djava.awt.headless=true -Xmx1024M -Dfile.encoding=windows-1256 -Duser.country=US -Duser.language=en -Duser.variant 
java_command: com.android.dx.command.Main --dex --force-jumbo --num-threads=4 --multi-dex --output E:\Android summer training\Pro\PipTalk\app\build\intermediates\transforms\dex\debug\folders\1000\5\slice_0 E:\Android summer training\Pro\PipTalk\app\build\intermediates\transforms\instantRunSlicer\debug\folders\1\5\slice_0
java_class_path (initial): E:\BFCI\android SDK\android-sdk-windows\build-tools\24.0.1\lib\dx.jar
Launcher Type: SUN_STANDARD

Environment Variables:
PATH=C:\ProgramData\Oracle\Java\javapath;C:\Windows\system32;C:\Windows;C:\Windows\System32\Wbem;C:\Windows\System32\WindowsPowerShell\v1.0\;C:\Program Files (x86)\Microsoft SQL Server\100\Tools\Binn\;C:\Program Files\Microsoft SQL Server\100\Tools\Binn\;C:\Program Files\Microsoft SQL Server\100\DTS\Binn\;C:\Program Files (x86)\MySQL\MySQL Server 5.0\bin;E:\Installed Programs\runtime\win64;E:\Installed Programs\bin;E:\Installed Programs\polyspace\bin
USERNAME=EL MAGIC
OS=Windows_NT
PROCESSOR_IDENTIFIER=Intel64 Family 6 Model 42 Stepping 7, GenuineIntel



---------------  S Y S T E M  ---------------

OS: Windows 8.1 , 64 bit Build 9600 (6.3.9600.17415)

CPU:total 4 (2 cores per cpu, 2 threads per core) family 6 model 42 stepping 7, cmov, cx8, fxsr, mmx, sse, sse2, sse3, ssse3, sse4.1, sse4.2, popcnt, avx, aes, clmul, ht, tsc, tscinvbit

Memory: 4k page, physical 4098096k(173976k free), swap 7243824k(5108k free)

vm_info: Java HotSpot(TM) 64-Bit Server VM (25.101-b13) for windows-amd64 JRE (1.8.0_101-b13), built on Jun 22 2016 01:21:29 by "java_re" with MS VC++ 10.0 (VS2010)

time: Mon Feb 27 21:53:23 2017
elapsed time: 3 seconds (0d 0h 0m 3s)

