#
# There is insufficient memory for the Java Runtime Environment to continue.
# Native memory allocation (malloc) failed to allocate 32744 bytes for ChunkPool::allocate
# Possible reasons:
#   The system is out of physical RAM or swap space
#   In 32 bit mode, the process size limit was hit
# Possible solutions:
#   Reduce memory load on the system
#   Increase physical memory or swap space
#   Check if swap backing store is full
#   Use 64 bit Java on a 64 bit OS
#   Decrease Java heap size (-Xmx/-Xms)
#   Decrease number of Java threads
#   Decrease Java thread stack sizes (-Xss)
#   Set larger code cache with -XX:ReservedCodeCacheSize=
# This output file may be truncated or incomplete.
#
#  Out of Memory Error (allocation.cpp:273), pid=6072, tid=0x00000000000018c0
#
# JRE version: Java(TM) SE Runtime Environment (8.0_101-b13) (build 1.8.0_101-b13)
# Java VM: Java HotSpot(TM) 64-Bit Server VM (25.101-b13 mixed mode windows-amd64 compressed oops)
# Failed to write core dump. Minidumps are not enabled by default on client versions of Windows
#

---------------  T H R E A D  ---------------

Current thread (0x0000000005d38000):  JavaThread "C2 CompilerThread0" daemon [_thread_in_native, id=6336, stack(0x0000000007370000,0x0000000007470000)]

Stack: [0x0000000007370000,0x0000000007470000]
[error occurred during error reporting (printing stack bounds), id 0xc0000005]

Native frames: (J=compiled Java code, j=interpreted, Vv=VM code, C=native code)


Current CompileTask:
C2:   3211  621       4       com.android.dx.merge.IndexMap$EncodedValueTransformer::transform (495 bytes)


---------------  P R O C E S S  ---------------

Java Threads: ( => current thread )
  0x00000000076ee000 JavaThread "Service Thread" daemon [_thread_blocked, id=1736, stack(0x0000000007a70000,0x0000000007b70000)]
  0x0000000005d41000 JavaThread "C1 CompilerThread2" daemon [_thread_in_native, id=6316, stack(0x0000000007570000,0x0000000007670000)]
  0x0000000005d3b000 JavaThread "C2 CompilerThread1" daemon [_thread_in_native, id=884, stack(0x0000000007470000,0x0000000007570000)]
=>0x0000000005d38000 JavaThread "C2 CompilerThread0" daemon [_thread_in_native, id=6336, stack(0x0000000007370000,0x0000000007470000)]
  0x0000000005d2a800 JavaThread "Attach Listener" daemon [_thread_blocked, id=7152, stack(0x0000000007270000,0x0000000007370000)]
  0x0000000005d2a000 JavaThread "Signal Dispatcher" daemon [_thread_blocked, id=6252, stack(0x0000000007170000,0x0000000007270000)]
  0x0000000005d1a800 JavaThread "Finalizer" daemon [_thread_blocked, id=6556, stack(0x0000000006f90000,0x0000000007090000)]
  0x0000000002654000 JavaThread "Reference Handler" daemon [_thread_blocked, id=6884, stack(0x0000000006e90000,0x0000000006f90000)]
  0x0000000002563800 JavaThread "main" [_thread_in_Java, id=2948, stack(0x0000000002380000,0x0000000002480000)]

Other Threads:
  0x0000000005cf7000 VMThread [stack: 0x0000000006d90000,0x0000000006e90000] [id=1692]
  0x000000000772d000 WatcherThread [stack: 0x0000000007b70000,0x0000000007c70000] [id=1744]

VM state:not at safepoint (normal execution)

VM Mutex/Monitor currently owned by a thread: None

Heap:
 PSYoungGen      total 35328K, used 7807K [0x00000000eab00000, 0x00000000ef000000, 0x0000000100000000)
  eden space 32768K, 23% used [0x00000000eab00000,0x00000000eb29fc30,0x00000000ecb00000)
  from space 2560K, 0% used [0x00000000ecb00000,0x00000000ecb00000,0x00000000ecd80000)
  to   space 2560K, 0% used [0x00000000eed80000,0x00000000eed80000,0x00000000ef000000)
 ParOldGen       total 44032K, used 16421K [0x00000000c0000000, 0x00000000c2b00000, 0x00000000eab00000)
  object space 44032K, 37% used [0x00000000c0000000,0x00000000c10095f0,0x00000000c2b00000)
 Metaspace       used 4500K, capacity 5424K, committed 5632K, reserved 1056768K
  class space    used 474K, capacity 488K, committed 512K, reserved 1048576K

Card table byte_map: [0x0000000002a20000,0x0000000002c30000] byte_map_base: 0x0000000002420000

Marking Bits: (ParMarkBitMap*) 0x00000000774aa6d0
 Begin Bits: [0x0000000003190000, 0x0000000004190000)
 End Bits:   [0x0000000004190000, 0x0000000005190000)

Polling page: 0x0000000000910000

CodeCache: size=245760Kb used=3358Kb max_used=3358Kb free=242401Kb
 bounds [0x000000000f010000, 0x000000000f360000, 0x000000001e010000]
 total_blobs=1259 nmethods=997 adapters=175
 compilation: enabled

Compilation events (10 events):
Event: 3.173 Thread 0x0000000005d41000 1017       2       com.android.dex.Dex$Section::readCatchHandler (82 bytes)
Event: 3.175 Thread 0x0000000005d41000 nmethod 1017 0x000000000f355890 code [0x000000000f355a20, 0x000000000f355e98]
Event: 3.175 Thread 0x0000000005d41000 1018       2       java.lang.Math::abs (11 bytes)
Event: 3.175 Thread 0x0000000005d41000 nmethod 1018 0x000000000f356150 code [0x000000000f3562a0, 0x000000000f3563f0]
Event: 3.175 Thread 0x0000000005d41000 1019       2       com.android.dex.Code$CatchHandler::<init> (26 bytes)
Event: 3.176 Thread 0x0000000005d41000 nmethod 1019 0x000000000f356450 code [0x000000000f3565a0, 0x000000000f356730]
Event: 3.178 Thread 0x0000000005d41000 1020       2       com.android.dx.io.instructions.InstructionCodec$7::decode (50 bytes)
Event: 3.179 Thread 0x0000000005d41000 nmethod 1020 0x000000000f3567d0 code [0x000000000f356960, 0x000000000f356d18]
Event: 3.179 Thread 0x0000000005d41000 1021       2       com.android.dx.io.instructions.InstructionCodec$7::encode (23 bytes)
Event: 3.180 Thread 0x0000000005d41000 nmethod 1021 0x000000000f357090 code [0x000000000f357200, 0x000000000f357468]

GC Heap History (10 events):
Event: 0.868 GC heap before
{Heap before GC invocations=1 (full 0):
 PSYoungGen      total 18944K, used 16325K [0x00000000eab00000, 0x00000000ec000000, 0x0000000100000000)
  eden space 16384K, 99% used [0x00000000eab00000,0x00000000ebaf1410,0x00000000ebb00000)
  from space 2560K, 0% used [0x00000000ebd80000,0x00000000ebd80000,0x00000000ec000000)
  to   space 2560K, 0% used [0x00000000ebb00000,0x00000000ebb00000,0x00000000ebd80000)
 ParOldGen       total 44032K, used 0K [0x00000000c0000000, 0x00000000c2b00000, 0x00000000eab00000)
  object space 44032K, 0% used [0x00000000c0000000,0x00000000c0000000,0x00000000c2b00000)
 Metaspace       used 3609K, capacity 4720K, committed 4864K, reserved 1056768K
  class space    used 391K, capacity 424K, committed 512K, reserved 1048576K
Event: 0.877 GC heap after
Heap after GC invocations=1 (full 0):
 PSYoungGen      total 18944K, used 2556K [0x00000000eab00000, 0x00000000ed000000, 0x0000000100000000)
  eden space 16384K, 0% used [0x00000000eab00000,0x00000000eab00000,0x00000000ebb00000)
  from space 2560K, 99% used [0x00000000ebb00000,0x00000000ebd7f3d8,0x00000000ebd80000)
  to   space 2560K, 0% used [0x00000000ecd80000,0x00000000ecd80000,0x00000000ed000000)
 ParOldGen       total 44032K, used 2311K [0x00000000c0000000, 0x00000000c2b00000, 0x00000000eab00000)
  object space 44032K, 5% used [0x00000000c0000000,0x00000000c0241c20,0x00000000c2b00000)
 Metaspace       used 3609K, capacity 4720K, committed 4864K, reserved 1056768K
  class space    used 391K, capacity 424K, committed 512K, reserved 1048576K
}
Event: 1.174 GC heap before
{Heap before GC invocations=2 (full 0):
 PSYoungGen      total 18944K, used 14119K [0x00000000eab00000, 0x00000000ed000000, 0x0000000100000000)
  eden space 16384K, 70% used [0x00000000eab00000,0x00000000eb64aa30,0x00000000ebb00000)
  from space 2560K, 99% used [0x00000000ebb00000,0x00000000ebd7f3d8,0x00000000ebd80000)
  to   space 2560K, 0% used [0x00000000ecd80000,0x00000000ecd80000,0x00000000ed000000)
 ParOldGen       total 44032K, used 2311K [0x00000000c0000000, 0x00000000c2b00000, 0x00000000eab00000)
  object space 44032K, 5% used [0x00000000c0000000,0x00000000c0241c20,0x00000000c2b00000)
 Metaspace       used 3825K, capacity 4880K, committed 5120K, reserved 1056768K
  class space    used 410K, capacity 456K, committed 512K, reserved 1048576K
Event: 1.185 GC heap after
Heap after GC invocations=2 (full 0):
 PSYoungGen      total 35328K, used 2559K [0x00000000eab00000, 0x00000000ed000000, 0x0000000100000000)
  eden space 32768K, 0% used [0x00000000eab00000,0x00000000eab00000,0x00000000ecb00000)
  from space 2560K, 99% used [0x00000000ecd80000,0x00000000ecfffc30,0x00000000ed000000)
  to   space 2560K, 0% used [0x00000000ecb00000,0x00000000ecb00000,0x00000000ecd80000)
 ParOldGen       total 44032K, used 5759K [0x00000000c0000000, 0x00000000c2b00000, 0x00000000eab00000)
  object space 44032K, 13% used [0x00000000c0000000,0x00000000c059fec0,0x00000000c2b00000)
 Metaspace       used 3825K, capacity 4880K, committed 5120K, reserved 1056768K
  class space    used 410K, capacity 456K, committed 512K, reserved 1048576K
}
Event: 2.082 GC heap before
{Heap before GC invocations=3 (full 0):
 PSYoungGen      total 35328K, used 35327K [0x00000000eab00000, 0x00000000ed000000, 0x0000000100000000)
  eden space 32768K, 100% used [0x00000000eab00000,0x00000000ecb00000,0x00000000ecb00000)
  from space 2560K, 99% used [0x00000000ecd80000,0x00000000ecfffc30,0x00000000ed000000)
  to   space 2560K, 0% used [0x00000000ecb00000,0x00000000ecb00000,0x00000000ecd80000)
 ParOldGen       total 44032K, used 5759K [0x00000000c0000000, 0x00000000c2b00000, 0x00000000eab00000)
  object space 44032K, 13% used [0x00000000c0000000,0x00000000c059fec0,0x00000000c2b00000)
 Metaspace       used 4001K, capacity 5008K, committed 5120K, reserved 1056768K
  class space    used 425K, capacity 456K, committed 512K, reserved 1048576K
Event: 2.104 GC heap after
Heap after GC invocations=3 (full 0):
 PSYoungGen      total 35328K, used 2547K [0x00000000eab00000, 0x00000000ef000000, 0x0000000100000000)
  eden space 32768K, 0% used [0x00000000eab00000,0x00000000eab00000,0x00000000ecb00000)
  from space 2560K, 99% used [0x00000000ecb00000,0x00000000ecd7cef0,0x00000000ecd80000)
  to   space 2560K, 0% used [0x00000000eed80000,0x00000000eed80000,0x00000000ef000000)
 ParOldGen       total 44032K, used 34016K [0x00000000c0000000, 0x00000000c2b00000, 0x00000000eab00000)
  object space 44032K, 77% used [0x00000000c0000000,0x00000000c2138380,0x00000000c2b00000)
 Metaspace       used 4001K, capacity 5008K, committed 5120K, reserved 1056768K
  class space    used 425K, capacity 456K, committed 512K, reserved 1048576K
}
Event: 2.104 GC heap before
{Heap before GC invocations=4 (full 1):
 PSYoungGen      total 35328K, used 2547K [0x00000000eab00000, 0x00000000ef000000, 0x0000000100000000)
  eden space 32768K, 0% used [0x00000000eab00000,0x00000000eab00000,0x00000000ecb00000)
  from space 2560K, 99% used [0x00000000ecb00000,0x00000000ecd7cef0,0x00000000ecd80000)
  to   space 2560K, 0% used [0x00000000eed80000,0x00000000eed80000,0x00000000ef000000)
 ParOldGen       total 44032K, used 34016K [0x00000000c0000000, 0x00000000c2b00000, 0x00000000eab00000)
  object space 44032K, 77% used [0x00000000c0000000,0x00000000c2138380,0x00000000c2b00000)
 Metaspace       used 4001K, capacity 5008K, committed 5120K, reserved 1056768K
  class space    used 425K, capacity 456K, committed 512K, reserved 1048576K
Event: 2.127 GC heap after
Heap after GC invocations=4 (full 1):
 PSYoungGen      total 35328K, used 0K [0x00000000eab00000, 0x00000000ef000000, 0x0000000100000000)
  eden space 32768K, 0% used [0x00000000eab00000,0x00000000eab00000,0x00000000ecb00000)
  from space 2560K, 0% used [0x00000000ecb00000,0x00000000ecb00000,0x00000000ecd80000)
  to   space 2560K, 0% used [0x00000000eed80000,0x00000000eed80000,0x00000000ef000000)
 ParOldGen       total 44032K, used 15912K [0x00000000c0000000, 0x00000000c2b00000, 0x00000000eab00000)
  object space 44032K, 36% used [0x00000000c0000000,0x00000000c0f8a3d0,0x00000000c2b00000)
 Metaspace       used 4001K, capacity 5008K, committed 5120K, reserved 1056768K
  class space    used 425K, capacity 456K, committed 512K, reserved 1048576K
}
Event: 3.062 GC heap before
{Heap before GC invocations=5 (full 2):
 PSYoungGen      total 35328K, used 32768K [0x00000000eab00000, 0x00000000ef000000, 0x0000000100000000)
  eden space 32768K, 100% used [0x00000000eab00000,0x00000000ecb00000,0x00000000ecb00000)
  from space 2560K, 0% used [0x00000000ecb00000,0x00000000ecb00000,0x00000000ecd80000)
  to   space 2560K, 0% used [0x00000000eed80000,0x00000000eed80000,0x00000000ef000000)
 ParOldGen       total 44032K, used 15912K [0x00000000c0000000, 0x00000000c2b00000, 0x00000000eab00000)
  object space 44032K, 36% used [0x00000000c0000000,0x00000000c0f8a3d0,0x00000000c2b00000)
 Metaspace       used 4489K, capacity 5424K, committed 5632K, reserved 1056768K
  class space    used 474K, capacity 488K, committed 512K, reserved 1048576K
Event: 3.129 GC heap after
Heap after GC invocations=5 (full 2):
 PSYoungGen      total 35328K, used 0K [0x00000000eab00000, 0x00000000ef000000, 0x0000000100000000)
  eden space 32768K, 0% used [0x00000000eab00000,0x00000000eab00000,0x00000000ecb00000)
  from space 2560K, 0% used [0x00000000ecb00000,0x00000000ecb00000,0x00000000ecd80000)
  to   space 2560K, 0% used [0x00000000eed80000,0x00000000eed80000,0x00000000ef000000)
 ParOldGen       total 44032K, used 16421K [0x00000000c0000000, 0x00000000c2b00000, 0x00000000eab00000)
  object space 44032K, 37% used [0x00000000c0000000,0x00000000c10095f0,0x00000000c2b00000)
 Metaspace       used 4489K, capacity 5424K, committed 5632K, reserved 1056768K
  class space    used 474K, capacity 488K, committed 512K, reserved 1048576K
}

Deoptimization events (10 events):
Event: 2.436 Thread 0x0000000002563800 Uncommon trap: reason=class_check action=maybe_recompile pc=0x000000000f22a49c method=com.android.dx.merge.DexMerger$IdMerger$UnsortedValue.compareTo(Lcom/android/dx/merge/DexMerger$IdMerger$UnsortedValue;)I @ 8
Event: 2.436 Thread 0x0000000002563800 Uncommon trap: reason=class_check action=maybe_recompile pc=0x000000000f22a49c method=com.android.dx.merge.DexMerger$IdMerger$UnsortedValue.compareTo(Lcom/android/dx/merge/DexMerger$IdMerger$UnsortedValue;)I @ 8
Event: 2.436 Thread 0x0000000002563800 Uncommon trap: reason=class_check action=maybe_recompile pc=0x000000000f22a49c method=com.android.dx.merge.DexMerger$IdMerger$UnsortedValue.compareTo(Lcom/android/dx/merge/DexMerger$IdMerger$UnsortedValue;)I @ 8
Event: 2.436 Thread 0x0000000002563800 Uncommon trap: reason=class_check action=maybe_recompile pc=0x000000000f2378f8 method=com.android.dx.merge.DexMerger$IdMerger$UnsortedValue.compareTo(Lcom/android/dx/merge/DexMerger$IdMerger$UnsortedValue;)I @ 8
Event: 2.557 Thread 0x0000000002563800 Uncommon trap: reason=unstable_if action=reinterpret pc=0x000000000f291420 method=java.util.HashMap.putVal(ILjava/lang/Object;Ljava/lang/Object;ZZ)Ljava/lang/Object; @ 109
Event: 2.587 Thread 0x0000000002563800 Uncommon trap: reason=unstable_if action=reinterpret pc=0x000000000f281618 method=com.android.dex.EncodedValueCodec.writeUnsignedIntegralValue(Lcom/android/dex/util/ByteOutput;IJ)V @ 11
Event: 2.588 Thread 0x0000000002563800 Uncommon trap: reason=unstable_if action=reinterpret pc=0x000000000f27fd10 method=com.android.dex.EncodedValueCodec.readUnsignedInt(Lcom/android/dex/util/ByteInput;IZ)I @ 3
Event: 2.796 Thread 0x0000000002563800 Uncommon trap: reason=unstable_if action=reinterpret pc=0x000000000f258e34 method=com.android.dx.merge.IndexMap.adjustString(I)I @ 2
Event: 2.839 Thread 0x0000000002563800 Uncommon trap: reason=unstable_if action=reinterpret pc=0x000000000f29f384 method=java.util.HashMap.getNode(ILjava/lang/Object;)Ljava/util/HashMap$Node; @ 84
Event: 2.850 Thread 0x0000000002563800 Uncommon trap: reason=unstable_if action=reinterpret pc=0x000000000f299830 method=java.util.HashMap.getNode(ILjava/lang/Object;)Ljava/util/HashMap$Node; @ 84

Internal exceptions (2 events):
Event: 0.109 Thread 0x0000000002563800 Exception <a 'java/lang/NoSuchMethodError': Method sun.misc.Unsafe.defineClass(Ljava/lang/String;[BII)Ljava/lang/Class; name or signature does not match> (0x00000000eab07cc0) thrown at [C:\re\workspace\8-2-build-windows-amd64-cygwin\jdk8u101\7261\hotspot\s_¿Y¤ü»?
Event: 0.109 Thread 0x0000000002563800 Exception <a 'java/lang/NoSuchMethodError': Method sun.misc.Unsafe.prefetchRead(Ljava/lang/Object;J)V name or signature does not match> (0x00000000eab07fa8) thrown at [C:\re\workspace\8-2-build-windows-amd64-cygwin\jdk8u101\7261\hotspot\src\share\vm\prims\

Events (10 events):
Event: 2.839 Thread 0x0000000002563800 Uncommon trap: trap_request=0xffffff65 fr.pc=0x000000000f29f384
Event: 2.839 Thread 0x0000000002563800 DEOPT PACKING pc=0x000000000f29f384 sp=0x000000000247f100
Event: 2.839 Thread 0x0000000002563800 DEOPT UNPACKING pc=0x000000000f05582a sp=0x000000000247f020 mode 2
Event: 2.850 Thread 0x0000000002563800 Uncommon trap: trap_request=0xffffff65 fr.pc=0x000000000f299830
Event: 2.850 Thread 0x0000000002563800 DEOPT PACKING pc=0x000000000f299830 sp=0x000000000247f090
Event: 2.850 Thread 0x0000000002563800 DEOPT UNPACKING pc=0x000000000f05582a sp=0x000000000247f020 mode 2
Event: 2.967 Thread 0x0000000002563800 DEOPT PACKING pc=0x000000000f30638c sp=0x000000000247ef00
Event: 2.967 Thread 0x0000000002563800 DEOPT UNPACKING pc=0x000000000f05787f sp=0x000000000247ec18 mode 0
Event: 3.062 Executing VM operation: ParallelGCFailedAllocation
Event: 3.129 Executing VM operation: ParallelGCFailedAllocation done


Dynamic libraries:
0x00007ff7a5fc0000 - 0x00007ff7a5ff7000 	C:\Program Files\Java\jdk1.8.0_101\bin\java.exe
0x00007ff994800000 - 0x00007ff9949ad000 	C:\Windows\SYSTEM32\ntdll.dll
0x00007ff9924c0000 - 0x00007ff9925fe000 	C:\Windows\system32\KERNEL32.DLL
0x00007ff991aa0000 - 0x00007ff991bb5000 	C:\Windows\system32\KERNELBASE.dll
0x00007ff990100000 - 0x00007ff99018e000 	C:\Windows\system32\apphelp.dll
0x00007ff980fe0000 - 0x00007ff981033000 	C:\Windows\AppPatch\AppPatch64\AcGenral.DLL
0x00007ff991e80000 - 0x00007ff991f2a000 	C:\Windows\system32\msvcrt.dll
0x00007ff991c20000 - 0x00007ff991c4e000 	C:\Windows\system32\SspiCli.dll
0x00007ff992150000 - 0x00007ff9921a4000 	C:\Windows\system32\SHLWAPI.dll
0x00007ff9922e0000 - 0x00007ff992457000 	C:\Windows\system32\USER32.dll
0x00007ff994000000 - 0x00007ff994194000 	C:\Windows\system32\ole32.dll
0x00007ff992710000 - 0x00007ff993c38000 	C:\Windows\system32\SHELL32.dll
0x00007ff990e90000 - 0x00007ff990eb1000 	C:\Windows\SYSTEM32\USERENV.dll
0x00007ff9942d0000 - 0x00007ff99437a000 	C:\Windows\system32\ADVAPI32.dll
0x00007ff984fc0000 - 0x00007ff984fde000 	C:\Windows\SYSTEM32\MPR.dll
0x00007ff994380000 - 0x00007ff9944c0000 	C:\Windows\system32\RPCRT4.dll
0x00007ff9941a0000 - 0x00007ff9941f9000 	C:\Windows\SYSTEM32\sechost.dll
0x00007ff991f30000 - 0x00007ff992142000 	C:\Windows\SYSTEM32\combase.dll
0x00007ff993c50000 - 0x00007ff993d9f000 	C:\Windows\system32\GDI32.dll
0x00007ff991920000 - 0x00007ff991935000 	C:\Windows\SYSTEM32\profapi.dll
0x00007ff990190000 - 0x00007ff990242000 	C:\Windows\SYSTEM32\SHCORE.dll
0x00007ff9926c0000 - 0x00007ff9926f6000 	C:\Windows\system32\IMM32.DLL
0x00007ff9946a0000 - 0x00007ff9947f2000 	C:\Windows\system32\MSCTF.dll
0x00007ff9918d0000 - 0x00007ff991901000 	C:\Windows\system32\nvinitx.dll
0x00007ff9918c0000 - 0x00007ff9918ca000 	C:\Windows\SYSTEM32\VERSION.dll
0x000000000f000000 - 0x000000000f006000 	C:\Program Files\NVIDIA Corporation\CoProcManager\_etoured.dll
0x00007ff98fd30000 - 0x00007ff98fd61000 	C:\Program Files\NVIDIA Corporation\CoProcManager\nvd3d9wrapx.dll
0x00007ff993db0000 - 0x00007ff993f8a000 	C:\Windows\system32\SETUPAPI.dll
0x00007ff991e30000 - 0x00007ff991e7f000 	C:\Windows\system32\CFGMGR32.dll
0x00007ff98fd00000 - 0x00007ff98fd22000 	C:\Program Files\NVIDIA Corporation\CoProcManager\nvdxgiwrapx.dll
0x00007ff98f300000 - 0x00007ff98f57b000 	C:\Windows\WinSxS\amd64_microsoft.windows.common-controls_6595b64144ccf1df_6.0.9600.18006_none_623f33d3ecbe86e8\COMCTL32.dll
0x0000000076670000 - 0x0000000076742000 	C:\Program Files\Java\jdk1.8.0_101\jre\bin\msvcr100.dll
0x0000000076c90000 - 0x000000007752a000 	C:\Program Files\Java\jdk1.8.0_101\jre\bin\server\jvm.dll
0x00007ff978ac0000 - 0x00007ff978ac9000 	C:\Windows\SYSTEM32\WSOCK32.dll
0x00007ff98fa80000 - 0x00007ff98faa2000 	C:\Windows\SYSTEM32\WINMM.dll
0x00007ff993da0000 - 0x00007ff993da7000 	C:\Windows\system32\PSAPI.DLL
0x00007ff992460000 - 0x00007ff9924ba000 	C:\Windows\system32\WS2_32.dll
0x00007ff98efa0000 - 0x00007ff98efca000 	C:\Windows\SYSTEM32\WINMMBASE.dll
0x00007ff993c40000 - 0x00007ff993c49000 	C:\Windows\system32\NSI.dll
0x00007ff9906f0000 - 0x00007ff990718000 	C:\Windows\SYSTEM32\DEVOBJ.dll
0x0000000050150000 - 0x000000005015f000 	C:\Program Files\Java\jdk1.8.0_101\jre\bin\verify.dll
0x0000000050120000 - 0x0000000050149000 	C:\Program Files\Java\jdk1.8.0_101\jre\bin\java.dll
0x0000000050100000 - 0x0000000050116000 	C:\Program Files\Java\jdk1.8.0_101\jre\bin\zip.dll

VM Arguments:
jvm_args: -Djava.awt.headless=true -Xmx1024M -Dfile.encoding=windows-1256 -Duser.country=US -Duser.language=en -Duser.variant 
java_command: com.android.dx.command.Main --dex --num-threads=4 --output E:\Android summer training\Pro\PipTalk\app\build\intermediates\transforms\dex\debug\folders\1000\1f\main E:\Android summer training\Pro\PipTalk\app\build\intermediates\pre-dexed\debug\json-simple-1.1_35195de437dc952160cad76e3ad8a861103a6dfa.jar E:\Android summer training\Pro\PipTalk\app\build\intermediates\pre-dexed\debug\smack-android-4.2.0-beta2_26387e0ef6471b8c1c95c0e6b80be20be357caae.jar E:\Android summer training\Pro\PipTalk\app\build\intermediates\pre-dexed\debug\minidns-0.1.7_4ede79b173e04e06cb7062a9542fb8678aefc451.jar E:\Android summer training\Pro\PipTalk\app\build\intermediates\pre-dexed\debug\com.google.firebase-firebase-analytics-impl-10.2.0_ab3b5c2715328995c3b3a2d81b450cbc2fb39e8f.jar E:\Android summer training\Pro\PipTalk\app\build\intermediates\pre-dexed\debug\com.android.support-recyclerview-v7-24.2.1_c78a72f13a001d931fd5a963543f8725ee7385d8.jar E:\Android summer training\Pro\PipTalk\app\build\intermediates\pre-dexed\debug\library-1.0.19_de3baaece903c4877593b2e5b602db024f900112.jar E:\Android summer training\Pro\PipTalk\app\build\intermediates\pre-dexed\debug\smack-extensions-4.2.0-beta2_24f40b785d784f31fd58e59d6ad4d165df8cbcfc.jar E:\Android summer training\Pro\PipTalk\app\build\intermediates\pre-dexed\debug\smack-tcp-4.2.0-beta2_e86fa4714b90f20b21ec7e28debd9eec93a8ebe3.jar E:\Android summer training\Pro\PipTalk\app\build\intermediates\pre-dexed\debug\internal_impl-24.2.1_d74932c61e9f270fc454323c29cddada4d3b0588.jar E:\Android summer training\Pro\PipTalk\app\build\intermediates\pre-dexed\debug\support-annotations-24.2.1_acf9fd6310e9bd49e1a6e1bc3c774fc0f8dda895.jar E:\Android summer training\Pro\PipTalk\app\build\intermediates\pre-dexed\debug\com.google.android.gms-play-services-basement-10.2.0_0c3cf0ca30dde1befb2f8f9702aa8f1a690db1f3.jar E:\Android summer training\Pro\PipTalk\app\build\intermediates\pre-dexed\debug\httpmime-4.3_7dc4f3b8523a5e3c2ce319e00ad37fe02d2b5e46.jar E:
java_class_path (initial): E:\BFCI\android SDK\android-sdk-windows\build-tools\24.0.1\lib\dx.jar
Launcher Type: SUN_STANDARD

Environment Variables:
PATH=C:\ProgramData\Oracle\Java\javapath;C:\Windows\system32;C:\Windows;C:\Windows\System32\Wbem;C:\Windows\System32\WindowsPowerShell\v1.0\;C:\Program Files (x86)\Microsoft SQL Server\100\Tools\Binn\;C:\Program Files\Microsoft SQL Server\100\Tools\Binn\;C:\Program Files\Microsoft SQL Server\100\DTS\Binn\;C:\Program Files (x86)\MySQL\MySQL Server 5.0\bin;E:\Installed Programs\runtime\win64;E:\Installed Programs\bin;E:\Installed Programs\polyspace\bin
USERNAME=EL MAGIC
OS=Windows_NT
PROCESSOR_IDENTIFIER=Intel64 Family 6 Model 42 Stepping 7, GenuineIntel



---------------  S Y S T E M  ---------------

OS: Windows 8.1 , 64 bit Build 9600 (6.3.9600.17415)

CPU:total 4 (2 cores per cpu, 2 threads per core) family 6 model 42 stepping 7, cmov, cx8, fxsr, mmx, sse, sse2, sse3, ssse3, sse4.1, sse4.2, popcnt, avx, aes, clmul, ht, tsc, tscinvbit

Memory: 4k page, physical 4098096k(474600k free), swap 5660400k(5352k free)

vm_info: Java HotSpot(TM) 64-Bit Server VM (25.101-b13) for windows-amd64 JRE (1.8.0_101-b13), built on Jun 22 2016 01:21:29 by "java_re" with MS VC++ 10.0 (VS2010)

time: Mon Jun 19 08:54:49 2017
elapsed time: 3 seconds (0d 0h 0m 3s)

