#
# There is insufficient memory for the Java Runtime Environment to continue.
# Native memory allocation (malloc) failed to allocate 748496 bytes for Chunk::new
# Possible reasons:
#   The system is out of physical RAM or swap space
#   In 32 bit mode, the process size limit was hit
# Possible solutions:
#   Reduce memory load on the system
#   Increase physical memory or swap space
#   Check if swap backing store is full
#   Use 64 bit Java on a 64 bit OS
#   Decrease Java heap size (-Xmx/-Xms)
#   Decrease number of Java threads
#   Decrease Java thread stack sizes (-Xss)
#   Set larger code cache with -XX:ReservedCodeCacheSize=
# This output file may be truncated or incomplete.
#
#  Out of Memory Error (allocation.cpp:390), pid=4356, tid=0x0000000000001aa0
#
# JRE version: Java(TM) SE Runtime Environment (8.0_101-b13) (build 1.8.0_101-b13)
# Java VM: Java HotSpot(TM) 64-Bit Server VM (25.101-b13 mixed mode windows-amd64 compressed oops)
# Failed to write core dump. Minidumps are not enabled by default on client versions of Windows
#

---------------  T H R E A D  ---------------

Current thread (0x0000000005918000):  JavaThread "C2 CompilerThread0" daemon [_thread_in_native, id=6816, stack(0x0000000006f20000,0x0000000007020000)]

Stack: [0x0000000006f20000,0x0000000007020000]
[error occurred during error reporting (printing stack bounds), id 0xc0000005]

Native frames: (J=compiled Java code, j=interpreted, Vv=VM code, C=native code)


Current CompileTask:
C2:   6572 1586       4       com.android.dx.rop.code.Rops::ropFor (771 bytes)


---------------  P R O C E S S  ---------------

Java Threads: ( => current thread )
  0x000000000729a800 JavaThread "pool-1-thread-4" [_thread_blocked, id=2892, stack(0x0000000007c20000,0x0000000007d20000)]
  0x0000000007299800 JavaThread "pool-1-thread-3" [_thread_in_Java, id=4756, stack(0x0000000007b20000,0x0000000007c20000)]
  0x0000000007299000 JavaThread "pool-1-thread-2" [_thread_blocked, id=7120, stack(0x0000000007a20000,0x0000000007b20000)]
  0x0000000007305800 JavaThread "pool-2-thread-1" [_thread_blocked, id=4392, stack(0x0000000007920000,0x0000000007a20000)]
  0x0000000007278800 JavaThread "pool-1-thread-1" [_thread_blocked, id=6372, stack(0x0000000007820000,0x0000000007920000)]
  0x000000000707b800 JavaThread "Service Thread" daemon [_thread_blocked, id=6300, stack(0x0000000007620000,0x0000000007720000)]
  0x000000000706b000 JavaThread "C1 CompilerThread2" daemon [_thread_blocked, id=5444, stack(0x0000000007520000,0x0000000007620000)]
  0x0000000007063000 JavaThread "C2 CompilerThread1" daemon [_thread_in_native, id=2480, stack(0x0000000007420000,0x0000000007520000)]
=>0x0000000005918000 JavaThread "C2 CompilerThread0" daemon [_thread_in_native, id=6816, stack(0x0000000006f20000,0x0000000007020000)]
  0x0000000005916000 JavaThread "Attach Listener" daemon [_thread_blocked, id=6060, stack(0x0000000006e20000,0x0000000006f20000)]
  0x0000000005915800 JavaThread "Signal Dispatcher" daemon [_thread_blocked, id=6668, stack(0x0000000006d20000,0x0000000006e20000)]
  0x00000000058ba800 JavaThread "Finalizer" daemon [_thread_blocked, id=6632, stack(0x0000000006b40000,0x0000000006c40000)]
  0x0000000005899000 JavaThread "Reference Handler" daemon [_thread_blocked, id=3556, stack(0x0000000006a40000,0x0000000006b40000)]
  0x0000000002100800 JavaThread "main" [_thread_blocked, id=4368, stack(0x0000000001fc0000,0x00000000020c0000)]

Other Threads:
  0x0000000005896800 VMThread [stack: 0x0000000006940000,0x0000000006a40000] [id=3988]
  0x00000000070be000 WatcherThread [stack: 0x0000000007720000,0x0000000007820000] [id=6248]

VM state:not at safepoint (normal execution)

VM Mutex/Monitor currently owned by a thread: None

Heap:
 PSYoungGen      total 35328K, used 9812K [0x00000000eab00000, 0x00000000ef000000, 0x0000000100000000)
  eden space 32768K, 22% used [0x00000000eab00000,0x00000000eb217ec0,0x00000000ecb00000)
  from space 2560K, 99% used [0x00000000ecb00000,0x00000000ecd7d1b8,0x00000000ecd80000)
  to   space 2560K, 0% used [0x00000000eed80000,0x00000000eed80000,0x00000000ef000000)
 ParOldGen       total 44032K, used 8385K [0x00000000c0000000, 0x00000000c2b00000, 0x00000000eab00000)
  object space 44032K, 19% used [0x00000000c0000000,0x00000000c0830468,0x00000000c2b00000)
 Metaspace       used 6201K, capacity 7128K, committed 7424K, reserved 1056768K
  class space    used 613K, capacity 656K, committed 768K, reserved 1048576K

Card table byte_map: [0x00000000025c0000,0x00000000027d0000] byte_map_base: 0x0000000001fc0000

Marking Bits: (ParMarkBitMap*) 0x00000000774aa6d0
 Begin Bits: [0x0000000002d30000, 0x0000000003d30000)
 End Bits:   [0x0000000003d30000, 0x0000000004d30000)

Polling page: 0x0000000001ed0000

CodeCache: size=245760Kb used=7302Kb max_used=7302Kb free=238457Kb
 bounds [0x000000000f010000, 0x000000000f740000, 0x000000001e010000]
 total_blobs=1842 nmethods=1579 adapters=176
 compilation: enabled

Compilation events (10 events):
Event: 6.465 Thread 0x000000000706b000 1596   !   3       com.android.dx.cf.attrib.AttLineNumberTable::<init> (43 bytes)
Event: 6.466 Thread 0x000000000706b000 nmethod 1596 0x000000000f6f9d50 code [0x000000000f6f9f00, 0x000000000f6fa3f8]
Event: 6.466 Thread 0x000000000706b000 1597       3       com.android.dx.cf.code.Ropper::addReturnBlock (228 bytes)
Event: 6.470 Thread 0x000000000706b000 nmethod 1597 0x000000000f71b1d0 code [0x000000000f71b6e0, 0x000000000f71eee8]
Event: 6.470 Thread 0x000000000706b000 1598       3       com.android.dx.cf.code.Ropper::addSetupBlocks (535 bytes)
Event: 6.481 Thread 0x000000000706b000 nmethod 1598 0x000000000f721b10 code [0x000000000f7225c0, 0x000000000f72a948]
Event: 6.481 Thread 0x000000000706b000 1599       3       com.android.dx.cf.code.Frame::initializeWithParameters (49 bytes)
Event: 6.481 Thread 0x000000000706b000 nmethod 1599 0x000000000f7092d0 code [0x000000000f709480, 0x000000000f709ba8]
Event: 6.481 Thread 0x000000000706b000 1600       3       com.android.dx.cf.code.Ropper::addSynchExceptionHandlerBlock (206 bytes)
Event: 6.485 Thread 0x000000000706b000 nmethod 1600 0x000000000f731ed0 code [0x000000000f732460, 0x000000000f736158]

GC Heap History (6 events):
Event: 1.377 GC heap before
{Heap before GC invocations=1 (full 0):
 PSYoungGen      total 18944K, used 16384K [0x00000000eab00000, 0x00000000ec000000, 0x0000000100000000)
  eden space 16384K, 100% used [0x00000000eab00000,0x00000000ebb00000,0x00000000ebb00000)
  from space 2560K, 0% used [0x00000000ebd80000,0x00000000ebd80000,0x00000000ec000000)
  to   space 2560K, 0% used [0x00000000ebb00000,0x00000000ebb00000,0x00000000ebd80000)
 ParOldGen       total 44032K, used 0K [0x00000000c0000000, 0x00000000c2b00000, 0x00000000eab00000)
  object space 44032K, 0% used [0x00000000c0000000,0x00000000c0000000,0x00000000c2b00000)
 Metaspace       used 5668K, capacity 6704K, committed 6784K, reserved 1056768K
  class space    used 591K, capacity 616K, committed 640K, reserved 1048576K
Event: 1.662 GC heap after
Heap after GC invocations=1 (full 0):
 PSYoungGen      total 18944K, used 2538K [0x00000000eab00000, 0x00000000ed000000, 0x0000000100000000)
  eden space 16384K, 0% used [0x00000000eab00000,0x00000000eab00000,0x00000000ebb00000)
  from space 2560K, 99% used [0x00000000ebb00000,0x00000000ebd7aaa8,0x00000000ebd80000)
  to   space 2560K, 0% used [0x00000000ecd80000,0x00000000ecd80000,0x00000000ed000000)
 ParOldGen       total 44032K, used 1413K [0x00000000c0000000, 0x00000000c2b00000, 0x00000000eab00000)
  object space 44032K, 3% used [0x00000000c0000000,0x00000000c01615a0,0x00000000c2b00000)
 Metaspace       used 5668K, capacity 6704K, committed 6784K, reserved 1056768K
  class space    used 591K, capacity 616K, committed 640K, reserved 1048576K
}
Event: 2.753 GC heap before
{Heap before GC invocations=2 (full 0):
 PSYoungGen      total 18944K, used 18922K [0x00000000eab00000, 0x00000000ed000000, 0x0000000100000000)
  eden space 16384K, 100% used [0x00000000eab00000,0x00000000ebb00000,0x00000000ebb00000)
  from space 2560K, 99% used [0x00000000ebb00000,0x00000000ebd7aaa8,0x00000000ebd80000)
  to   space 2560K, 0% used [0x00000000ecd80000,0x00000000ecd80000,0x00000000ed000000)
 ParOldGen       total 44032K, used 1413K [0x00000000c0000000, 0x00000000c2b00000, 0x00000000eab00000)
  object space 44032K, 3% used [0x00000000c0000000,0x00000000c01615a0,0x00000000c2b00000)
 Metaspace       used 5972K, capacity 6960K, committed 7040K, reserved 1056768K
  class space    used 593K, capacity 616K, committed 640K, reserved 1048576K
Event: 2.977 GC heap after
Heap after GC invocations=2 (full 0):
 PSYoungGen      total 35328K, used 2537K [0x00000000eab00000, 0x00000000ed000000, 0x0000000100000000)
  eden space 32768K, 0% used [0x00000000eab00000,0x00000000eab00000,0x00000000ecb00000)
  from space 2560K, 99% used [0x00000000ecd80000,0x00000000ecffa450,0x00000000ed000000)
  to   space 2560K, 0% used [0x00000000ecb00000,0x00000000ecb00000,0x00000000ecd80000)
 ParOldGen       total 44032K, used 4474K [0x00000000c0000000, 0x00000000c2b00000, 0x00000000eab00000)
  object space 44032K, 10% used [0x00000000c0000000,0x00000000c045e808,0x00000000c2b00000)
 Metaspace       used 5972K, capacity 6960K, committed 7040K, reserved 1056768K
  class space    used 593K, capacity 616K, committed 640K, reserved 1048576K
}
Event: 5.739 GC heap before
{Heap before GC invocations=3 (full 0):
 PSYoungGen      total 35328K, used 35305K [0x00000000eab00000, 0x00000000ed000000, 0x0000000100000000)
  eden space 32768K, 100% used [0x00000000eab00000,0x00000000ecb00000,0x00000000ecb00000)
  from space 2560K, 99% used [0x00000000ecd80000,0x00000000ecffa450,0x00000000ed000000)
  to   space 2560K, 0% used [0x00000000ecb00000,0x00000000ecb00000,0x00000000ecd80000)
 ParOldGen       total 44032K, used 4474K [0x00000000c0000000, 0x00000000c2b00000, 0x00000000eab00000)
  object space 44032K, 10% used [0x00000000c0000000,0x00000000c045e808,0x00000000c2b00000)
 Metaspace       used 6195K, capacity 7128K, committed 7424K, reserved 1056768K
  class space    used 613K, capacity 656K, committed 768K, reserved 1048576K
Event: 6.281 GC heap after
Heap after GC invocations=3 (full 0):
 PSYoungGen      total 35328K, used 2548K [0x00000000eab00000, 0x00000000ef000000, 0x0000000100000000)
  eden space 32768K, 0% used [0x00000000eab00000,0x00000000eab00000,0x00000000ecb00000)
  from space 2560K, 99% used [0x00000000ecb00000,0x00000000ecd7d1b8,0x00000000ecd80000)
  to   space 2560K, 0% used [0x00000000eed80000,0x00000000eed80000,0x00000000ef000000)
 ParOldGen       total 44032K, used 8385K [0x00000000c0000000, 0x00000000c2b00000, 0x00000000eab00000)
  object space 44032K, 19% used [0x00000000c0000000,0x00000000c0830468,0x00000000c2b00000)
 Metaspace       used 6195K, capacity 7128K, committed 7424K, reserved 1056768K
  class space    used 613K, capacity 656K, committed 768K, reserved 1048576K
}

Deoptimization events (10 events):
Event: 3.123 Thread 0x0000000007299800 Uncommon trap: reason=unstable_if action=reinterpret pc=0x000000000f555b74 method=com.android.dx.ssa.LiteralOpUpgrader$1.visitNonMoveInsn(Lcom/android/dx/ssa/NormalSsaInsn;)V @ 176
Event: 3.145 Thread 0x0000000007299800 Uncommon trap: reason=unstable_if action=reinterpret pc=0x000000000f2f0cd0 method=com.android.dx.rop.code.RegisterSpec.equals(ILcom/android/dx/rop/type/TypeBearer;Lcom/android/dx/rop/code/LocalItem;)Z @ 42
Event: 3.150 Thread 0x000000000729a800 Uncommon trap: reason=unstable_if action=reinterpret pc=0x000000000f316564 method=java.util.HashMap.putVal(ILjava/lang/Object;Ljava/lang/Object;ZZ)Ljava/lang/Object; @ 162
Event: 3.181 Thread 0x000000000729a800 Uncommon trap: reason=unstable_if action=reinterpret pc=0x000000000f2da9d0 method=java.util.HashMap.getNode(ILjava/lang/Object;)Ljava/util/HashMap$Node; @ 84
Event: 3.185 Thread 0x000000000729a800 Uncommon trap: reason=unstable_if action=reinterpret pc=0x000000000f41901c method=java.util.HashMap.putVal(ILjava/lang/Object;Ljava/lang/Object;ZZ)Ljava/lang/Object; @ 109
Event: 3.805 Thread 0x0000000002100800 Uncommon trap: reason=null_check action=make_not_entrant pc=0x000000000f3785e0 method=com.android.dx.rop.type.Type.equals(Ljava/lang/Object;)Z @ 8
Event: 5.451 Thread 0x0000000007299800 Uncommon trap: reason=unstable_if action=reinterpret pc=0x000000000f6cd94c method=com.android.dx.rop.code.LocalVariableExtractor.processBlock(I)V @ 195
Event: 5.578 Thread 0x0000000007299800 Uncommon trap: reason=unstable_if action=reinterpret pc=0x000000000f65cbb4 method=com.android.dx.rop.code.LocalItem.hashCode()I @ 25
Event: 5.620 Thread 0x0000000002100800 Uncommon trap: reason=bimorphic action=maybe_recompile pc=0x000000000f623a34 method=com.android.dx.cf.code.BytecodeArray.parseInstruction(ILcom/android/dx/cf/code/BytecodeArray$Visitor;)I @ 1287
Event: 5.620 Thread 0x0000000002100800 Uncommon trap: reason=bimorphic action=maybe_recompile pc=0x000000000f623a34 method=com.android.dx.cf.code.BytecodeArray.parseInstruction(ILcom/android/dx/cf/code/BytecodeArray$Visitor;)I @ 1287

Internal exceptions (7 events):
Event: 0.043 Thread 0x0000000002100800 Exception <a 'java/lang/NoSuchMethodError': Method sun.misc.Unsafe.defineClass(Ljava/lang/String;[BII)Ljava/lang/Class; name or signature does not match> (0x00000000eab07cc0) thrown at [C:\re\workspace\8-2-build-windows-amd64-cygwin\jdk8u101\7261\hotspot\sÛõK>C>¦?
Event: 0.043 Thread 0x0000000002100800 Exception <a 'java/lang/NoSuchMethodError': Method sun.misc.Unsafe.prefetchRead(Ljava/lang/Object;J)V name or signature does not match> (0x00000000eab07fa8) thrown at [C:\re\workspace\8-2-build-windows-amd64-cygwin\jdk8u101\7261\hotspot\src\share\vm\prims\­}9;g@
Event: 3.003 Thread 0x0000000007278800 Implicit null exception at 0x000000000f2afda7 to 0x000000000f2b203d
Event: 3.152 Thread 0x000000000729a800 Exception <a 'java/lang/ArrayIndexOutOfBoundsException': 18> (0x00000000eb406968) thrown at [C:\re\workspace\8-2-build-windows-amd64-cygwin\jdk8u101\7261\hotspot\src\share\vm\interpreter\interpreterRuntime.cpp, line 366]
Event: 3.153 Thread 0x000000000729a800 Exception <a 'java/lang/ArrayIndexOutOfBoundsException'> (0x00000000eb4084e8) thrown at [C:\re\workspace\8-2-build-windows-amd64-cygwin\jdk8u101\7261\hotspot\src\share\vm\runtime\sharedRuntime.cpp, line 605]
Event: 3.154 Thread 0x000000000729a800 Exception <a 'java/lang/ArrayIndexOutOfBoundsException'> (0x00000000eb4097d0) thrown at [C:\re\workspace\8-2-build-windows-amd64-cygwin\jdk8u101\7261\hotspot\src\share\vm\runtime\sharedRuntime.cpp, line 605]
Event: 3.805 Thread 0x0000000002100800 Implicit null exception at 0x000000000f3784e2 to 0x000000000f3785d2

Events (10 events):
Event: 5.620 Thread 0x0000000002100800 Uncommon trap: trap_request=0xffffffc6 fr.pc=0x000000000f623a34
Event: 5.620 Thread 0x0000000002100800 DEOPT PACKING pc=0x000000000f623a34 sp=0x00000000020be370
Event: 5.620 Thread 0x0000000002100800 DEOPT UNPACKING pc=0x000000000f05582a sp=0x00000000020be318 mode 2
Event: 5.620 Thread 0x0000000002100800 Uncommon trap: trap_request=0xffffffc6 fr.pc=0x000000000f623a34
Event: 5.620 Thread 0x0000000002100800 DEOPT PACKING pc=0x000000000f623a34 sp=0x00000000020be130
Event: 5.620 Thread 0x0000000002100800 DEOPT UNPACKING pc=0x000000000f05582a sp=0x00000000020be0d8 mode 2
Event: 5.646 Executing VM operation: ParallelGCFailedAllocation
Event: 6.281 Executing VM operation: ParallelGCFailedAllocation done
Event: 6.289 Thread 0x0000000007299800 DEOPT PACKING pc=0x000000000f42ecb0 sp=0x0000000007c1ebe0
Event: 6.289 Thread 0x0000000007299800 DEOPT UNPACKING pc=0x000000000f05787f sp=0x0000000007c1ea10 mode 0


Dynamic libraries:
0x00007ff7a5fc0000 - 0x00007ff7a5ff7000 	C:\Program Files\Java\jdk1.8.0_101\bin\java.exe
0x00007ff994800000 - 0x00007ff9949ad000 	C:\Windows\SYSTEM32\ntdll.dll
0x00007ff9924c0000 - 0x00007ff9925fe000 	C:\Windows\system32\KERNEL32.DLL
0x00007ff991aa0000 - 0x00007ff991bb5000 	C:\Windows\system32\KERNELBASE.dll
0x00007ff990100000 - 0x00007ff99018e000 	C:\Windows\system32\apphelp.dll
0x00007ff981a70000 - 0x00007ff981ac3000 	C:\Windows\AppPatch\AppPatch64\AcGenral.DLL
0x00007ff991e80000 - 0x00007ff991f2a000 	C:\Windows\system32\msvcrt.dll
0x00007ff991c20000 - 0x00007ff991c4e000 	C:\Windows\system32\SspiCli.dll
0x00007ff992150000 - 0x00007ff9921a4000 	C:\Windows\system32\SHLWAPI.dll
0x00007ff9922e0000 - 0x00007ff992457000 	C:\Windows\system32\USER32.dll
0x00007ff994000000 - 0x00007ff994194000 	C:\Windows\system32\ole32.dll
0x00007ff992710000 - 0x00007ff993c38000 	C:\Windows\system32\SHELL32.dll
0x00007ff990e90000 - 0x00007ff990eb1000 	C:\Windows\SYSTEM32\USERENV.dll
0x00007ff9942d0000 - 0x00007ff99437a000 	C:\Windows\system32\ADVAPI32.dll
0x00007ff984fc0000 - 0x00007ff984fde000 	C:\Windows\SYSTEM32\MPR.dll
0x00007ff994380000 - 0x00007ff9944c0000 	C:\Windows\system32\RPCRT4.dll
0x00007ff9941a0000 - 0x00007ff9941f9000 	C:\Windows\SYSTEM32\sechost.dll
0x00007ff991f30000 - 0x00007ff992142000 	C:\Windows\SYSTEM32\combase.dll
0x00007ff993c50000 - 0x00007ff993d9f000 	C:\Windows\system32\GDI32.dll
0x00007ff991920000 - 0x00007ff991935000 	C:\Windows\SYSTEM32\profapi.dll
0x00007ff990190000 - 0x00007ff990242000 	C:\Windows\SYSTEM32\SHCORE.dll
0x00007ff9926c0000 - 0x00007ff9926f6000 	C:\Windows\system32\IMM32.DLL
0x00007ff9946a0000 - 0x00007ff9947f2000 	C:\Windows\system32\MSCTF.dll
0x00007ff9918d0000 - 0x00007ff991901000 	C:\Windows\system32\nvinitx.dll
0x00007ff9918c0000 - 0x00007ff9918ca000 	C:\Windows\SYSTEM32\VERSION.dll
0x000000000f000000 - 0x000000000f006000 	C:\Program Files\NVIDIA Corporation\CoProcManager\_etoured.dll
0x00007ff98fd30000 - 0x00007ff98fd61000 	C:\Program Files\NVIDIA Corporation\CoProcManager\nvd3d9wrapx.dll
0x00007ff993db0000 - 0x00007ff993f8a000 	C:\Windows\system32\SETUPAPI.dll
0x00007ff991e30000 - 0x00007ff991e7f000 	C:\Windows\system32\CFGMGR32.dll
0x00007ff98fd00000 - 0x00007ff98fd22000 	C:\Program Files\NVIDIA Corporation\CoProcManager\nvdxgiwrapx.dll
0x00007ff98f300000 - 0x00007ff98f57b000 	C:\Windows\WinSxS\amd64_microsoft.windows.common-controls_6595b64144ccf1df_6.0.9600.18006_none_623f33d3ecbe86e8\COMCTL32.dll
0x0000000076670000 - 0x0000000076742000 	C:\Program Files\Java\jdk1.8.0_101\jre\bin\msvcr100.dll
0x0000000076c90000 - 0x000000007752a000 	C:\Program Files\Java\jdk1.8.0_101\jre\bin\server\jvm.dll
0x00007ff978ac0000 - 0x00007ff978ac9000 	C:\Windows\SYSTEM32\WSOCK32.dll
0x00007ff98fa80000 - 0x00007ff98faa2000 	C:\Windows\SYSTEM32\WINMM.dll
0x00007ff993da0000 - 0x00007ff993da7000 	C:\Windows\system32\PSAPI.DLL
0x00007ff992460000 - 0x00007ff9924ba000 	C:\Windows\system32\WS2_32.dll
0x00007ff98efa0000 - 0x00007ff98efca000 	C:\Windows\SYSTEM32\WINMMBASE.dll
0x00007ff993c40000 - 0x00007ff993c49000 	C:\Windows\system32\NSI.dll
0x00007ff9906f0000 - 0x00007ff990718000 	C:\Windows\SYSTEM32\DEVOBJ.dll
0x0000000050150000 - 0x000000005015f000 	C:\Program Files\Java\jdk1.8.0_101\jre\bin\verify.dll
0x0000000050120000 - 0x0000000050149000 	C:\Program Files\Java\jdk1.8.0_101\jre\bin\java.dll
0x0000000050100000 - 0x0000000050116000 	C:\Program Files\Java\jdk1.8.0_101\jre\bin\zip.dll

VM Arguments:
jvm_args: -Djava.awt.headless=true -Xmx1024M -Dfile.encoding=windows-1256 -Duser.country=US -Duser.language=en -Duser.variant 
java_command: com.android.dx.command.Main --dex --num-threads=4 --output E:\Android summer training\Pro\PipTalk\app\build\intermediates\pre-dexed\debug\com.android.support-support-core-ui-24.2.1_991c50af554091325e1199303d8b03ba34361be6.jar E:\Android summer training\Pro\PipTalk\app\build\intermediates\exploded-aar\com.android.support\support-core-ui\24.2.1\jars\classes.jar
java_class_path (initial): E:\BFCI\android SDK\android-sdk-windows\build-tools\24.0.1\lib\dx.jar
Launcher Type: SUN_STANDARD

Environment Variables:
PATH=C:\ProgramData\Oracle\Java\javapath;C:\Windows\system32;C:\Windows;C:\Windows\System32\Wbem;C:\Windows\System32\WindowsPowerShell\v1.0\;C:\Program Files (x86)\Microsoft SQL Server\100\Tools\Binn\;C:\Program Files\Microsoft SQL Server\100\Tools\Binn\;C:\Program Files\Microsoft SQL Server\100\DTS\Binn\;C:\Program Files (x86)\MySQL\MySQL Server 5.0\bin;E:\Installed Programs\runtime\win64;E:\Installed Programs\bin;E:\Installed Programs\polyspace\bin
USERNAME=EL MAGIC
OS=Windows_NT
PROCESSOR_IDENTIFIER=Intel64 Family 6 Model 42 Stepping 7, GenuineIntel



---------------  S Y S T E M  ---------------

OS: Windows 8.1 , 64 bit Build 9600 (6.3.9600.17415)

CPU:total 4 (2 cores per cpu, 2 threads per core) family 6 model 42 stepping 7, cmov, cx8, fxsr, mmx, sse, sse2, sse3, ssse3, sse4.1, sse4.2, popcnt, avx, aes, clmul, ht, tsc, tscinvbit

Memory: 4k page, physical 4098096k(614604k free), swap 5660400k(7512k free)

vm_info: Java HotSpot(TM) 64-Bit Server VM (25.101-b13) for windows-amd64 JRE (1.8.0_101-b13), built on Jun 22 2016 01:21:29 by "java_re" with MS VC++ 10.0 (VS2010)

time: Mon Jun 19 08:59:27 2017
elapsed time: 6 seconds (0d 0h 0m 6s)

