#
# There is insufficient memory for the Java Runtime Environment to continue.
# Native memory allocation (malloc) failed to allocate 32784 bytes for Chunk::new
# Possible reasons:
#   The system is out of physical RAM or swap space
#   In 32 bit mode, the process size limit was hit
# Possible solutions:
#   Reduce memory load on the system
#   Increase physical memory or swap space
#   Check if swap backing store is full
#   Use 64 bit Java on a 64 bit OS
#   Decrease Java heap size (-Xmx/-Xms)
#   Decrease number of Java threads
#   Decrease Java thread stack sizes (-Xss)
#   Set larger code cache with -XX:ReservedCodeCacheSize=
# This output file may be truncated or incomplete.
#
#  Out of Memory Error (allocation.cpp:390), pid=32, tid=0x0000000000001884
#
# JRE version: Java(TM) SE Runtime Environment (8.0_101-b13) (build 1.8.0_101-b13)
# Java VM: Java HotSpot(TM) 64-Bit Server VM (25.101-b13 mixed mode windows-amd64 compressed oops)
# Failed to write core dump. Minidumps are not enabled by default on client versions of Windows
#

---------------  T H R E A D  ---------------

Current thread (0x0000000005bde000):  JavaThread "C2 CompilerThread1" daemon [_thread_in_native, id=6276, stack(0x00000000076c0000,0x00000000077c0000)]

Stack: [0x00000000076c0000,0x00000000077c0000]
[error occurred during error reporting (printing stack bounds), id 0xc0000005]

Native frames: (J=compiled Java code, j=interpreted, Vv=VM code, C=native code)


Current CompileTask:
C2:  38433 1263 %     4       sun.security.provider.SHA::implCompress @ 12 (491 bytes)


---------------  P R O C E S S  ---------------

Java Threads: ( => current thread )
  0x00000000023b0800 JavaThread "DestroyJavaVM" [_thread_blocked, id=2984, stack(0x0000000002230000,0x0000000002330000)]
  0x0000000007328800 JavaThread "Service Thread" daemon [_thread_blocked, id=4816, stack(0x00000000078c0000,0x00000000079c0000)]
  0x00000000072fd800 JavaThread "C1 CompilerThread2" daemon [_thread_blocked, id=5240, stack(0x00000000077c0000,0x00000000078c0000)]
=>0x0000000005bde000 JavaThread "C2 CompilerThread1" daemon [_thread_in_native, id=6276, stack(0x00000000076c0000,0x00000000077c0000)]
  0x0000000005bc8000 JavaThread "C2 CompilerThread0" daemon [_thread_blocked, id=5196, stack(0x00000000071c0000,0x00000000072c0000)]
  0x0000000005bc6000 JavaThread "Attach Listener" daemon [_thread_blocked, id=3804, stack(0x00000000070c0000,0x00000000071c0000)]
  0x0000000005bc5800 JavaThread "Signal Dispatcher" daemon [_thread_blocked, id=2220, stack(0x0000000006fc0000,0x00000000070c0000)]
  0x0000000005b6a800 JavaThread "Finalizer" daemon [_thread_blocked, id=1496, stack(0x0000000006de0000,0x0000000006ee0000)]
  0x0000000005b49000 JavaThread "Reference Handler" daemon [_thread_blocked, id=4220, stack(0x0000000006ce0000,0x0000000006de0000)]

Other Threads:
  0x0000000005b46800 VMThread [stack: 0x0000000006be0000,0x0000000006ce0000] [id=2904]
  0x000000000735d000 WatcherThread [stack: 0x00000000079c0000,0x0000000007ac0000] [id=2404]

VM state:not at safepoint (normal execution)

VM Mutex/Monitor currently owned by a thread: None

Heap:
 PSYoungGen      total 18944K, used 9169K [0x00000000eab00000, 0x00000000ec000000, 0x0000000100000000)
  eden space 16384K, 40% used [0x00000000eab00000,0x00000000eb178438,0x00000000ebb00000)
  from space 2560K, 99% used [0x00000000ebb00000,0x00000000ebd7c010,0x00000000ebd80000)
  to   space 2560K, 0% used [0x00000000ebd80000,0x00000000ebd80000,0x00000000ec000000)
 ParOldGen       total 44032K, used 1892K [0x00000000c0000000, 0x00000000c2b00000, 0x00000000eab00000)
  object space 44032K, 4% used [0x00000000c0000000,0x00000000c01d91b8,0x00000000c2b00000)
 Metaspace       used 6402K, capacity 7096K, committed 7424K, reserved 1056768K
  class space    used 656K, capacity 688K, committed 768K, reserved 1048576K

Card table byte_map: [0x0000000002870000,0x0000000002a80000] byte_map_base: 0x0000000002270000

Marking Bits: (ParMarkBitMap*) 0x000000007150a6d0
 Begin Bits: [0x0000000002fe0000, 0x0000000003fe0000)
 End Bits:   [0x0000000003fe0000, 0x0000000004fe0000)

Polling page: 0x0000000000720000

CodeCache: size=245760Kb used=4503Kb max_used=4511Kb free=241256Kb
 bounds [0x000000000f010000, 0x000000000f480000, 0x000000001e010000]
 total_blobs=1528 nmethods=1252 adapters=189
 compilation: enabled

Compilation events (10 events):
Event: 38.071 Thread 0x0000000005bde000 nmethod 1255 0x000000000f472350 code [0x000000000f4724a0, 0x000000000f472558]
Event: 38.071 Thread 0x00000000072fd800 1259       3       java.lang.Integer::reverseBytes (26 bytes)
Event: 38.072 Thread 0x00000000072fd800 nmethod 1259 0x000000000f47a190 code [0x000000000f47a2e0, 0x000000000f47a430]
Event: 38.078 Thread 0x0000000005bc8000 1260       4       java.lang.Integer::reverseBytes (26 bytes)
Event: 38.079 Thread 0x0000000005bc8000 nmethod 1260 0x000000000f477310 code [0x000000000f477440, 0x000000000f4774b8]
Event: 38.080 Thread 0x00000000072fd800 1261       3       sun.security.provider.SHA::implCompress (491 bytes)
Event: 38.081 Thread 0x00000000072fd800 nmethod 1261 0x000000000f475fd0 code [0x000000000f4761c0, 0x000000000f476aa8]
Event: 38.081 Thread 0x00000000072fd800 1262       3       sun.security.provider.ByteArrayAccess::b2iBig64 (614 bytes)
Event: 38.082 Thread 0x0000000005bde000 1263 %     4       sun.security.provider.SHA::implCompress @ 12 (491 bytes)
Event: 38.082 Thread 0x00000000072fd800 nmethod 1262 0x000000000f478b50 code [0x000000000f478d60, 0x000000000f479b28]

GC Heap History (2 events):
Event: 36.462 GC heap before
{Heap before GC invocations=1 (full 0):
 PSYoungGen      total 18944K, used 16384K [0x00000000eab00000, 0x00000000ec000000, 0x0000000100000000)
  eden space 16384K, 100% used [0x00000000eab00000,0x00000000ebb00000,0x00000000ebb00000)
  from space 2560K, 0% used [0x00000000ebd80000,0x00000000ebd80000,0x00000000ec000000)
  to   space 2560K, 0% used [0x00000000ebb00000,0x00000000ebb00000,0x00000000ebd80000)
 ParOldGen       total 44032K, used 0K [0x00000000c0000000, 0x00000000c2b00000, 0x00000000eab00000)
  object space 44032K, 0% used [0x00000000c0000000,0x00000000c0000000,0x00000000c2b00000)
 Metaspace       used 5821K, capacity 6774K, committed 7040K, reserved 1056768K
  class space    used 603K, capacity 622K, committed 640K, reserved 1048576K
Event: 36.653 GC heap after
Heap after GC invocations=1 (full 0):
 PSYoungGen      total 18944K, used 2544K [0x00000000eab00000, 0x00000000ec000000, 0x0000000100000000)
  eden space 16384K, 0% used [0x00000000eab00000,0x00000000eab00000,0x00000000ebb00000)
  from space 2560K, 99% used [0x00000000ebb00000,0x00000000ebd7c010,0x00000000ebd80000)
  to   space 2560K, 0% used [0x00000000ebd80000,0x00000000ebd80000,0x00000000ec000000)
 ParOldGen       total 44032K, used 1892K [0x00000000c0000000, 0x00000000c2b00000, 0x00000000eab00000)
  object space 44032K, 4% used [0x00000000c0000000,0x00000000c01d91b8,0x00000000c2b00000)
 Metaspace       used 5821K, capacity 6774K, committed 7040K, reserved 1056768K
  class space    used 603K, capacity 622K, committed 640K, reserved 1048576K
}

Deoptimization events (10 events):
Event: 37.975 Thread 0x0000000007451800 Uncommon trap: reason=unstable_if action=reinterpret pc=0x000000000f2ff3bc method=java.util.Arrays.copyOf([Ljava/lang/Object;ILjava/lang/Class;)[Ljava/lang/Object; @ 3
Event: 38.034 Thread 0x0000000007451800 Uncommon trap: reason=speculate_class_check action=maybe_recompile pc=0x000000000f402dbc method=java.util.HashMap.putVal(ILjava/lang/Object;Ljava/lang/Object;ZZ)Ljava/lang/Object; @ 56
Event: 38.034 Thread 0x0000000007451800 Uncommon trap: reason=speculate_class_check action=maybe_recompile pc=0x000000000f402e2c method=java.util.HashMap.putVal(ILjava/lang/Object;Ljava/lang/Object;ZZ)Ljava/lang/Object; @ 152
Event: 38.045 Thread 0x0000000007451800 Uncommon trap: reason=speculate_class_check action=maybe_recompile pc=0x000000000f402dbc method=java.util.HashMap.putVal(ILjava/lang/Object;Ljava/lang/Object;ZZ)Ljava/lang/Object; @ 56
Event: 38.045 Thread 0x0000000007451800 Uncommon trap: reason=speculate_class_check action=maybe_recompile pc=0x000000000f402dbc method=java.util.HashMap.putVal(ILjava/lang/Object;Ljava/lang/Object;ZZ)Ljava/lang/Object; @ 56
Event: 38.045 Thread 0x0000000007451800 Uncommon trap: reason=class_check action=maybe_recompile pc=0x000000000f3fc964 method=java.util.HashMap.putVal(ILjava/lang/Object;Ljava/lang/Object;ZZ)Ljava/lang/Object; @ 56
Event: 38.045 Thread 0x0000000007451800 Uncommon trap: reason=class_check action=maybe_recompile pc=0x000000000f3fc964 method=java.util.HashMap.putVal(ILjava/lang/Object;Ljava/lang/Object;ZZ)Ljava/lang/Object; @ 56
Event: 38.045 Thread 0x0000000007451800 Uncommon trap: reason=class_check action=maybe_recompile pc=0x000000000f3fc964 method=java.util.HashMap.putVal(ILjava/lang/Object;Ljava/lang/Object;ZZ)Ljava/lang/Object; @ 56
Event: 38.050 Thread 0x0000000007451800 Uncommon trap: reason=class_check action=maybe_recompile pc=0x000000000f3fc964 method=java.util.HashMap.putVal(ILjava/lang/Object;Ljava/lang/Object;ZZ)Ljava/lang/Object; @ 56
Event: 38.056 Thread 0x0000000007451800 Uncommon trap: reason=bimorphic action=maybe_recompile pc=0x000000000f289738 method=java.util.HashMap.getNode(ILjava/lang/Object;)Ljava/util/HashMap$Node; @ 126

Internal exceptions (2 events):
Event: 10.616 Thread 0x00000000023b0800 Exception <a 'java/lang/NoSuchMethodError': Method sun.misc.Unsafe.defineClass(Ljava/lang/String;[BII)Ljava/lang/Class; name or signature does not match> (0x00000000eab07cc0) thrown at [C:\re\workspace\8-2-build-windows-amd64-cygwin\jdk8u101\7261\hotspot\sùøØ-;%@
Event: 10.616 Thread 0x00000000023b0800 Exception <a 'java/lang/NoSuchMethodError': Method sun.misc.Unsafe.prefetchRead(Ljava/lang/Object;J)V name or signature does not match> (0x00000000eab07fa8) thrown at [C:\re\workspace\8-2-build-windows-amd64-cygwin\jdk8u101\7261\hotspot\src\share\vm\prims\

Events (10 events):
Event: 38.071 loading class sun/security/jca/GetInstance$Instance done
Event: 38.071 loading class java/security/MessageDigest$Delegate
Event: 38.071 loading class java/security/MessageDigest$Delegate done
Event: 38.071 loading class sun/security/provider/ByteArrayAccess
Event: 38.071 loading class sun/security/provider/ByteArrayAccess done
Event: 38.091 loading class java/util/zip/Adler32
Event: 38.091 loading class java/util/zip/Adler32 done
Event: 38.091 Executing VM operation: RevokeBias
Event: 38.092 Executing VM operation: RevokeBias done
Event: 38.092 Thread 0x0000000007451800 Thread exited: 0x0000000007451800


Dynamic libraries:
0x00007ff7c0430000 - 0x00007ff7c0467000 	C:\Program Files\Java\jdk1.8.0_101\bin\java.exe
0x00007ffb95ef0000 - 0x00007ffb9609d000 	C:\Windows\SYSTEM32\ntdll.dll
0x00007ffb93f00000 - 0x00007ffb9403e000 	C:\Windows\system32\KERNEL32.DLL
0x00007ffb931c0000 - 0x00007ffb932d5000 	C:\Windows\system32\KERNELBASE.dll
0x00007ffb91b90000 - 0x00007ffb91c1e000 	C:\Windows\system32\apphelp.dll
0x00007ffb81b90000 - 0x00007ffb81be3000 	C:\Windows\AppPatch\AppPatch64\AcGenral.DLL
0x00007ffb93630000 - 0x00007ffb936da000 	C:\Windows\system32\msvcrt.dll
0x00007ffb930e0000 - 0x00007ffb9310e000 	C:\Windows\system32\SspiCli.dll
0x00007ffb95df0000 - 0x00007ffb95e44000 	C:\Windows\system32\SHLWAPI.dll
0x00007ffb93740000 - 0x00007ffb938b7000 	C:\Windows\system32\USER32.dll
0x00007ffb95780000 - 0x00007ffb95914000 	C:\Windows\system32\ole32.dll
0x00007ffb94040000 - 0x00007ffb95568000 	C:\Windows\system32\SHELL32.dll
0x00007ffb92590000 - 0x00007ffb925b1000 	C:\Windows\SYSTEM32\USERENV.dll
0x00007ffb95570000 - 0x00007ffb9561a000 	C:\Windows\system32\ADVAPI32.dll
0x00007ffb8b5f0000 - 0x00007ffb8b60e000 	C:\Windows\SYSTEM32\MPR.dll
0x00007ffb93a20000 - 0x00007ffb93b60000 	C:\Windows\system32\RPCRT4.dll
0x00007ffb95920000 - 0x00007ffb95979000 	C:\Windows\SYSTEM32\sechost.dll
0x00007ffb959e0000 - 0x00007ffb95bf1000 	C:\Windows\SYSTEM32\combase.dll
0x00007ffb95630000 - 0x00007ffb9577f000 	C:\Windows\system32\GDI32.dll
0x00007ffb93010000 - 0x00007ffb93025000 	C:\Windows\SYSTEM32\profapi.dll
0x00007ffb91540000 - 0x00007ffb915f2000 	C:\Windows\SYSTEM32\SHCORE.dll
0x00007ffb95db0000 - 0x00007ffb95de6000 	C:\Windows\system32\IMM32.DLL
0x00007ffb938c0000 - 0x00007ffb93a12000 	C:\Windows\system32\MSCTF.dll
0x00007ffb92f50000 - 0x00007ffb92f81000 	C:\Windows\system32\nvinitx.dll
0x00007ffb92f40000 - 0x00007ffb92f4a000 	C:\Windows\SYSTEM32\VERSION.dll
0x000000000f000000 - 0x000000000f006000 	C:\Program Files\NVIDIA Corporation\CoProcManager\_etoured.dll
0x00007ffb91ca0000 - 0x00007ffb91cd1000 	C:\Program Files\NVIDIA Corporation\CoProcManager\nvd3d9wrapx.dll
0x00007ffb93b60000 - 0x00007ffb93d3a000 	C:\Windows\system32\SETUPAPI.dll
0x00007ffb93170000 - 0x00007ffb931bf000 	C:\Windows\system32\CFGMGR32.dll
0x00007ffb91740000 - 0x00007ffb91762000 	C:\Program Files\NVIDIA Corporation\CoProcManager\nvdxgiwrapx.dll
0x00007ffb910c0000 - 0x00007ffb9133b000 	C:\Windows\WinSxS\amd64_microsoft.windows.common-controls_6595b64144ccf1df_6.0.9600.18006_none_623f33d3ecbe86e8\COMCTL32.dll
0x0000000070860000 - 0x0000000070932000 	C:\Program Files\Java\jdk1.8.0_101\jre\bin\msvcr100.dll
0x0000000070cf0000 - 0x000000007158a000 	C:\Program Files\Java\jdk1.8.0_101\jre\bin\server\jvm.dll
0x00007ffb8d160000 - 0x00007ffb8d169000 	C:\Windows\SYSTEM32\WSOCK32.dll
0x00007ffb90bf0000 - 0x00007ffb90c12000 	C:\Windows\SYSTEM32\WINMM.dll
0x00007ffb95ec0000 - 0x00007ffb95ec7000 	C:\Windows\system32\PSAPI.DLL
0x00007ffb936e0000 - 0x00007ffb9373a000 	C:\Windows\system32\WS2_32.dll
0x00007ffb90bc0000 - 0x00007ffb90bea000 	C:\Windows\SYSTEM32\WINMMBASE.dll
0x00007ffb95620000 - 0x00007ffb95629000 	C:\Windows\system32\NSI.dll
0x00007ffb91de0000 - 0x00007ffb91e08000 	C:\Windows\SYSTEM32\DEVOBJ.dll
0x0000000071890000 - 0x000000007189f000 	C:\Program Files\Java\jdk1.8.0_101\jre\bin\verify.dll
0x0000000070cc0000 - 0x0000000070ce9000 	C:\Program Files\Java\jdk1.8.0_101\jre\bin\java.dll
0x0000000070ca0000 - 0x0000000070cb6000 	C:\Program Files\Java\jdk1.8.0_101\jre\bin\zip.dll

VM Arguments:
jvm_args: -Djava.awt.headless=true -Xmx1024M -Dfile.encoding=windows-1256 -Duser.country=US -Duser.language=en -Duser.variant 
java_command: com.android.dx.command.Main --dex --force-jumbo --num-threads=4 --multi-dex --output E:\Android summer training\Pro\PipTalk\app\build\intermediates\transforms\dex\debug\folders\1000\10\jxmpp-core-0.5.0-alpha7_1c7bb4e2ab1fd23c593be1d291980ed75f7da9ce C:\Users\EL MAGIC\.gradle\caches\modules-2\files-2.1\org.jxmpp\jxmpp-core\0.5.0-alpha7\6bd7e07a1b991a783587e3dac1d34fc94ea28d1f\jxmpp-core-0.5.0-alpha7.jar
java_class_path (initial): E:\BFCI\android SDK\android-sdk-windows\build-tools\24.0.1\lib\dx.jar
Launcher Type: SUN_STANDARD

Environment Variables:
PATH=C:\ProgramData\Oracle\Java\javapath;C:\Windows\system32;C:\Windows;C:\Windows\System32\Wbem;C:\Windows\System32\WindowsPowerShell\v1.0\;C:\Program Files (x86)\Microsoft SQL Server\100\Tools\Binn\;C:\Program Files\Microsoft SQL Server\100\Tools\Binn\;C:\Program Files\Microsoft SQL Server\100\DTS\Binn\;C:\Program Files (x86)\MySQL\MySQL Server 5.0\bin;E:\Installed Programs\runtime\win64;E:\Installed Programs\bin;E:\Installed Programs\polyspace\bin
USERNAME=EL MAGIC
OS=Windows_NT
PROCESSOR_IDENTIFIER=Intel64 Family 6 Model 42 Stepping 7, GenuineIntel



---------------  S Y S T E M  ---------------

OS: Windows 8.1 , 64 bit Build 9600 (6.3.9600.17415)

CPU:total 4 (2 cores per cpu, 2 threads per core) family 6 model 42 stepping 7, cmov, cx8, fxsr, mmx, sse, sse2, sse3, ssse3, sse4.1, sse4.2, popcnt, avx, aes, clmul, ht, tsc, tscinvbit

Memory: 4k page, physical 4098096k(183756k free), swap 7243824k(4148k free)

vm_info: Java HotSpot(TM) 64-Bit Server VM (25.101-b13) for windows-amd64 JRE (1.8.0_101-b13), built on Jun 22 2016 01:21:29 by "java_re" with MS VC++ 10.0 (VS2010)

time: Mon Feb 27 21:55:07 2017
elapsed time: 38 seconds (0d 0h 0m 38s)

