#
# There is insufficient memory for the Java Runtime Environment to continue.
# Native memory allocation (malloc) failed to allocate 303856 bytes for Chunk::new
# Possible reasons:
#   The system is out of physical RAM or swap space
#   In 32 bit mode, the process size limit was hit
# Possible solutions:
#   Reduce memory load on the system
#   Increase physical memory or swap space
#   Check if swap backing store is full
#   Use 64 bit Java on a 64 bit OS
#   Decrease Java heap size (-Xmx/-Xms)
#   Decrease number of Java threads
#   Decrease Java thread stack sizes (-Xss)
#   Set larger code cache with -XX:ReservedCodeCacheSize=
# This output file may be truncated or incomplete.
#
#  Out of Memory Error (allocation.cpp:390), pid=5520, tid=0x0000000000001700
#
# JRE version: Java(TM) SE Runtime Environment (8.0_101-b13) (build 1.8.0_101-b13)
# Java VM: Java HotSpot(TM) 64-Bit Server VM (25.101-b13 mixed mode windows-amd64 compressed oops)
# Failed to write core dump. Minidumps are not enabled by default on client versions of Windows
#

---------------  T H R E A D  ---------------

Current thread (0x0000000006429000):  JavaThread "C2 CompilerThread0" daemon [_thread_in_native, id=5888, stack(0x0000000007a40000,0x0000000007b40000)]

Stack: [0x0000000007a40000,0x0000000007b40000]
[error occurred during error reporting (printing stack bounds), id 0xc0000005]

Native frames: (J=compiled Java code, j=interpreted, Vv=VM code, C=native code)


Current CompileTask:
C2:   4431 1089       4       com.android.dx.ssa.SCCP::simulatePhi (169 bytes)


---------------  P R O C E S S  ---------------

Java Threads: ( => current thread )
  0x0000000007d32800 JavaThread "pool-1-thread-4" [_thread_in_vm, id=4796, stack(0x0000000008740000,0x0000000008840000)]
  0x0000000007d28000 JavaThread "pool-1-thread-3" [_thread_in_Java, id=5324, stack(0x0000000008640000,0x0000000008740000)]
  0x0000000007d2b000 JavaThread "pool-1-thread-2" [_thread_in_Java, id=4320, stack(0x0000000008540000,0x0000000008640000)]
  0x0000000007d01000 JavaThread "pool-2-thread-1" [_thread_blocked, id=5940, stack(0x0000000008440000,0x0000000008540000)]
  0x0000000007b91000 JavaThread "Service Thread" daemon [_thread_blocked, id=4540, stack(0x0000000008140000,0x0000000008240000)]
  0x0000000007b89800 JavaThread "C1 CompilerThread2" daemon [_thread_in_native, id=4512, stack(0x0000000008040000,0x0000000008140000)]
  0x0000000007b83800 JavaThread "C2 CompilerThread1" daemon [_thread_in_native, id=6528, stack(0x0000000007f40000,0x0000000008040000)]
=>0x0000000006429000 JavaThread "C2 CompilerThread0" daemon [_thread_in_native, id=5888, stack(0x0000000007a40000,0x0000000007b40000)]
  0x0000000006427000 JavaThread "Attach Listener" daemon [_thread_blocked, id=4952, stack(0x0000000007940000,0x0000000007a40000)]
  0x0000000006426000 JavaThread "Signal Dispatcher" daemon [_thread_blocked, id=5472, stack(0x0000000007840000,0x0000000007940000)]
  0x00000000063ca800 JavaThread "Finalizer" daemon [_thread_blocked, id=7000, stack(0x0000000007660000,0x0000000007760000)]
  0x00000000063a9000 JavaThread "Reference Handler" daemon [_thread_blocked, id=6384, stack(0x0000000007560000,0x0000000007660000)]
  0x0000000002b90800 JavaThread "main" [_thread_blocked, id=5232, stack(0x0000000002a50000,0x0000000002b50000)]

Other Threads:
  0x00000000063a6800 VMThread [stack: 0x0000000007460000,0x0000000007560000] [id=6544]
  0x0000000007ba6000 WatcherThread [stack: 0x0000000008240000,0x0000000008340000] [id=4976]

VM state:not at safepoint (normal execution)

VM Mutex/Monitor currently owned by a thread: None

Heap:
 PSYoungGen      total 18944K, used 14135K [0x00000000eab00000, 0x00000000ed000000, 0x0000000100000000)
  eden space 16384K, 70% used [0x00000000eab00000,0x00000000eb6504c8,0x00000000ebb00000)
  from space 2560K, 99% used [0x00000000ebb00000,0x00000000ebd7d7f8,0x00000000ebd80000)
  to   space 2560K, 0% used [0x00000000ecd80000,0x00000000ecd80000,0x00000000ed000000)
 ParOldGen       total 44032K, used 1948K [0x00000000c0000000, 0x00000000c2b00000, 0x00000000eab00000)
  object space 44032K, 4% used [0x00000000c0000000,0x00000000c01e7058,0x00000000c2b00000)
 Metaspace       used 5994K, capacity 6902K, committed 7040K, reserved 1056768K
  class space    used 603K, capacity 622K, committed 640K, reserved 1048576K

Card table byte_map: [0x00000000030d0000,0x00000000032e0000] byte_map_base: 0x0000000002ad0000

Marking Bits: (ParMarkBitMap*) 0x00000000774aa6d0
 Begin Bits: [0x0000000003840000, 0x0000000004840000)
 End Bits:   [0x0000000004840000, 0x0000000005840000)

Polling page: 0x0000000000f50000

CodeCache: size=245760Kb used=4502Kb max_used=4502Kb free=241257Kb
 bounds [0x000000000f010000, 0x000000000f480000, 0x000000001e010000]
 total_blobs=1389 nmethods=1119 adapters=182
 compilation: enabled

Compilation events (10 events):
Event: 4.423 Thread 0x0000000007b89800 nmethod 1126 0x000000000f470bd0 code [0x000000000f470d40, 0x000000000f470f50]
Event: 4.423 Thread 0x0000000007b89800 1127       3       com.android.dx.ssa.InterferenceRegisterMapper::addInterfence (62 bytes)
Event: 4.423 Thread 0x0000000007b83800 1123       4       com.android.dx.ssa.back.LivenessAnalyzer::handleTailRecursion (94 bytes)
Event: 4.424 Thread 0x0000000007b89800 nmethod 1127 0x000000000f4751d0 code [0x000000000f4754a0, 0x000000000f476788]
Event: 4.424 Thread 0x0000000007b89800 1128       3       com.android.dx.ssa.back.InterferenceGraph::mergeInterferenceSet (29 bytes)
Event: 4.425 Thread 0x0000000007b89800 nmethod 1128 0x000000000f470050 code [0x000000000f470220, 0x000000000f4707c8]
Event: 4.425 Thread 0x0000000007b89800 1129       3       com.android.dx.util.BitIntSet::merge (148 bytes)
Event: 4.426 Thread 0x0000000007b89800 nmethod 1129 0x000000000f477590 code [0x000000000f477840, 0x000000000f478a08]
Event: 4.426 Thread 0x0000000007b89800 1125       3       com.android.dx.rop.code.LocalItem::compareTo (9 bytes)
Event: 4.427 Thread 0x0000000007b89800 nmethod 1125 0x000000000f473e10 code [0x000000000f473fc0, 0x000000000f474698]

GC Heap History (2 events):
Event: 3.840 GC heap before
{Heap before GC invocations=1 (full 0):
 PSYoungGen      total 18944K, used 16384K [0x00000000eab00000, 0x00000000ec000000, 0x0000000100000000)
  eden space 16384K, 100% used [0x00000000eab00000,0x00000000ebb00000,0x00000000ebb00000)
  from space 2560K, 0% used [0x00000000ebd80000,0x00000000ebd80000,0x00000000ec000000)
  to   space 2560K, 0% used [0x00000000ebb00000,0x00000000ebb00000,0x00000000ebd80000)
 ParOldGen       total 44032K, used 0K [0x00000000c0000000, 0x00000000c2b00000, 0x00000000eab00000)
  object space 44032K, 0% used [0x00000000c0000000,0x00000000c0000000,0x00000000c2b00000)
 Metaspace       used 5848K, capacity 6774K, committed 7040K, reserved 1056768K
  class space    used 602K, capacity 622K, committed 640K, reserved 1048576K
Event: 3.952 GC heap after
Heap after GC invocations=1 (full 0):
 PSYoungGen      total 18944K, used 2549K [0x00000000eab00000, 0x00000000ed000000, 0x0000000100000000)
  eden space 16384K, 0% used [0x00000000eab00000,0x00000000eab00000,0x00000000ebb00000)
  from space 2560K, 99% used [0x00000000ebb00000,0x00000000ebd7d7f8,0x00000000ebd80000)
  to   space 2560K, 0% used [0x00000000ecd80000,0x00000000ecd80000,0x00000000ed000000)
 ParOldGen       total 44032K, used 1948K [0x00000000c0000000, 0x00000000c2b00000, 0x00000000eab00000)
  object space 44032K, 4% used [0x00000000c0000000,0x00000000c01e7058,0x00000000c2b00000)
 Metaspace       used 5848K, capacity 6774K, committed 7040K, reserved 1056768K
  class space    used 602K, capacity 622K, committed 640K, reserved 1048576K
}

Deoptimization events (7 events):
Event: 3.403 Thread 0x0000000007d32800 Uncommon trap: reason=unstable_if action=reinterpret pc=0x000000000f225cd4 method=java.util.HashMap.getNode(ILjava/lang/Object;)Ljava/util/HashMap$Node; @ 129
Event: 3.469 Thread 0x0000000002b90800 Uncommon trap: reason=unstable_if action=reinterpret pc=0x000000000f2843ec method=java.lang.String.<init>([CII)V @ 18
Event: 3.641 Thread 0x0000000007d32800 Uncommon trap: reason=unstable_if action=reinterpret pc=0x000000000f2256b0 method=java.util.BitSet.nextSetBit(I)I @ 87
Event: 4.212 Thread 0x0000000007d28000 Uncommon trap: reason=unstable_if action=reinterpret pc=0x000000000f2743c4 method=com.android.dx.rop.code.RegisterSpec.equals(ILcom/android/dx/rop/type/TypeBearer;Lcom/android/dx/rop/code/LocalItem;)Z @ 16
Event: 4.355 Thread 0x0000000007d2b000 Uncommon trap: reason=class_check action=maybe_recompile pc=0x000000000f2c2894 method=com.android.dx.ssa.NormalSsaInsn.accept(Lcom/android/dx/ssa/SsaInsn$Visitor;)V @ 9
Event: 4.356 Thread 0x0000000007d2b000 Uncommon trap: reason=class_check action=maybe_recompile pc=0x000000000f2c2894 method=com.android.dx.ssa.NormalSsaInsn.accept(Lcom/android/dx/ssa/SsaInsn$Visitor;)V @ 9
Event: 4.360 Thread 0x0000000007d2b000 Uncommon trap: reason=class_check action=maybe_recompile pc=0x000000000f2c2894 method=com.android.dx.ssa.NormalSsaInsn.accept(Lcom/android/dx/ssa/SsaInsn$Visitor;)V @ 9

Internal exceptions (2 events):
Event: 1.846 Thread 0x0000000002b90800 Exception <a 'java/lang/NoSuchMethodError': Method sun.misc.Unsafe.defineClass(Ljava/lang/String;[BII)Ljava/lang/Class; name or signature does not match> (0x00000000eab07cc0) thrown at [C:\re\workspace\8-2-build-windows-amd64-cygwin\jdk8u101\7261\hotspot\sâ6YûŠý?
Event: 1.846 Thread 0x0000000002b90800 Exception <a 'java/lang/NoSuchMethodError': Method sun.misc.Unsafe.prefetchRead(Ljava/lang/Object;J)V name or signature does not match> (0x00000000eab07fa8) thrown at [C:\re\workspace\8-2-build-windows-amd64-cygwin\jdk8u101\7261\hotspot\src\share\vm\prims\

Events (10 events):
Event: 4.355 Thread 0x0000000007d2b000 Uncommon trap: trap_request=0xffffffde fr.pc=0x000000000f2c2894
Event: 4.355 Thread 0x0000000007d2b000 DEOPT PACKING pc=0x000000000f2c2894 sp=0x000000000863ed40
Event: 4.355 Thread 0x0000000007d2b000 DEOPT UNPACKING pc=0x000000000f05582a sp=0x000000000863ec80 mode 2
Event: 4.356 Thread 0x0000000007d2b000 Uncommon trap: trap_request=0xffffffde fr.pc=0x000000000f2c2894
Event: 4.356 Thread 0x0000000007d2b000 DEOPT PACKING pc=0x000000000f2c2894 sp=0x000000000863ea50
Event: 4.356 Thread 0x0000000007d2b000 DEOPT UNPACKING pc=0x000000000f05582a sp=0x000000000863e990 mode 2
Event: 4.360 Thread 0x0000000007d2b000 Uncommon trap: trap_request=0xffffffde fr.pc=0x000000000f2c2894
Event: 4.360 Thread 0x0000000007d2b000 DEOPT PACKING pc=0x000000000f2c2894 sp=0x000000000863ed00
Event: 4.360 Thread 0x0000000007d2b000 DEOPT UNPACKING pc=0x000000000f05582a sp=0x000000000863ec40 mode 2
Event: 4.363 Thread 0x0000000007cf5800 Thread exited: 0x0000000007cf5800


Dynamic libraries:
0x00007ff7a5fc0000 - 0x00007ff7a5ff7000 	C:\Program Files\Java\jdk1.8.0_101\bin\java.exe
0x00007ff994800000 - 0x00007ff9949ad000 	C:\Windows\SYSTEM32\ntdll.dll
0x00007ff9924c0000 - 0x00007ff9925fe000 	C:\Windows\system32\KERNEL32.DLL
0x00007ff991aa0000 - 0x00007ff991bb5000 	C:\Windows\system32\KERNELBASE.dll
0x00007ff990100000 - 0x00007ff99018e000 	C:\Windows\system32\apphelp.dll
0x00007ff981a70000 - 0x00007ff981ac3000 	C:\Windows\AppPatch\AppPatch64\AcGenral.DLL
0x00007ff991e80000 - 0x00007ff991f2a000 	C:\Windows\system32\msvcrt.dll
0x00007ff991c20000 - 0x00007ff991c4e000 	C:\Windows\system32\SspiCli.dll
0x00007ff992150000 - 0x00007ff9921a4000 	C:\Windows\system32\SHLWAPI.dll
0x00007ff9922e0000 - 0x00007ff992457000 	C:\Windows\system32\USER32.dll
0x00007ff994000000 - 0x00007ff994194000 	C:\Windows\system32\ole32.dll
0x00007ff992710000 - 0x00007ff993c38000 	C:\Windows\system32\SHELL32.dll
0x00007ff990e90000 - 0x00007ff990eb1000 	C:\Windows\SYSTEM32\USERENV.dll
0x00007ff9942d0000 - 0x00007ff99437a000 	C:\Windows\system32\ADVAPI32.dll
0x00007ff984fc0000 - 0x00007ff984fde000 	C:\Windows\SYSTEM32\MPR.dll
0x00007ff994380000 - 0x00007ff9944c0000 	C:\Windows\system32\RPCRT4.dll
0x00007ff9941a0000 - 0x00007ff9941f9000 	C:\Windows\SYSTEM32\sechost.dll
0x00007ff991f30000 - 0x00007ff992142000 	C:\Windows\SYSTEM32\combase.dll
0x00007ff993c50000 - 0x00007ff993d9f000 	C:\Windows\system32\GDI32.dll
0x00007ff991920000 - 0x00007ff991935000 	C:\Windows\SYSTEM32\profapi.dll
0x00007ff990190000 - 0x00007ff990242000 	C:\Windows\SYSTEM32\SHCORE.dll
0x00007ff9926c0000 - 0x00007ff9926f6000 	C:\Windows\system32\IMM32.DLL
0x00007ff9946a0000 - 0x00007ff9947f2000 	C:\Windows\system32\MSCTF.dll
0x00007ff9918d0000 - 0x00007ff991901000 	C:\Windows\system32\nvinitx.dll
0x00007ff9918c0000 - 0x00007ff9918ca000 	C:\Windows\SYSTEM32\VERSION.dll
0x000000000f000000 - 0x000000000f006000 	C:\Program Files\NVIDIA Corporation\CoProcManager\_etoured.dll
0x00007ff98fd30000 - 0x00007ff98fd61000 	C:\Program Files\NVIDIA Corporation\CoProcManager\nvd3d9wrapx.dll
0x00007ff993db0000 - 0x00007ff993f8a000 	C:\Windows\system32\SETUPAPI.dll
0x00007ff991e30000 - 0x00007ff991e7f000 	C:\Windows\system32\CFGMGR32.dll
0x00007ff98fd00000 - 0x00007ff98fd22000 	C:\Program Files\NVIDIA Corporation\CoProcManager\nvdxgiwrapx.dll
0x00007ff98f300000 - 0x00007ff98f57b000 	C:\Windows\WinSxS\amd64_microsoft.windows.common-controls_6595b64144ccf1df_6.0.9600.18006_none_623f33d3ecbe86e8\COMCTL32.dll
0x0000000076670000 - 0x0000000076742000 	C:\Program Files\Java\jdk1.8.0_101\jre\bin\msvcr100.dll
0x0000000076c90000 - 0x000000007752a000 	C:\Program Files\Java\jdk1.8.0_101\jre\bin\server\jvm.dll
0x00007ff978ac0000 - 0x00007ff978ac9000 	C:\Windows\SYSTEM32\WSOCK32.dll
0x00007ff98fa80000 - 0x00007ff98faa2000 	C:\Windows\SYSTEM32\WINMM.dll
0x00007ff993da0000 - 0x00007ff993da7000 	C:\Windows\system32\PSAPI.DLL
0x00007ff992460000 - 0x00007ff9924ba000 	C:\Windows\system32\WS2_32.dll
0x00007ff98efa0000 - 0x00007ff98efca000 	C:\Windows\SYSTEM32\WINMMBASE.dll
0x00007ff993c40000 - 0x00007ff993c49000 	C:\Windows\system32\NSI.dll
0x00007ff9906f0000 - 0x00007ff990718000 	C:\Windows\SYSTEM32\DEVOBJ.dll
0x0000000050150000 - 0x000000005015f000 	C:\Program Files\Java\jdk1.8.0_101\jre\bin\verify.dll
0x0000000050120000 - 0x0000000050149000 	C:\Program Files\Java\jdk1.8.0_101\jre\bin\java.dll
0x0000000050100000 - 0x0000000050116000 	C:\Program Files\Java\jdk1.8.0_101\jre\bin\zip.dll

VM Arguments:
jvm_args: -Djava.awt.headless=true -Xmx1024M -Dfile.encoding=windows-1256 -Duser.country=US -Duser.language=en -Duser.variant 
java_command: com.android.dx.command.Main --dex --num-threads=4 --output E:\Android summer training\Pro\PipTalk\app\build\intermediates\pre-dexed\debug\smack-tcp-4.2.0-beta2_e86fa4714b90f20b21ec7e28debd9eec93a8ebe3.jar C:\Users\EL MAGIC\.gradle\caches\modules-2\files-2.1\org.igniterealtime.smack\smack-tcp\4.2.0-beta2\b408ce3741dada58eb87724cddfede6097c76636\smack-tcp-4.2.0-beta2.jar
java_class_path (initial): E:\BFCI\android SDK\android-sdk-windows\build-tools\24.0.1\lib\dx.jar
Launcher Type: SUN_STANDARD

Environment Variables:
PATH=C:\ProgramData\Oracle\Java\javapath;C:\Windows\system32;C:\Windows;C:\Windows\System32\Wbem;C:\Windows\System32\WindowsPowerShell\v1.0\;C:\Program Files (x86)\Microsoft SQL Server\100\Tools\Binn\;C:\Program Files\Microsoft SQL Server\100\Tools\Binn\;C:\Program Files\Microsoft SQL Server\100\DTS\Binn\;C:\Program Files (x86)\MySQL\MySQL Server 5.0\bin;E:\Installed Programs\runtime\win64;E:\Installed Programs\bin;E:\Installed Programs\polyspace\bin
USERNAME=EL MAGIC
OS=Windows_NT
PROCESSOR_IDENTIFIER=Intel64 Family 6 Model 42 Stepping 7, GenuineIntel



---------------  S Y S T E M  ---------------

OS: Windows 8.1 , 64 bit Build 9600 (6.3.9600.17415)

CPU:total 4 (2 cores per cpu, 2 threads per core) family 6 model 42 stepping 7, cmov, cx8, fxsr, mmx, sse, sse2, sse3, ssse3, sse4.1, sse4.2, popcnt, avx, aes, clmul, ht, tsc, tscinvbit

Memory: 4k page, physical 4098096k(696756k free), swap 5660400k(5280k free)

vm_info: Java HotSpot(TM) 64-Bit Server VM (25.101-b13) for windows-amd64 JRE (1.8.0_101-b13), built on Jun 22 2016 01:21:29 by "java_re" with MS VC++ 10.0 (VS2010)

time: Mon Jun 19 08:59:47 2017
elapsed time: 4 seconds (0d 0h 0m 4s)

