#
# There is insufficient memory for the Java Runtime Environment to continue.
# Native memory allocation (malloc) failed to allocate 489616 bytes for Chunk::new
# Possible reasons:
#   The system is out of physical RAM or swap space
#   In 32 bit mode, the process size limit was hit
# Possible solutions:
#   Reduce memory load on the system
#   Increase physical memory or swap space
#   Check if swap backing store is full
#   Use 64 bit Java on a 64 bit OS
#   Decrease Java heap size (-Xmx/-Xms)
#   Decrease number of Java threads
#   Decrease Java thread stack sizes (-Xss)
#   Set larger code cache with -XX:ReservedCodeCacheSize=
# This output file may be truncated or incomplete.
#
#  Out of Memory Error (allocation.cpp:390), pid=2536, tid=0x00000000000007a4
#
# JRE version: Java(TM) SE Runtime Environment (8.0_101-b13) (build 1.8.0_101-b13)
# Java VM: Java HotSpot(TM) 64-Bit Server VM (25.101-b13 mixed mode windows-amd64 compressed oops)
# Failed to write core dump. Minidumps are not enabled by default on client versions of Windows
#

---------------  T H R E A D  ---------------

Current thread (0x000000000670b800):  JavaThread "C2 CompilerThread1" daemon [_thread_in_native, id=1956, stack(0x0000000007df0000,0x0000000007ef0000)]

Stack: [0x0000000007df0000,0x0000000007ef0000]
[error occurred during error reporting (printing stack bounds), id 0xc0000005]

Native frames: (J=compiled Java code, j=interpreted, Vv=VM code, C=native code)


Current CompileTask:
C2:   2552 1189       4       com.android.dx.ssa.SCCP::simulateStmt (481 bytes)


---------------  P R O C E S S  ---------------

Java Threads: ( => current thread )
  0x0000000008102800 JavaThread "pool-1-thread-1" [_thread_new, id=4596, stack(0x0000000000000000,0x0000000000000000)]
  0x0000000007f51800 JavaThread "Service Thread" daemon [_thread_blocked, id=4648, stack(0x00000000083f0000,0x00000000084f0000)]
  0x0000000007f43000 JavaThread "C1 CompilerThread2" daemon [_thread_blocked, id=6456, stack(0x00000000082f0000,0x00000000083f0000)]
=>0x000000000670b800 JavaThread "C2 CompilerThread1" daemon [_thread_in_native, id=1956, stack(0x0000000007df0000,0x0000000007ef0000)]
  0x0000000006708800 JavaThread "C2 CompilerThread0" daemon [_thread_in_native, id=3760, stack(0x0000000007cf0000,0x0000000007df0000)]
  0x0000000006707000 JavaThread "Attach Listener" daemon [_thread_blocked, id=6168, stack(0x0000000007bf0000,0x0000000007cf0000)]
  0x0000000006706800 JavaThread "Signal Dispatcher" daemon [_thread_blocked, id=2316, stack(0x0000000007af0000,0x0000000007bf0000)]
  0x0000000002fea000 JavaThread "Finalizer" daemon [_thread_blocked, id=6928, stack(0x0000000007910000,0x0000000007a10000)]
  0x0000000002fdf000 JavaThread "Reference Handler" daemon [_thread_blocked, id=6544, stack(0x0000000007810000,0x0000000007910000)]
  0x0000000002ef0800 JavaThread "main" [_thread_blocked, id=7164, stack(0x0000000001390000,0x0000000001490000)]

Other Threads:
  0x0000000006687800 VMThread [stack: 0x0000000007710000,0x0000000007810000] [id=2200]
  0x0000000007fae000 WatcherThread [stack: 0x00000000084f0000,0x00000000085f0000] [id=272]

VM state:not at safepoint (normal execution)

VM Mutex/Monitor currently owned by a thread: None

Heap:
 PSYoungGen      total 18944K, used 15090K [0x00000000eab00000, 0x00000000ed000000, 0x0000000100000000)
  eden space 16384K, 76% used [0x00000000eab00000,0x00000000eb73df38,0x00000000ebb00000)
  from space 2560K, 99% used [0x00000000ebb00000,0x00000000ebd7eaa0,0x00000000ebd80000)
  to   space 2560K, 0% used [0x00000000ecd80000,0x00000000ecd80000,0x00000000ed000000)
 ParOldGen       total 44032K, used 2396K [0x00000000c0000000, 0x00000000c2b00000, 0x00000000eab00000)
  object space 44032K, 5% used [0x00000000c0000000,0x00000000c02571d0,0x00000000c2b00000)
 Metaspace       used 6048K, capacity 6904K, committed 7040K, reserved 1056768K
  class space    used 603K, capacity 624K, committed 640K, reserved 1048576K

Card table byte_map: [0x00000000033b0000,0x00000000035c0000] byte_map_base: 0x0000000002db0000

Marking Bits: (ParMarkBitMap*) 0x000000007150a6d0
 Begin Bits: [0x0000000003b20000, 0x0000000004b20000)
 End Bits:   [0x0000000004b20000, 0x0000000005b20000)

Polling page: 0x00000000011a0000

CodeCache: size=245760Kb used=5018Kb max_used=5031Kb free=240741Kb
 bounds [0x000000000f010000, 0x000000000f500000, 0x000000001e010000]
 total_blobs=1513 nmethods=1244 adapters=182
 compilation: enabled

Compilation events (10 events):
Event: 2.528 Thread 0x0000000007f43000 1246  s    3       com.android.dx.dex.file.MethodIdsSection::intern (55 bytes)
Event: 2.529 Thread 0x0000000007f43000 nmethod 1246 0x000000000f4f7650 code [0x000000000f4f7880, 0x000000000f4f85a8]
Event: 2.529 Thread 0x0000000007f43000 1247       3       com.android.dx.util.FixedSizeList::shrinkToFit (103 bytes)
Event: 2.530 Thread 0x0000000007f43000 nmethod 1247 0x000000000f4ec950 code [0x000000000f4ecb00, 0x000000000f4ed388]
Event: 2.534 Thread 0x0000000007f43000 1249       3       com.android.dx.rop.cst.CstBaseMethodRef::<init> (31 bytes)
Event: 2.534 Thread 0x0000000007f43000 nmethod 1249 0x000000000f4e8790 code [0x000000000f4e8900, 0x000000000f4e8cb8]
Event: 2.535 Thread 0x0000000007f43000 1250       3       java.util.concurrent.locks.AbstractOwnableSynchronizer::setExclusiveOwnerThread (6 bytes)
Event: 2.535 Thread 0x0000000007f43000 nmethod 1250 0x000000000f4ec610 code [0x000000000f4ec760, 0x000000000f4ec8d0]
Event: 2.541 Thread 0x0000000006708800 nmethod 1211 0x000000000f4fc550 code [0x000000000f4fc720, 0x000000000f4fcfd0]
Event: 2.541 Thread 0x0000000006708800 1248 %     4       com.android.dx.ssa.SsaMethod::deleteInsns @ 42 (239 bytes)

GC Heap History (2 events):
Event: 1.457 GC heap before
{Heap before GC invocations=1 (full 0):
 PSYoungGen      total 18944K, used 16384K [0x00000000eab00000, 0x00000000ec000000, 0x0000000100000000)
  eden space 16384K, 100% used [0x00000000eab00000,0x00000000ebb00000,0x00000000ebb00000)
  from space 2560K, 0% used [0x00000000ebd80000,0x00000000ebd80000,0x00000000ec000000)
  to   space 2560K, 0% used [0x00000000ebb00000,0x00000000ebb00000,0x00000000ebd80000)
 ParOldGen       total 44032K, used 0K [0x00000000c0000000, 0x00000000c2b00000, 0x00000000eab00000)
  object space 44032K, 0% used [0x00000000c0000000,0x00000000c0000000,0x00000000c2b00000)
 Metaspace       used 5812K, capacity 6772K, committed 7040K, reserved 1056768K
  class space    used 599K, capacity 620K, committed 640K, reserved 1048576K
Event: 1.748 GC heap after
Heap after GC invocations=1 (full 0):
 PSYoungGen      total 18944K, used 2554K [0x00000000eab00000, 0x00000000ed000000, 0x0000000100000000)
  eden space 16384K, 0% used [0x00000000eab00000,0x00000000eab00000,0x00000000ebb00000)
  from space 2560K, 99% used [0x00000000ebb00000,0x00000000ebd7eaa0,0x00000000ebd80000)
  to   space 2560K, 0% used [0x00000000ecd80000,0x00000000ecd80000,0x00000000ed000000)
 ParOldGen       total 44032K, used 2396K [0x00000000c0000000, 0x00000000c2b00000, 0x00000000eab00000)
  object space 44032K, 5% used [0x00000000c0000000,0x00000000c02571d0,0x00000000c2b00000)
 Metaspace       used 5812K, capacity 6772K, committed 7040K, reserved 1056768K
  class space    used 599K, capacity 620K, committed 640K, reserved 1048576K
}

Deoptimization events (7 events):
Event: 1.244 Thread 0x0000000008179800 Uncommon trap: reason=class_check action=maybe_recompile pc=0x000000000f2f5f40 method=com.android.dx.ssa.NormalSsaInsn.accept(Lcom/android/dx/ssa/SsaInsn$Visitor;)V @ 9
Event: 1.245 Thread 0x0000000008179800 Uncommon trap: reason=class_check action=maybe_recompile pc=0x000000000f2f5f40 method=com.android.dx.ssa.NormalSsaInsn.accept(Lcom/android/dx/ssa/SsaInsn$Visitor;)V @ 9
Event: 1.254 Thread 0x00000000080e9800 Uncommon trap: reason=null_check action=make_not_entrant pc=0x000000000f2f65b8 method=com.android.dx.ssa.SsaRenamer.getLocalForNewReg(I)Lcom/android/dx/rop/code/LocalItem; @ 19
Event: 1.293 Thread 0x0000000008179800 Uncommon trap: reason=unstable_if action=reinterpret pc=0x000000000f334a1c method=com.android.dx.rop.cst.Constant.compareTo(Lcom/android/dx/rop/cst/Constant;)I @ 12
Event: 1.784 Thread 0x0000000008186000 Uncommon trap: reason=unstable_if action=reinterpret pc=0x000000000f38125c method=com.android.dx.ssa.SsaRenamer$BlockRenamer.addMapping(ILcom/android/dx/rop/code/RegisterSpec;)V @ 120
Event: 1.891 Thread 0x00000000080e9800 Uncommon trap: reason=null_check action=make_not_entrant pc=0x000000000f3308e0 method=com.android.dx.rop.type.Type.equals(Ljava/lang/Object;)Z @ 8
Event: 2.225 Thread 0x0000000002ef0800 Uncommon trap: reason=unstable_if action=reinterpret pc=0x000000000f4431e4 method=java.lang.String.<init>([CII)V @ 18

Internal exceptions (4 events):
Event: 0.047 Thread 0x0000000002ef0800 Exception <a 'java/lang/NoSuchMethodError': Method sun.misc.Unsafe.defineClass(Ljava/lang/String;[BII)Ljava/lang/Class; name or signature does not match> (0x00000000eab07cc0) thrown at [C:\re\workspace\8-2-build-windows-amd64-cygwin\jdk8u101\7261\hotspot\s=3n‰²¨?
Event: 0.047 Thread 0x0000000002ef0800 Exception <a 'java/lang/NoSuchMethodError': Method sun.misc.Unsafe.prefetchRead(Ljava/lang/Object;J)V name or signature does not match> (0x00000000eab07fa8) thrown at [C:\re\workspace\8-2-build-windows-amd64-cygwin\jdk8u101\7261\hotspot\src\share\vm\prims\ŸÌÛô?
Event: 1.254 Thread 0x00000000080e9800 Implicit null exception at 0x000000000f2f4ae6 to 0x000000000f2f6599
Event: 1.891 Thread 0x00000000080e9800 Implicit null exception at 0x000000000f3307e2 to 0x000000000f3308d2

Events (10 events):
Event: 2.451 Executing VM operation: ForceSafepoint
Event: 2.525 Executing VM operation: ForceSafepoint done
Event: 2.530 Thread 0x0000000008186000 Thread exited: 0x0000000008186000
Event: 2.531 Thread 0x00000000080e9800 Thread exited: 0x00000000080e9800
Event: 2.535 Thread 0x0000000008179000 Thread exited: 0x0000000008179000
Event: 2.536 Thread 0x0000000008179800 Thread exited: 0x0000000008179800
Event: 2.536 Thread 0x0000000008102800 Thread exited: 0x0000000008102800
Event: 2.537 loading class com/android/dx/command/dexer/Main$DexWriter
Event: 2.537 loading class com/android/dx/command/dexer/Main$DexWriter done
Event: 2.537 Thread 0x0000000008102800 Thread added: 0x0000000008102800


Dynamic libraries:
0x00007ff7c0430000 - 0x00007ff7c0467000 	C:\Program Files\Java\jdk1.8.0_101\bin\java.exe
0x00007ffb95ef0000 - 0x00007ffb9609d000 	C:\Windows\SYSTEM32\ntdll.dll
0x00007ffb93f00000 - 0x00007ffb9403e000 	C:\Windows\system32\KERNEL32.DLL
0x00007ffb931c0000 - 0x00007ffb932d5000 	C:\Windows\system32\KERNELBASE.dll
0x00007ffb91b90000 - 0x00007ffb91c1e000 	C:\Windows\system32\apphelp.dll
0x00007ffb81b90000 - 0x00007ffb81be3000 	C:\Windows\AppPatch\AppPatch64\AcGenral.DLL
0x00007ffb93630000 - 0x00007ffb936da000 	C:\Windows\system32\msvcrt.dll
0x00007ffb930e0000 - 0x00007ffb9310e000 	C:\Windows\system32\SspiCli.dll
0x00007ffb95df0000 - 0x00007ffb95e44000 	C:\Windows\system32\SHLWAPI.dll
0x00007ffb93740000 - 0x00007ffb938b7000 	C:\Windows\system32\USER32.dll
0x00007ffb95780000 - 0x00007ffb95914000 	C:\Windows\system32\ole32.dll
0x00007ffb94040000 - 0x00007ffb95568000 	C:\Windows\system32\SHELL32.dll
0x00007ffb92590000 - 0x00007ffb925b1000 	C:\Windows\SYSTEM32\USERENV.dll
0x00007ffb95570000 - 0x00007ffb9561a000 	C:\Windows\system32\ADVAPI32.dll
0x00007ffb8b5f0000 - 0x00007ffb8b60e000 	C:\Windows\SYSTEM32\MPR.dll
0x00007ffb93a20000 - 0x00007ffb93b60000 	C:\Windows\system32\RPCRT4.dll
0x00007ffb95920000 - 0x00007ffb95979000 	C:\Windows\SYSTEM32\sechost.dll
0x00007ffb959e0000 - 0x00007ffb95bf1000 	C:\Windows\SYSTEM32\combase.dll
0x00007ffb95630000 - 0x00007ffb9577f000 	C:\Windows\system32\GDI32.dll
0x00007ffb93010000 - 0x00007ffb93025000 	C:\Windows\SYSTEM32\profapi.dll
0x00007ffb91540000 - 0x00007ffb915f2000 	C:\Windows\SYSTEM32\SHCORE.dll
0x00007ffb95db0000 - 0x00007ffb95de6000 	C:\Windows\system32\IMM32.DLL
0x00007ffb938c0000 - 0x00007ffb93a12000 	C:\Windows\system32\MSCTF.dll
0x00007ffb92f50000 - 0x00007ffb92f81000 	C:\Windows\system32\nvinitx.dll
0x00007ffb92f40000 - 0x00007ffb92f4a000 	C:\Windows\SYSTEM32\VERSION.dll
0x000000000f000000 - 0x000000000f006000 	C:\Program Files\NVIDIA Corporation\CoProcManager\_etoured.dll
0x00007ffb91ca0000 - 0x00007ffb91cd1000 	C:\Program Files\NVIDIA Corporation\CoProcManager\nvd3d9wrapx.dll
0x00007ffb93b60000 - 0x00007ffb93d3a000 	C:\Windows\system32\SETUPAPI.dll
0x00007ffb93170000 - 0x00007ffb931bf000 	C:\Windows\system32\CFGMGR32.dll
0x00007ffb91740000 - 0x00007ffb91762000 	C:\Program Files\NVIDIA Corporation\CoProcManager\nvdxgiwrapx.dll
0x00007ffb910c0000 - 0x00007ffb9133b000 	C:\Windows\WinSxS\amd64_microsoft.windows.common-controls_6595b64144ccf1df_6.0.9600.18006_none_623f33d3ecbe86e8\COMCTL32.dll
0x0000000070860000 - 0x0000000070932000 	C:\Program Files\Java\jdk1.8.0_101\jre\bin\msvcr100.dll
0x0000000070cf0000 - 0x000000007158a000 	C:\Program Files\Java\jdk1.8.0_101\jre\bin\server\jvm.dll
0x00007ffb8d160000 - 0x00007ffb8d169000 	C:\Windows\SYSTEM32\WSOCK32.dll
0x00007ffb90bf0000 - 0x00007ffb90c12000 	C:\Windows\SYSTEM32\WINMM.dll
0x00007ffb95ec0000 - 0x00007ffb95ec7000 	C:\Windows\system32\PSAPI.DLL
0x00007ffb936e0000 - 0x00007ffb9373a000 	C:\Windows\system32\WS2_32.dll
0x00007ffb90bc0000 - 0x00007ffb90bea000 	C:\Windows\SYSTEM32\WINMMBASE.dll
0x00007ffb95620000 - 0x00007ffb95629000 	C:\Windows\system32\NSI.dll
0x00007ffb91de0000 - 0x00007ffb91e08000 	C:\Windows\SYSTEM32\DEVOBJ.dll
0x0000000071890000 - 0x000000007189f000 	C:\Program Files\Java\jdk1.8.0_101\jre\bin\verify.dll
0x0000000070cc0000 - 0x0000000070ce9000 	C:\Program Files\Java\jdk1.8.0_101\jre\bin\java.dll
0x0000000070ca0000 - 0x0000000070cb6000 	C:\Program Files\Java\jdk1.8.0_101\jre\bin\zip.dll

VM Arguments:
jvm_args: -Djava.awt.headless=true -Xmx1024M -Dfile.encoding=windows-1256 -Duser.country=US -Duser.language=en -Duser.variant 
java_command: com.android.dx.command.Main --dex --force-jumbo --num-threads=4 --multi-dex --output E:\Android summer training\Pro\PipTalk\app\build\intermediates\transforms\dex\debug\folders\1000\10\minidns-0.1.7_4ede79b173e04e06cb7062a9542fb8678aefc451 C:\Users\EL MAGIC\.gradle\caches\modules-2\files-2.1\de.measite.minidns\minidns\0.1.7\993582d1455b93a5723d2af4b39d8679735b3550\minidns-0.1.7.jar
java_class_path (initial): E:\BFCI\android SDK\android-sdk-windows\build-tools\24.0.1\lib\dx.jar
Launcher Type: SUN_STANDARD

Environment Variables:
PATH=C:\ProgramData\Oracle\Java\javapath;C:\Windows\system32;C:\Windows;C:\Windows\System32\Wbem;C:\Windows\System32\WindowsPowerShell\v1.0\;C:\Program Files (x86)\Microsoft SQL Server\100\Tools\Binn\;C:\Program Files\Microsoft SQL Server\100\Tools\Binn\;C:\Program Files\Microsoft SQL Server\100\DTS\Binn\;C:\Program Files (x86)\MySQL\MySQL Server 5.0\bin;E:\Installed Programs\runtime\win64;E:\Installed Programs\bin;E:\Installed Programs\polyspace\bin
USERNAME=EL MAGIC
OS=Windows_NT
PROCESSOR_IDENTIFIER=Intel64 Family 6 Model 42 Stepping 7, GenuineIntel



---------------  S Y S T E M  ---------------

OS: Windows 8.1 , 64 bit Build 9600 (6.3.9600.17415)

CPU:total 4 (2 cores per cpu, 2 threads per core) family 6 model 42 stepping 7, cmov, cx8, fxsr, mmx, sse, sse2, sse3, ssse3, sse4.1, sse4.2, popcnt, avx, aes, clmul, ht, tsc, tscinvbit

Memory: 4k page, physical 4098096k(224864k free), swap 7243824k(5192k free)

vm_info: Java HotSpot(TM) 64-Bit Server VM (25.101-b13) for windows-amd64 JRE (1.8.0_101-b13), built on Jun 22 2016 01:21:29 by "java_re" with MS VC++ 10.0 (VS2010)

time: Mon Feb 27 23:57:29 2017
elapsed time: 2 seconds (0d 0h 0m 2s)

