#
# There is insufficient memory for the Java Runtime Environment to continue.
# Native memory allocation (malloc) failed to allocate 683696 bytes for Chunk::new
# Possible reasons:
#   The system is out of physical RAM or swap space
#   In 32 bit mode, the process size limit was hit
# Possible solutions:
#   Reduce memory load on the system
#   Increase physical memory or swap space
#   Check if swap backing store is full
#   Use 64 bit Java on a 64 bit OS
#   Decrease Java heap size (-Xmx/-Xms)
#   Decrease number of Java threads
#   Decrease Java thread stack sizes (-Xss)
#   Set larger code cache with -XX:ReservedCodeCacheSize=
# This output file may be truncated or incomplete.
#
#  Out of Memory Error (allocation.cpp:390), pid=6448, tid=0x0000000000001320
#
# JRE version: Java(TM) SE Runtime Environment (8.0_101-b13) (build 1.8.0_101-b13)
# Java VM: Java HotSpot(TM) 64-Bit Server VM (25.101-b13 mixed mode windows-amd64 compressed oops)
# Failed to write core dump. Minidumps are not enabled by default on client versions of Windows
#

---------------  T H R E A D  ---------------

Current thread (0x0000000005979800):  JavaThread "C2 CompilerThread0" daemon [_thread_in_native, id=4896, stack(0x0000000006f90000,0x0000000007090000)]

Stack: [0x0000000006f90000,0x0000000007090000]
[error occurred during error reporting (printing stack bounds), id 0xc0000005]

Native frames: (J=compiled Java code, j=interpreted, Vv=VM code, C=native code)


Current CompileTask:
C2:   3201 1194       4       com.android.dx.ssa.SCCP::simulateBranch (666 bytes)


---------------  P R O C E S S  ---------------

Java Threads: ( => current thread )
  0x0000000007404000 JavaThread "pool-2-thread-4" [_thread_blocked, id=3344, stack(0x0000000007c90000,0x0000000007d90000)]
  0x0000000007403800 JavaThread "pool-2-thread-3" [_thread_blocked, id=1096, stack(0x0000000007b90000,0x0000000007c90000)]
  0x00000000073fe800 JavaThread "pool-2-thread-2" [_thread_blocked, id=6652, stack(0x0000000007a90000,0x0000000007b90000)]
  0x00000000073fa000 JavaThread "pool-3-thread-1" [_thread_blocked, id=6760, stack(0x0000000007990000,0x0000000007a90000)]
  0x00000000073f9000 JavaThread "pool-2-thread-1" [_thread_blocked, id=5808, stack(0x0000000007890000,0x0000000007990000)]
  0x00000000071df000 JavaThread "Service Thread" daemon [_thread_blocked, id=3004, stack(0x0000000007690000,0x0000000007790000)]
  0x000000000598c800 JavaThread "C1 CompilerThread2" daemon [_thread_blocked, id=5544, stack(0x0000000007590000,0x0000000007690000)]
  0x000000000597c800 JavaThread "C2 CompilerThread1" daemon [_thread_in_native, id=5276, stack(0x0000000007090000,0x0000000007190000)]
=>0x0000000005979800 JavaThread "C2 CompilerThread0" daemon [_thread_in_native, id=4896, stack(0x0000000006f90000,0x0000000007090000)]
  0x0000000005978000 JavaThread "Attach Listener" daemon [_thread_blocked, id=1560, stack(0x0000000006e90000,0x0000000006f90000)]
  0x0000000005975800 JavaThread "Signal Dispatcher" daemon [_thread_blocked, id=5048, stack(0x0000000006d90000,0x0000000006e90000)]
  0x000000000591a000 JavaThread "Finalizer" daemon [_thread_blocked, id=5060, stack(0x0000000006b90000,0x0000000006c90000)]
  0x00000000058f9000 JavaThread "Reference Handler" daemon [_thread_blocked, id=4592, stack(0x0000000006a90000,0x0000000006b90000)]
  0x0000000002100800 JavaThread "main" [_thread_blocked, id=3480, stack(0x00000000005d0000,0x00000000006d0000)]

Other Threads:
  0x00000000058f6800 VMThread [stack: 0x0000000006990000,0x0000000006a90000] [id=4876]
  0x00000000071f7800 WatcherThread [stack: 0x0000000007790000,0x0000000007890000] [id=5392]

VM state:not at safepoint (normal execution)

VM Mutex/Monitor currently owned by a thread: None

Heap:
 PSYoungGen      total 35328K, used 2538K [0x00000000eab00000, 0x00000000ed000000, 0x0000000100000000)
  eden space 32768K, 0% used [0x00000000eab00000,0x00000000eab00020,0x00000000ecb00000)
  from space 2560K, 99% used [0x00000000ecd80000,0x00000000ecffaab8,0x00000000ed000000)
  to   space 2560K, 0% used [0x00000000ecb00000,0x00000000ecb00000,0x00000000ecd80000)
 ParOldGen       total 44032K, used 3120K [0x00000000c0000000, 0x00000000c2b00000, 0x00000000eab00000)
  object space 44032K, 7% used [0x00000000c0000000,0x00000000c030c1d0,0x00000000c2b00000)
 Metaspace       used 5953K, capacity 6960K, committed 7040K, reserved 1056768K
  class space    used 587K, capacity 616K, committed 640K, reserved 1048576K

Card table byte_map: [0x0000000002620000,0x0000000002830000] byte_map_base: 0x0000000002020000

Marking Bits: (ParMarkBitMap*) 0x000000007150a6d0
 Begin Bits: [0x0000000002d90000, 0x0000000003d90000)
 End Bits:   [0x0000000003d90000, 0x0000000004d90000)

Polling page: 0x0000000000560000

CodeCache: size=245760Kb used=5434Kb max_used=5434Kb free=240325Kb
 bounds [0x000000000f010000, 0x000000000f570000, 0x000000001e010000]
 total_blobs=1564 nmethods=1301 adapters=176
 compilation: enabled

Compilation events (10 events):
Event: 3.040 Thread 0x000000000598c800 nmethod 1304 0x000000000f559750 code [0x000000000f5598c0, 0x000000000f559b08]
Event: 3.040 Thread 0x000000000598c800 1305       3       com.android.dx.dex.file.DexFile::internIfAppropriate (128 bytes)
Event: 3.041 Thread 0x000000000598c800 nmethod 1305 0x000000000f559bd0 code [0x000000000f559e60, 0x000000000f55b3d8]
Event: 3.041 Thread 0x000000000598c800 1306       3       java.lang.Character::forDigit (42 bytes)
Event: 3.041 Thread 0x000000000598c800 nmethod 1306 0x000000000f55b950 code [0x000000000f55bac0, 0x000000000f55bd70]
Event: 3.041 Thread 0x000000000598c800 1307       3       com.android.dx.cf.code.LocalVariableList::concat (97 bytes)
Event: 3.043 Thread 0x000000000598c800 nmethod 1307 0x000000000f55bdd0 code [0x000000000f55c100, 0x000000000f55de48]
Event: 3.043 Thread 0x000000000598c800 1309       3       com.android.dx.cf.code.BaseMachine::popArgs (127 bytes)
Event: 3.045 Thread 0x000000000598c800 nmethod 1309 0x000000000f55f350 code [0x000000000f55f660, 0x000000000f560fa8]
Event: 3.045 Thread 0x000000000598c800 1308       3       com.android.dx.rop.code.RegisterSpecList::make (17 bytes)

GC Heap History (4 events):
Event: 1.884 GC heap before
{Heap before GC invocations=1 (full 0):
 PSYoungGen      total 18944K, used 16384K [0x00000000eab00000, 0x00000000ec000000, 0x0000000100000000)
  eden space 16384K, 100% used [0x00000000eab00000,0x00000000ebb00000,0x00000000ebb00000)
  from space 2560K, 0% used [0x00000000ebd80000,0x00000000ebd80000,0x00000000ec000000)
  to   space 2560K, 0% used [0x00000000ebb00000,0x00000000ebb00000,0x00000000ebd80000)
 ParOldGen       total 44032K, used 0K [0x00000000c0000000, 0x00000000c2b00000, 0x00000000eab00000)
  object space 44032K, 0% used [0x00000000c0000000,0x00000000c0000000,0x00000000c2b00000)
 Metaspace       used 5689K, capacity 6768K, committed 7040K, reserved 1056768K
  class space    used 583K, capacity 616K, committed 640K, reserved 1048576K
Event: 1.904 GC heap after
Heap after GC invocations=1 (full 0):
 PSYoungGen      total 18944K, used 2536K [0x00000000eab00000, 0x00000000ed000000, 0x0000000100000000)
  eden space 16384K, 0% used [0x00000000eab00000,0x00000000eab00000,0x00000000ebb00000)
  from space 2560K, 99% used [0x00000000ebb00000,0x00000000ebd7a060,0x00000000ebd80000)
  to   space 2560K, 0% used [0x00000000ecd80000,0x00000000ecd80000,0x00000000ed000000)
 ParOldGen       total 44032K, used 1329K [0x00000000c0000000, 0x00000000c2b00000, 0x00000000eab00000)
  object space 44032K, 3% used [0x00000000c0000000,0x00000000c014c5f8,0x00000000c2b00000)
 Metaspace       used 5689K, capacity 6768K, committed 7040K, reserved 1056768K
  class space    used 583K, capacity 616K, committed 640K, reserved 1048576K
}
Event: 3.045 GC heap before
{Heap before GC invocations=2 (full 0):
 PSYoungGen      total 18944K, used 18920K [0x00000000eab00000, 0x00000000ed000000, 0x0000000100000000)
  eden space 16384K, 100% used [0x00000000eab00000,0x00000000ebb00000,0x00000000ebb00000)
  from space 2560K, 99% used [0x00000000ebb00000,0x00000000ebd7a060,0x00000000ebd80000)
  to   space 2560K, 0% used [0x00000000ecd80000,0x00000000ecd80000,0x00000000ed000000)
 ParOldGen       total 44032K, used 1329K [0x00000000c0000000, 0x00000000c2b00000, 0x00000000eab00000)
  object space 44032K, 3% used [0x00000000c0000000,0x00000000c014c5f8,0x00000000c2b00000)
 Metaspace       used 5952K, capacity 6960K, committed 7040K, reserved 1056768K
  class space    used 587K, capacity 616K, committed 640K, reserved 1048576K
Event: 3.198 GC heap after
Heap after GC invocations=2 (full 0):
 PSYoungGen      total 35328K, used 2538K [0x00000000eab00000, 0x00000000ed000000, 0x0000000100000000)
  eden space 32768K, 0% used [0x00000000eab00000,0x00000000eab00000,0x00000000ecb00000)
  from space 2560K, 99% used [0x00000000ecd80000,0x00000000ecffaab8,0x00000000ed000000)
  to   space 2560K, 0% used [0x00000000ecb00000,0x00000000ecb00000,0x00000000ecd80000)
 ParOldGen       total 44032K, used 3120K [0x00000000c0000000, 0x00000000c2b00000, 0x00000000eab00000)
  object space 44032K, 7% used [0x00000000c0000000,0x00000000c030c1d0,0x00000000c2b00000)
 Metaspace       used 5952K, capacity 6960K, committed 7040K, reserved 1056768K
  class space    used 587K, capacity 616K, committed 640K, reserved 1048576K
}

Deoptimization events (10 events):
Event: 2.116 Thread 0x00000000073fe800 Uncommon trap: reason=class_check action=maybe_recompile pc=0x000000000f3e48ec method=com.android.dx.rop.type.Type.equals(Ljava/lang/Object;)Z @ 8
Event: 2.116 Thread 0x00000000073fe800 Uncommon trap: reason=unstable_if action=reinterpret pc=0x000000000f341644 method=com.android.dx.rop.code.RegisterSpec.equals(ILcom/android/dx/rop/type/TypeBearer;Lcom/android/dx/rop/code/LocalItem;)Z @ 16
Event: 2.116 Thread 0x00000000073fe800 Uncommon trap: reason=class_check action=maybe_recompile pc=0x000000000f3e48ec method=com.android.dx.rop.type.Type.equals(Ljava/lang/Object;)Z @ 8
Event: 2.116 Thread 0x00000000073fe800 Uncommon trap: reason=class_check action=maybe_recompile pc=0x000000000f3e48ec method=com.android.dx.rop.type.Type.equals(Ljava/lang/Object;)Z @ 8
Event: 2.116 Thread 0x00000000073fe800 Uncommon trap: reason=class_check action=maybe_recompile pc=0x000000000f3e48ec method=com.android.dx.rop.type.Type.equals(Ljava/lang/Object;)Z @ 8
Event: 2.116 Thread 0x00000000073fe800 Uncommon trap: reason=class_check action=maybe_recompile pc=0x000000000f392090 method=com.android.dx.rop.type.Type.equals(Ljava/lang/Object;)Z @ 8
Event: 2.116 Thread 0x00000000073fe800 Uncommon trap: reason=class_check action=maybe_recompile pc=0x000000000f330660 method=com.android.dx.rop.type.Type.equals(Ljava/lang/Object;)Z @ 8
Event: 2.124 Thread 0x00000000073fe800 Uncommon trap: reason=null_check action=make_not_entrant pc=0x000000000f323b00 method=com.android.dx.ssa.SsaRenamer.getLocalForNewReg(I)Lcom/android/dx/rop/code/LocalItem; @ 19
Event: 2.124 Thread 0x00000000073fe800 Uncommon trap: reason=null_check action=make_not_entrant pc=0x000000000f318fec method=com.android.dx.ssa.SsaRenamer.getLocalForNewReg(I)Lcom/android/dx/rop/code/LocalItem; @ 19
Event: 2.361 Thread 0x0000000007403800 Uncommon trap: reason=null_check action=make_not_entrant pc=0x000000000f4655a0 method=com.android.dx.rop.type.Type.equals(Ljava/lang/Object;)Z @ 8

Internal exceptions (5 events):
Event: 0.052 Thread 0x0000000002100800 Exception <a 'java/lang/NoSuchMethodError': Method sun.misc.Unsafe.defineClass(Ljava/lang/String;[BII)Ljava/lang/Class; name or signature does not match> (0x00000000eab07cc0) thrown at [C:\re\workspace\8-2-build-windows-amd64-cygwin\jdk8u101\7261\hotspot\s¼áÿ®†}ª?
Event: 0.052 Thread 0x0000000002100800 Exception <a 'java/lang/NoSuchMethodError': Method sun.misc.Unsafe.prefetchRead(Ljava/lang/Object;J)V name or signature does not match> (0x00000000eab07fa8) thrown at [C:\re\workspace\8-2-build-windows-amd64-cygwin\jdk8u101\7261\hotspot\src\share\vm\prims\¼+\éü
Event: 2.123 Thread 0x00000000073fe800 Implicit null exception at 0x000000000f322334 to 0x000000000f323ab5
Event: 2.124 Thread 0x00000000073fe800 Implicit null exception at 0x000000000f31724d to 0x000000000f318fcd
Event: 2.361 Thread 0x0000000007403800 Implicit null exception at 0x000000000f4654a2 to 0x000000000f465592

Events (10 events):
Event: 2.124 Thread 0x00000000073fe800 Uncommon trap: trap_request=0xfffffff4 fr.pc=0x000000000f318fec
Event: 2.124 Thread 0x00000000073fe800 DEOPT PACKING pc=0x000000000f318fec sp=0x0000000007b8e970
Event: 2.124 Thread 0x00000000073fe800 DEOPT UNPACKING pc=0x000000000f05582a sp=0x0000000007b8e828 mode 2
Event: 2.361 Thread 0x0000000007403800 Uncommon trap: trap_request=0xfffffff4 fr.pc=0x000000000f4655a0
Event: 2.361 Thread 0x0000000007403800 DEOPT PACKING pc=0x000000000f4655a0 sp=0x0000000007c8ea50
Event: 2.361 Thread 0x0000000007403800 DEOPT UNPACKING pc=0x000000000f05582a sp=0x0000000007c8e9d8 mode 2
Event: 2.450 Executing VM operation: ForceSafepoint
Event: 2.451 Executing VM operation: ForceSafepoint done
Event: 3.045 Executing VM operation: ParallelGCFailedAllocation
Event: 3.198 Executing VM operation: ParallelGCFailedAllocation done


Dynamic libraries:
0x00007ff7c0430000 - 0x00007ff7c0467000 	C:\Program Files\Java\jdk1.8.0_101\bin\java.exe
0x00007ffb95ef0000 - 0x00007ffb9609d000 	C:\Windows\SYSTEM32\ntdll.dll
0x00007ffb93f00000 - 0x00007ffb9403e000 	C:\Windows\system32\KERNEL32.DLL
0x00007ffb931c0000 - 0x00007ffb932d5000 	C:\Windows\system32\KERNELBASE.dll
0x00007ffb91b90000 - 0x00007ffb91c1e000 	C:\Windows\system32\apphelp.dll
0x00007ffb81b90000 - 0x00007ffb81be3000 	C:\Windows\AppPatch\AppPatch64\AcGenral.DLL
0x00007ffb93630000 - 0x00007ffb936da000 	C:\Windows\system32\msvcrt.dll
0x00007ffb930e0000 - 0x00007ffb9310e000 	C:\Windows\system32\SspiCli.dll
0x00007ffb95df0000 - 0x00007ffb95e44000 	C:\Windows\system32\SHLWAPI.dll
0x00007ffb93740000 - 0x00007ffb938b7000 	C:\Windows\system32\USER32.dll
0x00007ffb95780000 - 0x00007ffb95914000 	C:\Windows\system32\ole32.dll
0x00007ffb94040000 - 0x00007ffb95568000 	C:\Windows\system32\SHELL32.dll
0x00007ffb92590000 - 0x00007ffb925b1000 	C:\Windows\SYSTEM32\USERENV.dll
0x00007ffb95570000 - 0x00007ffb9561a000 	C:\Windows\system32\ADVAPI32.dll
0x00007ffb8b5f0000 - 0x00007ffb8b60e000 	C:\Windows\SYSTEM32\MPR.dll
0x00007ffb93a20000 - 0x00007ffb93b60000 	C:\Windows\system32\RPCRT4.dll
0x00007ffb95920000 - 0x00007ffb95979000 	C:\Windows\SYSTEM32\sechost.dll
0x00007ffb959e0000 - 0x00007ffb95bf1000 	C:\Windows\SYSTEM32\combase.dll
0x00007ffb95630000 - 0x00007ffb9577f000 	C:\Windows\system32\GDI32.dll
0x00007ffb93010000 - 0x00007ffb93025000 	C:\Windows\SYSTEM32\profapi.dll
0x00007ffb91540000 - 0x00007ffb915f2000 	C:\Windows\SYSTEM32\SHCORE.dll
0x00007ffb95db0000 - 0x00007ffb95de6000 	C:\Windows\system32\IMM32.DLL
0x00007ffb938c0000 - 0x00007ffb93a12000 	C:\Windows\system32\MSCTF.dll
0x00007ffb92f50000 - 0x00007ffb92f81000 	C:\Windows\system32\nvinitx.dll
0x00007ffb92f40000 - 0x00007ffb92f4a000 	C:\Windows\SYSTEM32\VERSION.dll
0x000000000f000000 - 0x000000000f006000 	C:\Program Files\NVIDIA Corporation\CoProcManager\_etoured.dll
0x00007ffb91ca0000 - 0x00007ffb91cd1000 	C:\Program Files\NVIDIA Corporation\CoProcManager\nvd3d9wrapx.dll
0x00007ffb93b60000 - 0x00007ffb93d3a000 	C:\Windows\system32\SETUPAPI.dll
0x00007ffb93170000 - 0x00007ffb931bf000 	C:\Windows\system32\CFGMGR32.dll
0x00007ffb91740000 - 0x00007ffb91762000 	C:\Program Files\NVIDIA Corporation\CoProcManager\nvdxgiwrapx.dll
0x00007ffb910c0000 - 0x00007ffb9133b000 	C:\Windows\WinSxS\amd64_microsoft.windows.common-controls_6595b64144ccf1df_6.0.9600.18006_none_623f33d3ecbe86e8\COMCTL32.dll
0x0000000070860000 - 0x0000000070932000 	C:\Program Files\Java\jdk1.8.0_101\jre\bin\msvcr100.dll
0x0000000070cf0000 - 0x000000007158a000 	C:\Program Files\Java\jdk1.8.0_101\jre\bin\server\jvm.dll
0x00007ffb8d160000 - 0x00007ffb8d169000 	C:\Windows\SYSTEM32\WSOCK32.dll
0x00007ffb90bf0000 - 0x00007ffb90c12000 	C:\Windows\SYSTEM32\WINMM.dll
0x00007ffb95ec0000 - 0x00007ffb95ec7000 	C:\Windows\system32\PSAPI.DLL
0x00007ffb936e0000 - 0x00007ffb9373a000 	C:\Windows\system32\WS2_32.dll
0x00007ffb90bc0000 - 0x00007ffb90bea000 	C:\Windows\SYSTEM32\WINMMBASE.dll
0x00007ffb95620000 - 0x00007ffb95629000 	C:\Windows\system32\NSI.dll
0x00007ffb91de0000 - 0x00007ffb91e08000 	C:\Windows\SYSTEM32\DEVOBJ.dll
0x0000000071890000 - 0x000000007189f000 	C:\Program Files\Java\jdk1.8.0_101\jre\bin\verify.dll
0x0000000070cc0000 - 0x0000000070ce9000 	C:\Program Files\Java\jdk1.8.0_101\jre\bin\java.dll
0x0000000070ca0000 - 0x0000000070cb6000 	C:\Program Files\Java\jdk1.8.0_101\jre\bin\zip.dll

VM Arguments:
jvm_args: -Djava.awt.headless=true -Xmx1024M -Dfile.encoding=windows-1256 -Duser.country=US -Duser.language=en -Duser.variant 
java_command: com.android.dx.command.Main --dex --force-jumbo --num-threads=4 --multi-dex --output E:\Android summer training\Pro\PipTalk\app\build\intermediates\transforms\dex\debug\folders\1000\10\com.android.support-recyclerview-v7-24.2.1_c78a72f13a001d931fd5a963543f8725ee7385d8 E:\Android summer training\Pro\PipTalk\app\build\intermediates\exploded-aar\com.android.support\recyclerview-v7\24.2.1\jars\classes.jar
java_class_path (initial): E:\BFCI\android SDK\android-sdk-windows\build-tools\24.0.1\lib\dx.jar
Launcher Type: SUN_STANDARD

Environment Variables:
PATH=C:\ProgramData\Oracle\Java\javapath;C:\Windows\system32;C:\Windows;C:\Windows\System32\Wbem;C:\Windows\System32\WindowsPowerShell\v1.0\;C:\Program Files (x86)\Microsoft SQL Server\100\Tools\Binn\;C:\Program Files\Microsoft SQL Server\100\Tools\Binn\;C:\Program Files\Microsoft SQL Server\100\DTS\Binn\;C:\Program Files (x86)\MySQL\MySQL Server 5.0\bin;E:\Installed Programs\runtime\win64;E:\Installed Programs\bin;E:\Installed Programs\polyspace\bin
USERNAME=EL MAGIC
OS=Windows_NT
PROCESSOR_IDENTIFIER=Intel64 Family 6 Model 42 Stepping 7, GenuineIntel



---------------  S Y S T E M  ---------------

OS: Windows 8.1 , 64 bit Build 9600 (6.3.9600.17415)

CPU:total 4 (2 cores per cpu, 2 threads per core) family 6 model 42 stepping 7, cmov, cx8, fxsr, mmx, sse, sse2, sse3, ssse3, sse4.1, sse4.2, popcnt, avx, aes, clmul, ht, tsc, tscinvbit

Memory: 4k page, physical 4098096k(289204k free), swap 7243824k(5120k free)

vm_info: Java HotSpot(TM) 64-Bit Server VM (25.101-b13) for windows-amd64 JRE (1.8.0_101-b13), built on Jun 22 2016 01:21:29 by "java_re" with MS VC++ 10.0 (VS2010)

time: Tue Feb 28 00:08:05 2017
elapsed time: 3 seconds (0d 0h 0m 3s)

