#
# There is insufficient memory for the Java Runtime Environment to continue.
# Native memory allocation (malloc) failed to allocate 181776 bytes for Chunk::new
# Possible reasons:
#   The system is out of physical RAM or swap space
#   In 32 bit mode, the process size limit was hit
# Possible solutions:
#   Reduce memory load on the system
#   Increase physical memory or swap space
#   Check if swap backing store is full
#   Use 64 bit Java on a 64 bit OS
#   Decrease Java heap size (-Xmx/-Xms)
#   Decrease number of Java threads
#   Decrease Java thread stack sizes (-Xss)
#   Set larger code cache with -XX:ReservedCodeCacheSize=
# This output file may be truncated or incomplete.
#
#  Out of Memory Error (allocation.cpp:390), pid=6484, tid=0x00000000000006dc
#
# JRE version: Java(TM) SE Runtime Environment (8.0_101-b13) (build 1.8.0_101-b13)
# Java VM: Java HotSpot(TM) 64-Bit Server VM (25.101-b13 mixed mode windows-amd64 compressed oops)
# Failed to write core dump. Minidumps are not enabled by default on client versions of Windows
#

---------------  T H R E A D  ---------------

Current thread (0x0000000005c98000):  JavaThread "C2 CompilerThread0" daemon [_thread_in_native, id=1756, stack(0x0000000007290000,0x0000000007390000)]

Stack: [0x0000000007290000,0x0000000007390000]
[error occurred during error reporting (printing stack bounds), id 0xc0000005]

Native frames: (J=compiled Java code, j=interpreted, Vv=VM code, C=native code)


Current CompileTask:
C2:   2805  836       4       com.android.dx.ssa.back.LivenessAnalyzer::handleTailRecursion (94 bytes)


---------------  P R O C E S S  ---------------

Java Threads: ( => current thread )
  0x0000000007802000 JavaThread "pool-2-thread-3" [_thread_blocked, id=6952, stack(0x0000000007e90000,0x0000000007f90000)]
  0x00000000077fa800 JavaThread "pool-2-thread-2" [_thread_in_vm, id=328, stack(0x0000000007d90000,0x0000000007e90000)]
  0x0000000007733800 JavaThread "pool-3-thread-1" [_thread_blocked, id=6164, stack(0x0000000007c90000,0x0000000007d90000)]
  0x0000000007732800 JavaThread "pool-2-thread-1" [_thread_blocked, id=3048, stack(0x0000000007b90000,0x0000000007c90000)]
  0x0000000007615000 JavaThread "Service Thread" daemon [_thread_blocked, id=2768, stack(0x0000000007990000,0x0000000007a90000)]
  0x0000000005cac000 JavaThread "C1 CompilerThread2" daemon [_thread_in_native, id=3944, stack(0x0000000007490000,0x0000000007590000)]
  0x0000000005c9d000 JavaThread "C2 CompilerThread1" daemon [_thread_in_native, id=2864, stack(0x0000000007390000,0x0000000007490000)]
=>0x0000000005c98000 JavaThread "C2 CompilerThread0" daemon [_thread_in_native, id=1756, stack(0x0000000007290000,0x0000000007390000)]
  0x0000000005c96000 JavaThread "Attach Listener" daemon [_thread_blocked, id=6712, stack(0x0000000007190000,0x0000000007290000)]
  0x0000000005c95800 JavaThread "Signal Dispatcher" daemon [_thread_blocked, id=6816, stack(0x0000000007090000,0x0000000007190000)]
  0x0000000005c3a800 JavaThread "Finalizer" daemon [_thread_blocked, id=1860, stack(0x0000000006eb0000,0x0000000006fb0000)]
  0x000000000256f000 JavaThread "Reference Handler" daemon [_thread_blocked, id=6332, stack(0x0000000006db0000,0x0000000006eb0000)]
  0x0000000002480800 JavaThread "main" [_thread_in_native, id=5144, stack(0x0000000002300000,0x0000000002400000)]

Other Threads:
  0x0000000005c17800 VMThread [stack: 0x0000000006cb0000,0x0000000006db0000] [id=6760]
  0x0000000007664000 WatcherThread [stack: 0x0000000007a90000,0x0000000007b90000] [id=6604]

VM state:not at safepoint (normal execution)

VM Mutex/Monitor currently owned by a thread: None

Heap:
 PSYoungGen      total 18944K, used 13581K [0x00000000eab00000, 0x00000000ec000000, 0x0000000100000000)
  eden space 16384K, 82% used [0x00000000eab00000,0x00000000eb843660,0x00000000ebb00000)
  from space 2560K, 0% used [0x00000000ebd80000,0x00000000ebd80000,0x00000000ec000000)
  to   space 2560K, 0% used [0x00000000ebb00000,0x00000000ebb00000,0x00000000ebd80000)
 ParOldGen       total 44032K, used 0K [0x00000000c0000000, 0x00000000c2b00000, 0x00000000eab00000)
  object space 44032K, 0% used [0x00000000c0000000,0x00000000c0000000,0x00000000c2b00000)
 Metaspace       used 5654K, capacity 6704K, committed 6784K, reserved 1056768K
  class space    used 585K, capacity 616K, committed 640K, reserved 1048576K

Card table byte_map: [0x0000000002940000,0x0000000002b50000] byte_map_base: 0x0000000002340000

Marking Bits: (ParMarkBitMap*) 0x000000007150a6d0
 Begin Bits: [0x00000000030b0000, 0x00000000040b0000)
 End Bits:   [0x00000000040b0000, 0x00000000050b0000)

Polling page: 0x00000000006b0000

CodeCache: size=245760Kb used=3531Kb max_used=3531Kb free=242228Kb
 bounds [0x000000000f010000, 0x000000000f390000, 0x000000001e010000]
 total_blobs=1113 nmethods=851 adapters=175
 compilation: enabled

Compilation events (10 events):
Event: 2.798 Thread 0x0000000005cac000 nmethod 846 0x000000000f378cd0 code [0x000000000f378e40, 0x000000000f379068]
Event: 2.798 Thread 0x0000000005cac000  847       3       com.android.dx.rop.type.Type::isUninitialized (13 bytes)
Event: 2.798 Thread 0x0000000005cac000 nmethod 847 0x000000000f378950 code [0x000000000f378aa0, 0x000000000f378c50]
Event: 2.798 Thread 0x0000000005cac000  849       3       com.android.dx.rop.code.LocalItem::equals (29 bytes)
Event: 2.799 Thread 0x0000000005cac000 nmethod 849 0x000000000f380bd0 code [0x000000000f380d80, 0x000000000f3815f8]
Event: 2.801 Thread 0x0000000005cac000  850       3       com.android.dx.rop.cst.CstBaseMethodRef::<init> (31 bytes)
Event: 2.801 Thread 0x0000000005cac000 nmethod 850 0x000000000f381890 code [0x000000000f381a00, 0x000000000f381db8]
Event: 2.802 Thread 0x0000000005cac000  851       3       com.android.dx.cf.code.BasicBlocker::visitConstant (39 bytes)
Event: 2.802 Thread 0x0000000005cac000 nmethod 851 0x000000000f381ed0 code [0x000000000f382080, 0x000000000f382738]
Event: 2.803 Thread 0x0000000005cac000  852       3       com.android.dx.cf.code.ByteBlock::<init> (181 bytes)

GC Heap History (0 events):
No events

Deoptimization events (5 events):
Event: 2.471 Thread 0x0000000007802000 Uncommon trap: reason=unstable_if action=reinterpret pc=0x000000000f1fb2d8 method=java.util.HashMap.getNode(ILjava/lang/Object;)Ljava/util/HashMap$Node; @ 129
Event: 2.707 Thread 0x00000000077fa800 Uncommon trap: reason=class_check action=maybe_recompile pc=0x000000000f2fbbfc method=com.android.dx.ssa.NormalSsaInsn.accept(Lcom/android/dx/ssa/SsaInsn$Visitor;)V @ 9
Event: 2.707 Thread 0x00000000077fa800 Uncommon trap: reason=class_check action=maybe_recompile pc=0x000000000f2fbbfc method=com.android.dx.ssa.NormalSsaInsn.accept(Lcom/android/dx/ssa/SsaInsn$Visitor;)V @ 9
Event: 2.793 Thread 0x00000000077fa800 Uncommon trap: reason=class_check action=maybe_recompile pc=0x000000000f2fbbfc method=com.android.dx.ssa.NormalSsaInsn.accept(Lcom/android/dx/ssa/SsaInsn$Visitor;)V @ 9
Event: 2.793 Thread 0x00000000077fa800 Uncommon trap: reason=class_check action=maybe_recompile pc=0x000000000f2fbbfc method=com.android.dx.ssa.NormalSsaInsn.accept(Lcom/android/dx/ssa/SsaInsn$Visitor;)V @ 9

Internal exceptions (2 events):
Event: 0.037 Thread 0x0000000002480800 Exception <a 'java/lang/NoSuchMethodError': Method sun.misc.Unsafe.defineClass(Ljava/lang/String;[BII)Ljava/lang/Class; name or signature does not match> (0x00000000eab07cc0) thrown at [C:\re\workspace\8-2-build-windows-amd64-cygwin\jdk8u101\7261\hotspot\s³L–¶÷£?
Event: 0.037 Thread 0x0000000002480800 Exception <a 'java/lang/NoSuchMethodError': Method sun.misc.Unsafe.prefetchRead(Ljava/lang/Object;J)V name or signature does not match> (0x00000000eab07fa8) thrown at [C:\re\workspace\8-2-build-windows-amd64-cygwin\jdk8u101\7261\hotspot\src\share\vm\prims\

Events (10 events):
Event: 2.707 Thread 0x00000000077fa800 DEOPT PACKING pc=0x000000000f2fbbfc sp=0x0000000007e8ec10
Event: 2.707 Thread 0x00000000077fa800 DEOPT UNPACKING pc=0x000000000f05582a sp=0x0000000007e8ec30 mode 2
Event: 2.720 loading class java/util/ArrayList$1
Event: 2.720 loading class java/util/ArrayList$1 done
Event: 2.793 Thread 0x00000000077fa800 Uncommon trap: trap_request=0xffffffde fr.pc=0x000000000f2fbbfc
Event: 2.793 Thread 0x00000000077fa800 DEOPT PACKING pc=0x000000000f2fbbfc sp=0x0000000007e8ec40
Event: 2.793 Thread 0x00000000077fa800 DEOPT UNPACKING pc=0x000000000f05582a sp=0x0000000007e8ec60 mode 2
Event: 2.793 Thread 0x00000000077fa800 Uncommon trap: trap_request=0xffffffde fr.pc=0x000000000f2fbbfc
Event: 2.793 Thread 0x00000000077fa800 DEOPT PACKING pc=0x000000000f2fbbfc sp=0x0000000007e8ec40
Event: 2.793 Thread 0x00000000077fa800 DEOPT UNPACKING pc=0x000000000f05582a sp=0x0000000007e8ec60 mode 2


Dynamic libraries:
0x00007ff7c0430000 - 0x00007ff7c0467000 	C:\Program Files\Java\jdk1.8.0_101\bin\java.exe
0x00007ffb95ef0000 - 0x00007ffb9609d000 	C:\Windows\SYSTEM32\ntdll.dll
0x00007ffb93f00000 - 0x00007ffb9403e000 	C:\Windows\system32\KERNEL32.DLL
0x00007ffb931c0000 - 0x00007ffb932d5000 	C:\Windows\system32\KERNELBASE.dll
0x00007ffb91b90000 - 0x00007ffb91c1e000 	C:\Windows\system32\apphelp.dll
0x00007ffb81b90000 - 0x00007ffb81be3000 	C:\Windows\AppPatch\AppPatch64\AcGenral.DLL
0x00007ffb93630000 - 0x00007ffb936da000 	C:\Windows\system32\msvcrt.dll
0x00007ffb930e0000 - 0x00007ffb9310e000 	C:\Windows\system32\SspiCli.dll
0x00007ffb95df0000 - 0x00007ffb95e44000 	C:\Windows\system32\SHLWAPI.dll
0x00007ffb93740000 - 0x00007ffb938b7000 	C:\Windows\system32\USER32.dll
0x00007ffb95780000 - 0x00007ffb95914000 	C:\Windows\system32\ole32.dll
0x00007ffb94040000 - 0x00007ffb95568000 	C:\Windows\system32\SHELL32.dll
0x00007ffb92590000 - 0x00007ffb925b1000 	C:\Windows\SYSTEM32\USERENV.dll
0x00007ffb95570000 - 0x00007ffb9561a000 	C:\Windows\system32\ADVAPI32.dll
0x00007ffb8b5f0000 - 0x00007ffb8b60e000 	C:\Windows\SYSTEM32\MPR.dll
0x00007ffb93a20000 - 0x00007ffb93b60000 	C:\Windows\system32\RPCRT4.dll
0x00007ffb95920000 - 0x00007ffb95979000 	C:\Windows\SYSTEM32\sechost.dll
0x00007ffb959e0000 - 0x00007ffb95bf1000 	C:\Windows\SYSTEM32\combase.dll
0x00007ffb95630000 - 0x00007ffb9577f000 	C:\Windows\system32\GDI32.dll
0x00007ffb93010000 - 0x00007ffb93025000 	C:\Windows\SYSTEM32\profapi.dll
0x00007ffb91540000 - 0x00007ffb915f2000 	C:\Windows\SYSTEM32\SHCORE.dll
0x00007ffb95db0000 - 0x00007ffb95de6000 	C:\Windows\system32\IMM32.DLL
0x00007ffb938c0000 - 0x00007ffb93a12000 	C:\Windows\system32\MSCTF.dll
0x00007ffb92f50000 - 0x00007ffb92f81000 	C:\Windows\system32\nvinitx.dll
0x00007ffb92f40000 - 0x00007ffb92f4a000 	C:\Windows\SYSTEM32\VERSION.dll
0x000000000f000000 - 0x000000000f006000 	C:\Program Files\NVIDIA Corporation\CoProcManager\_etoured.dll
0x00007ffb91ca0000 - 0x00007ffb91cd1000 	C:\Program Files\NVIDIA Corporation\CoProcManager\nvd3d9wrapx.dll
0x00007ffb93b60000 - 0x00007ffb93d3a000 	C:\Windows\system32\SETUPAPI.dll
0x00007ffb93170000 - 0x00007ffb931bf000 	C:\Windows\system32\CFGMGR32.dll
0x00007ffb91740000 - 0x00007ffb91762000 	C:\Program Files\NVIDIA Corporation\CoProcManager\nvdxgiwrapx.dll
0x00007ffb910c0000 - 0x00007ffb9133b000 	C:\Windows\WinSxS\amd64_microsoft.windows.common-controls_6595b64144ccf1df_6.0.9600.18006_none_623f33d3ecbe86e8\COMCTL32.dll
0x0000000070860000 - 0x0000000070932000 	C:\Program Files\Java\jdk1.8.0_101\jre\bin\msvcr100.dll
0x0000000070cf0000 - 0x000000007158a000 	C:\Program Files\Java\jdk1.8.0_101\jre\bin\server\jvm.dll
0x00007ffb8d160000 - 0x00007ffb8d169000 	C:\Windows\SYSTEM32\WSOCK32.dll
0x00007ffb90bf0000 - 0x00007ffb90c12000 	C:\Windows\SYSTEM32\WINMM.dll
0x00007ffb95ec0000 - 0x00007ffb95ec7000 	C:\Windows\system32\PSAPI.DLL
0x00007ffb936e0000 - 0x00007ffb9373a000 	C:\Windows\system32\WS2_32.dll
0x00007ffb90bc0000 - 0x00007ffb90bea000 	C:\Windows\SYSTEM32\WINMMBASE.dll
0x00007ffb95620000 - 0x00007ffb95629000 	C:\Windows\system32\NSI.dll
0x00007ffb91de0000 - 0x00007ffb91e08000 	C:\Windows\SYSTEM32\DEVOBJ.dll
0x0000000071890000 - 0x000000007189f000 	C:\Program Files\Java\jdk1.8.0_101\jre\bin\verify.dll
0x0000000070cc0000 - 0x0000000070ce9000 	C:\Program Files\Java\jdk1.8.0_101\jre\bin\java.dll
0x0000000070ca0000 - 0x0000000070cb6000 	C:\Program Files\Java\jdk1.8.0_101\jre\bin\zip.dll

VM Arguments:
jvm_args: -Djava.awt.headless=true -Xmx1024M -Dfile.encoding=windows-1256 -Duser.country=US -Duser.language=en -Duser.variant 
java_command: com.android.dx.command.Main --dex --force-jumbo --num-threads=4 --multi-dex --output E:\Android summer training\Pro\PipTalk\app\build\intermediates\transforms\dex\debug\folders\1000\5\slice_9 E:\Android summer training\Pro\PipTalk\app\build\intermediates\transforms\instantRunSlicer\debug\folders\1\5\slice_9
java_class_path (initial): E:\BFCI\android SDK\android-sdk-windows\build-tools\24.0.1\lib\dx.jar
Launcher Type: SUN_STANDARD

Environment Variables:
PATH=C:\ProgramData\Oracle\Java\javapath;C:\Windows\system32;C:\Windows;C:\Windows\System32\Wbem;C:\Windows\System32\WindowsPowerShell\v1.0\;C:\Program Files (x86)\Microsoft SQL Server\100\Tools\Binn\;C:\Program Files\Microsoft SQL Server\100\Tools\Binn\;C:\Program Files\Microsoft SQL Server\100\DTS\Binn\;C:\Program Files (x86)\MySQL\MySQL Server 5.0\bin;E:\Installed Programs\runtime\win64;E:\Installed Programs\bin;E:\Installed Programs\polyspace\bin
USERNAME=EL MAGIC
OS=Windows_NT
PROCESSOR_IDENTIFIER=Intel64 Family 6 Model 42 Stepping 7, GenuineIntel



---------------  S Y S T E M  ---------------

OS: Windows 8.1 , 64 bit Build 9600 (6.3.9600.17415)

CPU:total 4 (2 cores per cpu, 2 threads per core) family 6 model 42 stepping 7, cmov, cx8, fxsr, mmx, sse, sse2, sse3, ssse3, sse4.1, sse4.2, popcnt, avx, aes, clmul, ht, tsc, tscinvbit

Memory: 4k page, physical 4098096k(220444k free), swap 7243824k(12692k free)

vm_info: Java HotSpot(TM) 64-Bit Server VM (25.101-b13) for windows-amd64 JRE (1.8.0_101-b13), built on Jun 22 2016 01:21:29 by "java_re" with MS VC++ 10.0 (VS2010)

time: Mon Feb 27 23:57:22 2017
elapsed time: 2 seconds (0d 0h 0m 2s)

