#
# There is insufficient memory for the Java Runtime Environment to continue.
# Native memory allocation (malloc) failed to allocate 32744 bytes for ChunkPool::allocate
# Possible reasons:
#   The system is out of physical RAM or swap space
#   In 32 bit mode, the process size limit was hit
# Possible solutions:
#   Reduce memory load on the system
#   Increase physical memory or swap space
#   Check if swap backing store is full
#   Use 64 bit Java on a 64 bit OS
#   Decrease Java heap size (-Xmx/-Xms)
#   Decrease number of Java threads
#   Decrease Java thread stack sizes (-Xss)
#   Set larger code cache with -XX:ReservedCodeCacheSize=
# This output file may be truncated or incomplete.
#
#  Out of Memory Error (allocation.cpp:273), pid=2612, tid=0x0000000000000354
#
# JRE version: Java(TM) SE Runtime Environment (8.0_101-b13) (build 1.8.0_101-b13)
# Java VM: Java HotSpot(TM) 64-Bit Server VM (25.101-b13 mixed mode windows-amd64 compressed oops)
# Failed to write core dump. Minidumps are not enabled by default on client versions of Windows
#

---------------  T H R E A D  ---------------

Current thread (0x00000000064c8000):  JavaThread "C2 CompilerThread1" daemon [_thread_in_native, id=852, stack(0x0000000007bf0000,0x0000000007cf0000)]

Stack: [0x0000000007bf0000,0x0000000007cf0000]
[error occurred during error reporting (printing stack bounds), id 0xc0000005]

Native frames: (J=compiled Java code, j=interpreted, Vv=VM code, C=native code)


Current CompileTask:
C2:   3316 1031       4       com.android.dx.rop.code.Rops::ropFor (771 bytes)


---------------  P R O C E S S  ---------------

Java Threads: ( => current thread )
  0x0000000007f61800 JavaThread "pool-2-thread-4" [_thread_in_Java, id=5496, stack(0x00000000087f0000,0x00000000088f0000)]
  0x0000000007f5f800 JavaThread "pool-2-thread-3" [_thread_in_Java, id=5084, stack(0x00000000086f0000,0x00000000087f0000)]
  0x0000000007e4b000 JavaThread "pool-2-thread-2" [_thread_in_vm, id=5956, stack(0x00000000085f0000,0x00000000086f0000)]
  0x0000000007e3f800 JavaThread "pool-3-thread-1" [_thread_blocked, id=4848, stack(0x00000000084f0000,0x00000000085f0000)]
  0x0000000007e25800 JavaThread "pool-2-thread-1" [_thread_in_vm, id=4532, stack(0x00000000083f0000,0x00000000084f0000)]
  0x0000000007d41000 JavaThread "Service Thread" daemon [_thread_blocked, id=3212, stack(0x00000000081f0000,0x00000000082f0000)]
  0x00000000064ce000 JavaThread "C1 CompilerThread2" daemon [_thread_in_native, id=2076, stack(0x00000000080f0000,0x00000000081f0000)]
=>0x00000000064c8000 JavaThread "C2 CompilerThread1" daemon [_thread_in_native, id=852, stack(0x0000000007bf0000,0x0000000007cf0000)]
  0x00000000064c4800 JavaThread "C2 CompilerThread0" daemon [_thread_in_native, id=376, stack(0x0000000007af0000,0x0000000007bf0000)]
  0x00000000064b7000 JavaThread "Attach Listener" daemon [_thread_blocked, id=6608, stack(0x00000000079f0000,0x0000000007af0000)]
  0x00000000064b6000 JavaThread "Signal Dispatcher" daemon [_thread_blocked, id=6148, stack(0x00000000078f0000,0x00000000079f0000)]
  0x0000000002dea000 JavaThread "Finalizer" daemon [_thread_blocked, id=5672, stack(0x0000000007710000,0x0000000007810000)]
  0x0000000002ddf000 JavaThread "Reference Handler" daemon [_thread_blocked, id=4464, stack(0x0000000007610000,0x0000000007710000)]
  0x0000000002cf0800 JavaThread "main" [_thread_blocked, id=6012, stack(0x0000000002bf0000,0x0000000002cf0000)]

Other Threads:
  0x0000000006487800 VMThread [stack: 0x0000000007510000,0x0000000007610000] [id=4052]
  0x0000000007d8e000 WatcherThread [stack: 0x00000000082f0000,0x00000000083f0000] [id=1996]

VM state:not at safepoint (normal execution)

VM Mutex/Monitor currently owned by a thread: None

Heap:
 PSYoungGen      total 18944K, used 8590K [0x00000000eab00000, 0x00000000ec000000, 0x0000000100000000)
  eden space 16384K, 36% used [0x00000000eab00000,0x00000000eb0e3b88,0x00000000ebb00000)
  from space 2560K, 99% used [0x00000000ebb00000,0x00000000ebd7ffd8,0x00000000ebd80000)
  to   space 2560K, 0% used [0x00000000ebd80000,0x00000000ebd80000,0x00000000ec000000)
 ParOldGen       total 44032K, used 2382K [0x00000000c0000000, 0x00000000c2b00000, 0x00000000eab00000)
  object space 44032K, 5% used [0x00000000c0000000,0x00000000c0253bb8,0x00000000c2b00000)
 Metaspace       used 5741K, capacity 6832K, committed 7040K, reserved 1056768K
  class space    used 587K, capacity 616K, committed 640K, reserved 1048576K

Card table byte_map: [0x00000000031b0000,0x00000000033c0000] byte_map_base: 0x0000000002bb0000

Marking Bits: (ParMarkBitMap*) 0x000000007150a6d0
 Begin Bits: [0x0000000003920000, 0x0000000004920000)
 End Bits:   [0x0000000004920000, 0x0000000005920000)

Polling page: 0x0000000001100000

CodeCache: size=245760Kb used=4394Kb max_used=4406Kb free=241365Kb
 bounds [0x000000000f010000, 0x000000000f470000, 0x000000001e010000]
 total_blobs=1291 nmethods=1028 adapters=175
 compilation: enabled

Compilation events (10 events):
Event: 3.244 Thread 0x00000000064ce000 nmethod 1026 0x000000000f45d790 code [0x000000000f45d960, 0x000000000f45e178]
Event: 3.244 Thread 0x00000000064c8000 1027       4       java.lang.String::getChars (62 bytes)
Event: 3.246 Thread 0x00000000064c8000 nmethod 1027 0x000000000f45a1d0 code [0x000000000f45a320, 0x000000000f45a498]
Event: 3.246 Thread 0x00000000064c8000 1028       4       java.lang.AbstractStringBuilder::append (50 bytes)
Event: 3.253 Thread 0x00000000064c8000 nmethod 1028 0x000000000f45fd50 code [0x000000000f45fea0, 0x000000000f460258]
Event: 3.253 Thread 0x00000000064c8000 1029       4       com.android.dx.cf.code.BaseMachine::getLocalTarget (151 bytes)
Event: 3.257 Thread 0x00000000064c8000 nmethod 1029 0x000000000f460590 code [0x000000000f460700, 0x000000000f460968]
Event: 3.257 Thread 0x00000000064c8000 1030   !   4       com.android.dx.rop.code.BasicBlock::<init> (273 bytes)
Event: 3.266 Thread 0x00000000064c8000 nmethod 1030 0x000000000f460cd0 code [0x000000000f460e40, 0x000000000f461498]
Event: 3.266 Thread 0x00000000064c8000 1031       4       com.android.dx.rop.code.Rops::ropFor (771 bytes)

GC Heap History (2 events):
Event: 2.637 GC heap before
{Heap before GC invocations=1 (full 0):
 PSYoungGen      total 18944K, used 16384K [0x00000000eab00000, 0x00000000ec000000, 0x0000000100000000)
  eden space 16384K, 100% used [0x00000000eab00000,0x00000000ebb00000,0x00000000ebb00000)
  from space 2560K, 0% used [0x00000000ebd80000,0x00000000ebd80000,0x00000000ec000000)
  to   space 2560K, 0% used [0x00000000ebb00000,0x00000000ebb00000,0x00000000ebd80000)
 ParOldGen       total 44032K, used 0K [0x00000000c0000000, 0x00000000c2b00000, 0x00000000eab00000)
  object space 44032K, 0% used [0x00000000c0000000,0x00000000c0000000,0x00000000c2b00000)
 Metaspace       used 5639K, capacity 6704K, committed 6784K, reserved 1056768K
  class space    used 585K, capacity 616K, committed 640K, reserved 1048576K
Event: 2.836 GC heap after
Heap after GC invocations=1 (full 0):
 PSYoungGen      total 18944K, used 2559K [0x00000000eab00000, 0x00000000ec000000, 0x0000000100000000)
  eden space 16384K, 0% used [0x00000000eab00000,0x00000000eab00000,0x00000000ebb00000)
  from space 2560K, 99% used [0x00000000ebb00000,0x00000000ebd7ffd8,0x00000000ebd80000)
  to   space 2560K, 0% used [0x00000000ebd80000,0x00000000ebd80000,0x00000000ec000000)
 ParOldGen       total 44032K, used 2382K [0x00000000c0000000, 0x00000000c2b00000, 0x00000000eab00000)
  object space 44032K, 5% used [0x00000000c0000000,0x00000000c0253bb8,0x00000000c2b00000)
 Metaspace       used 5639K, capacity 6704K, committed 6784K, reserved 1056768K
  class space    used 585K, capacity 616K, committed 640K, reserved 1048576K
}

Deoptimization events (10 events):
Event: 2.330 Thread 0x0000000007e25800 Uncommon trap: reason=class_check action=maybe_recompile pc=0x000000000f28ed90 method=com.android.dx.ssa.NormalSsaInsn.accept(Lcom/android/dx/ssa/SsaInsn$Visitor;)V @ 9
Event: 2.330 Thread 0x0000000007e25800 Uncommon trap: reason=class_check action=maybe_recompile pc=0x000000000f28ed90 method=com.android.dx.ssa.NormalSsaInsn.accept(Lcom/android/dx/ssa/SsaInsn$Visitor;)V @ 9
Event: 2.491 Thread 0x0000000007f61800 Uncommon trap: reason=unstable_if action=reinterpret pc=0x000000000f375aa8 method=com.android.dx.cf.code.ByteCatchList.listFor(I)Lcom/android/dx/cf/code/ByteCatchList; @ 19
Event: 2.492 Thread 0x0000000007f61800 Uncommon trap: reason=unstable_if action=reinterpret pc=0x000000000f289fe0 method=com.android.dx.cf.code.BasicBlocker.addWorkIfNecessary(IZ)V @ 8
Event: 2.496 Thread 0x0000000007f61800 Uncommon trap: reason=class_check action=maybe_recompile pc=0x000000000f2de970 method=com.android.dx.rop.type.Type.equals(Ljava/lang/Object;)Z @ 8
Event: 2.843 Thread 0x0000000007e4b000 Uncommon trap: reason=null_check action=make_not_entrant pc=0x000000000f28f520 method=com.android.dx.ssa.SsaRenamer.getLocalForNewReg(I)Lcom/android/dx/rop/code/LocalItem; @ 19
Event: 2.893 Thread 0x0000000007f61800 Uncommon trap: reason=unstable_if action=reinterpret pc=0x000000000f314c38 method=com.android.dx.cf.code.Ropper.labelToResultIndex(I)I @ 34
Event: 2.899 Thread 0x0000000007f61800 Uncommon trap: reason=class_check action=maybe_recompile pc=0x000000000f2de970 method=com.android.dx.rop.type.Type.equals(Ljava/lang/Object;)Z @ 8
Event: 2.941 Thread 0x0000000007e4b000 Uncommon trap: reason=class_check action=maybe_recompile pc=0x000000000f2de970 method=com.android.dx.rop.type.Type.equals(Ljava/lang/Object;)Z @ 8
Event: 2.942 Thread 0x0000000007e4b000 Uncommon trap: reason=class_check action=maybe_recompile pc=0x000000000f2de970 method=com.android.dx.rop.type.Type.equals(Ljava/lang/Object;)Z @ 8

Internal exceptions (3 events):
Event: 0.054 Thread 0x0000000002cf0800 Exception <a 'java/lang/NoSuchMethodError': Method sun.misc.Unsafe.defineClass(Ljava/lang/String;[BII)Ljava/lang/Class; name or signature does not match> (0x00000000eab07cc0) thrown at [C:\re\workspace\8-2-build-windows-amd64-cygwin\jdk8u101\7261\hotspot\s X/²ß«?
Event: 0.054 Thread 0x0000000002cf0800 Exception <a 'java/lang/NoSuchMethodError': Method sun.misc.Unsafe.prefetchRead(Ljava/lang/Object;J)V name or signature does not match> (0x00000000eab07fa8) thrown at [C:\re\workspace\8-2-build-windows-amd64-cygwin\jdk8u101\7261\hotspot\src\share\vm\prims\%µÝÍº½@
Event: 2.843 Thread 0x0000000007e4b000 Implicit null exception at 0x000000000f28ded8 to 0x000000000f28f501

Events (10 events):
Event: 2.940 Thread 0x0000000007f61800 DEOPT PACKING pc=0x000000000f3fdc42 sp=0x00000000088ee5d0
Event: 2.941 Thread 0x0000000007f61800 DEOPT UNPACKING pc=0x000000000f05787f sp=0x00000000088ee338 mode 0
Event: 2.941 Thread 0x0000000007e4b000 Uncommon trap: trap_request=0xffffffde fr.pc=0x000000000f2de970
Event: 2.941 Thread 0x0000000007e4b000 DEOPT PACKING pc=0x000000000f2de970 sp=0x00000000086ed940
Event: 2.941 Thread 0x0000000007e4b000 DEOPT UNPACKING pc=0x000000000f05582a sp=0x00000000086ed8d8 mode 2
Event: 2.942 Thread 0x0000000007e4b000 Uncommon trap: trap_request=0xffffffde fr.pc=0x000000000f2de970
Event: 2.942 Thread 0x0000000007e4b000 DEOPT PACKING pc=0x000000000f2de970 sp=0x00000000086ee090
Event: 2.942 Thread 0x0000000007e4b000 DEOPT UNPACKING pc=0x000000000f05582a sp=0x00000000086ee028 mode 2
Event: 2.943 Thread 0x0000000007f61800 DEOPT PACKING pc=0x000000000f3fdc42 sp=0x00000000088ee5d0
Event: 2.943 Thread 0x0000000007f61800 DEOPT UNPACKING pc=0x000000000f05787f sp=0x00000000088ee338 mode 0


Dynamic libraries:
0x00007ff7c0430000 - 0x00007ff7c0467000 	C:\Program Files\Java\jdk1.8.0_101\bin\java.exe
0x00007ffb95ef0000 - 0x00007ffb9609d000 	C:\Windows\SYSTEM32\ntdll.dll
0x00007ffb93f00000 - 0x00007ffb9403e000 	C:\Windows\system32\KERNEL32.DLL
0x00007ffb931c0000 - 0x00007ffb932d5000 	C:\Windows\system32\KERNELBASE.dll
0x00007ffb91b90000 - 0x00007ffb91c1e000 	C:\Windows\system32\apphelp.dll
0x00007ffb81b90000 - 0x00007ffb81be3000 	C:\Windows\AppPatch\AppPatch64\AcGenral.DLL
0x00007ffb93630000 - 0x00007ffb936da000 	C:\Windows\system32\msvcrt.dll
0x00007ffb930e0000 - 0x00007ffb9310e000 	C:\Windows\system32\SspiCli.dll
0x00007ffb95df0000 - 0x00007ffb95e44000 	C:\Windows\system32\SHLWAPI.dll
0x00007ffb93740000 - 0x00007ffb938b7000 	C:\Windows\system32\USER32.dll
0x00007ffb95780000 - 0x00007ffb95914000 	C:\Windows\system32\ole32.dll
0x00007ffb94040000 - 0x00007ffb95568000 	C:\Windows\system32\SHELL32.dll
0x00007ffb92590000 - 0x00007ffb925b1000 	C:\Windows\SYSTEM32\USERENV.dll
0x00007ffb95570000 - 0x00007ffb9561a000 	C:\Windows\system32\ADVAPI32.dll
0x00007ffb8b5f0000 - 0x00007ffb8b60e000 	C:\Windows\SYSTEM32\MPR.dll
0x00007ffb93a20000 - 0x00007ffb93b60000 	C:\Windows\system32\RPCRT4.dll
0x00007ffb95920000 - 0x00007ffb95979000 	C:\Windows\SYSTEM32\sechost.dll
0x00007ffb959e0000 - 0x00007ffb95bf1000 	C:\Windows\SYSTEM32\combase.dll
0x00007ffb95630000 - 0x00007ffb9577f000 	C:\Windows\system32\GDI32.dll
0x00007ffb93010000 - 0x00007ffb93025000 	C:\Windows\SYSTEM32\profapi.dll
0x00007ffb91540000 - 0x00007ffb915f2000 	C:\Windows\SYSTEM32\SHCORE.dll
0x00007ffb95db0000 - 0x00007ffb95de6000 	C:\Windows\system32\IMM32.DLL
0x00007ffb938c0000 - 0x00007ffb93a12000 	C:\Windows\system32\MSCTF.dll
0x00007ffb92f50000 - 0x00007ffb92f81000 	C:\Windows\system32\nvinitx.dll
0x00007ffb92f40000 - 0x00007ffb92f4a000 	C:\Windows\SYSTEM32\VERSION.dll
0x000000000f000000 - 0x000000000f006000 	C:\Program Files\NVIDIA Corporation\CoProcManager\_etoured.dll
0x00007ffb91ca0000 - 0x00007ffb91cd1000 	C:\Program Files\NVIDIA Corporation\CoProcManager\nvd3d9wrapx.dll
0x00007ffb93b60000 - 0x00007ffb93d3a000 	C:\Windows\system32\SETUPAPI.dll
0x00007ffb93170000 - 0x00007ffb931bf000 	C:\Windows\system32\CFGMGR32.dll
0x00007ffb91740000 - 0x00007ffb91762000 	C:\Program Files\NVIDIA Corporation\CoProcManager\nvdxgiwrapx.dll
0x00007ffb910c0000 - 0x00007ffb9133b000 	C:\Windows\WinSxS\amd64_microsoft.windows.common-controls_6595b64144ccf1df_6.0.9600.18006_none_623f33d3ecbe86e8\COMCTL32.dll
0x0000000070860000 - 0x0000000070932000 	C:\Program Files\Java\jdk1.8.0_101\jre\bin\msvcr100.dll
0x0000000070cf0000 - 0x000000007158a000 	C:\Program Files\Java\jdk1.8.0_101\jre\bin\server\jvm.dll
0x00007ffb8d160000 - 0x00007ffb8d169000 	C:\Windows\SYSTEM32\WSOCK32.dll
0x00007ffb90bf0000 - 0x00007ffb90c12000 	C:\Windows\SYSTEM32\WINMM.dll
0x00007ffb95ec0000 - 0x00007ffb95ec7000 	C:\Windows\system32\PSAPI.DLL
0x00007ffb936e0000 - 0x00007ffb9373a000 	C:\Windows\system32\WS2_32.dll
0x00007ffb90bc0000 - 0x00007ffb90bea000 	C:\Windows\SYSTEM32\WINMMBASE.dll
0x00007ffb95620000 - 0x00007ffb95629000 	C:\Windows\system32\NSI.dll
0x00007ffb91de0000 - 0x00007ffb91e08000 	C:\Windows\SYSTEM32\DEVOBJ.dll
0x0000000071890000 - 0x000000007189f000 	C:\Program Files\Java\jdk1.8.0_101\jre\bin\verify.dll
0x0000000070cc0000 - 0x0000000070ce9000 	C:\Program Files\Java\jdk1.8.0_101\jre\bin\java.dll
0x0000000070ca0000 - 0x0000000070cb6000 	C:\Program Files\Java\jdk1.8.0_101\jre\bin\zip.dll

VM Arguments:
jvm_args: -Djava.awt.headless=true -Xmx1024M -Dfile.encoding=windows-1256 -Duser.country=US -Duser.language=en -Duser.variant 
java_command: com.android.dx.command.Main --dex --force-jumbo --num-threads=4 --multi-dex --output E:\Android summer training\Pro\PipTalk\app\build\intermediates\transforms\dex\debug\folders\1000\5\slice_6 E:\Android summer training\Pro\PipTalk\app\build\intermediates\transforms\instantRunSlicer\debug\folders\1\5\slice_6
java_class_path (initial): E:\BFCI\android SDK\android-sdk-windows\build-tools\24.0.1\lib\dx.jar
Launcher Type: SUN_STANDARD

Environment Variables:
PATH=C:\ProgramData\Oracle\Java\javapath;C:\Windows\system32;C:\Windows;C:\Windows\System32\Wbem;C:\Windows\System32\WindowsPowerShell\v1.0\;C:\Program Files (x86)\Microsoft SQL Server\100\Tools\Binn\;C:\Program Files\Microsoft SQL Server\100\Tools\Binn\;C:\Program Files\Microsoft SQL Server\100\DTS\Binn\;C:\Program Files (x86)\MySQL\MySQL Server 5.0\bin;E:\Installed Programs\runtime\win64;E:\Installed Programs\bin;E:\Installed Programs\polyspace\bin
USERNAME=EL MAGIC
OS=Windows_NT
PROCESSOR_IDENTIFIER=Intel64 Family 6 Model 42 Stepping 7, GenuineIntel



---------------  S Y S T E M  ---------------

OS: Windows 8.1 , 64 bit Build 9600 (6.3.9600.17415)

CPU:total 4 (2 cores per cpu, 2 threads per core) family 6 model 42 stepping 7, cmov, cx8, fxsr, mmx, sse, sse2, sse3, ssse3, sse4.1, sse4.2, popcnt, avx, aes, clmul, ht, tsc, tscinvbit

Memory: 4k page, physical 4098096k(175264k free), swap 7243824k(5068k free)

vm_info: Java HotSpot(TM) 64-Bit Server VM (25.101-b13) for windows-amd64 JRE (1.8.0_101-b13), built on Jun 22 2016 01:21:29 by "java_re" with MS VC++ 10.0 (VS2010)

time: Mon Feb 27 21:53:23 2017
elapsed time: 3 seconds (0d 0h 0m 3s)

