#
# There is insufficient memory for the Java Runtime Environment to continue.
# Native memory allocation (malloc) failed to allocate 586256 bytes for Chunk::new
# Possible reasons:
#   The system is out of physical RAM or swap space
#   In 32 bit mode, the process size limit was hit
# Possible solutions:
#   Reduce memory load on the system
#   Increase physical memory or swap space
#   Check if swap backing store is full
#   Use 64 bit Java on a 64 bit OS
#   Decrease Java heap size (-Xmx/-Xms)
#   Decrease number of Java threads
#   Decrease Java thread stack sizes (-Xss)
#   Set larger code cache with -XX:ReservedCodeCacheSize=
# This output file may be truncated or incomplete.
#
#  Out of Memory Error (allocation.cpp:390), pid=756, tid=0x0000000000000c54
#
# JRE version: Java(TM) SE Runtime Environment (8.0_101-b13) (build 1.8.0_101-b13)
# Java VM: Java HotSpot(TM) 64-Bit Server VM (25.101-b13 mixed mode windows-amd64 compressed oops)
# Failed to write core dump. Minidumps are not enabled by default on client versions of Windows
#

---------------  T H R E A D  ---------------

Current thread (0x0000000006fce000):  JavaThread "C2 CompilerThread1" daemon [_thread_in_native, id=3156, stack(0x0000000007390000,0x0000000007490000)]

Stack: [0x0000000007390000,0x0000000007490000]
[error occurred during error reporting (printing stack bounds), id 0xc0000005]

Native frames: (J=compiled Java code, j=interpreted, Vv=VM code, C=native code)


Current CompileTask:
C2:   3665 1193       4       com.android.dx.ssa.SCCP::simulateBranch (666 bytes)


---------------  P R O C E S S  ---------------

Java Threads: ( => current thread )
  0x0000000007206000 JavaThread "pool-1-thread-4" [_thread_blocked, id=5896, stack(0x0000000007b90000,0x0000000007c90000)]
  0x0000000007204800 JavaThread "pool-1-thread-3" [_thread_in_Java, id=6808, stack(0x0000000007a90000,0x0000000007b90000)]
  0x0000000007202800 JavaThread "pool-1-thread-2" [_thread_in_vm, id=5556, stack(0x0000000007990000,0x0000000007a90000)]
  0x00000000071f9800 JavaThread "pool-2-thread-1" [_thread_blocked, id=7164, stack(0x0000000007890000,0x0000000007990000)]
  0x00000000071db800 JavaThread "pool-1-thread-1" [_thread_in_Java, id=6108, stack(0x0000000007790000,0x0000000007890000)]
  0x0000000006fe2000 JavaThread "Service Thread" daemon [_thread_blocked, id=6020, stack(0x0000000007590000,0x0000000007690000)]
  0x0000000006fdb000 JavaThread "C1 CompilerThread2" daemon [_thread_blocked, id=3548, stack(0x0000000007490000,0x0000000007590000)]
=>0x0000000006fce000 JavaThread "C2 CompilerThread1" daemon [_thread_in_native, id=3156, stack(0x0000000007390000,0x0000000007490000)]
  0x0000000005898000 JavaThread "C2 CompilerThread0" daemon [_thread_in_native, id=2352, stack(0x0000000006e90000,0x0000000006f90000)]
  0x0000000005896000 JavaThread "Attach Listener" daemon [_thread_blocked, id=2920, stack(0x0000000006d90000,0x0000000006e90000)]
  0x0000000005895800 JavaThread "Signal Dispatcher" daemon [_thread_blocked, id=5664, stack(0x0000000006c90000,0x0000000006d90000)]
  0x000000000583a000 JavaThread "Finalizer" daemon [_thread_blocked, id=4716, stack(0x0000000006ab0000,0x0000000006bb0000)]
  0x0000000005819000 JavaThread "Reference Handler" daemon [_thread_blocked, id=6080, stack(0x00000000069b0000,0x0000000006ab0000)]
  0x0000000002080800 JavaThread "main" [_thread_in_Java, id=5296, stack(0x0000000001f80000,0x0000000002080000)]

Other Threads:
  0x0000000005816800 VMThread [stack: 0x00000000068b0000,0x00000000069b0000] [id=6748]
  0x000000000702d800 WatcherThread [stack: 0x0000000007690000,0x0000000007790000] [id=3780]

VM state:not at safepoint (normal execution)

VM Mutex/Monitor currently owned by a thread: None

Heap:
 PSYoungGen      total 35328K, used 9083K [0x00000000eab00000, 0x00000000ed000000, 0x0000000100000000)
  eden space 32768K, 20% used [0x00000000eab00000,0x00000000eb166e08,0x00000000ecb00000)
  from space 2560K, 98% used [0x00000000ecd80000,0x00000000ecff8048,0x00000000ed000000)
  to   space 2560K, 0% used [0x00000000ecb00000,0x00000000ecb00000,0x00000000ecd80000)
 ParOldGen       total 44032K, used 3579K [0x00000000c0000000, 0x00000000c2b00000, 0x00000000eab00000)
  object space 44032K, 8% used [0x00000000c0000000,0x00000000c037ec80,0x00000000c2b00000)
 Metaspace       used 5959K, capacity 6960K, committed 7040K, reserved 1056768K
  class space    used 590K, capacity 616K, committed 640K, reserved 1048576K

Card table byte_map: [0x0000000002540000,0x0000000002750000] byte_map_base: 0x0000000001f40000

Marking Bits: (ParMarkBitMap*) 0x00000000774aa6d0
 Begin Bits: [0x0000000002cb0000, 0x0000000003cb0000)
 End Bits:   [0x0000000003cb0000, 0x0000000004cb0000)

Polling page: 0x0000000001ee0000

CodeCache: size=245760Kb used=5419Kb max_used=5419Kb free=240340Kb
 bounds [0x000000000f010000, 0x000000000f560000, 0x000000001e010000]
 total_blobs=1539 nmethods=1276 adapters=176
 compilation: enabled

Compilation events (10 events):
Event: 3.637 Thread 0x0000000006fdb000 1285       3       com.android.dx.rop.type.Type::isIntlike (56 bytes)
Event: 3.637 Thread 0x0000000006fdb000 nmethod 1285 0x000000000f55b190 code [0x000000000f55b2e0, 0x000000000f55b470]
Event: 3.637 Thread 0x0000000006fdb000 1290       3       com.android.dx.rop.cst.CstMethodRef::<init> (7 bytes)
Event: 3.637 Thread 0x0000000006fdb000 nmethod 1290 0x000000000f55b510 code [0x000000000f55b6a0, 0x000000000f55bab8]
Event: 3.637 Thread 0x0000000006fdb000 1281       3       com.android.dx.dex.cf.AttributeTranslator::getAnnotations (22 bytes)
Event: 3.638 Thread 0x0000000006fdb000 nmethod 1281 0x000000000f55bc50 code [0x000000000f55be60, 0x000000000f55c8e8]
Event: 3.638 Thread 0x0000000006fdb000 1282       3       com.android.dx.dex.cf.AttributeTranslator::getAnnotations0 (62 bytes)
Event: 3.639 Thread 0x0000000006fdb000 nmethod 1282 0x000000000f55ce50 code [0x000000000f55d080, 0x000000000f55de78]
Event: 3.639 Thread 0x0000000006fdb000 1283       3       com.android.dx.dex.cf.AttributeTranslator::getSignature (26 bytes)
Event: 3.640 Thread 0x0000000006fdb000 nmethod 1283 0x000000000f55e450 code [0x000000000f55e5e0, 0x000000000f55e998]

GC Heap History (4 events):
Event: 1.596 GC heap before
{Heap before GC invocations=1 (full 0):
 PSYoungGen      total 18944K, used 16384K [0x00000000eab00000, 0x00000000ec000000, 0x0000000100000000)
  eden space 16384K, 100% used [0x00000000eab00000,0x00000000ebb00000,0x00000000ebb00000)
  from space 2560K, 0% used [0x00000000ebd80000,0x00000000ebd80000,0x00000000ec000000)
  to   space 2560K, 0% used [0x00000000ebb00000,0x00000000ebb00000,0x00000000ebd80000)
 ParOldGen       total 44032K, used 0K [0x00000000c0000000, 0x00000000c2b00000, 0x00000000eab00000)
  object space 44032K, 0% used [0x00000000c0000000,0x00000000c0000000,0x00000000c2b00000)
 Metaspace       used 5686K, capacity 6768K, committed 7040K, reserved 1056768K
  class space    used 584K, capacity 616K, committed 640K, reserved 1048576K
Event: 1.688 GC heap after
Heap after GC invocations=1 (full 0):
 PSYoungGen      total 18944K, used 2538K [0x00000000eab00000, 0x00000000ed000000, 0x0000000100000000)
  eden space 16384K, 0% used [0x00000000eab00000,0x00000000eab00000,0x00000000ebb00000)
  from space 2560K, 99% used [0x00000000ebb00000,0x00000000ebd7aaa8,0x00000000ebd80000)
  to   space 2560K, 0% used [0x00000000ecd80000,0x00000000ecd80000,0x00000000ed000000)
 ParOldGen       total 44032K, used 1572K [0x00000000c0000000, 0x00000000c2b00000, 0x00000000eab00000)
  object space 44032K, 3% used [0x00000000c0000000,0x00000000c01893e8,0x00000000c2b00000)
 Metaspace       used 5686K, capacity 6768K, committed 7040K, reserved 1056768K
  class space    used 584K, capacity 616K, committed 640K, reserved 1048576K
}
Event: 3.026 GC heap before
{Heap before GC invocations=2 (full 0):
 PSYoungGen      total 18944K, used 18922K [0x00000000eab00000, 0x00000000ed000000, 0x0000000100000000)
  eden space 16384K, 100% used [0x00000000eab00000,0x00000000ebb00000,0x00000000ebb00000)
  from space 2560K, 99% used [0x00000000ebb00000,0x00000000ebd7aaa8,0x00000000ebd80000)
  to   space 2560K, 0% used [0x00000000ecd80000,0x00000000ecd80000,0x00000000ed000000)
 ParOldGen       total 44032K, used 1572K [0x00000000c0000000, 0x00000000c2b00000, 0x00000000eab00000)
  object space 44032K, 3% used [0x00000000c0000000,0x00000000c01893e8,0x00000000c2b00000)
 Metaspace       used 5943K, capacity 6960K, committed 7040K, reserved 1056768K
  class space    used 590K, capacity 616K, committed 640K, reserved 1048576K
Event: 3.495 GC heap after
Heap after GC invocations=2 (full 0):
 PSYoungGen      total 35328K, used 2528K [0x00000000eab00000, 0x00000000ed000000, 0x0000000100000000)
  eden space 32768K, 0% used [0x00000000eab00000,0x00000000eab00000,0x00000000ecb00000)
  from space 2560K, 98% used [0x00000000ecd80000,0x00000000ecff8048,0x00000000ed000000)
  to   space 2560K, 0% used [0x00000000ecb00000,0x00000000ecb00000,0x00000000ecd80000)
 ParOldGen       total 44032K, used 3579K [0x00000000c0000000, 0x00000000c2b00000, 0x00000000eab00000)
  object space 44032K, 8% used [0x00000000c0000000,0x00000000c037ec80,0x00000000c2b00000)
 Metaspace       used 5943K, capacity 6960K, committed 7040K, reserved 1056768K
  class space    used 590K, capacity 616K, committed 640K, reserved 1048576K
}

Deoptimization events (10 events):
Event: 1.764 Thread 0x00000000071db800 Uncommon trap: reason=unstable_if action=reinterpret pc=0x000000000f394118 method=com.android.dx.rop.code.RegisterSpec.equals(ILcom/android/dx/rop/type/TypeBearer;Lcom/android/dx/rop/code/LocalItem;)Z @ 16
Event: 1.764 Thread 0x00000000071db800 Uncommon trap: reason=class_check action=maybe_recompile pc=0x000000000f35d530 method=com.android.dx.rop.type.Type.equals(Ljava/lang/Object;)Z @ 8
Event: 1.764 Thread 0x00000000071db800 Uncommon trap: reason=class_check action=maybe_recompile pc=0x000000000f35d530 method=com.android.dx.rop.type.Type.equals(Ljava/lang/Object;)Z @ 8
Event: 1.764 Thread 0x00000000071db800 Uncommon trap: reason=class_check action=maybe_recompile pc=0x000000000f35d530 method=com.android.dx.rop.type.Type.equals(Ljava/lang/Object;)Z @ 8
Event: 2.668 Thread 0x00000000071db800 Uncommon trap: reason=null_check action=make_not_entrant pc=0x000000000f3648cc method=com.android.dx.ssa.SsaRenamer.getLocalForNewReg(I)Lcom/android/dx/rop/code/LocalItem; @ 19
Event: 2.668 Thread 0x00000000071db800 Uncommon trap: reason=null_check action=make_not_entrant pc=0x000000000f370f58 method=com.android.dx.ssa.SsaRenamer.getLocalForNewReg(I)Lcom/android/dx/rop/code/LocalItem; @ 19
Event: 2.762 Thread 0x0000000002080800 Uncommon trap: reason=uninitialized action=reinterpret pc=0x000000000f4791bc method=com.android.dx.cf.code.BytecodeArray.parseInstruction(ILcom/android/dx/cf/code/BytecodeArray$Visitor;)I @ 999
Event: 2.766 Thread 0x0000000002080800 Uncommon trap: reason=unstable_if action=reinterpret pc=0x000000000f3a0e6c method=com.android.dx.rop.code.RegisterSpecSet.put(Lcom/android/dx/rop/code/RegisterSpec;)V @ 77
Event: 2.766 Thread 0x0000000002080800 Uncommon trap: reason=unstable_if action=reinterpret pc=0x000000000f4015a8 method=com.android.dx.rop.code.RegisterSpecSet.put(Lcom/android/dx/rop/code/RegisterSpec;)V @ 77
Event: 3.618 Thread 0x00000000071db800 Uncommon trap: reason=unstable_if action=reinterpret pc=0x000000000f39761c method=com.android.dx.rop.cst.Constant.compareTo(Lcom/android/dx/rop/cst/Constant;)I @ 12

Internal exceptions (4 events):
Event: 0.071 Thread 0x0000000002080800 Exception <a 'java/lang/NoSuchMethodError': Method sun.misc.Unsafe.defineClass(Ljava/lang/String;[BII)Ljava/lang/Class; name or signature does not match> (0x00000000eab07cc0) thrown at [C:\re\workspace\8-2-build-windows-amd64-cygwin\jdk8u101\7261\hotspot\ss¯ÖÔ/A²?
Event: 0.071 Thread 0x0000000002080800 Exception <a 'java/lang/NoSuchMethodError': Method sun.misc.Unsafe.prefetchRead(Ljava/lang/Object;J)V name or signature does not match> (0x00000000eab07fa8) thrown at [C:\re\workspace\8-2-build-windows-amd64-cygwin\jdk8u101\7261\hotspot\src\share\vm\prims\’€Ó2X@
Event: 2.668 Thread 0x00000000071db800 Implicit null exception at 0x000000000f3626f2 to 0x000000000f364889
Event: 2.668 Thread 0x00000000071db800 Implicit null exception at 0x000000000f36f188 to 0x000000000f370f39

Events (10 events):
Event: 2.766 Thread 0x0000000002080800 DEOPT PACKING pc=0x000000000f3a0e6c sp=0x000000000207e180
Event: 2.766 Thread 0x0000000002080800 DEOPT UNPACKING pc=0x000000000f05582a sp=0x000000000207e108 mode 2
Event: 2.766 Thread 0x0000000002080800 Uncommon trap: trap_request=0xffffff65 fr.pc=0x000000000f4015a8
Event: 2.766 Thread 0x0000000002080800 DEOPT PACKING pc=0x000000000f4015a8 sp=0x000000000207e170
Event: 2.766 Thread 0x0000000002080800 DEOPT UNPACKING pc=0x000000000f05582a sp=0x000000000207e090 mode 2
Event: 2.925 Executing VM operation: ParallelGCFailedAllocation
Event: 3.495 Executing VM operation: ParallelGCFailedAllocation done
Event: 3.618 Thread 0x00000000071db800 Uncommon trap: trap_request=0xffffff65 fr.pc=0x000000000f39761c
Event: 3.618 Thread 0x00000000071db800 DEOPT PACKING pc=0x000000000f39761c sp=0x000000000788e550
Event: 3.618 Thread 0x00000000071db800 DEOPT UNPACKING pc=0x000000000f05582a sp=0x000000000788e4f0 mode 2


Dynamic libraries:
0x00007ff7a5fc0000 - 0x00007ff7a5ff7000 	C:\Program Files\Java\jdk1.8.0_101\bin\java.exe
0x00007ff994800000 - 0x00007ff9949ad000 	C:\Windows\SYSTEM32\ntdll.dll
0x00007ff9924c0000 - 0x00007ff9925fe000 	C:\Windows\system32\KERNEL32.DLL
0x00007ff991aa0000 - 0x00007ff991bb5000 	C:\Windows\system32\KERNELBASE.dll
0x00007ff990100000 - 0x00007ff99018e000 	C:\Windows\system32\apphelp.dll
0x00007ff981a70000 - 0x00007ff981ac3000 	C:\Windows\AppPatch\AppPatch64\AcGenral.DLL
0x00007ff991e80000 - 0x00007ff991f2a000 	C:\Windows\system32\msvcrt.dll
0x00007ff991c20000 - 0x00007ff991c4e000 	C:\Windows\system32\SspiCli.dll
0x00007ff992150000 - 0x00007ff9921a4000 	C:\Windows\system32\SHLWAPI.dll
0x00007ff9922e0000 - 0x00007ff992457000 	C:\Windows\system32\USER32.dll
0x00007ff994000000 - 0x00007ff994194000 	C:\Windows\system32\ole32.dll
0x00007ff992710000 - 0x00007ff993c38000 	C:\Windows\system32\SHELL32.dll
0x00007ff990e90000 - 0x00007ff990eb1000 	C:\Windows\SYSTEM32\USERENV.dll
0x00007ff9942d0000 - 0x00007ff99437a000 	C:\Windows\system32\ADVAPI32.dll
0x00007ff984fc0000 - 0x00007ff984fde000 	C:\Windows\SYSTEM32\MPR.dll
0x00007ff994380000 - 0x00007ff9944c0000 	C:\Windows\system32\RPCRT4.dll
0x00007ff9941a0000 - 0x00007ff9941f9000 	C:\Windows\SYSTEM32\sechost.dll
0x00007ff991f30000 - 0x00007ff992142000 	C:\Windows\SYSTEM32\combase.dll
0x00007ff993c50000 - 0x00007ff993d9f000 	C:\Windows\system32\GDI32.dll
0x00007ff991920000 - 0x00007ff991935000 	C:\Windows\SYSTEM32\profapi.dll
0x00007ff990190000 - 0x00007ff990242000 	C:\Windows\SYSTEM32\SHCORE.dll
0x00007ff9926c0000 - 0x00007ff9926f6000 	C:\Windows\system32\IMM32.DLL
0x00007ff9946a0000 - 0x00007ff9947f2000 	C:\Windows\system32\MSCTF.dll
0x00007ff9918d0000 - 0x00007ff991901000 	C:\Windows\system32\nvinitx.dll
0x00007ff9918c0000 - 0x00007ff9918ca000 	C:\Windows\SYSTEM32\VERSION.dll
0x000000000f000000 - 0x000000000f006000 	C:\Program Files\NVIDIA Corporation\CoProcManager\_etoured.dll
0x00007ff98fd30000 - 0x00007ff98fd61000 	C:\Program Files\NVIDIA Corporation\CoProcManager\nvd3d9wrapx.dll
0x00007ff993db0000 - 0x00007ff993f8a000 	C:\Windows\system32\SETUPAPI.dll
0x00007ff991e30000 - 0x00007ff991e7f000 	C:\Windows\system32\CFGMGR32.dll
0x00007ff98fd00000 - 0x00007ff98fd22000 	C:\Program Files\NVIDIA Corporation\CoProcManager\nvdxgiwrapx.dll
0x00007ff98f300000 - 0x00007ff98f57b000 	C:\Windows\WinSxS\amd64_microsoft.windows.common-controls_6595b64144ccf1df_6.0.9600.18006_none_623f33d3ecbe86e8\COMCTL32.dll
0x0000000076670000 - 0x0000000076742000 	C:\Program Files\Java\jdk1.8.0_101\jre\bin\msvcr100.dll
0x0000000076c90000 - 0x000000007752a000 	C:\Program Files\Java\jdk1.8.0_101\jre\bin\server\jvm.dll
0x00007ff978ac0000 - 0x00007ff978ac9000 	C:\Windows\SYSTEM32\WSOCK32.dll
0x00007ff98fa80000 - 0x00007ff98faa2000 	C:\Windows\SYSTEM32\WINMM.dll
0x00007ff993da0000 - 0x00007ff993da7000 	C:\Windows\system32\PSAPI.DLL
0x00007ff992460000 - 0x00007ff9924ba000 	C:\Windows\system32\WS2_32.dll
0x00007ff98efa0000 - 0x00007ff98efca000 	C:\Windows\SYSTEM32\WINMMBASE.dll
0x00007ff993c40000 - 0x00007ff993c49000 	C:\Windows\system32\NSI.dll
0x00007ff9906f0000 - 0x00007ff990718000 	C:\Windows\SYSTEM32\DEVOBJ.dll
0x0000000050150000 - 0x000000005015f000 	C:\Program Files\Java\jdk1.8.0_101\jre\bin\verify.dll
0x0000000050120000 - 0x0000000050149000 	C:\Program Files\Java\jdk1.8.0_101\jre\bin\java.dll
0x0000000050100000 - 0x0000000050116000 	C:\Program Files\Java\jdk1.8.0_101\jre\bin\zip.dll

VM Arguments:
jvm_args: -Djava.awt.headless=true -Xmx1024M -Dfile.encoding=windows-1256 -Duser.country=US -Duser.language=en -Duser.variant 
java_command: com.android.dx.command.Main --dex --num-threads=4 --output E:\Android summer training\Pro\PipTalk\app\build\intermediates\pre-dexed\debug\com.android.support-recyclerview-v7-24.2.1_c78a72f13a001d931fd5a963543f8725ee7385d8.jar E:\Android summer training\Pro\PipTalk\app\build\intermediates\exploded-aar\com.android.support\recyclerview-v7\24.2.1\jars\classes.jar
java_class_path (initial): E:\BFCI\android SDK\android-sdk-windows\build-tools\24.0.1\lib\dx.jar
Launcher Type: SUN_STANDARD

Environment Variables:
PATH=C:\ProgramData\Oracle\Java\javapath;C:\Windows\system32;C:\Windows;C:\Windows\System32\Wbem;C:\Windows\System32\WindowsPowerShell\v1.0\;C:\Program Files (x86)\Microsoft SQL Server\100\Tools\Binn\;C:\Program Files\Microsoft SQL Server\100\Tools\Binn\;C:\Program Files\Microsoft SQL Server\100\DTS\Binn\;C:\Program Files (x86)\MySQL\MySQL Server 5.0\bin;E:\Installed Programs\runtime\win64;E:\Installed Programs\bin;E:\Installed Programs\polyspace\bin
USERNAME=EL MAGIC
OS=Windows_NT
PROCESSOR_IDENTIFIER=Intel64 Family 6 Model 42 Stepping 7, GenuineIntel



---------------  S Y S T E M  ---------------

OS: Windows 8.1 , 64 bit Build 9600 (6.3.9600.17415)

CPU:total 4 (2 cores per cpu, 2 threads per core) family 6 model 42 stepping 7, cmov, cx8, fxsr, mmx, sse, sse2, sse3, ssse3, sse4.1, sse4.2, popcnt, avx, aes, clmul, ht, tsc, tscinvbit

Memory: 4k page, physical 4098096k(682208k free), swap 5660400k(5644k free)

vm_info: Java HotSpot(TM) 64-Bit Server VM (25.101-b13) for windows-amd64 JRE (1.8.0_101-b13), built on Jun 22 2016 01:21:29 by "java_re" with MS VC++ 10.0 (VS2010)

time: Mon Jun 19 08:59:20 2017
elapsed time: 3 seconds (0d 0h 0m 3s)

