#
# There is insufficient memory for the Java Runtime Environment to continue.
# Native memory allocation (malloc) failed to allocate 246528 bytes for Chunk::new
# Possible reasons:
#   The system is out of physical RAM or swap space
#   In 32 bit mode, the process size limit was hit
# Possible solutions:
#   Reduce memory load on the system
#   Increase physical memory or swap space
#   Check if swap backing store is full
#   Use 64 bit Java on a 64 bit OS
#   Decrease Java heap size (-Xmx/-Xms)
#   Decrease number of Java threads
#   Decrease Java thread stack sizes (-Xss)
#   Set larger code cache with -XX:ReservedCodeCacheSize=
# This output file may be truncated or incomplete.
#
#  Out of Memory Error (allocation.cpp:390), pid=1064, tid=0x000000000000193c
#
# JRE version: Java(TM) SE Runtime Environment (8.0_101-b13) (build 1.8.0_101-b13)
# Java VM: Java HotSpot(TM) 64-Bit Server VM (25.101-b13 mixed mode windows-amd64 compressed oops)
# Failed to write core dump. Minidumps are not enabled by default on client versions of Windows
#

---------------  T H R E A D  ---------------

Current thread (0x0000000007a23000):  JavaThread "C2 CompilerThread1" daemon [_thread_in_native, id=6460, stack(0x0000000007de0000,0x0000000007ee0000)]

Stack: [0x0000000007de0000,0x0000000007ee0000]
[error occurred during error reporting (printing stack bounds), id 0xc0000005]

Native frames: (J=compiled Java code, j=interpreted, Vv=VM code, C=native code)


Current CompileTask:
C2:   2910  803       4       com.android.dx.ssa.SsaBasicBlock::forEachInsn (37 bytes)


---------------  P R O C E S S  ---------------

Java Threads: ( => current thread )
  0x0000000007cbd800 JavaThread "pool-2-thread-4" [_thread_in_Java, id=3676, stack(0x00000000085e0000,0x00000000086e0000)]
  0x0000000007cbb800 JavaThread "pool-2-thread-3" [_thread_blocked, id=5608, stack(0x00000000084e0000,0x00000000085e0000)]
  0x0000000007cd2800 JavaThread "pool-2-thread-2" [_thread_in_Java, id=3856, stack(0x00000000083e0000,0x00000000084e0000)]
  0x0000000007c32000 JavaThread "pool-3-thread-1" [_thread_blocked, id=5700, stack(0x00000000082e0000,0x00000000083e0000)]
  0x0000000007c53000 JavaThread "pool-2-thread-1" [_thread_in_Java, id=336, stack(0x00000000081e0000,0x00000000082e0000)]
  0x0000000007a33000 JavaThread "Service Thread" daemon [_thread_blocked, id=6572, stack(0x0000000007fe0000,0x00000000080e0000)]
  0x0000000007a25800 JavaThread "C1 CompilerThread2" daemon [_thread_in_vm, id=3392, stack(0x0000000007ee0000,0x0000000007fe0000)]
=>0x0000000007a23000 JavaThread "C2 CompilerThread1" daemon [_thread_in_native, id=6460, stack(0x0000000007de0000,0x0000000007ee0000)]
  0x00000000062e8000 JavaThread "C2 CompilerThread0" daemon [_thread_in_native, id=5236, stack(0x00000000078e0000,0x00000000079e0000)]
  0x00000000062e6000 JavaThread "Attach Listener" daemon [_thread_blocked, id=1284, stack(0x00000000077e0000,0x00000000078e0000)]
  0x00000000062e5800 JavaThread "Signal Dispatcher" daemon [_thread_blocked, id=6792, stack(0x00000000076e0000,0x00000000077e0000)]
  0x000000000628a800 JavaThread "Finalizer" daemon [_thread_blocked, id=4100, stack(0x0000000007500000,0x0000000007600000)]
  0x0000000002a7f000 JavaThread "Reference Handler" daemon [_thread_blocked, id=2720, stack(0x0000000007400000,0x0000000007500000)]
  0x0000000002990800 JavaThread "main" [_thread_in_Java, id=4032, stack(0x0000000000e20000,0x0000000000f20000)]

Other Threads:
  0x0000000006267800 VMThread [stack: 0x0000000007300000,0x0000000007400000] [id=5248]
  0x0000000007a9e000 WatcherThread [stack: 0x00000000080e0000,0x00000000081e0000] [id=4768]

VM state:not at safepoint (normal execution)

VM Mutex/Monitor currently owned by a thread: None

Heap:
 PSYoungGen      total 18944K, used 6140K [0x00000000eab00000, 0x00000000ec000000, 0x0000000100000000)
  eden space 16384K, 37% used [0x00000000eab00000,0x00000000eb0ff2b0,0x00000000ebb00000)
  from space 2560K, 0% used [0x00000000ebd80000,0x00000000ebd80000,0x00000000ec000000)
  to   space 2560K, 0% used [0x00000000ebb00000,0x00000000ebb00000,0x00000000ebd80000)
 ParOldGen       total 26112K, used 2367K [0x00000000c0000000, 0x00000000c1980000, 0x00000000eab00000)
  object space 26112K, 9% used [0x00000000c0000000,0x00000000c024fde8,0x00000000c1980000)
 Metaspace       used 5814K, capacity 6832K, committed 7040K, reserved 1058816K
  class space    used 589K, capacity 616K, committed 640K, reserved 1048576K

Card table byte_map: [0x00000000030f0000,0x0000000003300000] byte_map_base: 0x0000000002af0000

Marking Bits: (ParMarkBitMap*) 0x000000007150a6d0
 Begin Bits: [0x0000000003700000, 0x0000000004700000)
 End Bits:   [0x0000000004700000, 0x0000000005700000)

Polling page: 0x0000000000c50000

CodeCache: size=245760Kb used=4066Kb max_used=4066Kb free=241693Kb
 bounds [0x000000000f010000, 0x000000000f410000, 0x000000001e010000]
 total_blobs=1295 nmethods=1032 adapters=176
 compilation: enabled

Compilation events (10 events):
Event: 2.659 Thread 0x0000000007a25800  855       3       java.lang.ref.Finalizer::access$100 (6 bytes)
Event: 2.659 Thread 0x0000000007a25800 nmethod 855 0x000000000f36d610 code [0x000000000f36d780, 0x000000000f36d8e8]
Event: 2.659 Thread 0x0000000007a25800  856   !   3       java.lang.ref.Finalizer::runFinalizer (62 bytes)
Event: 2.660 Thread 0x0000000007a25800 nmethod 856 0x000000000f36fb90 code [0x000000000f36fd40, 0x000000000f3705b8]
Event: 2.660 Thread 0x0000000007a25800  857       3       java.lang.ref.Finalizer::hasBeenFinalized (14 bytes)
Event: 2.660 Thread 0x0000000007a25800 nmethod 857 0x000000000f36f810 code [0x000000000f36f960, 0x000000000f36fb10]
Event: 2.660 Thread 0x0000000007a25800  858   !   3       java.lang.ref.Finalizer::remove (94 bytes)
Event: 2.660 Thread 0x00000000062e8000  862       4       java.util.Arrays::copyOf (46 bytes)
Event: 2.660 Thread 0x0000000007a25800 nmethod 858 0x000000000f36f090 code [0x000000000f36f200, 0x000000000f36f6d0]
Event: 2.660 Thread 0x0000000007a25800  859       3       java.lang.System$2::invokeFinalize (5 bytes)

GC Heap History (2 events):
Event: 2.524 GC heap before
{Heap before GC invocations=1 (full 0):
 PSYoungGen      total 18944K, used 16384K [0x00000000eab00000, 0x00000000ec000000, 0x0000000100000000)
  eden space 16384K, 100% used [0x00000000eab00000,0x00000000ebb00000,0x00000000ebb00000)
  from space 2560K, 0% used [0x00000000ebd80000,0x00000000ebd80000,0x00000000ec000000)
  to   space 2560K, 0% used [0x00000000ebb00000,0x00000000ebb00000,0x00000000ebd80000)
 ParOldGen       total 44032K, used 0K [0x00000000c0000000, 0x00000000c2b00000, 0x00000000eab00000)
  object space 44032K, 0% used [0x00000000c0000000,0x00000000c0000000,0x00000000c2b00000)
 Metaspace       used 5656K, capacity 6704K, committed 6784K, reserved 1056768K
  class space    used 583K, capacity 616K, committed 640K, reserved 1048576K
Event: 2.646 GC heap after
Heap after GC invocations=1 (full 0):
 PSYoungGen      total 18944K, used 2535K [0x00000000eab00000, 0x00000000ec000000, 0x0000000100000000)
  eden space 16384K, 0% used [0x00000000eab00000,0x00000000eab00000,0x00000000ebb00000)
  from space 2560K, 99% used [0x00000000ebb00000,0x00000000ebd79c68,0x00000000ebd80000)
  to   space 2560K, 0% used [0x00000000ebd80000,0x00000000ebd80000,0x00000000ec000000)
 ParOldGen       total 44032K, used 1364K [0x00000000c0000000, 0x00000000c2b00000, 0x00000000eab00000)
  object space 44032K, 3% used [0x00000000c0000000,0x00000000c0155310,0x00000000c2b00000)
 Metaspace       used 5656K, capacity 6704K, committed 6784K, reserved 1056768K
  class space    used 583K, capacity 616K, committed 640K, reserved 1048576K
}

Deoptimization events (1 events):
Event: 2.056 Thread 0x0000000002990800 Uncommon trap: reason=unstable_if action=reinterpret pc=0x000000000f2c50b0 method=java.util.BitSet.ensureCapacity(I)V @ 6

Internal exceptions (2 events):
Event: 0.044 Thread 0x0000000002990800 Exception <a 'java/lang/NoSuchMethodError': Method sun.misc.Unsafe.defineClass(Ljava/lang/String;[BII)Ljava/lang/Class; name or signature does not match> (0x00000000eab07cc0) thrown at [C:\re\workspace\8-2-build-windows-amd64-cygwin\jdk8u101\7261\hotspot\sù≥qöí_¶?
Event: 0.044 Thread 0x0000000002990800 Exception <a 'java/lang/NoSuchMethodError': Method sun.misc.Unsafe.prefetchRead(Ljava/lang/Object;J)V name or signature does not match> (0x00000000eab07fa8) thrown at [C:\re\workspace\8-2-build-windows-amd64-cygwin\jdk8u101\7261\hotspot\src\share\vm\prims\

Events (10 events):
Event: 2.040 loading class com/android/dx/ssa/back/FirstFitLocalCombiningAllocator$Multiset done
Event: 2.056 Thread 0x0000000002990800 Uncommon trap: trap_request=0xffffff65 fr.pc=0x000000000f2c50b0
Event: 2.056 Thread 0x0000000002990800 DEOPT PACKING pc=0x000000000f2c50b0 sp=0x0000000000f1e6b0
Event: 2.056 Thread 0x0000000002990800 DEOPT UNPACKING pc=0x000000000f05582a sp=0x0000000000f1e5f0 mode 2
Event: 2.469 loading class java/util/ArrayList$1
Event: 2.469 loading class java/util/ArrayList$1 done
Event: 2.492 loading class com/android/dx/rop/code/RegOps
Event: 2.492 loading class com/android/dx/rop/code/RegOps done
Event: 2.524 Executing VM operation: ParallelGCFailedAllocation
Event: 2.646 Executing VM operation: ParallelGCFailedAllocation done


Dynamic libraries:
0x00007ff7c0430000 - 0x00007ff7c0467000 	C:\Program Files\Java\jdk1.8.0_101\bin\java.exe
0x00007ffb95ef0000 - 0x00007ffb9609d000 	C:\Windows\SYSTEM32\ntdll.dll
0x00007ffb93f00000 - 0x00007ffb9403e000 	C:\Windows\system32\KERNEL32.DLL
0x00007ffb931c0000 - 0x00007ffb932d5000 	C:\Windows\system32\KERNELBASE.dll
0x00007ffb91b90000 - 0x00007ffb91c1e000 	C:\Windows\system32\apphelp.dll
0x00007ffb81b90000 - 0x00007ffb81be3000 	C:\Windows\AppPatch\AppPatch64\AcGenral.DLL
0x00007ffb93630000 - 0x00007ffb936da000 	C:\Windows\system32\msvcrt.dll
0x00007ffb930e0000 - 0x00007ffb9310e000 	C:\Windows\system32\SspiCli.dll
0x00007ffb95df0000 - 0x00007ffb95e44000 	C:\Windows\system32\SHLWAPI.dll
0x00007ffb93740000 - 0x00007ffb938b7000 	C:\Windows\system32\USER32.dll
0x00007ffb95780000 - 0x00007ffb95914000 	C:\Windows\system32\ole32.dll
0x00007ffb94040000 - 0x00007ffb95568000 	C:\Windows\system32\SHELL32.dll
0x00007ffb92590000 - 0x00007ffb925b1000 	C:\Windows\SYSTEM32\USERENV.dll
0x00007ffb95570000 - 0x00007ffb9561a000 	C:\Windows\system32\ADVAPI32.dll
0x00007ffb8b5f0000 - 0x00007ffb8b60e000 	C:\Windows\SYSTEM32\MPR.dll
0x00007ffb93a20000 - 0x00007ffb93b60000 	C:\Windows\system32\RPCRT4.dll
0x00007ffb95920000 - 0x00007ffb95979000 	C:\Windows\SYSTEM32\sechost.dll
0x00007ffb959e0000 - 0x00007ffb95bf1000 	C:\Windows\SYSTEM32\combase.dll
0x00007ffb95630000 - 0x00007ffb9577f000 	C:\Windows\system32\GDI32.dll
0x00007ffb93010000 - 0x00007ffb93025000 	C:\Windows\SYSTEM32\profapi.dll
0x00007ffb91540000 - 0x00007ffb915f2000 	C:\Windows\SYSTEM32\SHCORE.dll
0x00007ffb95db0000 - 0x00007ffb95de6000 	C:\Windows\system32\IMM32.DLL
0x00007ffb938c0000 - 0x00007ffb93a12000 	C:\Windows\system32\MSCTF.dll
0x00007ffb92f50000 - 0x00007ffb92f81000 	C:\Windows\system32\nvinitx.dll
0x00007ffb92f40000 - 0x00007ffb92f4a000 	C:\Windows\SYSTEM32\VERSION.dll
0x000000000f000000 - 0x000000000f006000 	C:\Program Files\NVIDIA Corporation\CoProcManager\_etoured.dll
0x00007ffb91ca0000 - 0x00007ffb91cd1000 	C:\Program Files\NVIDIA Corporation\CoProcManager\nvd3d9wrapx.dll
0x00007ffb93b60000 - 0x00007ffb93d3a000 	C:\Windows\system32\SETUPAPI.dll
0x00007ffb93170000 - 0x00007ffb931bf000 	C:\Windows\system32\CFGMGR32.dll
0x00007ffb91740000 - 0x00007ffb91762000 	C:\Program Files\NVIDIA Corporation\CoProcManager\nvdxgiwrapx.dll
0x00007ffb910c0000 - 0x00007ffb9133b000 	C:\Windows\WinSxS\amd64_microsoft.windows.common-controls_6595b64144ccf1df_6.0.9600.18006_none_623f33d3ecbe86e8\COMCTL32.dll
0x0000000070860000 - 0x0000000070932000 	C:\Program Files\Java\jdk1.8.0_101\jre\bin\msvcr100.dll
0x0000000070cf0000 - 0x000000007158a000 	C:\Program Files\Java\jdk1.8.0_101\jre\bin\server\jvm.dll
0x00007ffb8d160000 - 0x00007ffb8d169000 	C:\Windows\SYSTEM32\WSOCK32.dll
0x00007ffb90bf0000 - 0x00007ffb90c12000 	C:\Windows\SYSTEM32\WINMM.dll
0x00007ffb95ec0000 - 0x00007ffb95ec7000 	C:\Windows\system32\PSAPI.DLL
0x00007ffb936e0000 - 0x00007ffb9373a000 	C:\Windows\system32\WS2_32.dll
0x00007ffb90bc0000 - 0x00007ffb90bea000 	C:\Windows\SYSTEM32\WINMMBASE.dll
0x00007ffb95620000 - 0x00007ffb95629000 	C:\Windows\system32\NSI.dll
0x00007ffb91de0000 - 0x00007ffb91e08000 	C:\Windows\SYSTEM32\DEVOBJ.dll
0x0000000071890000 - 0x000000007189f000 	C:\Program Files\Java\jdk1.8.0_101\jre\bin\verify.dll
0x0000000070cc0000 - 0x0000000070ce9000 	C:\Program Files\Java\jdk1.8.0_101\jre\bin\java.dll
0x0000000070ca0000 - 0x0000000070cb6000 	C:\Program Files\Java\jdk1.8.0_101\jre\bin\zip.dll

VM Arguments:
jvm_args: -Djava.awt.headless=true -Xmx1024M -Dfile.encoding=windows-1256 -Duser.country=US -Duser.language=en -Duser.variant 
java_command: com.android.dx.command.Main --dex --force-jumbo --num-threads=4 --multi-dex --output E:\Android summer training\Pro\PipTalk\app\build\intermediates\transforms\dex\debug\folders\1000\10\com.android.support-design-24.2.1_81f81298d2db85f13c332e515bee4bcb39e543e7 E:\Android summer training\Pro\PipTalk\app\build\intermediates\exploded-aar\com.android.support\design\24.2.1\jars\classes.jar
java_class_path (initial): E:\BFCI\android SDK\android-sdk-windows\build-tools\24.0.1\lib\dx.jar
Launcher Type: SUN_STANDARD

Environment Variables:
PATH=C:\ProgramData\Oracle\Java\javapath;C:\Windows\system32;C:\Windows;C:\Windows\System32\Wbem;C:\Windows\System32\WindowsPowerShell\v1.0\;C:\Program Files (x86)\Microsoft SQL Server\100\Tools\Binn\;C:\Program Files\Microsoft SQL Server\100\Tools\Binn\;C:\Program Files\Microsoft SQL Server\100\DTS\Binn\;C:\Program Files (x86)\MySQL\MySQL Server 5.0\bin;E:\Installed Programs\runtime\win64;E:\Installed Programs\bin;E:\Installed Programs\polyspace\bin
USERNAME=EL MAGIC
OS=Windows_NT
PROCESSOR_IDENTIFIER=Intel64 Family 6 Model 42 Stepping 7, GenuineIntel



---------------  S Y S T E M  ---------------

OS: Windows 8.1 , 64 bit Build 9600 (6.3.9600.17415)

CPU:total 4 (2 cores per cpu, 2 threads per core) family 6 model 42 stepping 7, cmov, cx8, fxsr, mmx, sse, sse2, sse3, ssse3, sse4.1, sse4.2, popcnt, avx, aes, clmul, ht, tsc, tscinvbit

Memory: 4k page, physical 4098096k(201096k free), swap 7243824k(10536k free)

vm_info: Java HotSpot(TM) 64-Bit Server VM (25.101-b13) for windows-amd64 JRE (1.8.0_101-b13), built on Jun 22 2016 01:21:29 by "java_re" with MS VC++ 10.0 (VS2010)

time: Mon Feb 27 23:57:29 2017
elapsed time: 2 seconds (0d 0h 0m 2s)

