#
# There is insufficient memory for the Java Runtime Environment to continue.
# Native memory allocation (malloc) failed to allocate 114928 bytes for Chunk::new
# Possible reasons:
#   The system is out of physical RAM or swap space
#   In 32 bit mode, the process size limit was hit
# Possible solutions:
#   Reduce memory load on the system
#   Increase physical memory or swap space
#   Check if swap backing store is full
#   Use 64 bit Java on a 64 bit OS
#   Decrease Java heap size (-Xmx/-Xms)
#   Decrease number of Java threads
#   Decrease Java thread stack sizes (-Xss)
#   Set larger code cache with -XX:ReservedCodeCacheSize=
# This output file may be truncated or incomplete.
#
#  Out of Memory Error (allocation.cpp:390), pid=4352, tid=0x0000000000000644
#
# JRE version: Java(TM) SE Runtime Environment (8.0_101-b13) (build 1.8.0_101-b13)
# Java VM: Java HotSpot(TM) 64-Bit Server VM (25.101-b13 mixed mode windows-amd64 compressed oops)
# Failed to write core dump. Minidumps are not enabled by default on client versions of Windows
#

---------------  T H R E A D  ---------------

Current thread (0x0000000007983800):  JavaThread "C2 CompilerThread1" daemon [_thread_in_native, id=1604, stack(0x0000000007d40000,0x0000000007e40000)]

Stack: [0x0000000007d40000,0x0000000007e40000]
[error occurred during error reporting (printing stack bounds), id 0xc0000005]

Native frames: (J=compiled Java code, j=interpreted, Vv=VM code, C=native code)


Current CompileTask:
C2:    904  141       4       java.util.regex.Pattern::compile (406 bytes)


---------------  P R O C E S S  ---------------

Java Threads: ( => current thread )
  0x0000000007cd8800 JavaThread "pool-1-thread-2" [_thread_in_vm, id=5808, stack(0x0000000008540000,0x0000000008640000)]
  0x0000000007bca000 JavaThread "pool-2-thread-1" [_thread_blocked, id=5088, stack(0x0000000008240000,0x0000000008340000)]
  0x0000000007c1d000 JavaThread "pool-1-thread-1" [_thread_blocked, id=1968, stack(0x0000000008140000,0x0000000008240000)]
  0x0000000007991000 JavaThread "Service Thread" daemon [_thread_blocked, id=4172, stack(0x0000000007f40000,0x0000000008040000)]
  0x0000000007989800 JavaThread "C1 CompilerThread2" daemon [_thread_in_native, id=868, stack(0x0000000007e40000,0x0000000007f40000)]
=>0x0000000007983800 JavaThread "C2 CompilerThread1" daemon [_thread_in_native, id=1604, stack(0x0000000007d40000,0x0000000007e40000)]
  0x0000000006229000 JavaThread "C2 CompilerThread0" daemon [_thread_blocked, id=5536, stack(0x0000000007840000,0x0000000007940000)]
  0x0000000006227000 JavaThread "Attach Listener" daemon [_thread_blocked, id=6988, stack(0x0000000007740000,0x0000000007840000)]
  0x0000000006226000 JavaThread "Signal Dispatcher" daemon [_thread_blocked, id=3192, stack(0x0000000007640000,0x0000000007740000)]
  0x00000000061ca800 JavaThread "Finalizer" daemon [_thread_blocked, id=2596, stack(0x0000000007440000,0x0000000007540000)]
  0x00000000061a9000 JavaThread "Reference Handler" daemon [_thread_blocked, id=6004, stack(0x0000000007340000,0x0000000007440000)]
  0x00000000029c0800 JavaThread "main" [_thread_in_Java, id=2456, stack(0x0000000002890000,0x0000000002990000)]

Other Threads:
  0x00000000061a6800 VMThread [stack: 0x0000000007240000,0x0000000007340000] [id=6412]
  0x00000000079db800 WatcherThread [stack: 0x0000000008040000,0x0000000008140000] [id=5828]

VM state:not at safepoint (normal execution)

VM Mutex/Monitor currently owned by a thread: None

Heap:
 PSYoungGen      total 18944K, used 3317K [0x00000000eab00000, 0x00000000ec000000, 0x0000000100000000)
  eden space 16384K, 20% used [0x00000000eab00000,0x00000000eae3d478,0x00000000ebb00000)
  from space 2560K, 0% used [0x00000000ebb00000,0x00000000ebb00000,0x00000000ebd80000)
  to   space 2560K, 0% used [0x00000000ebd80000,0x00000000ebd80000,0x00000000ec000000)
 ParOldGen       total 31232K, used 989K [0x00000000c0000000, 0x00000000c1e80000, 0x00000000eab00000)
  object space 31232K, 3% used [0x00000000c0000000,0x00000000c00f74c8,0x00000000c1e80000)
 Metaspace       used 4248K, capacity 5296K, committed 5376K, reserved 1058816K
  class space    used 470K, capacity 488K, committed 512K, reserved 1048576K

Card table byte_map: [0x0000000002ed0000,0x00000000030e0000] byte_map_base: 0x00000000028d0000

Marking Bits: (ParMarkBitMap*) 0x000000007150a6d0
 Begin Bits: [0x0000000003640000, 0x0000000004640000)
 End Bits:   [0x0000000004640000, 0x0000000005640000)

Polling page: 0x0000000000d10000

CodeCache: size=245760Kb used=1641Kb max_used=1641Kb free=244119Kb
 bounds [0x000000000f010000, 0x000000000f280000, 0x000000001e010000]
 total_blobs=518 nmethods=259 adapters=172
 compilation: enabled

Compilation events (10 events):
Event: 0.810 Thread 0x0000000007989800  159       3       java.util.HashMap::putVal (300 bytes)
Event: 0.811 Thread 0x0000000007989800 nmethod 159 0x000000000f16e790 code [0x000000000f16ea00, 0x000000000f16fcb8]
Event: 0.812 Thread 0x0000000007989800  160  s    3       java.io.ByteArrayInputStream::read (36 bytes)
Event: 0.812 Thread 0x0000000007989800 nmethod 160 0x000000000f171a90 code [0x000000000f171c00, 0x000000000f171f50]
Event: 0.813 Thread 0x0000000007989800  161       3       java.io.DataInputStream::readByte (23 bytes)
Event: 0.813 Thread 0x0000000007989800 nmethod 161 0x000000000f172050 code [0x000000000f1721e0, 0x000000000f1724b8]
Event: 0.814 Thread 0x0000000007989800  162       3       java.util.zip.CRC32::update (16 bytes)
Event: 0.814 Thread 0x0000000007989800 nmethod 162 0x000000000f1729d0 code [0x000000000f172b20, 0x000000000f172cb0]
Event: 0.814 Thread 0x0000000007989800  163       3       sun.util.calendar.ZoneInfoFile$Checksum::update (39 bytes)
Event: 0.814 Thread 0x0000000007989800 nmethod 163 0x000000000f172d50 code [0x000000000f172ec0, 0x000000000f1731d0]

GC Heap History (3 events):
Event: 0.819 GC heap before
{Heap before GC invocations=1 (full 0):
 PSYoungGen      total 18944K, used 6326K [0x00000000eab00000, 0x00000000ec000000, 0x0000000100000000)
  eden space 16384K, 38% used [0x00000000eab00000,0x00000000eb12dba8,0x00000000ebb00000)
  from space 2560K, 0% used [0x00000000ebd80000,0x00000000ebd80000,0x00000000ec000000)
  to   space 2560K, 0% used [0x00000000ebb00000,0x00000000ebb00000,0x00000000ebd80000)
 ParOldGen       total 44032K, used 0K [0x00000000c0000000, 0x00000000c2b00000, 0x00000000eab00000)
  object space 44032K, 0% used [0x00000000c0000000,0x00000000c0000000,0x00000000c2b00000)
 Metaspace       used 3619K, capacity 4720K, committed 4864K, reserved 1060864K
  class space    used 392K, capacity 424K, committed 512K, reserved 1048576K
Event: 0.821 GC heap after
Heap after GC invocations=1 (full 0):
 PSYoungGen      total 18944K, used 1060K [0x00000000eab00000, 0x00000000ec000000, 0x0000000100000000)
  eden space 16384K, 0% used [0x00000000eab00000,0x00000000eab00000,0x00000000ebb00000)
  from space 2560K, 41% used [0x00000000ebb00000,0x00000000ebc09240,0x00000000ebd80000)
  to   space 2560K, 0% used [0x00000000ebd80000,0x00000000ebd80000,0x00000000ec000000)
 ParOldGen       total 44032K, used 8K [0x00000000c0000000, 0x00000000c2b00000, 0x00000000eab00000)
  object space 44032K, 0% used [0x00000000c0000000,0x00000000c0002000,0x00000000c2b00000)
 Metaspace       used 3619K, capacity 4720K, committed 4864K, reserved 1060864K
  class space    used 392K, capacity 424K, committed 512K, reserved 1048576K
}
Event: 0.821 GC heap before
{Heap before GC invocations=2 (full 1):
 PSYoungGen      total 18944K, used 1060K [0x00000000eab00000, 0x00000000ec000000, 0x0000000100000000)
  eden space 16384K, 0% used [0x00000000eab00000,0x00000000eab00000,0x00000000ebb00000)
  from space 2560K, 41% used [0x00000000ebb00000,0x00000000ebc09240,0x00000000ebd80000)
  to   space 2560K, 0% used [0x00000000ebd80000,0x00000000ebd80000,0x00000000ec000000)
 ParOldGen       total 44032K, used 8K [0x00000000c0000000, 0x00000000c2b00000, 0x00000000eab00000)
  object space 44032K, 0% used [0x00000000c0000000,0x00000000c0002000,0x00000000c2b00000)
 Metaspace       used 3619K, capacity 4720K, committed 4864K, reserved 1060864K
  class space    used 392K, capacity 424K, committed 512K, reserved 1048576K

Deoptimization events (0 events):
No events

Internal exceptions (2 events):
Event: 0.103 Thread 0x00000000029c0800 Exception <a 'java/lang/NoSuchMethodError': Method sun.misc.Unsafe.defineClass(Ljava/lang/String;[BII)Ljava/lang/Class; name or signature does not match> (0x00000000eab07cc0) thrown at [C:\re\workspace\8-2-build-windows-amd64-cygwin\jdk8u101\7261\hotspot\sI_8«qBº?
Event: 0.103 Thread 0x00000000029c0800 Exception <a 'java/lang/NoSuchMethodError': Method sun.misc.Unsafe.prefetchRead(Ljava/lang/Object;J)V name or signature does not match> (0x00000000eab07fa8) thrown at [C:\re\workspace\8-2-build-windows-amd64-cygwin\jdk8u101\7261\hotspot\src\share\vm\prims\

Events (10 events):
Event: 0.815 loading class sun/util/calendar/BaseCalendar$Date
Event: 0.815 loading class sun/util/calendar/CalendarDate
Event: 0.815 loading class sun/util/calendar/CalendarDate done
Event: 0.815 loading class sun/util/calendar/BaseCalendar$Date done
Event: 0.815 loading class sun/util/calendar/Gregorian$Date done
Event: 0.815 loading class sun/util/calendar/CalendarUtils
Event: 0.816 loading class sun/util/calendar/CalendarUtils done
Event: 0.817 loading class com/android/dx/command/dexer/Main$DirectClassFileConsumer
Event: 0.817 loading class com/android/dx/command/dexer/Main$DirectClassFileConsumer done
Event: 0.819 Executing VM operation: CollectForMetadataAllocation


Dynamic libraries:
0x00007ff7c0430000 - 0x00007ff7c0467000 	C:\Program Files\Java\jdk1.8.0_101\bin\java.exe
0x00007ffb95ef0000 - 0x00007ffb9609d000 	C:\Windows\SYSTEM32\ntdll.dll
0x00007ffb93f00000 - 0x00007ffb9403e000 	C:\Windows\system32\KERNEL32.DLL
0x00007ffb931c0000 - 0x00007ffb932d5000 	C:\Windows\system32\KERNELBASE.dll
0x00007ffb91b90000 - 0x00007ffb91c1e000 	C:\Windows\system32\apphelp.dll
0x00007ffb81b90000 - 0x00007ffb81be3000 	C:\Windows\AppPatch\AppPatch64\AcGenral.DLL
0x00007ffb93630000 - 0x00007ffb936da000 	C:\Windows\system32\msvcrt.dll
0x00007ffb930e0000 - 0x00007ffb9310e000 	C:\Windows\system32\SspiCli.dll
0x00007ffb95df0000 - 0x00007ffb95e44000 	C:\Windows\system32\SHLWAPI.dll
0x00007ffb93740000 - 0x00007ffb938b7000 	C:\Windows\system32\USER32.dll
0x00007ffb95780000 - 0x00007ffb95914000 	C:\Windows\system32\ole32.dll
0x00007ffb94040000 - 0x00007ffb95568000 	C:\Windows\system32\SHELL32.dll
0x00007ffb92590000 - 0x00007ffb925b1000 	C:\Windows\SYSTEM32\USERENV.dll
0x00007ffb95570000 - 0x00007ffb9561a000 	C:\Windows\system32\ADVAPI32.dll
0x00007ffb8b5f0000 - 0x00007ffb8b60e000 	C:\Windows\SYSTEM32\MPR.dll
0x00007ffb93a20000 - 0x00007ffb93b60000 	C:\Windows\system32\RPCRT4.dll
0x00007ffb95920000 - 0x00007ffb95979000 	C:\Windows\SYSTEM32\sechost.dll
0x00007ffb959e0000 - 0x00007ffb95bf1000 	C:\Windows\SYSTEM32\combase.dll
0x00007ffb95630000 - 0x00007ffb9577f000 	C:\Windows\system32\GDI32.dll
0x00007ffb93010000 - 0x00007ffb93025000 	C:\Windows\SYSTEM32\profapi.dll
0x00007ffb91540000 - 0x00007ffb915f2000 	C:\Windows\SYSTEM32\SHCORE.dll
0x00007ffb95db0000 - 0x00007ffb95de6000 	C:\Windows\system32\IMM32.DLL
0x00007ffb938c0000 - 0x00007ffb93a12000 	C:\Windows\system32\MSCTF.dll
0x00007ffb92f50000 - 0x00007ffb92f81000 	C:\Windows\system32\nvinitx.dll
0x00007ffb92f40000 - 0x00007ffb92f4a000 	C:\Windows\SYSTEM32\VERSION.dll
0x000000000f000000 - 0x000000000f006000 	C:\Program Files\NVIDIA Corporation\CoProcManager\_etoured.dll
0x00007ffb91ca0000 - 0x00007ffb91cd1000 	C:\Program Files\NVIDIA Corporation\CoProcManager\nvd3d9wrapx.dll
0x00007ffb93b60000 - 0x00007ffb93d3a000 	C:\Windows\system32\SETUPAPI.dll
0x00007ffb93170000 - 0x00007ffb931bf000 	C:\Windows\system32\CFGMGR32.dll
0x00007ffb91740000 - 0x00007ffb91762000 	C:\Program Files\NVIDIA Corporation\CoProcManager\nvdxgiwrapx.dll
0x00007ffb910c0000 - 0x00007ffb9133b000 	C:\Windows\WinSxS\amd64_microsoft.windows.common-controls_6595b64144ccf1df_6.0.9600.18006_none_623f33d3ecbe86e8\COMCTL32.dll
0x0000000070860000 - 0x0000000070932000 	C:\Program Files\Java\jdk1.8.0_101\jre\bin\msvcr100.dll
0x0000000070cf0000 - 0x000000007158a000 	C:\Program Files\Java\jdk1.8.0_101\jre\bin\server\jvm.dll
0x00007ffb8d160000 - 0x00007ffb8d169000 	C:\Windows\SYSTEM32\WSOCK32.dll
0x00007ffb90bf0000 - 0x00007ffb90c12000 	C:\Windows\SYSTEM32\WINMM.dll
0x00007ffb95ec0000 - 0x00007ffb95ec7000 	C:\Windows\system32\PSAPI.DLL
0x00007ffb936e0000 - 0x00007ffb9373a000 	C:\Windows\system32\WS2_32.dll
0x00007ffb90bc0000 - 0x00007ffb90bea000 	C:\Windows\SYSTEM32\WINMMBASE.dll
0x00007ffb95620000 - 0x00007ffb95629000 	C:\Windows\system32\NSI.dll
0x00007ffb91de0000 - 0x00007ffb91e08000 	C:\Windows\SYSTEM32\DEVOBJ.dll
0x0000000071890000 - 0x000000007189f000 	C:\Program Files\Java\jdk1.8.0_101\jre\bin\verify.dll
0x0000000070cc0000 - 0x0000000070ce9000 	C:\Program Files\Java\jdk1.8.0_101\jre\bin\java.dll
0x0000000070ca0000 - 0x0000000070cb6000 	C:\Program Files\Java\jdk1.8.0_101\jre\bin\zip.dll

VM Arguments:
jvm_args: -Djava.awt.headless=true -Xmx1024M -Dfile.encoding=windows-1256 -Duser.country=US -Duser.language=en -Duser.variant 
java_command: com.android.dx.command.Main --dex --num-threads=4 --output E:\Android summer training\Pro\PipTalk\app\build\intermediates\pre-dexed\debug\smack-core-4.2.0-beta2_e7866cc932a88b0a70902a0281d4a776fddcdf16.jar C:\Users\EL MAGIC\.gradle\caches\modules-2\files-2.1\org.igniterealtime.smack\smack-core\4.2.0-beta2\dec19022e442de85f072941d34917ccdde6f0060\smack-core-4.2.0-beta2.jar
java_class_path (initial): E:\BFCI\android SDK\android-sdk-windows\build-tools\24.0.1\lib\dx.jar
Launcher Type: SUN_STANDARD

Environment Variables:
PATH=C:\ProgramData\Oracle\Java\javapath;C:\Windows\system32;C:\Windows;C:\Windows\System32\Wbem;C:\Windows\System32\WindowsPowerShell\v1.0\;C:\Program Files (x86)\Microsoft SQL Server\100\Tools\Binn\;C:\Program Files\Microsoft SQL Server\100\Tools\Binn\;C:\Program Files\Microsoft SQL Server\100\DTS\Binn\;C:\Program Files (x86)\MySQL\MySQL Server 5.0\bin;E:\Installed Programs\runtime\win64;E:\Installed Programs\bin;E:\Installed Programs\polyspace\bin
USERNAME=EL MAGIC
OS=Windows_NT
PROCESSOR_IDENTIFIER=Intel64 Family 6 Model 42 Stepping 7, GenuineIntel



---------------  S Y S T E M  ---------------

OS: Windows 8.1 , 64 bit Build 9600 (6.3.9600.17415)

CPU:total 4 (2 cores per cpu, 2 threads per core) family 6 model 42 stepping 7, cmov, cx8, fxsr, mmx, sse, sse2, sse3, ssse3, sse4.1, sse4.2, popcnt, avx, aes, clmul, ht, tsc, tscinvbit

Memory: 4k page, physical 4098096k(279204k free), swap 7243824k(14680k free)

vm_info: Java HotSpot(TM) 64-Bit Server VM (25.101-b13) for windows-amd64 JRE (1.8.0_101-b13), built on Jun 22 2016 01:21:29 by "java_re" with MS VC++ 10.0 (VS2010)

time: Tue Feb 28 01:11:54 2017
elapsed time: 0 seconds (0d 0h 0m 0s)

