#
# A fatal error has been detected by the Java Runtime Environment:
#
#  EXCEPTION_ACCESS_VIOLATION (0xc0000005) at pc=0x0000000076ea3987, pid=4368, tid=0x0000000000000170
#
# JRE version: Java(TM) SE Runtime Environment (8.0_101-b13) (build 1.8.0_101-b13)
# Java VM: Java HotSpot(TM) 64-Bit Server VM (25.101-b13 mixed mode windows-amd64 compressed oops)
# Problematic frame:
# V  [jvm.dll+0x213987]
#
# Failed to write core dump. Minidumps are not enabled by default on client versions of Windows
#
# If you would like to submit a bug report, please visit:
#   http://bugreport.java.com/bugreport/crash.jsp
#

---------------  T H R E A D  ---------------

Current thread (0x0000000005dd6000):  JavaThread "Signal Dispatcher" daemon [_thread_in_vm, id=368, stack(0x00000000071c0000,0x00000000072c0000)]

siginfo: ExceptionCode=0xc0000005, writing address 0x00000000072ba2a0

Registers:
RAX=0x00000000072ba2a0, RBX=0x0000000000000006, RCX=0x0000000000005000, RDX=0x0000000000000006
RSP=0x00000000072bf2a0, RBP=0x0000000000000000, RSI=0x00000000072bf2a0, RDI=0x0000000000000006
R8 =0x0000000000000006, R9 =0x0000000005d576f0, R10=0x000000000541d580, R11=0x00000000071ca150
R12=0x0000000005d576f0, R13=0x0000000005dd6000, R14=0x00000000072bf368, R15=0x000000000541d580
RIP=0x0000000076ea3987, EFLAGS=0x0000000000010206

Top of Stack: (sp=0x00000000072bf2a0)
0x00000000072bf2a0:   00007ff99492e8a8 00007ff99483bee8
0x00000000072bf2b0:   0000000005dd6000 0000000005d576f0
0x00000000072bf2c0:   00000000ffffffff 0000000076ea48b7
0x00000000072bf2d0:   00000000072bf3d0 000000000541d580
0x00000000072bf2e0:   0000000005dd6000 0000000076d504e3
0x00000000072bf2f0:   00000000072bf330 0000000005dd6000
0x00000000072bf300:   00000000072bf3c0 0000000005dd6000
0x00000000072bf310:   000000000541d580 0000000005dd6000
0x00000000072bf320:   000000000f023200 0000000005dd6000
0x00000000072bf330:   000000000541d580 0000000005dd6000
0x00000000072bf340:   000000000541d580 0000000005dd6000
0x00000000072bf350:   0000000000000001 000000000541d580
0x00000000072bf360:   0000000005dd6000 0000000005d57eb0
0x00000000072bf370:   0000000005dd6000 0000000076d519cd
0x00000000072bf380:   00000000072bf6d0 00000001000069a0
0x00000000072bf390:   00000001000069a0 0000000000000000 

Instructions: (pc=0x0000000076ea3987)
0x0000000076ea3967:   48 89 6c 24 30 33 ed 66 90 e8 cb 37 08 00 ff c3
0x0000000076ea3977:   48 63 c8 48 8b c6 48 0f af cf 48 ff c7 48 2b c1
0x0000000076ea3987:   89 28 48 63 c3 48 3b 05 3d 0d 59 00 7e db 48 8b
0x0000000076ea3997:   6c 24 30 48 8b 5c 24 38 48 8b 74 24 40 48 83 c4 


Register to memory mapping:

RAX=0x00000000072ba2a0 is pointing into the stack for thread: 0x0000000005dd6000
RBX=0x0000000000000006 is an unknown value
RCX=0x0000000000005000 is an unknown value
RDX=0x0000000000000006 is an unknown value
RSP=0x00000000072bf2a0 is pointing into the stack for thread: 0x0000000005dd6000
RBP=0x0000000000000000 is an unknown value
RSI=0x00000000072bf2a0 is pointing into the stack for thread: 0x0000000005dd6000
RDI=0x0000000000000006 is an unknown value
R8 =0x0000000000000006 is an unknown value
R9 =0x0000000005d576f0 is an unknown value
R10={method} {0x000000000541d588} 'exit' '()V' in 'java/lang/Thread'
R11=0x00000000071ca150 is pointing into the stack for thread: 0x0000000005dd6000
R12=0x0000000005d576f0 is an unknown value
R13=0x0000000005dd6000 is a thread
R14=0x00000000072bf368 is pointing into the stack for thread: 0x0000000005dd6000
R15={method} {0x000000000541d588} 'exit' '()V' in 'java/lang/Thread'


Stack: [0x00000000071c0000,0x00000000072c0000],  sp=0x00000000072bf2a0,  free space=1020k
Native frames: (J=compiled Java code, j=interpreted, Vv=VM code, C=native code)


---------------  P R O C E S S  ---------------

Java Threads: ( => current thread )
  0x0000000007741800 JavaThread "pool-1-thread-3" [_thread_blocked, id=6976, stack(0x0000000007fc0000,0x00000000080c0000)]
  0x0000000007740800 JavaThread "pool-1-thread-2" [_thread_blocked, id=3376, stack(0x0000000007ec0000,0x0000000007fc0000)]
  0x0000000007739000 JavaThread "pool-2-thread-1" [_thread_blocked, id=4684, stack(0x0000000007dc0000,0x0000000007ec0000)]
  0x0000000007725800 JavaThread "pool-1-thread-1" [_thread_blocked, id=6940, stack(0x0000000007cc0000,0x0000000007dc0000)]
  0x0000000007513000 JavaThread "Service Thread" daemon [_thread_blocked, id=1132, stack(0x0000000007ac0000,0x0000000007bc0000)]
  0x000000000750b800 JavaThread "C1 CompilerThread2" daemon [_thread_blocked, id=6688, stack(0x00000000079c0000,0x0000000007ac0000)]
  0x0000000007507000 JavaThread "C2 CompilerThread1" daemon [_thread_blocked, id=5196, stack(0x00000000078c0000,0x00000000079c0000)]
  0x0000000005dd9000 JavaThread "C2 CompilerThread0" daemon [_thread_blocked, id=4136, stack(0x00000000073c0000,0x00000000074c0000)]
  0x0000000005dd7000 JavaThread "Attach Listener" daemon [_thread_blocked, id=6508, stack(0x00000000072c0000,0x00000000073c0000)]
=>0x0000000005dd6000 JavaThread "Signal Dispatcher" daemon [_thread_in_vm, id=368, stack(0x00000000071c0000,0x00000000072c0000)]
  0x0000000005d7a000 JavaThread "Finalizer" daemon [_thread_blocked, id=7144, stack(0x0000000006fe0000,0x00000000070e0000)]
  0x0000000005d58800 JavaThread "Reference Handler" daemon [_thread_blocked, id=2044, stack(0x0000000006ee0000,0x0000000006fe0000)]
  0x00000000025c0800 JavaThread "main" [_thread_blocked, id=5184, stack(0x00000000024c0000,0x00000000025c0000)]

Other Threads:
  0x0000000005d56800 VMThread [stack: 0x0000000006de0000,0x0000000006ee0000] [id=6540]

VM state:synchronizing (normal execution)

VM Mutex/Monitor currently owned by a thread:  ([mutex/lock_event])
[0x00000000024bbf70] Threads_lock - owner thread: 0x0000000005d56800

Heap:
 PSYoungGen      total 18944K, used 7260K [0x00000000eab00000, 0x00000000ec000000, 0x0000000100000000)
  eden space 16384K, 44% used [0x00000000eab00000,0x00000000eb217250,0x00000000ebb00000)
  from space 2560K, 0% used [0x00000000ebd80000,0x00000000ebd80000,0x00000000ec000000)
  to   space 2560K, 0% used [0x00000000ebb00000,0x00000000ebb00000,0x00000000ebd80000)
 ParOldGen       total 44032K, used 0K [0x00000000c0000000, 0x00000000c2b00000, 0x00000000eab00000)
  object space 44032K, 0% used [0x00000000c0000000,0x00000000c0000000,0x00000000c2b00000)
 Metaspace       used 3830K, capacity 5008K, committed 5120K, reserved 1056768K
  class space    used 428K, capacity 456K, committed 512K, reserved 1048576K

Card table byte_map: [0x0000000002a80000,0x0000000002c90000] byte_map_base: 0x0000000002480000

Marking Bits: (ParMarkBitMap*) 0x00000000774aa6d0
 Begin Bits: [0x00000000031f0000, 0x00000000041f0000)
 End Bits:   [0x00000000041f0000, 0x00000000051f0000)

Polling page: 0x00000000007f0000

CodeCache: size=245760Kb used=1469Kb max_used=1469Kb free=244290Kb
 bounds [0x000000000f010000, 0x000000000f280000, 0x000000001e010000]
 total_blobs=443 nmethods=193 adapters=163
 compilation: enabled

Compilation events (10 events):
Event: 2.019 Thread 0x000000000750b800  190       3       com.android.dx.util.MutabilityControl::throwIfImmutable (18 bytes)
Event: 2.019 Thread 0x000000000750b800 nmethod 190 0x000000000f178b90 code [0x000000000f178d00, 0x000000000f178f68]
Event: 2.019 Thread 0x000000000750b800  188       3       java.util.HashMap::put (13 bytes)
Event: 2.019 Thread 0x000000000750b800 nmethod 188 0x000000000f17cb90 code [0x000000000f17cd20, 0x000000000f17d0d8]
Event: 2.021 Thread 0x000000000750b800  191       1       java.nio.Buffer::position (5 bytes)
Event: 2.021 Thread 0x000000000750b800 nmethod 191 0x000000000f17c8d0 code [0x000000000f17ca20, 0x000000000f17cb30]
Event: 2.021 Thread 0x000000000750b800  192       1       java.nio.Buffer::limit (5 bytes)
Event: 2.021 Thread 0x000000000750b800 nmethod 192 0x000000000f17c610 code [0x000000000f17c760, 0x000000000f17c870]
Event: 2.021 Thread 0x000000000750b800  193       3       java.nio.Buffer::position (43 bytes)
Event: 2.022 Thread 0x000000000750b800 nmethod 193 0x000000000f17c110 code [0x000000000f17c280, 0x000000000f17c548]

GC Heap History (0 events):
No events

Deoptimization events (0 events):
No events

Internal exceptions (3 events):
Event: 0.087 Thread 0x00000000025c0800 Exception <a 'java/lang/NoSuchMethodError': Method sun.misc.Unsafe.defineClass(Ljava/lang/String;[BII)Ljava/lang/Class; name or signature does not match> (0x00000000eab07cc0) thrown at [C:\re\workspace\8-2-build-windows-amd64-cygwin\jdk8u101\7261\hotspot\sÂSb|*¶?
Event: 0.087 Thread 0x00000000025c0800 Exception <a 'java/lang/NoSuchMethodError': Method sun.misc.Unsafe.prefetchRead(Ljava/lang/Object;J)V name or signature does not match> (0x00000000eab07fa8) thrown at [C:\re\workspace\8-2-build-windows-amd64-cygwin\jdk8u101\7261\hotspot\src\share\vm\prims\uFžØ²&
Event: 2.019 Thread 0x00000000025c0800 Exception <a 'java/lang/OutOfMemoryError': unable to create new native thread> (0x00000000eb1f1528) thrown at [C:\re\workspace\8-2-build-windows-amd64-cygwin\jdk8u101\7261\hotspot\src\share\vm\prims\jvm.cpp, line 3020]

Events (10 events):
Event: 2.019 loading class java/lang/Throwable$WrappedPrintStream done
Event: 2.020 loading class java/util/IdentityHashMap
Event: 2.020 loading class java/util/IdentityHashMap done
Event: 2.020 loading class java/util/IdentityHashMap$KeySet
Event: 2.020 loading class java/util/IdentityHashMap$KeySet done
Event: 2.022 loading class java/lang/Shutdown
Event: 2.022 loading class java/lang/Shutdown done
Event: 2.022 loading class java/lang/Shutdown$Lock
Event: 2.022 loading class java/lang/Shutdown$Lock done
Event: 2.022 Executing VM operation: Exit


Dynamic libraries:
0x00007ff7a5fc0000 - 0x00007ff7a5ff7000 	C:\Program Files\Java\jdk1.8.0_101\bin\java.exe
0x00007ff994800000 - 0x00007ff9949ad000 	C:\Windows\SYSTEM32\ntdll.dll
0x00007ff9924c0000 - 0x00007ff9925fe000 	C:\Windows\system32\KERNEL32.DLL
0x00007ff991aa0000 - 0x00007ff991bb5000 	C:\Windows\system32\KERNELBASE.dll
0x00007ff990100000 - 0x00007ff99018e000 	C:\Windows\system32\apphelp.dll
0x00007ff981a70000 - 0x00007ff981ac3000 	C:\Windows\AppPatch\AppPatch64\AcGenral.DLL
0x00007ff991e80000 - 0x00007ff991f2a000 	C:\Windows\system32\msvcrt.dll
0x00007ff991c20000 - 0x00007ff991c4e000 	C:\Windows\system32\SspiCli.dll
0x00007ff992150000 - 0x00007ff9921a4000 	C:\Windows\system32\SHLWAPI.dll
0x00007ff9922e0000 - 0x00007ff992457000 	C:\Windows\system32\USER32.dll
0x00007ff994000000 - 0x00007ff994194000 	C:\Windows\system32\ole32.dll
0x00007ff992710000 - 0x00007ff993c38000 	C:\Windows\system32\SHELL32.dll
0x00007ff990e90000 - 0x00007ff990eb1000 	C:\Windows\SYSTEM32\USERENV.dll
0x00007ff9942d0000 - 0x00007ff99437a000 	C:\Windows\system32\ADVAPI32.dll
0x00007ff984fc0000 - 0x00007ff984fde000 	C:\Windows\SYSTEM32\MPR.dll
0x00007ff994380000 - 0x00007ff9944c0000 	C:\Windows\system32\RPCRT4.dll
0x00007ff9941a0000 - 0x00007ff9941f9000 	C:\Windows\SYSTEM32\sechost.dll
0x00007ff991f30000 - 0x00007ff992142000 	C:\Windows\SYSTEM32\combase.dll
0x00007ff993c50000 - 0x00007ff993d9f000 	C:\Windows\system32\GDI32.dll
0x00007ff991920000 - 0x00007ff991935000 	C:\Windows\SYSTEM32\profapi.dll
0x00007ff990190000 - 0x00007ff990242000 	C:\Windows\SYSTEM32\SHCORE.dll
0x00007ff9926c0000 - 0x00007ff9926f6000 	C:\Windows\system32\IMM32.DLL
0x00007ff9946a0000 - 0x00007ff9947f2000 	C:\Windows\system32\MSCTF.dll
0x00007ff9918d0000 - 0x00007ff991901000 	C:\Windows\system32\nvinitx.dll
0x00007ff9918c0000 - 0x00007ff9918ca000 	C:\Windows\SYSTEM32\VERSION.dll
0x000000000f000000 - 0x000000000f006000 	C:\Program Files\NVIDIA Corporation\CoProcManager\_etoured.dll
0x00007ff98fd30000 - 0x00007ff98fd61000 	C:\Program Files\NVIDIA Corporation\CoProcManager\nvd3d9wrapx.dll
0x00007ff993db0000 - 0x00007ff993f8a000 	C:\Windows\system32\SETUPAPI.dll
0x00007ff991e30000 - 0x00007ff991e7f000 	C:\Windows\system32\CFGMGR32.dll
0x00007ff98fd00000 - 0x00007ff98fd22000 	C:\Program Files\NVIDIA Corporation\CoProcManager\nvdxgiwrapx.dll
0x00007ff98f300000 - 0x00007ff98f57b000 	C:\Windows\WinSxS\amd64_microsoft.windows.common-controls_6595b64144ccf1df_6.0.9600.18006_none_623f33d3ecbe86e8\COMCTL32.dll
0x0000000076670000 - 0x0000000076742000 	C:\Program Files\Java\jdk1.8.0_101\jre\bin\msvcr100.dll
0x0000000076c90000 - 0x000000007752a000 	C:\Program Files\Java\jdk1.8.0_101\jre\bin\server\jvm.dll
0x00007ff978ac0000 - 0x00007ff978ac9000 	C:\Windows\SYSTEM32\WSOCK32.dll
0x00007ff98fa80000 - 0x00007ff98faa2000 	C:\Windows\SYSTEM32\WINMM.dll
0x00007ff993da0000 - 0x00007ff993da7000 	C:\Windows\system32\PSAPI.DLL
0x00007ff992460000 - 0x00007ff9924ba000 	C:\Windows\system32\WS2_32.dll
0x00007ff98efa0000 - 0x00007ff98efca000 	C:\Windows\SYSTEM32\WINMMBASE.dll
0x00007ff993c40000 - 0x00007ff993c49000 	C:\Windows\system32\NSI.dll
0x00007ff9906f0000 - 0x00007ff990718000 	C:\Windows\SYSTEM32\DEVOBJ.dll
0x0000000050150000 - 0x000000005015f000 	C:\Program Files\Java\jdk1.8.0_101\jre\bin\verify.dll
0x0000000050120000 - 0x0000000050149000 	C:\Program Files\Java\jdk1.8.0_101\jre\bin\java.dll
0x0000000050100000 - 0x0000000050116000 	C:\Program Files\Java\jdk1.8.0_101\jre\bin\zip.dll

VM Arguments:
jvm_args: -Djava.awt.headless=true -Xmx1024M -Dfile.encoding=windows-1256 -Duser.country=US -Duser.language=en -Duser.variant 
java_command: com.android.dx.command.Main --dex --num-threads=4 --output E:\Android summer training\Pro\PipTalk\app\build\intermediates\pre-dexed\debug\internal_impl-24.2.1_d74932c61e9f270fc454323c29cddada4d3b0588.jar E:\Android summer training\Pro\PipTalk\app\build\intermediates\exploded-aar\com.android.support\support-compat\24.2.1\jars\libs\internal_impl-24.2.1.jar
java_class_path (initial): E:\BFCI\android SDK\android-sdk-windows\build-tools\24.0.1\lib\dx.jar
Launcher Type: SUN_STANDARD

Environment Variables:
PATH=C:\ProgramData\Oracle\Java\javapath;C:\Windows\system32;C:\Windows;C:\Windows\System32\Wbem;C:\Windows\System32\WindowsPowerShell\v1.0\;C:\Program Files (x86)\Microsoft SQL Server\100\Tools\Binn\;C:\Program Files\Microsoft SQL Server\100\Tools\Binn\;C:\Program Files\Microsoft SQL Server\100\DTS\Binn\;C:\Program Files (x86)\MySQL\MySQL Server 5.0\bin;E:\Installed Programs\runtime\win64;E:\Installed Programs\bin;E:\Installed Programs\polyspace\bin
USERNAME=EL MAGIC
OS=Windows_NT
PROCESSOR_IDENTIFIER=Intel64 Family 6 Model 42 Stepping 7, GenuineIntel



---------------  S Y S T E M  ---------------

OS: Windows 8.1 , 64 bit Build 9600 (6.3.9600.17415)

CPU:total 4 (2 cores per cpu, 2 threads per core) family 6 model 42 stepping 7, cmov, cx8, fxsr, mmx, sse, sse2, sse3, ssse3, sse4.1, sse4.2, popcnt, avx, aes, clmul, ht, tsc, tscinvbit

Memory: 4k page, physical 4098096k(688556k free), swap 5660400k(15156k free)

vm_info: Java HotSpot(TM) 64-Bit Server VM (25.101-b13) for windows-amd64 JRE (1.8.0_101-b13), built on Jun 22 2016 01:21:29 by "java_re" with MS VC++ 10.0 (VS2010)

time: Mon Jun 19 08:59:47 2017
elapsed time: 2 seconds (0d 0h 0m 2s)

