#
# There is insufficient memory for the Java Runtime Environment to continue.
# Native memory allocation (malloc) failed to allocate 140176 bytes for Chunk::new
# Possible reasons:
#   The system is out of physical RAM or swap space
#   In 32 bit mode, the process size limit was hit
# Possible solutions:
#   Reduce memory load on the system
#   Increase physical memory or swap space
#   Check if swap backing store is full
#   Use 64 bit Java on a 64 bit OS
#   Decrease Java heap size (-Xmx/-Xms)
#   Decrease number of Java threads
#   Decrease Java thread stack sizes (-Xss)
#   Set larger code cache with -XX:ReservedCodeCacheSize=
# This output file may be truncated or incomplete.
#
#  Out of Memory Error (allocation.cpp:390), pid=1148, tid=0x00000000000003c4
#
# JRE version: Java(TM) SE Runtime Environment (8.0_101-b13) (build 1.8.0_101-b13)
# Java VM: Java HotSpot(TM) 64-Bit Server VM (25.101-b13 mixed mode windows-amd64 compressed oops)
# Failed to write core dump. Minidumps are not enabled by default on client versions of Windows
#

---------------  T H R E A D  ---------------

Current thread (0x0000000005e8b000):  JavaThread "C2 CompilerThread1" daemon [_thread_in_native, id=964, stack(0x0000000007580000,0x0000000007680000)]

Stack: [0x0000000007580000,0x0000000007680000]
[error occurred during error reporting (printing stack bounds), id 0xc0000005]

Native frames: (J=compiled Java code, j=interpreted, Vv=VM code, C=native code)


Current CompileTask:
C2:   1788  712   !   4       com.android.dx.rop.code.RegisterSpec::intern (70 bytes)


---------------  P R O C E S S  ---------------

Java Threads: ( => current thread )
  0x00000000079f6000 JavaThread "pool-2-thread-4" [_thread_in_Java, id=5716, stack(0x0000000008180000,0x0000000008280000)]
  0x0000000007959800 JavaThread "pool-2-thread-3" [_thread_in_Java, id=5196, stack(0x0000000008080000,0x0000000008180000)]
  0x0000000007959000 JavaThread "pool-2-thread-2" [_thread_in_Java, id=3248, stack(0x0000000007f80000,0x0000000008080000)]
  0x0000000007958800 JavaThread "pool-3-thread-1" [_thread_blocked, id=2600, stack(0x0000000007e80000,0x0000000007f80000)]
  0x0000000007953800 JavaThread "pool-2-thread-1" [_thread_in_vm, id=5380, stack(0x0000000007d80000,0x0000000007e80000)]
  0x0000000005e9e800 JavaThread "Service Thread" daemon [_thread_blocked, id=4532, stack(0x0000000007b80000,0x0000000007c80000)]
  0x0000000005e97800 JavaThread "C1 CompilerThread2" daemon [_thread_in_native, id=2780, stack(0x0000000007680000,0x0000000007780000)]
=>0x0000000005e8b000 JavaThread "C2 CompilerThread1" daemon [_thread_in_native, id=964, stack(0x0000000007580000,0x0000000007680000)]
  0x0000000005e88000 JavaThread "C2 CompilerThread0" daemon [_thread_blocked, id=6084, stack(0x0000000007480000,0x0000000007580000)]
  0x0000000005e86000 JavaThread "Attach Listener" daemon [_thread_blocked, id=4524, stack(0x0000000007380000,0x0000000007480000)]
  0x0000000005e85800 JavaThread "Signal Dispatcher" daemon [_thread_blocked, id=5908, stack(0x0000000007280000,0x0000000007380000)]
  0x0000000005e2a000 JavaThread "Finalizer" daemon [_thread_blocked, id=1100, stack(0x00000000070a0000,0x00000000071a0000)]
  0x0000000005e09000 JavaThread "Reference Handler" daemon [_thread_blocked, id=3220, stack(0x0000000006fa0000,0x00000000070a0000)]
  0x0000000002670800 JavaThread "main" [_thread_blocked, id=1996, stack(0x0000000002570000,0x0000000002670000)]

Other Threads:
  0x0000000005e06800 VMThread [stack: 0x0000000006ea0000,0x0000000006fa0000] [id=4316]
  0x000000000783a000 WatcherThread [stack: 0x0000000007c80000,0x0000000007d80000] [id=3136]

VM state:not at safepoint (normal execution)

VM Mutex/Monitor currently owned by a thread: None

Heap:
 PSYoungGen      total 18944K, used 13428K [0x00000000eab00000, 0x00000000ec000000, 0x0000000100000000)
  eden space 16384K, 81% used [0x00000000eab00000,0x00000000eb81d2e0,0x00000000ebb00000)
  from space 2560K, 0% used [0x00000000ebd80000,0x00000000ebd80000,0x00000000ec000000)
  to   space 2560K, 0% used [0x00000000ebb00000,0x00000000ebb00000,0x00000000ebd80000)
 ParOldGen       total 44032K, used 0K [0x00000000c0000000, 0x00000000c2b00000, 0x00000000eab00000)
  object space 44032K, 0% used [0x00000000c0000000,0x00000000c0000000,0x00000000c2b00000)
 Metaspace       used 5693K, capacity 6646K, committed 6784K, reserved 1056768K
  class space    used 595K, capacity 622K, committed 640K, reserved 1048576K

Card table byte_map: [0x0000000002b30000,0x0000000002d40000] byte_map_base: 0x0000000002530000

Marking Bits: (ParMarkBitMap*) 0x000000007150a6d0
 Begin Bits: [0x00000000032a0000, 0x00000000042a0000)
 End Bits:   [0x00000000042a0000, 0x00000000052a0000)

Polling page: 0x0000000000810000

CodeCache: size=245760Kb used=2850Kb max_used=2862Kb free=242909Kb
 bounds [0x000000000f010000, 0x000000000f2e0000, 0x000000001e010000]
 total_blobs=967 nmethods=699 adapters=181
 compilation: enabled

Compilation events (10 events):
Event: 1.763 Thread 0x0000000005e97800 nmethod 711 0x000000000f2ba410 code [0x000000000f2ba5e0, 0x000000000f2bac78]
Event: 1.763 Thread 0x0000000005e97800  709   !   3       com.android.dx.cf.code.RopperMachine::run (1550 bytes)
Event: 1.764 Thread 0x0000000005e8b000  712   !   4       com.android.dx.rop.code.RegisterSpec::intern (70 bytes)
Event: 1.767 Thread 0x0000000005e88000  715       4       java.util.ArrayList::<init> (12 bytes)
Event: 1.767 Thread 0x0000000005e88000 nmethod 715 0x000000000f294f90 code [0x000000000f2950c0, 0x000000000f295138]
Event: 1.771 Thread 0x0000000005e88000  716       4       com.android.dx.rop.code.RegisterSpec::getCategory (13 bytes)
Event: 1.772 Thread 0x0000000005e88000 nmethod 716 0x000000000f29af90 code [0x000000000f29b0e0, 0x000000000f29b198]
Event: 1.781 Thread 0x0000000005e88000  719       4       com.android.dx.ssa.SsaMethod::getDefinitionForRegister (61 bytes)
Event: 1.784 Thread 0x0000000005e88000 nmethod 719 0x000000000f2bc150 code [0x000000000f2bc2c0, 0x000000000f2bc508]
Event: 1.784 Thread 0x0000000005e88000  720  s    4       java.util.Vector::elementAt (48 bytes)

GC Heap History (0 events):
No events

Deoptimization events (6 events):
Event: 1.670 Thread 0x0000000007959800 Uncommon trap: reason=unstable_if action=reinterpret pc=0x000000000f20f3f0 method=java.util.BitSet.nextSetBit(I)I @ 87
Event: 1.714 Thread 0x0000000007959800 Uncommon trap: reason=class_check action=maybe_recompile pc=0x000000000f256fdc method=com.android.dx.ssa.NormalSsaInsn.accept(Lcom/android/dx/ssa/SsaInsn$Visitor;)V @ 9
Event: 1.714 Thread 0x0000000007959800 Uncommon trap: reason=class_check action=maybe_recompile pc=0x000000000f256fdc method=com.android.dx.ssa.NormalSsaInsn.accept(Lcom/android/dx/ssa/SsaInsn$Visitor;)V @ 9
Event: 1.714 Thread 0x0000000007959800 Uncommon trap: reason=class_check action=maybe_recompile pc=0x000000000f256fdc method=com.android.dx.ssa.NormalSsaInsn.accept(Lcom/android/dx/ssa/SsaInsn$Visitor;)V @ 9
Event: 1.714 Thread 0x0000000007959800 Uncommon trap: reason=class_check action=maybe_recompile pc=0x000000000f256fdc method=com.android.dx.ssa.NormalSsaInsn.accept(Lcom/android/dx/ssa/SsaInsn$Visitor;)V @ 9
Event: 1.730 Thread 0x00000000079f6000 Uncommon trap: reason=class_check action=maybe_recompile pc=0x000000000f2783ec method=com.android.dx.ssa.NormalSsaInsn.accept(Lcom/android/dx/ssa/SsaInsn$Visitor;)V @ 9

Internal exceptions (2 events):
Event: 0.053 Thread 0x0000000002670800 Exception <a 'java/lang/NoSuchMethodError': Method sun.misc.Unsafe.defineClass(Ljava/lang/String;[BII)Ljava/lang/Class; name or signature does not match> (0x00000000eab07cc0) thrown at [C:\re\workspace\8-2-build-windows-amd64-cygwin\jdk8u101\7261\hotspot\sÞ†,Z«?
Event: 0.053 Thread 0x0000000002670800 Exception <a 'java/lang/NoSuchMethodError': Method sun.misc.Unsafe.prefetchRead(Ljava/lang/Object;J)V name or signature does not match> (0x00000000eab07fa8) thrown at [C:\re\workspace\8-2-build-windows-amd64-cygwin\jdk8u101\7261\hotspot\src\share\vm\prims\

Events (10 events):
Event: 1.727 loading class java/util/ArrayList$1 done
Event: 1.730 Thread 0x00000000079f6000 Uncommon trap: trap_request=0xffffffde fr.pc=0x000000000f2783ec
Event: 1.730 Thread 0x00000000079f6000 DEOPT PACKING pc=0x000000000f2783ec sp=0x000000000827e530
Event: 1.730 Thread 0x00000000079f6000 DEOPT UNPACKING pc=0x000000000f05582a sp=0x000000000827e490 mode 2
Event: 1.738 loading class com/android/dx/rop/code/LocalItem
Event: 1.738 loading class com/android/dx/rop/code/LocalItem done
Event: 1.748 loading class com/android/dx/cf/code/SwitchList
Event: 1.748 loading class com/android/dx/cf/code/SwitchList done
Event: 1.776 loading class com/android/dx/cf/code/BytecodeArray$ConstantParserVisitor
Event: 1.776 loading class com/android/dx/cf/code/BytecodeArray$ConstantParserVisitor done


Dynamic libraries:
0x00007ff7c0430000 - 0x00007ff7c0467000 	C:\Program Files\Java\jdk1.8.0_101\bin\java.exe
0x00007ffb95ef0000 - 0x00007ffb9609d000 	C:\Windows\SYSTEM32\ntdll.dll
0x00007ffb93f00000 - 0x00007ffb9403e000 	C:\Windows\system32\KERNEL32.DLL
0x00007ffb931c0000 - 0x00007ffb932d5000 	C:\Windows\system32\KERNELBASE.dll
0x00007ffb91b90000 - 0x00007ffb91c1e000 	C:\Windows\system32\apphelp.dll
0x00007ffb81b90000 - 0x00007ffb81be3000 	C:\Windows\AppPatch\AppPatch64\AcGenral.DLL
0x00007ffb93630000 - 0x00007ffb936da000 	C:\Windows\system32\msvcrt.dll
0x00007ffb930e0000 - 0x00007ffb9310e000 	C:\Windows\system32\SspiCli.dll
0x00007ffb95df0000 - 0x00007ffb95e44000 	C:\Windows\system32\SHLWAPI.dll
0x00007ffb93740000 - 0x00007ffb938b7000 	C:\Windows\system32\USER32.dll
0x00007ffb95780000 - 0x00007ffb95914000 	C:\Windows\system32\ole32.dll
0x00007ffb94040000 - 0x00007ffb95568000 	C:\Windows\system32\SHELL32.dll
0x00007ffb92590000 - 0x00007ffb925b1000 	C:\Windows\SYSTEM32\USERENV.dll
0x00007ffb95570000 - 0x00007ffb9561a000 	C:\Windows\system32\ADVAPI32.dll
0x00007ffb8b5f0000 - 0x00007ffb8b60e000 	C:\Windows\SYSTEM32\MPR.dll
0x00007ffb93a20000 - 0x00007ffb93b60000 	C:\Windows\system32\RPCRT4.dll
0x00007ffb95920000 - 0x00007ffb95979000 	C:\Windows\SYSTEM32\sechost.dll
0x00007ffb959e0000 - 0x00007ffb95bf1000 	C:\Windows\SYSTEM32\combase.dll
0x00007ffb95630000 - 0x00007ffb9577f000 	C:\Windows\system32\GDI32.dll
0x00007ffb93010000 - 0x00007ffb93025000 	C:\Windows\SYSTEM32\profapi.dll
0x00007ffb91540000 - 0x00007ffb915f2000 	C:\Windows\SYSTEM32\SHCORE.dll
0x00007ffb95db0000 - 0x00007ffb95de6000 	C:\Windows\system32\IMM32.DLL
0x00007ffb938c0000 - 0x00007ffb93a12000 	C:\Windows\system32\MSCTF.dll
0x00007ffb92f50000 - 0x00007ffb92f81000 	C:\Windows\system32\nvinitx.dll
0x00007ffb92f40000 - 0x00007ffb92f4a000 	C:\Windows\SYSTEM32\VERSION.dll
0x000000000f000000 - 0x000000000f006000 	C:\Program Files\NVIDIA Corporation\CoProcManager\_etoured.dll
0x00007ffb91ca0000 - 0x00007ffb91cd1000 	C:\Program Files\NVIDIA Corporation\CoProcManager\nvd3d9wrapx.dll
0x00007ffb93b60000 - 0x00007ffb93d3a000 	C:\Windows\system32\SETUPAPI.dll
0x00007ffb93170000 - 0x00007ffb931bf000 	C:\Windows\system32\CFGMGR32.dll
0x00007ffb91740000 - 0x00007ffb91762000 	C:\Program Files\NVIDIA Corporation\CoProcManager\nvdxgiwrapx.dll
0x00007ffb910c0000 - 0x00007ffb9133b000 	C:\Windows\WinSxS\amd64_microsoft.windows.common-controls_6595b64144ccf1df_6.0.9600.18006_none_623f33d3ecbe86e8\COMCTL32.dll
0x0000000070860000 - 0x0000000070932000 	C:\Program Files\Java\jdk1.8.0_101\jre\bin\msvcr100.dll
0x0000000070cf0000 - 0x000000007158a000 	C:\Program Files\Java\jdk1.8.0_101\jre\bin\server\jvm.dll
0x00007ffb8d160000 - 0x00007ffb8d169000 	C:\Windows\SYSTEM32\WSOCK32.dll
0x00007ffb90bf0000 - 0x00007ffb90c12000 	C:\Windows\SYSTEM32\WINMM.dll
0x00007ffb95ec0000 - 0x00007ffb95ec7000 	C:\Windows\system32\PSAPI.DLL
0x00007ffb936e0000 - 0x00007ffb9373a000 	C:\Windows\system32\WS2_32.dll
0x00007ffb90bc0000 - 0x00007ffb90bea000 	C:\Windows\SYSTEM32\WINMMBASE.dll
0x00007ffb95620000 - 0x00007ffb95629000 	C:\Windows\system32\NSI.dll
0x00007ffb91de0000 - 0x00007ffb91e08000 	C:\Windows\SYSTEM32\DEVOBJ.dll
0x0000000071890000 - 0x000000007189f000 	C:\Program Files\Java\jdk1.8.0_101\jre\bin\verify.dll
0x0000000070cc0000 - 0x0000000070ce9000 	C:\Program Files\Java\jdk1.8.0_101\jre\bin\java.dll
0x0000000070ca0000 - 0x0000000070cb6000 	C:\Program Files\Java\jdk1.8.0_101\jre\bin\zip.dll

VM Arguments:
jvm_args: -Djava.awt.headless=true -Xmx1024M -Dfile.encoding=windows-1256 -Duser.country=US -Duser.language=en -Duser.variant 
java_command: com.android.dx.command.Main --dex --force-jumbo --num-threads=4 --multi-dex --output E:\Android summer training\Pro\PipTalk\app\build\intermediates\transforms\dex\debug\folders\1000\10\json-simple-1.1_35195de437dc952160cad76e3ad8a861103a6dfa C:\Users\EL MAGIC\.gradle\caches\modules-2\files-2.1\com.googlecode.json-simple\json-simple\1.1\5e303a03d04e6788dddfa3655272580ae0fc13bb\json-simple-1.1.jar
java_class_path (initial): E:\BFCI\android SDK\android-sdk-windows\build-tools\24.0.1\lib\dx.jar
Launcher Type: SUN_STANDARD

Environment Variables:
PATH=C:\ProgramData\Oracle\Java\javapath;C:\Windows\system32;C:\Windows;C:\Windows\System32\Wbem;C:\Windows\System32\WindowsPowerShell\v1.0\;C:\Program Files (x86)\Microsoft SQL Server\100\Tools\Binn\;C:\Program Files\Microsoft SQL Server\100\Tools\Binn\;C:\Program Files\Microsoft SQL Server\100\DTS\Binn\;C:\Program Files (x86)\MySQL\MySQL Server 5.0\bin;E:\Installed Programs\runtime\win64;E:\Installed Programs\bin;E:\Installed Programs\polyspace\bin
USERNAME=EL MAGIC
OS=Windows_NT
PROCESSOR_IDENTIFIER=Intel64 Family 6 Model 42 Stepping 7, GenuineIntel



---------------  S Y S T E M  ---------------

OS: Windows 8.1 , 64 bit Build 9600 (6.3.9600.17415)

CPU:total 4 (2 cores per cpu, 2 threads per core) family 6 model 42 stepping 7, cmov, cx8, fxsr, mmx, sse, sse2, sse3, ssse3, sse4.1, sse4.2, popcnt, avx, aes, clmul, ht, tsc, tscinvbit

Memory: 4k page, physical 4098096k(460940k free), swap 7243824k(5188k free)

vm_info: Java HotSpot(TM) 64-Bit Server VM (25.101-b13) for windows-amd64 JRE (1.8.0_101-b13), built on Jun 22 2016 01:21:29 by "java_re" with MS VC++ 10.0 (VS2010)

time: Tue Feb 28 02:26:51 2017
elapsed time: 1 seconds (0d 0h 0m 1s)

