#
# There is insufficient memory for the Java Runtime Environment to continue.
# Native memory allocation (malloc) failed to allocate 794736 bytes for Chunk::new
# Possible reasons:
#   The system is out of physical RAM or swap space
#   In 32 bit mode, the process size limit was hit
# Possible solutions:
#   Reduce memory load on the system
#   Increase physical memory or swap space
#   Check if swap backing store is full
#   Use 64 bit Java on a 64 bit OS
#   Decrease Java heap size (-Xmx/-Xms)
#   Decrease number of Java threads
#   Decrease Java thread stack sizes (-Xss)
#   Set larger code cache with -XX:ReservedCodeCacheSize=
# This output file may be truncated or incomplete.
#
#  Out of Memory Error (allocation.cpp:390), pid=2440, tid=0x0000000000000454
#
# JRE version: Java(TM) SE Runtime Environment (8.0_101-b13) (build 1.8.0_101-b13)
# Java VM: Java HotSpot(TM) 64-Bit Server VM (25.101-b13 mixed mode windows-amd64 compressed oops)
# Failed to write core dump. Minidumps are not enabled by default on client versions of Windows
#

---------------  T H R E A D  ---------------

Current thread (0x0000000005858000):  JavaThread "C2 CompilerThread0" daemon [_thread_in_native, id=1108, stack(0x0000000006e50000,0x0000000006f50000)]

Stack: [0x0000000006e50000,0x0000000006f50000]
[error occurred during error reporting (printing stack bounds), id 0xc0000005]

Native frames: (J=compiled Java code, j=interpreted, Vv=VM code, C=native code)


Current CompileTask:
C2:   5742 1585   !   4       com.android.dx.cf.code.RopperMachine::run (1550 bytes)


---------------  P R O C E S S  ---------------

Java Threads: ( => current thread )
  0x00000000071de000 JavaThread "pool-2-thread-4" [_thread_in_vm, id=5304, stack(0x0000000007b50000,0x0000000007c50000)]
  0x00000000071dd800 JavaThread "pool-2-thread-3" [_thread_in_Java, id=5596, stack(0x0000000007a50000,0x0000000007b50000)]
  0x00000000071dd000 JavaThread "pool-2-thread-2" [_thread_blocked, id=4116, stack(0x0000000007950000,0x0000000007a50000)]
  0x00000000071da000 JavaThread "pool-3-thread-1" [_thread_blocked, id=1140, stack(0x0000000007850000,0x0000000007950000)]
  0x00000000071d9800 JavaThread "pool-2-thread-1" [_thread_blocked, id=6936, stack(0x0000000007750000,0x0000000007850000)]
  0x0000000006fc3000 JavaThread "Service Thread" daemon [_thread_blocked, id=6324, stack(0x0000000007550000,0x0000000007650000)]
  0x0000000006fac000 JavaThread "C1 CompilerThread2" daemon [_thread_blocked, id=4452, stack(0x0000000007450000,0x0000000007550000)]
  0x0000000006f8b000 JavaThread "C2 CompilerThread1" daemon [_thread_in_native, id=1496, stack(0x0000000007350000,0x0000000007450000)]
=>0x0000000005858000 JavaThread "C2 CompilerThread0" daemon [_thread_in_native, id=1108, stack(0x0000000006e50000,0x0000000006f50000)]
  0x0000000005856000 JavaThread "Attach Listener" daemon [_thread_blocked, id=5384, stack(0x0000000006d50000,0x0000000006e50000)]
  0x0000000005855800 JavaThread "Signal Dispatcher" daemon [_thread_blocked, id=1268, stack(0x0000000006c50000,0x0000000006d50000)]
  0x000000000213a000 JavaThread "Finalizer" daemon [_thread_blocked, id=4676, stack(0x0000000006a70000,0x0000000006b70000)]
  0x00000000057d9000 JavaThread "Reference Handler" daemon [_thread_blocked, id=3860, stack(0x0000000006970000,0x0000000006a70000)]
  0x0000000002040800 JavaThread "main" [_thread_in_native, id=2904, stack(0x0000000001e50000,0x0000000001f50000)]

Other Threads:
  0x00000000057d6800 VMThread [stack: 0x0000000006870000,0x0000000006970000] [id=3364]
  0x0000000006ff5000 WatcherThread [stack: 0x0000000007650000,0x0000000007750000] [id=552]

VM state:not at safepoint (normal execution)

VM Mutex/Monitor currently owned by a thread: None

Heap:
 PSYoungGen      total 35328K, used 10920K [0x00000000eab00000, 0x00000000ef000000, 0x0000000100000000)
  eden space 32768K, 25% used [0x00000000eab00000,0x00000000eb32c938,0x00000000ecb00000)
  from space 2560K, 99% used [0x00000000ecb00000,0x00000000ecd7d780,0x00000000ecd80000)
  to   space 2560K, 0% used [0x00000000eed80000,0x00000000eed80000,0x00000000ef000000)
 ParOldGen       total 44032K, used 7378K [0x00000000c0000000, 0x00000000c2b00000, 0x00000000eab00000)
  object space 44032K, 16% used [0x00000000c0000000,0x00000000c0734a90,0x00000000c2b00000)
 Metaspace       used 6120K, capacity 7088K, committed 7296K, reserved 1056768K
  class space    used 593K, capacity 616K, committed 640K, reserved 1048576K

Card table byte_map: [0x0000000002500000,0x0000000002710000] byte_map_base: 0x0000000001f00000

Marking Bits: (ParMarkBitMap*) 0x000000007150a6d0
 Begin Bits: [0x0000000002c70000, 0x0000000003c70000)
 End Bits:   [0x0000000003c70000, 0x0000000004c70000)

Polling page: 0x00000000002b0000

CodeCache: size=245760Kb used=7194Kb max_used=7194Kb free=238565Kb
 bounds [0x000000000f010000, 0x000000000f720000, 0x000000001e010000]
 total_blobs=1889 nmethods=1626 adapters=176
 compilation: enabled

Compilation events (10 events):
Event: 5.703 Thread 0x0000000006fac000 1636       3       com.android.dx.rop.code.Rops::opInvokeDirect (17 bytes)
Event: 5.704 Thread 0x0000000006fac000 nmethod 1636 0x000000000f7180d0 code [0x000000000f718260, 0x000000000f718578]
Event: 5.707 Thread 0x0000000006fac000 1637       3       com.android.dx.rop.code.Rops::opMoveResult (23 bytes)
Event: 5.707 Thread 0x0000000006fac000 nmethod 1637 0x000000000f7186d0 code [0x000000000f718860, 0x000000000f718b98]
Event: 5.723 Thread 0x0000000006fac000 1638       3       com.android.dx.dex.file.AnnotationSetItem::<init> (83 bytes)
Event: 5.725 Thread 0x0000000006fac000 nmethod 1638 0x000000000f718cd0 code [0x000000000f718f80, 0x000000000f71a3e8]
Event: 5.725 Thread 0x0000000006fac000 1639   !   3       com.android.dx.dex.file.AnnotationSetItem::writeSize (20 bytes)
Event: 5.725 Thread 0x0000000006fac000 nmethod 1639 0x000000000f71afd0 code [0x000000000f71b140, 0x000000000f71b468]
Event: 5.725 Thread 0x0000000006fac000 1640       3       com.android.dx.rop.annotation.Annotations::getAnnotations (11 bytes)
Event: 5.726 Thread 0x0000000006fac000 nmethod 1640 0x000000000f71b610 code [0x000000000f71b7c0, 0x000000000f71bde8]

GC Heap History (6 events):
Event: 0.831 GC heap before
{Heap before GC invocations=1 (full 0):
 PSYoungGen      total 18944K, used 16384K [0x00000000eab00000, 0x00000000ec000000, 0x0000000100000000)
  eden space 16384K, 100% used [0x00000000eab00000,0x00000000ebb00000,0x00000000ebb00000)
  from space 2560K, 0% used [0x00000000ebd80000,0x00000000ebd80000,0x00000000ec000000)
  to   space 2560K, 0% used [0x00000000ebb00000,0x00000000ebb00000,0x00000000ebd80000)
 ParOldGen       total 44032K, used 0K [0x00000000c0000000, 0x00000000c2b00000, 0x00000000eab00000)
  object space 44032K, 0% used [0x00000000c0000000,0x00000000c0000000,0x00000000c2b00000)
 Metaspace       used 5425K, capacity 6512K, committed 6784K, reserved 1056768K
  class space    used 586K, capacity 616K, committed 640K, reserved 1048576K
Event: 0.946 GC heap after
Heap after GC invocations=1 (full 0):
 PSYoungGen      total 18944K, used 2551K [0x00000000eab00000, 0x00000000ed000000, 0x0000000100000000)
  eden space 16384K, 0% used [0x00000000eab00000,0x00000000eab00000,0x00000000ebb00000)
  from space 2560K, 99% used [0x00000000ebb00000,0x00000000ebd7df00,0x00000000ebd80000)
  to   space 2560K, 0% used [0x00000000ecd80000,0x00000000ecd80000,0x00000000ed000000)
 ParOldGen       total 44032K, used 848K [0x00000000c0000000, 0x00000000c2b00000, 0x00000000eab00000)
  object space 44032K, 1% used [0x00000000c0000000,0x00000000c00d4078,0x00000000c2b00000)
 Metaspace       used 5425K, capacity 6512K, committed 6784K, reserved 1056768K
  class space    used 586K, capacity 616K, committed 640K, reserved 1048576K
}
Event: 1.912 GC heap before
{Heap before GC invocations=2 (full 0):
 PSYoungGen      total 18944K, used 18935K [0x00000000eab00000, 0x00000000ed000000, 0x0000000100000000)
  eden space 16384K, 100% used [0x00000000eab00000,0x00000000ebb00000,0x00000000ebb00000)
  from space 2560K, 99% used [0x00000000ebb00000,0x00000000ebd7df00,0x00000000ebd80000)
  to   space 2560K, 0% used [0x00000000ecd80000,0x00000000ecd80000,0x00000000ed000000)
 ParOldGen       total 44032K, used 848K [0x00000000c0000000, 0x00000000c2b00000, 0x00000000eab00000)
  object space 44032K, 1% used [0x00000000c0000000,0x00000000c00d4078,0x00000000c2b00000)
 Metaspace       used 5899K, capacity 6896K, committed 7040K, reserved 1056768K
  class space    used 592K, capacity 616K, committed 640K, reserved 1048576K
Event: 1.974 GC heap after
Heap after GC invocations=2 (full 0):
 PSYoungGen      total 35328K, used 2544K [0x00000000eab00000, 0x00000000ed000000, 0x0000000100000000)
  eden space 32768K, 0% used [0x00000000eab00000,0x00000000eab00000,0x00000000ecb00000)
  from space 2560K, 99% used [0x00000000ecd80000,0x00000000ecffc028,0x00000000ed000000)
  to   space 2560K, 0% used [0x00000000ecb00000,0x00000000ecb00000,0x00000000ecd80000)
 ParOldGen       total 44032K, used 2656K [0x00000000c0000000, 0x00000000c2b00000, 0x00000000eab00000)
  object space 44032K, 6% used [0x00000000c0000000,0x00000000c0298040,0x00000000c2b00000)
 Metaspace       used 5899K, capacity 6896K, committed 7040K, reserved 1056768K
  class space    used 592K, capacity 616K, committed 640K, reserved 1048576K
}
Event: 5.546 GC heap before
{Heap before GC invocations=3 (full 0):
 PSYoungGen      total 35328K, used 35312K [0x00000000eab00000, 0x00000000ed000000, 0x0000000100000000)
  eden space 32768K, 100% used [0x00000000eab00000,0x00000000ecb00000,0x00000000ecb00000)
  from space 2560K, 99% used [0x00000000ecd80000,0x00000000ecffc028,0x00000000ed000000)
  to   space 2560K, 0% used [0x00000000ecb00000,0x00000000ecb00000,0x00000000ecd80000)
 ParOldGen       total 44032K, used 2656K [0x00000000c0000000, 0x00000000c2b00000, 0x00000000eab00000)
  object space 44032K, 6% used [0x00000000c0000000,0x00000000c0298040,0x00000000c2b00000)
 Metaspace       used 6106K, capacity 7088K, committed 7296K, reserved 1056768K
  class space    used 593K, capacity 616K, committed 640K, reserved 1048576K
Event: 5.601 GC heap after
Heap after GC invocations=3 (full 0):
 PSYoungGen      total 35328K, used 2549K [0x00000000eab00000, 0x00000000ef000000, 0x0000000100000000)
  eden space 32768K, 0% used [0x00000000eab00000,0x00000000eab00000,0x00000000ecb00000)
  from space 2560K, 99% used [0x00000000ecb00000,0x00000000ecd7d780,0x00000000ecd80000)
  to   space 2560K, 0% used [0x00000000eed80000,0x00000000eed80000,0x00000000ef000000)
 ParOldGen       total 44032K, used 7378K [0x00000000c0000000, 0x00000000c2b00000, 0x00000000eab00000)
  object space 44032K, 16% used [0x00000000c0000000,0x00000000c0734a90,0x00000000c2b00000)
 Metaspace       used 6106K, capacity 7088K, committed 7296K, reserved 1056768K
  class space    used 593K, capacity 616K, committed 640K, reserved 1048576K
}

Deoptimization events (10 events):
Event: 5.213 Thread 0x00000000071dd000 Uncommon trap: reason=unstable_if action=reinterpret pc=0x000000000f57a440 method=com.android.dx.ssa.SCCP.simulateBranch(Lcom/android/dx/ssa/SsaInsn;)V @ 64
Event: 5.507 Thread 0x00000000071dd000 Uncommon trap: reason=bimorphic action=maybe_recompile pc=0x000000000f68746c method=com.android.dx.rop.code.Rops.opMoveResultPseudo(Lcom/android/dx/rop/type/TypeBearer;)Lcom/android/dx/rop/code/Rop; @ 7
Event: 5.514 Thread 0x00000000071dd000 Uncommon trap: reason=bimorphic action=maybe_recompile pc=0x000000000f68746c method=com.android.dx.rop.code.Rops.opMoveResultPseudo(Lcom/android/dx/rop/type/TypeBearer;)Lcom/android/dx/rop/code/Rop; @ 7
Event: 5.514 Thread 0x00000000071dd000 Uncommon trap: reason=bimorphic action=maybe_recompile pc=0x000000000f68746c method=com.android.dx.rop.code.Rops.opMoveResultPseudo(Lcom/android/dx/rop/type/TypeBearer;)Lcom/android/dx/rop/code/Rop; @ 7
Event: 5.516 Thread 0x0000000002040800 Uncommon trap: reason=unstable_if action=reinterpret pc=0x000000000f26a8c0 method=java.lang.String.<init>([CII)V @ 18
Event: 5.529 Thread 0x00000000071d9800 Uncommon trap: reason=bimorphic action=maybe_recompile pc=0x000000000f68746c method=com.android.dx.rop.code.Rops.opMoveResultPseudo(Lcom/android/dx/rop/type/TypeBearer;)Lcom/android/dx/rop/code/Rop; @ 7
Event: 5.609 Thread 0x00000000071d9800 Uncommon trap: reason=unstable_if action=reinterpret pc=0x000000000f6258b8 method=com.android.dx.util.BitIntSet.has(I)Z @ 8
Event: 5.664 Thread 0x00000000071de000 Uncommon trap: reason=uninitialized action=reinterpret pc=0x000000000f5311e4 method=com.android.dx.cf.code.BytecodeArray.parseInstruction(ILcom/android/dx/cf/code/BytecodeArray$Visitor;)I @ 999
Event: 5.669 Thread 0x00000000071de000 Uncommon trap: reason=bimorphic action=maybe_recompile pc=0x000000000f2eb0fc method=java.util.HashMap.getNode(ILjava/lang/Object;)Ljava/util/HashMap$Node; @ 126
Event: 5.669 Thread 0x00000000071de000 Uncommon trap: reason=bimorphic action=maybe_recompile pc=0x000000000f4826d4 method=java.util.HashMap.putVal(ILjava/lang/Object;Ljava/lang/Object;ZZ)Ljava/lang/Object; @ 203

Internal exceptions (3 events):
Event: 0.059 Thread 0x0000000002040800 Exception <a 'java/lang/NoSuchMethodError': Method sun.misc.Unsafe.defineClass(Ljava/lang/String;[BII)Ljava/lang/Class; name or signature does not match> (0x00000000eab07cc0) thrown at [C:\re\workspace\8-2-build-windows-amd64-cygwin\jdk8u101\7261\hotspot\sÒ f››g®?
Event: 0.059 Thread 0x0000000002040800 Exception <a 'java/lang/NoSuchMethodError': Method sun.misc.Unsafe.prefetchRead(Ljava/lang/Object;J)V name or signature does not match> (0x00000000eab07fa8) thrown at [C:\re\workspace\8-2-build-windows-amd64-cygwin\jdk8u101\7261\hotspot\src\share\vm\prims\Âj
Event: 5.099 Thread 0x00000000071dd000 Implicit null exception at 0x000000000f4a0a31 to 0x000000000f4a2c99

Events (10 events):
Event: 5.609 Thread 0x00000000071d9800 DEOPT UNPACKING pc=0x000000000f05582a sp=0x000000000784ea88 mode 2
Event: 5.664 Thread 0x00000000071de000 Uncommon trap: trap_request=0xffffffb5 fr.pc=0x000000000f5311e4
Event: 5.664 Thread 0x00000000071de000 DEOPT PACKING pc=0x000000000f5311e4 sp=0x0000000007c4e880
Event: 5.664 Thread 0x00000000071de000 DEOPT UNPACKING pc=0x000000000f05582a sp=0x0000000007c4e800 mode 2
Event: 5.669 Thread 0x00000000071de000 Uncommon trap: trap_request=0xffffffc6 fr.pc=0x000000000f2eb0fc
Event: 5.669 Thread 0x00000000071de000 DEOPT PACKING pc=0x000000000f2eb0fc sp=0x0000000007c4e630
Event: 5.669 Thread 0x00000000071de000 DEOPT UNPACKING pc=0x000000000f05582a sp=0x0000000007c4e5b0 mode 2
Event: 5.669 Thread 0x00000000071de000 Uncommon trap: trap_request=0xffffffc6 fr.pc=0x000000000f4826d4
Event: 5.669 Thread 0x00000000071de000 DEOPT PACKING pc=0x000000000f4826d4 sp=0x0000000007c4e600
Event: 5.669 Thread 0x00000000071de000 DEOPT UNPACKING pc=0x000000000f05582a sp=0x0000000007c4e588 mode 2


Dynamic libraries:
0x00007ff7c0430000 - 0x00007ff7c0467000 	C:\Program Files\Java\jdk1.8.0_101\bin\java.exe
0x00007ffb95ef0000 - 0x00007ffb9609d000 	C:\Windows\SYSTEM32\ntdll.dll
0x00007ffb93f00000 - 0x00007ffb9403e000 	C:\Windows\system32\KERNEL32.DLL
0x00007ffb931c0000 - 0x00007ffb932d5000 	C:\Windows\system32\KERNELBASE.dll
0x00007ffb91b90000 - 0x00007ffb91c1e000 	C:\Windows\system32\apphelp.dll
0x00007ffb81b90000 - 0x00007ffb81be3000 	C:\Windows\AppPatch\AppPatch64\AcGenral.DLL
0x00007ffb93630000 - 0x00007ffb936da000 	C:\Windows\system32\msvcrt.dll
0x00007ffb930e0000 - 0x00007ffb9310e000 	C:\Windows\system32\SspiCli.dll
0x00007ffb95df0000 - 0x00007ffb95e44000 	C:\Windows\system32\SHLWAPI.dll
0x00007ffb93740000 - 0x00007ffb938b7000 	C:\Windows\system32\USER32.dll
0x00007ffb95780000 - 0x00007ffb95914000 	C:\Windows\system32\ole32.dll
0x00007ffb94040000 - 0x00007ffb95568000 	C:\Windows\system32\SHELL32.dll
0x00007ffb92590000 - 0x00007ffb925b1000 	C:\Windows\SYSTEM32\USERENV.dll
0x00007ffb95570000 - 0x00007ffb9561a000 	C:\Windows\system32\ADVAPI32.dll
0x00007ffb8b5f0000 - 0x00007ffb8b60e000 	C:\Windows\SYSTEM32\MPR.dll
0x00007ffb93a20000 - 0x00007ffb93b60000 	C:\Windows\system32\RPCRT4.dll
0x00007ffb95920000 - 0x00007ffb95979000 	C:\Windows\SYSTEM32\sechost.dll
0x00007ffb959e0000 - 0x00007ffb95bf1000 	C:\Windows\SYSTEM32\combase.dll
0x00007ffb95630000 - 0x00007ffb9577f000 	C:\Windows\system32\GDI32.dll
0x00007ffb93010000 - 0x00007ffb93025000 	C:\Windows\SYSTEM32\profapi.dll
0x00007ffb91540000 - 0x00007ffb915f2000 	C:\Windows\SYSTEM32\SHCORE.dll
0x00007ffb95db0000 - 0x00007ffb95de6000 	C:\Windows\system32\IMM32.DLL
0x00007ffb938c0000 - 0x00007ffb93a12000 	C:\Windows\system32\MSCTF.dll
0x00007ffb92f50000 - 0x00007ffb92f81000 	C:\Windows\system32\nvinitx.dll
0x00007ffb92f40000 - 0x00007ffb92f4a000 	C:\Windows\SYSTEM32\VERSION.dll
0x000000000f000000 - 0x000000000f006000 	C:\Program Files\NVIDIA Corporation\CoProcManager\_etoured.dll
0x00007ffb91ca0000 - 0x00007ffb91cd1000 	C:\Program Files\NVIDIA Corporation\CoProcManager\nvd3d9wrapx.dll
0x00007ffb93b60000 - 0x00007ffb93d3a000 	C:\Windows\system32\SETUPAPI.dll
0x00007ffb93170000 - 0x00007ffb931bf000 	C:\Windows\system32\CFGMGR32.dll
0x00007ffb91740000 - 0x00007ffb91762000 	C:\Program Files\NVIDIA Corporation\CoProcManager\nvdxgiwrapx.dll
0x00007ffb910c0000 - 0x00007ffb9133b000 	C:\Windows\WinSxS\amd64_microsoft.windows.common-controls_6595b64144ccf1df_6.0.9600.18006_none_623f33d3ecbe86e8\COMCTL32.dll
0x0000000070860000 - 0x0000000070932000 	C:\Program Files\Java\jdk1.8.0_101\jre\bin\msvcr100.dll
0x0000000070cf0000 - 0x000000007158a000 	C:\Program Files\Java\jdk1.8.0_101\jre\bin\server\jvm.dll
0x00007ffb8d160000 - 0x00007ffb8d169000 	C:\Windows\SYSTEM32\WSOCK32.dll
0x00007ffb90bf0000 - 0x00007ffb90c12000 	C:\Windows\SYSTEM32\WINMM.dll
0x00007ffb95ec0000 - 0x00007ffb95ec7000 	C:\Windows\system32\PSAPI.DLL
0x00007ffb936e0000 - 0x00007ffb9373a000 	C:\Windows\system32\WS2_32.dll
0x00007ffb90bc0000 - 0x00007ffb90bea000 	C:\Windows\SYSTEM32\WINMMBASE.dll
0x00007ffb95620000 - 0x00007ffb95629000 	C:\Windows\system32\NSI.dll
0x00007ffb91de0000 - 0x00007ffb91e08000 	C:\Windows\SYSTEM32\DEVOBJ.dll
0x0000000071890000 - 0x000000007189f000 	C:\Program Files\Java\jdk1.8.0_101\jre\bin\verify.dll
0x0000000070cc0000 - 0x0000000070ce9000 	C:\Program Files\Java\jdk1.8.0_101\jre\bin\java.dll
0x0000000070ca0000 - 0x0000000070cb6000 	C:\Program Files\Java\jdk1.8.0_101\jre\bin\zip.dll

VM Arguments:
jvm_args: -Djava.awt.headless=true -Xmx1024M -Dfile.encoding=windows-1256 -Duser.country=US -Duser.language=en -Duser.variant 
java_command: com.android.dx.command.Main --dex --force-jumbo --num-threads=4 --multi-dex --output E:\Android summer training\Pro\PipTalk\app\build\intermediates\transforms\dex\debug\folders\1000\10\com.android.support-appcompat-v7-24.2.1_1e281853588ce34ca18e201b6b0dc61261408134 E:\Android summer training\Pro\PipTalk\app\build\intermediates\exploded-aar\com.android.support\appcompat-v7\24.2.1\jars\classes.jar
java_class_path (initial): E:\BFCI\android SDK\android-sdk-windows\build-tools\24.0.1\lib\dx.jar
Launcher Type: SUN_STANDARD

Environment Variables:
PATH=C:\ProgramData\Oracle\Java\javapath;C:\Windows\system32;C:\Windows;C:\Windows\System32\Wbem;C:\Windows\System32\WindowsPowerShell\v1.0\;C:\Program Files (x86)\Microsoft SQL Server\100\Tools\Binn\;C:\Program Files\Microsoft SQL Server\100\Tools\Binn\;C:\Program Files\Microsoft SQL Server\100\DTS\Binn\;C:\Program Files (x86)\MySQL\MySQL Server 5.0\bin;E:\Installed Programs\runtime\win64;E:\Installed Programs\bin;E:\Installed Programs\polyspace\bin
USERNAME=EL MAGIC
OS=Windows_NT
PROCESSOR_IDENTIFIER=Intel64 Family 6 Model 42 Stepping 7, GenuineIntel



---------------  S Y S T E M  ---------------

OS: Windows 8.1 , 64 bit Build 9600 (6.3.9600.17415)

CPU:total 4 (2 cores per cpu, 2 threads per core) family 6 model 42 stepping 7, cmov, cx8, fxsr, mmx, sse, sse2, sse3, ssse3, sse4.1, sse4.2, popcnt, avx, aes, clmul, ht, tsc, tscinvbit

Memory: 4k page, physical 4098096k(173288k free), swap 7243824k(5376k free)

vm_info: Java HotSpot(TM) 64-Bit Server VM (25.101-b13) for windows-amd64 JRE (1.8.0_101-b13), built on Jun 22 2016 01:21:29 by "java_re" with MS VC++ 10.0 (VS2010)

time: Mon Feb 27 21:54:01 2017
elapsed time: 5 seconds (0d 0h 0m 5s)

