#
# There is insufficient memory for the Java Runtime Environment to continue.
# Native memory allocation (malloc) failed to allocate 14800 bytes for AllocateHeap
# Possible reasons:
#   The system is out of physical RAM or swap space
#   In 32 bit mode, the process size limit was hit
# Possible solutions:
#   Reduce memory load on the system
#   Increase physical memory or swap space
#   Check if swap backing store is full
#   Use 64 bit Java on a 64 bit OS
#   Decrease Java heap size (-Xmx/-Xms)
#   Decrease number of Java threads
#   Decrease Java thread stack sizes (-Xss)
#   Set larger code cache with -XX:ReservedCodeCacheSize=
# This output file may be truncated or incomplete.
#
#  Out of Memory Error (memory/allocation.inline.hpp:61), pid=4852, tid=0x0000000000001054
#
# JRE version: Java(TM) SE Runtime Environment (8.0_101-b13) (build 1.8.0_101-b13)
# Java VM: Java HotSpot(TM) 64-Bit Server VM (25.101-b13 mixed mode windows-amd64 compressed oops)
# Failed to write core dump. Minidumps are not enabled by default on client versions of Windows
#

---------------  T H R E A D  ---------------

Current thread (0x0000000007429800):  JavaThread "C1 CompilerThread2" daemon [_thread_in_vm, id=4180, stack(0x00000000078e0000,0x00000000079e0000)]

Stack: [0x00000000078e0000,0x00000000079e0000]
[error occurred during error reporting (printing stack bounds), id 0xc0000005]

Native frames: (J=compiled Java code, j=interpreted, Vv=VM code, C=native code)


Current CompileTask:
C1:   5994 1367       3       com.android.dx.cf.direct.StdAttributeFactory::code (613 bytes)


---------------  P R O C E S S  ---------------

Java Threads: ( => current thread )
  0x00000000076b0800 JavaThread "pool-1-thread-4" [_thread_blocked, id=220, stack(0x0000000007fe0000,0x00000000080e0000)]
  0x00000000076b0000 JavaThread "pool-1-thread-3" [_thread_blocked, id=6212, stack(0x0000000007ee0000,0x0000000007fe0000)]
  0x000000000769c800 JavaThread "pool-1-thread-2" [_thread_blocked, id=1728, stack(0x0000000007de0000,0x0000000007ee0000)]
  0x000000000769b800 JavaThread "pool-2-thread-1" [_thread_blocked, id=4708, stack(0x0000000007ce0000,0x0000000007de0000)]
  0x000000000769e800 JavaThread "pool-1-thread-1" [_thread_blocked, id=5784, stack(0x0000000007be0000,0x0000000007ce0000)]
  0x0000000007431800 JavaThread "Service Thread" daemon [_thread_blocked, id=7012, stack(0x00000000079e0000,0x0000000007ae0000)]
=>0x0000000007429800 JavaThread "C1 CompilerThread2" daemon [_thread_in_vm, id=4180, stack(0x00000000078e0000,0x00000000079e0000)]
  0x0000000007423800 JavaThread "C2 CompilerThread1" daemon [_thread_in_native, id=5212, stack(0x00000000077e0000,0x00000000078e0000)]
  0x0000000005ce9000 JavaThread "C2 CompilerThread0" daemon [_thread_in_vm, id=6952, stack(0x00000000072e0000,0x00000000073e0000)]
  0x0000000005ce7000 JavaThread "Attach Listener" daemon [_thread_blocked, id=1692, stack(0x00000000071e0000,0x00000000072e0000)]
  0x0000000005ce6000 JavaThread "Signal Dispatcher" daemon [_thread_blocked, id=3628, stack(0x00000000070e0000,0x00000000071e0000)]
  0x0000000005c8a800 JavaThread "Finalizer" daemon [_thread_blocked, id=620, stack(0x0000000006f00000,0x0000000007000000)]
  0x00000000025bf000 JavaThread "Reference Handler" daemon [_thread_blocked, id=316, stack(0x0000000006e00000,0x0000000006f00000)]
  0x00000000024d0800 JavaThread "main" [_thread_blocked, id=1588, stack(0x0000000002360000,0x0000000002460000)]

Other Threads:
  0x0000000005c67800 VMThread [stack: 0x0000000006d00000,0x0000000006e00000] [id=5608]
  0x000000000747e800 WatcherThread [stack: 0x0000000007ae0000,0x0000000007be0000] [id=6000]

VM state:not at safepoint (normal execution)

VM Mutex/Monitor currently owned by a thread:  ([mutex/lock_event])
[0x000000000083b840] CodeCache_lock - owner thread: 0x0000000007429800
[0x000000000083cc20] Compile_lock - owner thread: 0x0000000007429800
[0x000000000083dc20] MethodCompileQueue_lock - owner thread: 0x0000000007429800

Heap:
 PSYoungGen      total 18944K, used 3343K [0x00000000eab00000, 0x00000000ed000000, 0x0000000100000000)
  eden space 16384K, 4% used [0x00000000eab00000,0x00000000eabcbe50,0x00000000ebb00000)
  from space 2560K, 98% used [0x00000000ebb00000,0x00000000ebd78018,0x00000000ebd80000)
  to   space 2560K, 0% used [0x00000000ecd80000,0x00000000ecd80000,0x00000000ed000000)
 ParOldGen       total 44032K, used 5712K [0x00000000c0000000, 0x00000000c2b00000, 0x00000000eab00000)
  object space 44032K, 12% used [0x00000000c0000000,0x00000000c0594078,0x00000000c2b00000)
 Metaspace       used 6146K, capacity 6966K, committed 7040K, reserved 1056768K
  class space    used 604K, capacity 622K, committed 640K, reserved 1048576K

Card table byte_map: [0x0000000002990000,0x0000000002ba0000] byte_map_base: 0x0000000002390000

Marking Bits: (ParMarkBitMap*) 0x00000000774aa6d0
 Begin Bits: [0x0000000003100000, 0x0000000004100000)
 End Bits:   [0x0000000004100000, 0x0000000005100000)

Polling page: 0x00000000007c0000

CodeCache: size=245760Kb used=5293Kb max_used=5293Kb free=240466Kb
 bounds [0x000000000f010000, 0x000000000f540000, 0x000000001e010000]
 total_blobs=1622 nmethods=1353 adapters=181
 compilation: enabled

Compilation events (10 events):
Event: 5.808 Thread 0x0000000007429800 nmethod 1364 0x000000000f52e090 code [0x000000000f52e240, 0x000000000f52e708]
Event: 5.808 Thread 0x0000000007429800 1366       3       com.android.dx.rop.type.Type::internClassName (56 bytes)
Event: 5.809 Thread 0x0000000007429800 nmethod 1366 0x000000000f52e910 code [0x000000000f52eb60, 0x000000000f52fa58]
Event: 5.809 Thread 0x0000000007429800 1361       3       com.android.dx.cf.iface.StdMember::getName (8 bytes)
Event: 5.809 Thread 0x0000000007429800 nmethod 1361 0x000000000f530150 code [0x000000000f5302a0, 0x000000000f530490]
Event: 5.809 Thread 0x0000000007429800 1362       3       com.android.dx.rop.code.LocalVariableExtractor::extract (14 bytes)
Event: 5.809 Thread 0x0000000007429800 nmethod 1362 0x000000000f530550 code [0x000000000f5306c0, 0x000000000f5308b8]
Event: 5.809 Thread 0x0000000007429800 1363       3       com.android.dx.dex.code.StdCatchBuilder::<init> (62 bytes)
Event: 5.809 Thread 0x0000000007429800 nmethod 1363 0x000000000f530990 code [0x000000000f530b40, 0x000000000f531008]
Event: 5.809 Thread 0x0000000007429800 1367       3       com.android.dx.cf.direct.StdAttributeFactory::code (613 bytes)

GC Heap History (6 events):
Event: 5.018 GC heap before
{Heap before GC invocations=1 (full 0):
 PSYoungGen      total 18944K, used 16384K [0x00000000eab00000, 0x00000000ec000000, 0x0000000100000000)
  eden space 16384K, 100% used [0x00000000eab00000,0x00000000ebb00000,0x00000000ebb00000)
  from space 2560K, 0% used [0x00000000ebd80000,0x00000000ebd80000,0x00000000ec000000)
  to   space 2560K, 0% used [0x00000000ebb00000,0x00000000ebb00000,0x00000000ebd80000)
 ParOldGen       total 44032K, used 0K [0x00000000c0000000, 0x00000000c2b00000, 0x00000000eab00000)
  object space 44032K, 0% used [0x00000000c0000000,0x00000000c0000000,0x00000000c2b00000)
 Metaspace       used 5688K, capacity 6582K, committed 6784K, reserved 1056768K
  class space    used 602K, capacity 622K, committed 640K, reserved 1048576K
Event: 5.024 GC heap after
Heap after GC invocations=1 (full 0):
 PSYoungGen      total 18944K, used 2554K [0x00000000eab00000, 0x00000000ec000000, 0x0000000100000000)
  eden space 16384K, 0% used [0x00000000eab00000,0x00000000eab00000,0x00000000ebb00000)
  from space 2560K, 99% used [0x00000000ebb00000,0x00000000ebd7ea98,0x00000000ebd80000)
  to   space 2560K, 0% used [0x00000000ebd80000,0x00000000ebd80000,0x00000000ec000000)
 ParOldGen       total 44032K, used 1215K [0x00000000c0000000, 0x00000000c2b00000, 0x00000000eab00000)
  object space 44032K, 2% used [0x00000000c0000000,0x00000000c012fca0,0x00000000c2b00000)
 Metaspace       used 5688K, capacity 6582K, committed 6784K, reserved 1056768K
  class space    used 602K, capacity 622K, committed 640K, reserved 1048576K
}
Event: 5.447 GC heap before
{Heap before GC invocations=2 (full 0):
 PSYoungGen      total 18944K, used 18938K [0x00000000eab00000, 0x00000000ec000000, 0x0000000100000000)
  eden space 16384K, 100% used [0x00000000eab00000,0x00000000ebb00000,0x00000000ebb00000)
  from space 2560K, 99% used [0x00000000ebb00000,0x00000000ebd7ea98,0x00000000ebd80000)
  to   space 2560K, 0% used [0x00000000ebd80000,0x00000000ebd80000,0x00000000ec000000)
 ParOldGen       total 44032K, used 1215K [0x00000000c0000000, 0x00000000c2b00000, 0x00000000eab00000)
  object space 44032K, 2% used [0x00000000c0000000,0x00000000c012fca0,0x00000000c2b00000)
 Metaspace       used 6021K, capacity 6902K, committed 7040K, reserved 1056768K
  class space    used 604K, capacity 622K, committed 640K, reserved 1048576K
Event: 5.459 GC heap after
Heap after GC invocations=2 (full 0):
 PSYoungGen      total 18944K, used 2535K [0x00000000eab00000, 0x00000000ed000000, 0x0000000100000000)
  eden space 16384K, 0% used [0x00000000eab00000,0x00000000eab00000,0x00000000ebb00000)
  from space 2560K, 99% used [0x00000000ebd80000,0x00000000ebff9c78,0x00000000ec000000)
  to   space 2560K, 0% used [0x00000000ebb00000,0x00000000ebb00000,0x00000000ebd80000)
 ParOldGen       total 44032K, used 3257K [0x00000000c0000000, 0x00000000c2b00000, 0x00000000eab00000)
  object space 44032K, 7% used [0x00000000c0000000,0x00000000c032e4b0,0x00000000c2b00000)
 Metaspace       used 6021K, capacity 6902K, committed 7040K, reserved 1056768K
  class space    used 604K, capacity 622K, committed 640K, reserved 1048576K
}
Event: 5.904 GC heap before
{Heap before GC invocations=3 (full 0):
 PSYoungGen      total 18944K, used 18919K [0x00000000eab00000, 0x00000000ed000000, 0x0000000100000000)
  eden space 16384K, 100% used [0x00000000eab00000,0x00000000ebb00000,0x00000000ebb00000)
  from space 2560K, 99% used [0x00000000ebd80000,0x00000000ebff9c78,0x00000000ec000000)
  to   space 2560K, 0% used [0x00000000ebb00000,0x00000000ebb00000,0x00000000ebd80000)
 ParOldGen       total 44032K, used 3257K [0x00000000c0000000, 0x00000000c2b00000, 0x00000000eab00000)
  object space 44032K, 7% used [0x00000000c0000000,0x00000000c032e4b0,0x00000000c2b00000)
 Metaspace       used 6145K, capacity 6966K, committed 7040K, reserved 1056768K
  class space    used 604K, capacity 622K, committed 640K, reserved 1048576K
Event: 5.982 GC heap after
Heap after GC invocations=3 (full 0):
 PSYoungGen      total 18944K, used 2528K [0x00000000eab00000, 0x00000000ed000000, 0x0000000100000000)
  eden space 16384K, 0% used [0x00000000eab00000,0x00000000eab00000,0x00000000ebb00000)
  from space 2560K, 98% used [0x00000000ebb00000,0x00000000ebd78018,0x00000000ebd80000)
  to   space 2560K, 0% used [0x00000000ecd80000,0x00000000ecd80000,0x00000000ed000000)
 ParOldGen       total 44032K, used 5712K [0x00000000c0000000, 0x00000000c2b00000, 0x00000000eab00000)
  object space 44032K, 12% used [0x00000000c0000000,0x00000000c0594078,0x00000000c2b00000)
 Metaspace       used 6145K, capacity 6966K, committed 7040K, reserved 1056768K
  class space    used 604K, capacity 622K, committed 640K, reserved 1048576K
}

Deoptimization events (4 events):
Event: 4.945 Thread 0x00000000076b0800 Uncommon trap: reason=unstable_if action=reinterpret pc=0x000000000f214400 method=java.util.HashMap.getNode(ILjava/lang/Object;)Ljava/util/HashMap$Node; @ 129
Event: 5.147 Thread 0x00000000076b0800 Uncommon trap: reason=bimorphic action=maybe_recompile pc=0x000000000f2383f8 method=java.util.HashMap.getNode(ILjava/lang/Object;)Ljava/util/HashMap$Node; @ 126
Event: 5.147 Thread 0x00000000076b0800 Uncommon trap: reason=bimorphic action=maybe_recompile pc=0x000000000f2383f8 method=java.util.HashMap.getNode(ILjava/lang/Object;)Ljava/util/HashMap$Node; @ 126
Event: 5.796 Thread 0x000000000769e800 Uncommon trap: reason=unstable_if action=reinterpret pc=0x000000000f3a8e1c method=com.android.dx.ssa.SsaMethod.updateOneDefinition(Lcom/android/dx/ssa/SsaInsn;Lcom/android/dx/rop/code/RegisterSpec;)V @ 4

Internal exceptions (2 events):
Event: 2.836 Thread 0x00000000024d0800 Exception <a 'java/lang/NoSuchMethodError': Method sun.misc.Unsafe.defineClass(Ljava/lang/String;[BII)Ljava/lang/Class; name or signature does not match> (0x00000000eab07cc0) thrown at [C:\re\workspace\8-2-build-windows-amd64-cygwin\jdk8u101\7261\hotspot\sh]‡!±@
Event: 2.836 Thread 0x00000000024d0800 Exception <a 'java/lang/NoSuchMethodError': Method sun.misc.Unsafe.prefetchRead(Ljava/lang/Object;J)V name or signature does not match> (0x00000000eab07fa8) thrown at [C:\re\workspace\8-2-build-windows-amd64-cygwin\jdk8u101\7261\hotspot\src\share\vm\prims\

Events (10 events):
Event: 5.363 Thread 0x000000000769c800 DEOPT UNPACKING pc=0x000000000f05787f sp=0x0000000007edea50 mode 0
Event: 5.417 Executing VM operation: ParallelGCFailedAllocation
Event: 5.459 Executing VM operation: ParallelGCFailedAllocation done
Event: 5.795 loading class com/android/dx/rop/code/RegOps
Event: 5.795 loading class com/android/dx/rop/code/RegOps done
Event: 5.796 Thread 0x000000000769e800 Uncommon trap: trap_request=0xffffff65 fr.pc=0x000000000f3a8e1c
Event: 5.796 Thread 0x000000000769e800 DEOPT PACKING pc=0x000000000f3a8e1c sp=0x0000000007cde6d0
Event: 5.796 Thread 0x000000000769e800 DEOPT UNPACKING pc=0x000000000f05582a sp=0x0000000007cde678 mode 2
Event: 5.817 Executing VM operation: ParallelGCFailedAllocation
Event: 5.982 Executing VM operation: ParallelGCFailedAllocation done


Dynamic libraries:
0x00007ff7a5fc0000 - 0x00007ff7a5ff7000 	C:\Program Files\Java\jdk1.8.0_101\bin\java.exe
0x00007ff994800000 - 0x00007ff9949ad000 	C:\Windows\SYSTEM32\ntdll.dll
0x00007ff9924c0000 - 0x00007ff9925fe000 	C:\Windows\system32\KERNEL32.DLL
0x00007ff991aa0000 - 0x00007ff991bb5000 	C:\Windows\system32\KERNELBASE.dll
0x00007ff990100000 - 0x00007ff99018e000 	C:\Windows\system32\apphelp.dll
0x00007ff981a70000 - 0x00007ff981ac3000 	C:\Windows\AppPatch\AppPatch64\AcGenral.DLL
0x00007ff991e80000 - 0x00007ff991f2a000 	C:\Windows\system32\msvcrt.dll
0x00007ff991c20000 - 0x00007ff991c4e000 	C:\Windows\system32\SspiCli.dll
0x00007ff992150000 - 0x00007ff9921a4000 	C:\Windows\system32\SHLWAPI.dll
0x00007ff9922e0000 - 0x00007ff992457000 	C:\Windows\system32\USER32.dll
0x00007ff994000000 - 0x00007ff994194000 	C:\Windows\system32\ole32.dll
0x00007ff992710000 - 0x00007ff993c38000 	C:\Windows\system32\SHELL32.dll
0x00007ff990e90000 - 0x00007ff990eb1000 	C:\Windows\SYSTEM32\USERENV.dll
0x00007ff9942d0000 - 0x00007ff99437a000 	C:\Windows\system32\ADVAPI32.dll
0x00007ff984fc0000 - 0x00007ff984fde000 	C:\Windows\SYSTEM32\MPR.dll
0x00007ff994380000 - 0x00007ff9944c0000 	C:\Windows\system32\RPCRT4.dll
0x00007ff9941a0000 - 0x00007ff9941f9000 	C:\Windows\SYSTEM32\sechost.dll
0x00007ff991f30000 - 0x00007ff992142000 	C:\Windows\SYSTEM32\combase.dll
0x00007ff993c50000 - 0x00007ff993d9f000 	C:\Windows\system32\GDI32.dll
0x00007ff991920000 - 0x00007ff991935000 	C:\Windows\SYSTEM32\profapi.dll
0x00007ff990190000 - 0x00007ff990242000 	C:\Windows\SYSTEM32\SHCORE.dll
0x00007ff9926c0000 - 0x00007ff9926f6000 	C:\Windows\system32\IMM32.DLL
0x00007ff9946a0000 - 0x00007ff9947f2000 	C:\Windows\system32\MSCTF.dll
0x00007ff9918d0000 - 0x00007ff991901000 	C:\Windows\system32\nvinitx.dll
0x00007ff9918c0000 - 0x00007ff9918ca000 	C:\Windows\SYSTEM32\VERSION.dll
0x000000000f000000 - 0x000000000f006000 	C:\Program Files\NVIDIA Corporation\CoProcManager\_etoured.dll
0x00007ff98fd30000 - 0x00007ff98fd61000 	C:\Program Files\NVIDIA Corporation\CoProcManager\nvd3d9wrapx.dll
0x00007ff993db0000 - 0x00007ff993f8a000 	C:\Windows\system32\SETUPAPI.dll
0x00007ff991e30000 - 0x00007ff991e7f000 	C:\Windows\system32\CFGMGR32.dll
0x00007ff98fd00000 - 0x00007ff98fd22000 	C:\Program Files\NVIDIA Corporation\CoProcManager\nvdxgiwrapx.dll
0x00007ff98f300000 - 0x00007ff98f57b000 	C:\Windows\WinSxS\amd64_microsoft.windows.common-controls_6595b64144ccf1df_6.0.9600.18006_none_623f33d3ecbe86e8\COMCTL32.dll
0x0000000076670000 - 0x0000000076742000 	C:\Program Files\Java\jdk1.8.0_101\jre\bin\msvcr100.dll
0x0000000076c90000 - 0x000000007752a000 	C:\Program Files\Java\jdk1.8.0_101\jre\bin\server\jvm.dll
0x00007ff978ac0000 - 0x00007ff978ac9000 	C:\Windows\SYSTEM32\WSOCK32.dll
0x00007ff98fa80000 - 0x00007ff98faa2000 	C:\Windows\SYSTEM32\WINMM.dll
0x00007ff993da0000 - 0x00007ff993da7000 	C:\Windows\system32\PSAPI.DLL
0x00007ff992460000 - 0x00007ff9924ba000 	C:\Windows\system32\WS2_32.dll
0x00007ff98efa0000 - 0x00007ff98efca000 	C:\Windows\SYSTEM32\WINMMBASE.dll
0x00007ff993c40000 - 0x00007ff993c49000 	C:\Windows\system32\NSI.dll
0x00007ff9906f0000 - 0x00007ff990718000 	C:\Windows\SYSTEM32\DEVOBJ.dll
0x0000000050150000 - 0x000000005015f000 	C:\Program Files\Java\jdk1.8.0_101\jre\bin\verify.dll
0x0000000050120000 - 0x0000000050149000 	C:\Program Files\Java\jdk1.8.0_101\jre\bin\java.dll
0x0000000050100000 - 0x0000000050116000 	C:\Program Files\Java\jdk1.8.0_101\jre\bin\zip.dll

VM Arguments:
jvm_args: -Djava.awt.headless=true -Xmx1024M -Dfile.encoding=windows-1256 -Duser.country=US -Duser.language=en -Duser.variant 
java_command: com.android.dx.command.Main --dex --num-threads=4 --output E:\Android summer training\Pro\PipTalk\app\build\intermediates\pre-dexed\debug\com.google.android.gms-play-services-basement-10.2.0_0c3cf0ca30dde1befb2f8f9702aa8f1a690db1f3.jar E:\Android summer training\Pro\PipTalk\app\build\intermediates\exploded-aar\com.google.android.gms\play-services-basement\10.2.0\jars\classes.jar
java_class_path (initial): E:\BFCI\android SDK\android-sdk-windows\build-tools\24.0.1\lib\dx.jar
Launcher Type: SUN_STANDARD

Environment Variables:
PATH=C:\ProgramData\Oracle\Java\javapath;C:\Windows\system32;C:\Windows;C:\Windows\System32\Wbem;C:\Windows\System32\WindowsPowerShell\v1.0\;C:\Program Files (x86)\Microsoft SQL Server\100\Tools\Binn\;C:\Program Files\Microsoft SQL Server\100\Tools\Binn\;C:\Program Files\Microsoft SQL Server\100\DTS\Binn\;C:\Program Files (x86)\MySQL\MySQL Server 5.0\bin;E:\Installed Programs\runtime\win64;E:\Installed Programs\bin;E:\Installed Programs\polyspace\bin
USERNAME=EL MAGIC
OS=Windows_NT
PROCESSOR_IDENTIFIER=Intel64 Family 6 Model 42 Stepping 7, GenuineIntel



---------------  S Y S T E M  ---------------

OS: Windows 8.1 , 64 bit Build 9600 (6.3.9600.17415)

CPU:total 4 (2 cores per cpu, 2 threads per core) family 6 model 42 stepping 7, cmov, cx8, fxsr, mmx, sse, sse2, sse3, ssse3, sse4.1, sse4.2, popcnt, avx, aes, clmul, ht, tsc, tscinvbit

Memory: 4k page, physical 4098096k(702656k free), swap 5660400k(5040k free)

vm_info: Java HotSpot(TM) 64-Bit Server VM (25.101-b13) for windows-amd64 JRE (1.8.0_101-b13), built on Jun 22 2016 01:21:29 by "java_re" with MS VC++ 10.0 (VS2010)

time: Mon Jun 19 08:59:37 2017
elapsed time: 5 seconds (0d 0h 0m 5s)

