#
# There is insufficient memory for the Java Runtime Environment to continue.
# Native memory allocation (malloc) failed to allocate 301216 bytes for Chunk::new
# Possible reasons:
#   The system is out of physical RAM or swap space
#   In 32 bit mode, the process size limit was hit
# Possible solutions:
#   Reduce memory load on the system
#   Increase physical memory or swap space
#   Check if swap backing store is full
#   Use 64 bit Java on a 64 bit OS
#   Decrease Java heap size (-Xmx/-Xms)
#   Decrease number of Java threads
#   Decrease Java thread stack sizes (-Xss)
#   Set larger code cache with -XX:ReservedCodeCacheSize=
# This output file may be truncated or incomplete.
#
#  Out of Memory Error (allocation.cpp:390), pid=2844, tid=0x00000000000011f0
#
# JRE version: Java(TM) SE Runtime Environment (8.0_101-b13) (build 1.8.0_101-b13)
# Java VM: Java HotSpot(TM) 64-Bit Server VM (25.101-b13 mixed mode windows-amd64 compressed oops)
# Failed to write core dump. Minidumps are not enabled by default on client versions of Windows
#

---------------  T H R E A D  ---------------

Current thread (0x000000000671f000):  JavaThread "C2 CompilerThread1" daemon [_thread_in_native, id=4592, stack(0x0000000007e30000,0x0000000007f30000)]

Stack: [0x0000000007e30000,0x0000000007f30000]
[error occurred during error reporting (printing stack bounds), id 0xc0000005]

Native frames: (J=compiled Java code, j=interpreted, Vv=VM code, C=native code)


Current CompileTask:
C2:  14893 1793 %     4       sun.security.provider.SHA::implCompress @ 12 (491 bytes)


---------------  P R O C E S S  ---------------

Java Threads: ( => current thread )
  0x00000000080ca800 JavaThread "pool-1-thread-1" [_thread_in_native, id=3276, stack(0x0000000008630000,0x0000000008730000)]
  0x0000000007f9d000 JavaThread "Service Thread" daemon [_thread_blocked, id=5852, stack(0x0000000008430000,0x0000000008530000)]
  0x000000000672c800 JavaThread "C1 CompilerThread2" daemon [_thread_blocked, id=6512, stack(0x0000000008330000,0x0000000008430000)]
=>0x000000000671f000 JavaThread "C2 CompilerThread1" daemon [_thread_in_native, id=4592, stack(0x0000000007e30000,0x0000000007f30000)]
  0x000000000671c000 JavaThread "C2 CompilerThread0" daemon [_thread_blocked, id=2368, stack(0x0000000007d30000,0x0000000007e30000)]
  0x0000000006717000 JavaThread "Attach Listener" daemon [_thread_blocked, id=3628, stack(0x0000000007c30000,0x0000000007d30000)]
  0x0000000006716800 JavaThread "Signal Dispatcher" daemon [_thread_blocked, id=3196, stack(0x0000000007b30000,0x0000000007c30000)]
  0x00000000066ba000 JavaThread "Finalizer" daemon [_thread_blocked, id=2864, stack(0x0000000007950000,0x0000000007a50000)]
  0x0000000002ff1000 JavaThread "Reference Handler" daemon [_thread_blocked, id=4700, stack(0x0000000007850000,0x0000000007950000)]
  0x0000000002f00800 JavaThread "main" [_thread_blocked, id=6452, stack(0x0000000002e00000,0x0000000002f00000)]

Other Threads:
  0x0000000002fee800 VMThread [stack: 0x0000000007750000,0x0000000007850000] [id=3012]
  0x000000000672e800 WatcherThread [stack: 0x0000000008530000,0x0000000008630000] [id=2612]

VM state:not at safepoint (normal execution)

VM Mutex/Monitor currently owned by a thread: None

Heap:
 PSYoungGen      total 35328K, used 18137K [0x00000000eab00000, 0x00000000ed000000, 0x0000000100000000)
  eden space 32768K, 47% used [0x00000000eab00000,0x00000000eba3bc00,0x00000000ecb00000)
  from space 2560K, 99% used [0x00000000ecd80000,0x00000000ecffaab8,0x00000000ed000000)
  to   space 2560K, 0% used [0x00000000ecb00000,0x00000000ecb00000,0x00000000ecd80000)
 ParOldGen       total 44032K, used 4421K [0x00000000c0000000, 0x00000000c2b00000, 0x00000000eab00000)
  object space 44032K, 10% used [0x00000000c0000000,0x00000000c0451418,0x00000000c2b00000)
 Metaspace       used 6662K, capacity 7416K, committed 7680K, reserved 1056768K
  class space    used 646K, capacity 688K, committed 768K, reserved 1048576K

Card table byte_map: [0x00000000033c0000,0x00000000035d0000] byte_map_base: 0x0000000002dc0000

Marking Bits: (ParMarkBitMap*) 0x000000007150a6d0
 Begin Bits: [0x0000000003b30000, 0x0000000004b30000)
 End Bits:   [0x0000000004b30000, 0x0000000005b30000)

Polling page: 0x0000000001110000

CodeCache: size=245760Kb used=7027Kb max_used=7027Kb free=238733Kb
 bounds [0x000000000f010000, 0x000000000f700000, 0x000000001e010000]
 total_blobs=2048 nmethods=1778 adapters=183
 compilation: enabled

Compilation events (10 events):
Event: 14.535 Thread 0x000000000671f000 nmethod 1787 0x000000000f6edbd0 code [0x000000000f6edd00, 0x000000000f6eddd8]
Event: 14.599 Thread 0x000000000672c800 1789       3       java.lang.Integer::reverseBytes (26 bytes)
Event: 14.599 Thread 0x000000000672c800 nmethod 1789 0x000000000f6ed510 code [0x000000000f6ed660, 0x000000000f6ed7b0]
Event: 14.601 Thread 0x000000000671c000 1790       4       java.lang.Integer::reverseBytes (26 bytes)
Event: 14.601 Thread 0x000000000671c000 nmethod 1790 0x000000000f6ed310 code [0x000000000f6ed440, 0x000000000f6ed4b8]
Event: 14.603 Thread 0x000000000672c800 1791       3       sun.security.provider.SHA::implCompress (491 bytes)
Event: 14.604 Thread 0x000000000672c800 nmethod 1791 0x000000000f6ef810 code [0x000000000f6efa00, 0x000000000f6f02e8]
Event: 14.604 Thread 0x000000000672c800 1792       3       sun.security.provider.ByteArrayAccess::b2iBig64 (614 bytes)
Event: 14.605 Thread 0x000000000672c800 nmethod 1792 0x000000000f6ee1d0 code [0x000000000f6ee3e0, 0x000000000f6ef1a8]
Event: 14.607 Thread 0x000000000671f000 1793 %     4       sun.security.provider.SHA::implCompress @ 12 (491 bytes)

GC Heap History (4 events):
Event: 10.183 GC heap before
{Heap before GC invocations=1 (full 0):
 PSYoungGen      total 18944K, used 16384K [0x00000000eab00000, 0x00000000ec000000, 0x0000000100000000)
  eden space 16384K, 100% used [0x00000000eab00000,0x00000000ebb00000,0x00000000ebb00000)
  from space 2560K, 0% used [0x00000000ebd80000,0x00000000ebd80000,0x00000000ec000000)
  to   space 2560K, 0% used [0x00000000ebb00000,0x00000000ebb00000,0x00000000ebd80000)
 ParOldGen       total 44032K, used 0K [0x00000000c0000000, 0x00000000c2b00000, 0x00000000eab00000)
  object space 44032K, 0% used [0x00000000c0000000,0x00000000c0000000,0x00000000c2b00000)
 Metaspace       used 5713K, capacity 6768K, committed 7040K, reserved 1056768K
  class space    used 587K, capacity 616K, committed 640K, reserved 1048576K
Event: 10.557 GC heap after
Heap after GC invocations=1 (full 0):
 PSYoungGen      total 18944K, used 2535K [0x00000000eab00000, 0x00000000ed000000, 0x0000000100000000)
  eden space 16384K, 0% used [0x00000000eab00000,0x00000000eab00000,0x00000000ebb00000)
  from space 2560K, 99% used [0x00000000ebb00000,0x00000000ebd79c88,0x00000000ebd80000)
  to   space 2560K, 0% used [0x00000000ecd80000,0x00000000ecd80000,0x00000000ed000000)
 ParOldGen       total 44032K, used 1618K [0x00000000c0000000, 0x00000000c2b00000, 0x00000000eab00000)
  object space 44032K, 3% used [0x00000000c0000000,0x00000000c0194a80,0x00000000c2b00000)
 Metaspace       used 5713K, capacity 6768K, committed 7040K, reserved 1056768K
  class space    used 587K, capacity 616K, committed 640K, reserved 1048576K
}
Event: 11.320 GC heap before
{Heap before GC invocations=2 (full 0):
 PSYoungGen      total 18944K, used 18919K [0x00000000eab00000, 0x00000000ed000000, 0x0000000100000000)
  eden space 16384K, 100% used [0x00000000eab00000,0x00000000ebb00000,0x00000000ebb00000)
  from space 2560K, 99% used [0x00000000ebb00000,0x00000000ebd79c88,0x00000000ebd80000)
  to   space 2560K, 0% used [0x00000000ecd80000,0x00000000ecd80000,0x00000000ed000000)
 ParOldGen       total 44032K, used 1830K [0x00000000c0000000, 0x00000000c2b00000, 0x00000000eab00000)
  object space 44032K, 4% used [0x00000000c0000000,0x00000000c01c9ad8,0x00000000c2b00000)
 Metaspace       used 5961K, capacity 6960K, committed 7040K, reserved 1056768K
  class space    used 592K, capacity 616K, committed 640K, reserved 1048576K
Event: 11.341 GC heap after
Heap after GC invocations=2 (full 0):
 PSYoungGen      total 35328K, used 2538K [0x00000000eab00000, 0x00000000ed000000, 0x0000000100000000)
  eden space 32768K, 0% used [0x00000000eab00000,0x00000000eab00000,0x00000000ecb00000)
  from space 2560K, 99% used [0x00000000ecd80000,0x00000000ecffaab8,0x00000000ed000000)
  to   space 2560K, 0% used [0x00000000ecb00000,0x00000000ecb00000,0x00000000ecd80000)
 ParOldGen       total 44032K, used 4421K [0x00000000c0000000, 0x00000000c2b00000, 0x00000000eab00000)
  object space 44032K, 10% used [0x00000000c0000000,0x00000000c0451418,0x00000000c2b00000)
 Metaspace       used 5961K, capacity 6960K, committed 7040K, reserved 1056768K
  class space    used 592K, capacity 616K, committed 640K, reserved 1048576K
}

Deoptimization events (10 events):
Event: 12.125 Thread 0x00000000080ca800 Uncommon trap: reason=unstable_if action=reinterpret pc=0x000000000f6a19c4 method=com.android.dx.util.ByteArrayAnnotatedOutput.writeByte(I)V @ 13
Event: 13.980 Thread 0x00000000080ca800 Uncommon trap: reason=unstable_if action=reinterpret pc=0x000000000f3289bc method=java.util.Arrays.copyOf([Ljava/lang/Object;ILjava/lang/Class;)[Ljava/lang/Object; @ 3
Event: 14.285 Thread 0x00000000080ca800 Uncommon trap: reason=speculate_class_check action=maybe_recompile pc=0x000000000f5f9e84 method=java.util.HashMap.putVal(ILjava/lang/Object;Ljava/lang/Object;ZZ)Ljava/lang/Object; @ 56
Event: 14.285 Thread 0x00000000080ca800 Uncommon trap: reason=speculate_class_check action=maybe_recompile pc=0x000000000f5f9ef0 method=java.util.HashMap.putVal(ILjava/lang/Object;Ljava/lang/Object;ZZ)Ljava/lang/Object; @ 152
Event: 14.285 Thread 0x00000000080ca800 Uncommon trap: reason=speculate_class_check action=maybe_recompile pc=0x000000000f5f9e84 method=java.util.HashMap.putVal(ILjava/lang/Object;Ljava/lang/Object;ZZ)Ljava/lang/Object; @ 56
Event: 14.285 Thread 0x00000000080ca800 Uncommon trap: reason=speculate_class_check action=maybe_recompile pc=0x000000000f5f9e84 method=java.util.HashMap.putVal(ILjava/lang/Object;Ljava/lang/Object;ZZ)Ljava/lang/Object; @ 56
Event: 14.285 Thread 0x00000000080ca800 Uncommon trap: reason=class_check action=maybe_recompile pc=0x000000000f600d90 method=java.util.HashMap.putVal(ILjava/lang/Object;Ljava/lang/Object;ZZ)Ljava/lang/Object; @ 56
Event: 14.286 Thread 0x00000000080ca800 Uncommon trap: reason=class_check action=maybe_recompile pc=0x000000000f600d90 method=java.util.HashMap.putVal(ILjava/lang/Object;Ljava/lang/Object;ZZ)Ljava/lang/Object; @ 56
Event: 14.286 Thread 0x00000000080ca800 Uncommon trap: reason=class_check action=maybe_recompile pc=0x000000000f600d90 method=java.util.HashMap.putVal(ILjava/lang/Object;Ljava/lang/Object;ZZ)Ljava/lang/Object; @ 56
Event: 14.286 Thread 0x00000000080ca800 Uncommon trap: reason=class_check action=maybe_recompile pc=0x000000000f600d90 method=java.util.HashMap.putVal(ILjava/lang/Object;Ljava/lang/Object;ZZ)Ljava/lang/Object; @ 56

Internal exceptions (4 events):
Event: 0.097 Thread 0x0000000002f00800 Exception <a 'java/lang/NoSuchMethodError': Method sun.misc.Unsafe.defineClass(Ljava/lang/String;[BII)Ljava/lang/Class; name or signature does not match> (0x00000000eab07cc0) thrown at [C:\re\workspace\8-2-build-windows-amd64-cygwin\jdk8u101\7261\hotspot\szÃh¿?Â¸?
Event: 0.097 Thread 0x0000000002f00800 Exception <a 'java/lang/NoSuchMethodError': Method sun.misc.Unsafe.prefetchRead(Ljava/lang/Object;J)V name or signature does not match> (0x00000000eab07fa8) thrown at [C:\re\workspace\8-2-build-windows-amd64-cygwin\jdk8u101\7261\hotspot\src\share\vm\prims\eã§ùi$%@
Event: 10.571 Thread 0x00000000081f2000 Implicit null exception at 0x000000000f2e89df to 0x000000000f2eac2d
Event: 11.622 Thread 0x00000000080ca800 Implicit null exception at 0x000000000f3011a2 to 0x000000000f301292

Events (10 events):
Event: 14.535 loading class sun/security/provider/DigestBase
Event: 14.536 loading class sun/security/provider/DigestBase done
Event: 14.536 loading class sun/security/provider/SHA done
Event: 14.536 loading class sun/security/jca/GetInstance$Instance
Event: 14.536 loading class sun/security/jca/GetInstance$Instance done
Event: 14.536 loading class java/security/MessageDigest$Delegate
Event: 14.536 loading class java/security/MessageDigest$Delegate done
Event: 14.536 loading class sun/security/provider/ByteArrayAccess
Event: 14.598 loading class sun/security/provider/ByteArrayAccess done
Event: 14.610 loading class java/util/zip/Adler32


Dynamic libraries:
0x00007ff7c0430000 - 0x00007ff7c0467000 	C:\Program Files\Java\jdk1.8.0_101\bin\java.exe
0x00007ffb95ef0000 - 0x00007ffb9609d000 	C:\Windows\SYSTEM32\ntdll.dll
0x00007ffb93f00000 - 0x00007ffb9403e000 	C:\Windows\system32\KERNEL32.DLL
0x00007ffb931c0000 - 0x00007ffb932d5000 	C:\Windows\system32\KERNELBASE.dll
0x00007ffb91b90000 - 0x00007ffb91c1e000 	C:\Windows\system32\apphelp.dll
0x00007ffb81b90000 - 0x00007ffb81be3000 	C:\Windows\AppPatch\AppPatch64\AcGenral.DLL
0x00007ffb93630000 - 0x00007ffb936da000 	C:\Windows\system32\msvcrt.dll
0x00007ffb930e0000 - 0x00007ffb9310e000 	C:\Windows\system32\SspiCli.dll
0x00007ffb95df0000 - 0x00007ffb95e44000 	C:\Windows\system32\SHLWAPI.dll
0x00007ffb93740000 - 0x00007ffb938b7000 	C:\Windows\system32\USER32.dll
0x00007ffb95780000 - 0x00007ffb95914000 	C:\Windows\system32\ole32.dll
0x00007ffb94040000 - 0x00007ffb95568000 	C:\Windows\system32\SHELL32.dll
0x00007ffb92590000 - 0x00007ffb925b1000 	C:\Windows\SYSTEM32\USERENV.dll
0x00007ffb95570000 - 0x00007ffb9561a000 	C:\Windows\system32\ADVAPI32.dll
0x00007ffb8b5f0000 - 0x00007ffb8b60e000 	C:\Windows\SYSTEM32\MPR.dll
0x00007ffb93a20000 - 0x00007ffb93b60000 	C:\Windows\system32\RPCRT4.dll
0x00007ffb95920000 - 0x00007ffb95979000 	C:\Windows\SYSTEM32\sechost.dll
0x00007ffb959e0000 - 0x00007ffb95bf1000 	C:\Windows\SYSTEM32\combase.dll
0x00007ffb95630000 - 0x00007ffb9577f000 	C:\Windows\system32\GDI32.dll
0x00007ffb93010000 - 0x00007ffb93025000 	C:\Windows\SYSTEM32\profapi.dll
0x00007ffb91540000 - 0x00007ffb915f2000 	C:\Windows\SYSTEM32\SHCORE.dll
0x00007ffb95db0000 - 0x00007ffb95de6000 	C:\Windows\system32\IMM32.DLL
0x00007ffb938c0000 - 0x00007ffb93a12000 	C:\Windows\system32\MSCTF.dll
0x00007ffb92f50000 - 0x00007ffb92f81000 	C:\Windows\system32\nvinitx.dll
0x00007ffb92f40000 - 0x00007ffb92f4a000 	C:\Windows\SYSTEM32\VERSION.dll
0x000000000f000000 - 0x000000000f006000 	C:\Program Files\NVIDIA Corporation\CoProcManager\_etoured.dll
0x00007ffb91ca0000 - 0x00007ffb91cd1000 	C:\Program Files\NVIDIA Corporation\CoProcManager\nvd3d9wrapx.dll
0x00007ffb93b60000 - 0x00007ffb93d3a000 	C:\Windows\system32\SETUPAPI.dll
0x00007ffb93170000 - 0x00007ffb931bf000 	C:\Windows\system32\CFGMGR32.dll
0x00007ffb91740000 - 0x00007ffb91762000 	C:\Program Files\NVIDIA Corporation\CoProcManager\nvdxgiwrapx.dll
0x00007ffb910c0000 - 0x00007ffb9133b000 	C:\Windows\WinSxS\amd64_microsoft.windows.common-controls_6595b64144ccf1df_6.0.9600.18006_none_623f33d3ecbe86e8\COMCTL32.dll
0x0000000070860000 - 0x0000000070932000 	C:\Program Files\Java\jdk1.8.0_101\jre\bin\msvcr100.dll
0x0000000070cf0000 - 0x000000007158a000 	C:\Program Files\Java\jdk1.8.0_101\jre\bin\server\jvm.dll
0x00007ffb8d160000 - 0x00007ffb8d169000 	C:\Windows\SYSTEM32\WSOCK32.dll
0x00007ffb90bf0000 - 0x00007ffb90c12000 	C:\Windows\SYSTEM32\WINMM.dll
0x00007ffb95ec0000 - 0x00007ffb95ec7000 	C:\Windows\system32\PSAPI.DLL
0x00007ffb936e0000 - 0x00007ffb9373a000 	C:\Windows\system32\WS2_32.dll
0x00007ffb90bc0000 - 0x00007ffb90bea000 	C:\Windows\SYSTEM32\WINMMBASE.dll
0x00007ffb95620000 - 0x00007ffb95629000 	C:\Windows\system32\NSI.dll
0x00007ffb91de0000 - 0x00007ffb91e08000 	C:\Windows\SYSTEM32\DEVOBJ.dll
0x0000000071890000 - 0x000000007189f000 	C:\Program Files\Java\jdk1.8.0_101\jre\bin\verify.dll
0x0000000070cc0000 - 0x0000000070ce9000 	C:\Program Files\Java\jdk1.8.0_101\jre\bin\java.dll
0x0000000070ca0000 - 0x0000000070cb6000 	C:\Program Files\Java\jdk1.8.0_101\jre\bin\zip.dll

VM Arguments:
jvm_args: -Djava.awt.headless=true -Xmx1024M -Dfile.encoding=windows-1256 -Duser.country=US -Duser.language=en -Duser.variant 
java_command: com.android.dx.command.Main --dex --force-jumbo --num-threads=4 --multi-dex --output E:\Android summer training\Pro\PipTalk\app\build\intermediates\transforms\dex\debug\folders\1000\10\com.android.support-support-core-utils-24.2.1_14f8f026d9eb25cfec86a380f04088683236c6d8 E:\Android summer training\Pro\PipTalk\app\build\intermediates\exploded-aar\com.android.support\support-core-utils\24.2.1\jars\classes.jar
java_class_path (initial): E:\BFCI\android SDK\android-sdk-windows\build-tools\24.0.1\lib\dx.jar
Launcher Type: SUN_STANDARD

Environment Variables:
PATH=C:\ProgramData\Oracle\Java\javapath;C:\Windows\system32;C:\Windows;C:\Windows\System32\Wbem;C:\Windows\System32\WindowsPowerShell\v1.0\;C:\Program Files (x86)\Microsoft SQL Server\100\Tools\Binn\;C:\Program Files\Microsoft SQL Server\100\Tools\Binn\;C:\Program Files\Microsoft SQL Server\100\DTS\Binn\;C:\Program Files (x86)\MySQL\MySQL Server 5.0\bin;E:\Installed Programs\runtime\win64;E:\Installed Programs\bin;E:\Installed Programs\polyspace\bin
USERNAME=EL MAGIC
OS=Windows_NT
PROCESSOR_IDENTIFIER=Intel64 Family 6 Model 42 Stepping 7, GenuineIntel



---------------  S Y S T E M  ---------------

OS: Windows 8.1 , 64 bit Build 9600 (6.3.9600.17415)

CPU:total 4 (2 cores per cpu, 2 threads per core) family 6 model 42 stepping 7, cmov, cx8, fxsr, mmx, sse, sse2, sse3, ssse3, sse4.1, sse4.2, popcnt, avx, aes, clmul, ht, tsc, tscinvbit

Memory: 4k page, physical 4098096k(66512k free), swap 7243824k(9660k free)

vm_info: Java HotSpot(TM) 64-Bit Server VM (25.101-b13) for windows-amd64 JRE (1.8.0_101-b13), built on Jun 22 2016 01:21:29 by "java_re" with MS VC++ 10.0 (VS2010)

time: Mon Feb 27 21:51:05 2017
elapsed time: 15 seconds (0d 0h 0m 15s)

