#
# There is insufficient memory for the Java Runtime Environment to continue.
# Native memory allocation (malloc) failed to allocate 756416 bytes for Chunk::new
# Possible reasons:
#   The system is out of physical RAM or swap space
#   In 32 bit mode, the process size limit was hit
# Possible solutions:
#   Reduce memory load on the system
#   Increase physical memory or swap space
#   Check if swap backing store is full
#   Use 64 bit Java on a 64 bit OS
#   Decrease Java heap size (-Xmx/-Xms)
#   Decrease number of Java threads
#   Decrease Java thread stack sizes (-Xss)
#   Set larger code cache with -XX:ReservedCodeCacheSize=
# This output file may be truncated or incomplete.
#
#  Out of Memory Error (allocation.cpp:390), pid=6868, tid=0x0000000000001194
#
# JRE version: Java(TM) SE Runtime Environment (8.0_101-b13) (build 1.8.0_101-b13)
# Java VM: Java HotSpot(TM) 64-Bit Server VM (25.101-b13 mixed mode windows-amd64 compressed oops)
# Failed to write core dump. Minidumps are not enabled by default on client versions of Windows
#

---------------  T H R E A D  ---------------

Current thread (0x00000000060bb000):  JavaThread "C2 CompilerThread1" daemon [_thread_in_native, id=4500, stack(0x00000000077c0000,0x00000000078c0000)]

Stack: [0x00000000077c0000,0x00000000078c0000]
[error occurred during error reporting (printing stack bounds), id 0xc0000005]

Native frames: (J=compiled Java code, j=interpreted, Vv=VM code, C=native code)


Current CompileTask:
C2:   2464 1209   !   4       com.android.dx.cf.code.BytecodeArray::parseInstruction (2764 bytes)


---------------  P R O C E S S  ---------------

Java Threads: ( => current thread )
  0x0000000007b14800 JavaThread "pool-2-thread-4" [_thread_in_Java, id=4784, stack(0x00000000083c0000,0x00000000084c0000)]
  0x0000000007b0b000 JavaThread "pool-2-thread-3" [_thread_in_Java, id=2816, stack(0x00000000082c0000,0x00000000083c0000)]
  0x0000000007b0a000 JavaThread "pool-2-thread-2" [_thread_blocked, id=2456, stack(0x00000000081c0000,0x00000000082c0000)]
  0x0000000007a6f800 JavaThread "pool-3-thread-1" [_thread_blocked, id=4168, stack(0x00000000080c0000,0x00000000081c0000)]
  0x0000000007a6e800 JavaThread "pool-2-thread-1" [_thread_blocked, id=2700, stack(0x0000000007fc0000,0x00000000080c0000)]
  0x0000000007910000 JavaThread "Service Thread" daemon [_thread_blocked, id=5040, stack(0x0000000007dc0000,0x0000000007ec0000)]
  0x0000000007905000 JavaThread "C1 CompilerThread2" daemon [_thread_blocked, id=6540, stack(0x0000000007cc0000,0x0000000007dc0000)]
=>0x00000000060bb000 JavaThread "C2 CompilerThread1" daemon [_thread_in_native, id=4500, stack(0x00000000077c0000,0x00000000078c0000)]
  0x00000000060b8000 JavaThread "C2 CompilerThread0" daemon [_thread_in_native, id=3084, stack(0x00000000076c0000,0x00000000077c0000)]
  0x00000000060b6000 JavaThread "Attach Listener" daemon [_thread_blocked, id=5632, stack(0x00000000075c0000,0x00000000076c0000)]
  0x00000000060b5800 JavaThread "Signal Dispatcher" daemon [_thread_blocked, id=2012, stack(0x00000000074c0000,0x00000000075c0000)]
  0x000000000605a000 JavaThread "Finalizer" daemon [_thread_blocked, id=1004, stack(0x00000000072e0000,0x00000000073e0000)]
  0x0000000006039000 JavaThread "Reference Handler" daemon [_thread_blocked, id=4648, stack(0x00000000071e0000,0x00000000072e0000)]
  0x00000000028a0800 JavaThread "main" [_thread_in_Java, id=340, stack(0x00000000027a0000,0x00000000028a0000)]

Other Threads:
  0x0000000006036800 VMThread [stack: 0x00000000070e0000,0x00000000071e0000] [id=3864]
  0x0000000007975000 WatcherThread [stack: 0x0000000007ec0000,0x0000000007fc0000] [id=916]

VM state:not at safepoint (normal execution)

VM Mutex/Monitor currently owned by a thread: None

Heap:
 PSYoungGen      total 35328K, used 18963K [0x00000000eab00000, 0x00000000ed000000, 0x0000000100000000)
  eden space 32768K, 50% used [0x00000000eab00000,0x00000000ebb09668,0x00000000ecb00000)
  from space 2560K, 99% used [0x00000000ecd80000,0x00000000ecffb830,0x00000000ed000000)
  to   space 2560K, 0% used [0x00000000ecb00000,0x00000000ecb00000,0x00000000ecd80000)
 ParOldGen       total 44032K, used 7117K [0x00000000c0000000, 0x00000000c2b00000, 0x00000000eab00000)
  object space 44032K, 16% used [0x00000000c0000000,0x00000000c06f3650,0x00000000c2b00000)
 Metaspace       used 5810K, capacity 6896K, committed 7040K, reserved 1056768K
  class space    used 585K, capacity 616K, committed 640K, reserved 1048576K

Card table byte_map: [0x0000000002d60000,0x0000000002f70000] byte_map_base: 0x0000000002760000

Marking Bits: (ParMarkBitMap*) 0x000000007150a6d0
 Begin Bits: [0x00000000034d0000, 0x00000000044d0000)
 End Bits:   [0x00000000044d0000, 0x00000000054d0000)

Polling page: 0x0000000000a20000

CodeCache: size=245760Kb used=5068Kb max_used=5082Kb free=240691Kb
 bounds [0x000000000f010000, 0x000000000f510000, 0x000000001e010000]
 total_blobs=1480 nmethods=1218 adapters=175
 compilation: enabled

Compilation events (10 events):
Event: 2.399 Thread 0x0000000007905000 1243       2       com.android.dx.rop.type.Type::<init> (84 bytes)
Event: 2.399 Thread 0x0000000007905000 nmethod 1243 0x000000000f504d90 code [0x000000000f504f20, 0x000000000f5052c8]
Event: 2.399 Thread 0x0000000007905000 1244       2       com.android.dx.cf.code.BytecodeArray::processWorkSet (50 bytes)
Event: 2.400 Thread 0x0000000007905000 nmethod 1244 0x000000000f504690 code [0x000000000f504820, 0x000000000f504b58]
Event: 2.400 Thread 0x0000000007905000 1245   !   2       com.android.dx.rop.type.Type::putIntern (50 bytes)
Event: 2.400 Thread 0x0000000007905000 nmethod 1245 0x000000000f503c10 code [0x000000000f503dc0, 0x000000000f504298]
Event: 2.401 Thread 0x0000000007905000 1246  s    2       com.android.dx.dex.file.MethodIdsSection::intern (55 bytes)
Event: 2.402 Thread 0x0000000007905000 nmethod 1246 0x000000000f505490 code [0x000000000f505660, 0x000000000f505cc8]
Event: 2.417 Thread 0x00000000060b8000 nmethod 1235 0x000000000f509850 code [0x000000000f509a40, 0x000000000f50a4f8]
Event: 2.417 Thread 0x00000000060b8000 1234   !   4       com.android.dx.cf.code.RopperMachine::run (1550 bytes)

GC Heap History (4 events):
Event: 1.264 GC heap before
{Heap before GC invocations=1 (full 0):
 PSYoungGen      total 18944K, used 16384K [0x00000000eab00000, 0x00000000ec000000, 0x0000000100000000)
  eden space 16384K, 100% used [0x00000000eab00000,0x00000000ebb00000,0x00000000ebb00000)
  from space 2560K, 0% used [0x00000000ebd80000,0x00000000ebd80000,0x00000000ec000000)
  to   space 2560K, 0% used [0x00000000ebb00000,0x00000000ebb00000,0x00000000ebd80000)
 ParOldGen       total 44032K, used 0K [0x00000000c0000000, 0x00000000c2b00000, 0x00000000eab00000)
  object space 44032K, 0% used [0x00000000c0000000,0x00000000c0000000,0x00000000c2b00000)
 Metaspace       used 5660K, capacity 6768K, committed 7040K, reserved 1056768K
  class space    used 579K, capacity 616K, committed 640K, reserved 1048576K
Event: 1.315 GC heap after
Heap after GC invocations=1 (full 0):
 PSYoungGen      total 18944K, used 2529K [0x00000000eab00000, 0x00000000ed000000, 0x0000000100000000)
  eden space 16384K, 0% used [0x00000000eab00000,0x00000000eab00000,0x00000000ebb00000)
  from space 2560K, 98% used [0x00000000ebb00000,0x00000000ebd78500,0x00000000ebd80000)
  to   space 2560K, 0% used [0x00000000ecd80000,0x00000000ecd80000,0x00000000ed000000)
 ParOldGen       total 44032K, used 2289K [0x00000000c0000000, 0x00000000c2b00000, 0x00000000eab00000)
  object space 44032K, 5% used [0x00000000c0000000,0x00000000c023c438,0x00000000c2b00000)
 Metaspace       used 5660K, capacity 6768K, committed 7040K, reserved 1056768K
  class space    used 579K, capacity 616K, committed 640K, reserved 1048576K
}
Event: 1.843 GC heap before
{Heap before GC invocations=2 (full 0):
 PSYoungGen      total 18944K, used 18913K [0x00000000eab00000, 0x00000000ed000000, 0x0000000100000000)
  eden space 16384K, 100% used [0x00000000eab00000,0x00000000ebb00000,0x00000000ebb00000)
  from space 2560K, 98% used [0x00000000ebb00000,0x00000000ebd78500,0x00000000ebd80000)
  to   space 2560K, 0% used [0x00000000ecd80000,0x00000000ecd80000,0x00000000ed000000)
 ParOldGen       total 44032K, used 2289K [0x00000000c0000000, 0x00000000c2b00000, 0x00000000eab00000)
  object space 44032K, 5% used [0x00000000c0000000,0x00000000c023c438,0x00000000c2b00000)
 Metaspace       used 5766K, capacity 6832K, committed 7040K, reserved 1056768K
  class space    used 581K, capacity 616K, committed 640K, reserved 1048576K
Event: 2.014 GC heap after
Heap after GC invocations=2 (full 0):
 PSYoungGen      total 35328K, used 2542K [0x00000000eab00000, 0x00000000ed000000, 0x0000000100000000)
  eden space 32768K, 0% used [0x00000000eab00000,0x00000000eab00000,0x00000000ecb00000)
  from space 2560K, 99% used [0x00000000ecd80000,0x00000000ecffb830,0x00000000ed000000)
  to   space 2560K, 0% used [0x00000000ecb00000,0x00000000ecb00000,0x00000000ecd80000)
 ParOldGen       total 44032K, used 7117K [0x00000000c0000000, 0x00000000c2b00000, 0x00000000eab00000)
  object space 44032K, 16% used [0x00000000c0000000,0x00000000c06f3650,0x00000000c2b00000)
 Metaspace       used 5766K, capacity 6832K, committed 7040K, reserved 1056768K
  class space    used 581K, capacity 616K, committed 640K, reserved 1048576K
}

Deoptimization events (10 events):
Event: 1.613 Thread 0x00000000028a0800 Uncommon trap: reason=unstable_if action=reinterpret pc=0x000000000f1a7878 method=com.android.dx.rop.cst.StdConstantPool.set(ILcom/android/dx/rop/cst/Constant;)V @ 12
Event: 1.620 Thread 0x00000000028a0800 Uncommon trap: reason=unstable_if action=reinterpret pc=0x000000000f4311b0 method=com.android.dx.cf.code.BytecodeArray.parseInstruction(ILcom/android/dx/cf/code/BytecodeArray$Visitor;)I @ 1198
Event: 2.161 Thread 0x0000000007b0a000 Uncommon trap: reason=class_check action=maybe_recompile pc=0x000000000f41fecc method=com.android.dx.ssa.NormalSsaInsn.accept(Lcom/android/dx/ssa/SsaInsn$Visitor;)V @ 9
Event: 2.161 Thread 0x0000000007b0a000 Uncommon trap: reason=class_check action=maybe_recompile pc=0x000000000f41fecc method=com.android.dx.ssa.NormalSsaInsn.accept(Lcom/android/dx/ssa/SsaInsn$Visitor;)V @ 9
Event: 2.161 Thread 0x0000000007b0a000 Uncommon trap: reason=class_check action=maybe_recompile pc=0x000000000f41fecc method=com.android.dx.ssa.NormalSsaInsn.accept(Lcom/android/dx/ssa/SsaInsn$Visitor;)V @ 9
Event: 2.162 Thread 0x0000000007b0a000 Uncommon trap: reason=class_check action=maybe_recompile pc=0x000000000f41fecc method=com.android.dx.ssa.NormalSsaInsn.accept(Lcom/android/dx/ssa/SsaInsn$Visitor;)V @ 9
Event: 2.162 Thread 0x0000000007b0a000 Uncommon trap: reason=class_check action=maybe_recompile pc=0x000000000f2738b0 method=com.android.dx.ssa.NormalSsaInsn.accept(Lcom/android/dx/ssa/SsaInsn$Visitor;)V @ 9
Event: 2.194 Thread 0x00000000028a0800 Uncommon trap: reason=unstable_if action=reinterpret pc=0x000000000f3cdd20 method=com.android.dx.cf.code.BasicBlocker.addWorkIfNecessary(IZ)V @ 8
Event: 2.210 Thread 0x00000000028a0800 Uncommon trap: reason=unstable_if action=reinterpret pc=0x000000000f3685f8 method=com.android.dx.cf.code.Ropper.labelToResultIndex(I)I @ 34
Event: 2.341 Thread 0x00000000028a0800 Uncommon trap: reason=unstable_if action=reinterpret pc=0x000000000f273074 method=java.util.BitSet.ensureCapacity(I)V @ 6

Internal exceptions (2 events):
Event: 0.053 Thread 0x00000000028a0800 Exception <a 'java/lang/NoSuchMethodError': Method sun.misc.Unsafe.defineClass(Ljava/lang/String;[BII)Ljava/lang/Class; name or signature does not match> (0x00000000eab07cc0) thrown at [C:\re\workspace\8-2-build-windows-amd64-cygwin\jdk8u101\7261\hotspot\swk:e«?
Event: 0.054 Thread 0x00000000028a0800 Exception <a 'java/lang/NoSuchMethodError': Method sun.misc.Unsafe.prefetchRead(Ljava/lang/Object;J)V name or signature does not match> (0x00000000eab07fa8) thrown at [C:\re\workspace\8-2-build-windows-amd64-cygwin\jdk8u101\7261\hotspot\src\share\vm\prims\

Events (10 events):
Event: 2.362 Thread 0x0000000007b0b000 DEOPT PACKING pc=0x000000000f4ebcc2 sp=0x00000000083be440
Event: 2.362 Thread 0x0000000007b0b000 DEOPT UNPACKING pc=0x000000000f05787f sp=0x00000000083be1a8 mode 0
Event: 2.362 Thread 0x00000000028a0800 DEOPT PACKING pc=0x000000000f4ebcc2 sp=0x000000000289dab0
Event: 2.362 Thread 0x00000000028a0800 DEOPT UNPACKING pc=0x000000000f05787f sp=0x000000000289d818 mode 0
Event: 2.362 Thread 0x0000000007b0b000 DEOPT PACKING pc=0x000000000f4ebcc2 sp=0x00000000083be440
Event: 2.362 Thread 0x0000000007b0b000 DEOPT UNPACKING pc=0x000000000f05787f sp=0x00000000083be1a8 mode 0
Event: 2.363 Thread 0x00000000028a0800 DEOPT PACKING pc=0x000000000f4ebcc2 sp=0x000000000289dab0
Event: 2.363 Thread 0x00000000028a0800 DEOPT UNPACKING pc=0x000000000f05787f sp=0x000000000289d818 mode 0
Event: 2.367 Thread 0x00000000028a0800 DEOPT PACKING pc=0x000000000f31be1f sp=0x000000000289dd80
Event: 2.367 Thread 0x00000000028a0800 DEOPT UNPACKING pc=0x000000000f05787f sp=0x000000000289da78 mode 0


Dynamic libraries:
0x00007ff7c0430000 - 0x00007ff7c0467000 	C:\Program Files\Java\jdk1.8.0_101\bin\java.exe
0x00007ffb95ef0000 - 0x00007ffb9609d000 	C:\Windows\SYSTEM32\ntdll.dll
0x00007ffb93f00000 - 0x00007ffb9403e000 	C:\Windows\system32\KERNEL32.DLL
0x00007ffb931c0000 - 0x00007ffb932d5000 	C:\Windows\system32\KERNELBASE.dll
0x00007ffb91b90000 - 0x00007ffb91c1e000 	C:\Windows\system32\apphelp.dll
0x00007ffb81b90000 - 0x00007ffb81be3000 	C:\Windows\AppPatch\AppPatch64\AcGenral.DLL
0x00007ffb93630000 - 0x00007ffb936da000 	C:\Windows\system32\msvcrt.dll
0x00007ffb930e0000 - 0x00007ffb9310e000 	C:\Windows\system32\SspiCli.dll
0x00007ffb95df0000 - 0x00007ffb95e44000 	C:\Windows\system32\SHLWAPI.dll
0x00007ffb93740000 - 0x00007ffb938b7000 	C:\Windows\system32\USER32.dll
0x00007ffb95780000 - 0x00007ffb95914000 	C:\Windows\system32\ole32.dll
0x00007ffb94040000 - 0x00007ffb95568000 	C:\Windows\system32\SHELL32.dll
0x00007ffb92590000 - 0x00007ffb925b1000 	C:\Windows\SYSTEM32\USERENV.dll
0x00007ffb95570000 - 0x00007ffb9561a000 	C:\Windows\system32\ADVAPI32.dll
0x00007ffb8b5f0000 - 0x00007ffb8b60e000 	C:\Windows\SYSTEM32\MPR.dll
0x00007ffb93a20000 - 0x00007ffb93b60000 	C:\Windows\system32\RPCRT4.dll
0x00007ffb95920000 - 0x00007ffb95979000 	C:\Windows\SYSTEM32\sechost.dll
0x00007ffb959e0000 - 0x00007ffb95bf1000 	C:\Windows\SYSTEM32\combase.dll
0x00007ffb95630000 - 0x00007ffb9577f000 	C:\Windows\system32\GDI32.dll
0x00007ffb93010000 - 0x00007ffb93025000 	C:\Windows\SYSTEM32\profapi.dll
0x00007ffb91540000 - 0x00007ffb915f2000 	C:\Windows\SYSTEM32\SHCORE.dll
0x00007ffb95db0000 - 0x00007ffb95de6000 	C:\Windows\system32\IMM32.DLL
0x00007ffb938c0000 - 0x00007ffb93a12000 	C:\Windows\system32\MSCTF.dll
0x00007ffb92f50000 - 0x00007ffb92f81000 	C:\Windows\system32\nvinitx.dll
0x00007ffb92f40000 - 0x00007ffb92f4a000 	C:\Windows\SYSTEM32\VERSION.dll
0x000000000f000000 - 0x000000000f006000 	C:\Program Files\NVIDIA Corporation\CoProcManager\_etoured.dll
0x00007ffb91ca0000 - 0x00007ffb91cd1000 	C:\Program Files\NVIDIA Corporation\CoProcManager\nvd3d9wrapx.dll
0x00007ffb93b60000 - 0x00007ffb93d3a000 	C:\Windows\system32\SETUPAPI.dll
0x00007ffb93170000 - 0x00007ffb931bf000 	C:\Windows\system32\CFGMGR32.dll
0x00007ffb91740000 - 0x00007ffb91762000 	C:\Program Files\NVIDIA Corporation\CoProcManager\nvdxgiwrapx.dll
0x00007ffb910c0000 - 0x00007ffb9133b000 	C:\Windows\WinSxS\amd64_microsoft.windows.common-controls_6595b64144ccf1df_6.0.9600.18006_none_623f33d3ecbe86e8\COMCTL32.dll
0x0000000070860000 - 0x0000000070932000 	C:\Program Files\Java\jdk1.8.0_101\jre\bin\msvcr100.dll
0x0000000070cf0000 - 0x000000007158a000 	C:\Program Files\Java\jdk1.8.0_101\jre\bin\server\jvm.dll
0x00007ffb8d160000 - 0x00007ffb8d169000 	C:\Windows\SYSTEM32\WSOCK32.dll
0x00007ffb90bf0000 - 0x00007ffb90c12000 	C:\Windows\SYSTEM32\WINMM.dll
0x00007ffb95ec0000 - 0x00007ffb95ec7000 	C:\Windows\system32\PSAPI.DLL
0x00007ffb936e0000 - 0x00007ffb9373a000 	C:\Windows\system32\WS2_32.dll
0x00007ffb90bc0000 - 0x00007ffb90bea000 	C:\Windows\SYSTEM32\WINMMBASE.dll
0x00007ffb95620000 - 0x00007ffb95629000 	C:\Windows\system32\NSI.dll
0x00007ffb91de0000 - 0x00007ffb91e08000 	C:\Windows\SYSTEM32\DEVOBJ.dll
0x0000000071890000 - 0x000000007189f000 	C:\Program Files\Java\jdk1.8.0_101\jre\bin\verify.dll
0x0000000070cc0000 - 0x0000000070ce9000 	C:\Program Files\Java\jdk1.8.0_101\jre\bin\java.dll
0x0000000070ca0000 - 0x0000000070cb6000 	C:\Program Files\Java\jdk1.8.0_101\jre\bin\zip.dll

VM Arguments:
jvm_args: -Djava.awt.headless=true -Xmx1024M -Dfile.encoding=windows-1256 -Duser.country=US -Duser.language=en -Duser.variant 
java_command: com.android.dx.command.Main --dex --force-jumbo --num-threads=4 --multi-dex --output E:\Android summer training\Pro\PipTalk\app\build\intermediates\transforms\dex\debug\folders\1000\5\slice_3 E:\Android summer training\Pro\PipTalk\app\build\intermediates\transforms\instantRunSlicer\debug\folders\1\5\slice_3
java_class_path (initial): E:\BFCI\android SDK\android-sdk-windows\build-tools\24.0.1\lib\dx.jar
Launcher Type: SUN_STANDARD

Environment Variables:
PATH=C:\ProgramData\Oracle\Java\javapath;C:\Windows\system32;C:\Windows;C:\Windows\System32\Wbem;C:\Windows\System32\WindowsPowerShell\v1.0\;C:\Program Files (x86)\Microsoft SQL Server\100\Tools\Binn\;C:\Program Files\Microsoft SQL Server\100\Tools\Binn\;C:\Program Files\Microsoft SQL Server\100\DTS\Binn\;C:\Program Files (x86)\MySQL\MySQL Server 5.0\bin;E:\Installed Programs\runtime\win64;E:\Installed Programs\bin;E:\Installed Programs\polyspace\bin
USERNAME=EL MAGIC
OS=Windows_NT
PROCESSOR_IDENTIFIER=Intel64 Family 6 Model 42 Stepping 7, GenuineIntel



---------------  S Y S T E M  ---------------

OS: Windows 8.1 , 64 bit Build 9600 (6.3.9600.17415)

CPU:total 4 (2 cores per cpu, 2 threads per core) family 6 model 42 stepping 7, cmov, cx8, fxsr, mmx, sse, sse2, sse3, ssse3, sse4.1, sse4.2, popcnt, avx, aes, clmul, ht, tsc, tscinvbit

Memory: 4k page, physical 4098096k(316140k free), swap 7243824k(5296k free)

vm_info: Java HotSpot(TM) 64-Bit Server VM (25.101-b13) for windows-amd64 JRE (1.8.0_101-b13), built on Jun 22 2016 01:21:29 by "java_re" with MS VC++ 10.0 (VS2010)

time: Tue Feb 28 01:51:07 2017
elapsed time: 2 seconds (0d 0h 0m 2s)

