#
# There is insufficient memory for the Java Runtime Environment to continue.
# Native memory allocation (malloc) failed to allocate 657856 bytes for Chunk::new
# Possible reasons:
#   The system is out of physical RAM or swap space
#   In 32 bit mode, the process size limit was hit
# Possible solutions:
#   Reduce memory load on the system
#   Increase physical memory or swap space
#   Check if swap backing store is full
#   Use 64 bit Java on a 64 bit OS
#   Decrease Java heap size (-Xmx/-Xms)
#   Decrease number of Java threads
#   Decrease Java thread stack sizes (-Xss)
#   Set larger code cache with -XX:ReservedCodeCacheSize=
# This output file may be truncated or incomplete.
#
#  Out of Memory Error (allocation.cpp:390), pid=5392, tid=0x00000000000009ec
#
# JRE version: Java(TM) SE Runtime Environment (8.0_101-b13) (build 1.8.0_101-b13)
# Java VM: Java HotSpot(TM) 64-Bit Server VM (25.101-b13 mixed mode windows-amd64 compressed oops)
# Failed to write core dump. Minidumps are not enabled by default on client versions of Windows
#

---------------  T H R E A D  ---------------

Current thread (0x0000000005e68000):  JavaThread "C2 CompilerThread0" daemon [_thread_in_native, id=2540, stack(0x0000000007460000,0x0000000007560000)]

Stack: [0x0000000007460000,0x0000000007560000]
[error occurred during error reporting (printing stack bounds), id 0xc0000005]

Native frames: (J=compiled Java code, j=interpreted, Vv=VM code, C=native code)


Current CompileTask:
C2:   3530 1289   !   4       com.android.dx.cf.code.BytecodeArray::parseInstruction (2764 bytes)


---------------  P R O C E S S  ---------------

Java Threads: ( => current thread )
  0x0000000007913000 JavaThread "pool-2-thread-4" [_thread_blocked, id=2316, stack(0x0000000008160000,0x0000000008260000)]
  0x0000000007912000 JavaThread "pool-2-thread-3" [_thread_blocked, id=6888, stack(0x0000000008060000,0x0000000008160000)]
  0x000000000791f000 JavaThread "pool-2-thread-2" [_thread_blocked, id=3736, stack(0x0000000007f60000,0x0000000008060000)]
  0x00000000078e0800 JavaThread "pool-3-thread-1" [_thread_blocked, id=1400, stack(0x0000000007e60000,0x0000000007f60000)]
  0x00000000078df800 JavaThread "pool-2-thread-1" [_thread_in_Java, id=512, stack(0x0000000007d60000,0x0000000007e60000)]
  0x00000000076b9800 JavaThread "Service Thread" daemon [_thread_blocked, id=5652, stack(0x0000000007b60000,0x0000000007c60000)]
  0x00000000076a5000 JavaThread "C1 CompilerThread2" daemon [_thread_blocked, id=3940, stack(0x0000000007a60000,0x0000000007b60000)]
  0x0000000005e6b000 JavaThread "C2 CompilerThread1" daemon [_thread_in_native, id=3368, stack(0x0000000007560000,0x0000000007660000)]
=>0x0000000005e68000 JavaThread "C2 CompilerThread0" daemon [_thread_in_native, id=2540, stack(0x0000000007460000,0x0000000007560000)]
  0x0000000005e66000 JavaThread "Attach Listener" daemon [_thread_blocked, id=6868, stack(0x0000000007360000,0x0000000007460000)]
  0x0000000005e65800 JavaThread "Signal Dispatcher" daemon [_thread_blocked, id=4784, stack(0x0000000007260000,0x0000000007360000)]
  0x000000000274a000 JavaThread "Finalizer" daemon [_thread_blocked, id=4452, stack(0x0000000007080000,0x0000000007180000)]
  0x000000000273f000 JavaThread "Reference Handler" daemon [_thread_blocked, id=4556, stack(0x0000000006f80000,0x0000000007080000)]
  0x0000000002650800 JavaThread "main" [_thread_blocked, id=4524, stack(0x0000000002550000,0x0000000002650000)]

Other Threads:
  0x0000000005de7800 VMThread [stack: 0x0000000006e80000,0x0000000006f80000] [id=876]
  0x0000000007717800 WatcherThread [stack: 0x0000000007c60000,0x0000000007d60000] [id=3484]

VM state:not at safepoint (normal execution)

VM Mutex/Monitor currently owned by a thread: None

Heap:
 PSYoungGen      total 35328K, used 9041K [0x00000000eab00000, 0x00000000ed000000, 0x0000000100000000)
  eden space 32768K, 19% used [0x00000000eab00000,0x00000000eb157290,0x00000000ecb00000)
  from space 2560K, 99% used [0x00000000ecd80000,0x00000000ecffd2b0,0x00000000ed000000)
  to   space 2560K, 0% used [0x00000000ecb00000,0x00000000ecb00000,0x00000000ecd80000)
 ParOldGen       total 44032K, used 4171K [0x00000000c0000000, 0x00000000c2b00000, 0x00000000eab00000)
  object space 44032K, 9% used [0x00000000c0000000,0x00000000c0412d58,0x00000000c2b00000)
 Metaspace       used 6009K, capacity 7024K, committed 7296K, reserved 1056768K
  class space    used 591K, capacity 616K, committed 640K, reserved 1048576K

Card table byte_map: [0x0000000002b10000,0x0000000002d20000] byte_map_base: 0x0000000002510000

Marking Bits: (ParMarkBitMap*) 0x000000007150a6d0
 Begin Bits: [0x0000000003280000, 0x0000000004280000)
 End Bits:   [0x0000000004280000, 0x0000000005280000)

Polling page: 0x00000000024c0000

CodeCache: size=245760Kb used=5409Kb max_used=5409Kb free=240350Kb
 bounds [0x000000000f010000, 0x000000000f560000, 0x000000001e010000]
 total_blobs=1577 nmethods=1314 adapters=176
 compilation: enabled

Compilation events (10 events):
Event: 3.439 Thread 0x00000000076a5000 1295       3       com.android.dx.cf.direct.FieldListParser::set (30 bytes)
Event: 3.440 Thread 0x00000000076a5000 nmethod 1295 0x000000000f53b750 code [0x000000000f53b940, 0x000000000f53c3d8]
Event: 3.444 Thread 0x00000000076a5000 1296       3       java.util.concurrent.locks.AbstractQueuedSynchronizer::setState (6 bytes)
Event: 3.444 Thread 0x00000000076a5000 nmethod 1296 0x000000000f511310 code [0x000000000f511460, 0x000000000f5115b0]
Event: 3.445 Thread 0x00000000076a5000 1297       3       com.android.dx.cf.iface.StdFieldList::get (9 bytes)
Event: 3.445 Thread 0x00000000076a5000 nmethod 1297 0x000000000f53b210 code [0x000000000f53b380, 0x000000000f53b688]
Event: 3.445 Thread 0x00000000076a5000 1298       3       com.android.dx.dex.file.EncodedField::<init> (25 bytes)
Event: 3.445 Thread 0x00000000076a5000 nmethod 1298 0x000000000f53ac10 code [0x000000000f53ada0, 0x000000000f53b0c8]
Event: 3.446 Thread 0x00000000076a5000 1299       3       com.android.dx.cf.direct.StdAttributeFactory::code (613 bytes)
Event: 3.455 Thread 0x00000000076a5000 nmethod 1299 0x000000000f53ed10 code [0x000000000f53f680, 0x000000000f546298]

GC Heap History (4 events):
Event: 1.813 GC heap before
{Heap before GC invocations=1 (full 0):
 PSYoungGen      total 18944K, used 16384K [0x00000000eab00000, 0x00000000ec000000, 0x0000000100000000)
  eden space 16384K, 100% used [0x00000000eab00000,0x00000000ebb00000,0x00000000ebb00000)
  from space 2560K, 0% used [0x00000000ebd80000,0x00000000ebd80000,0x00000000ec000000)
  to   space 2560K, 0% used [0x00000000ebb00000,0x00000000ebb00000,0x00000000ebd80000)
 ParOldGen       total 44032K, used 0K [0x00000000c0000000, 0x00000000c2b00000, 0x00000000eab00000)
  object space 44032K, 0% used [0x00000000c0000000,0x00000000c0000000,0x00000000c2b00000)
 Metaspace       used 5714K, capacity 6704K, committed 6784K, reserved 1056768K
  class space    used 590K, capacity 616K, committed 640K, reserved 1048576K
Event: 2.070 GC heap after
Heap after GC invocations=1 (full 0):
 PSYoungGen      total 18944K, used 2554K [0x00000000eab00000, 0x00000000ed000000, 0x0000000100000000)
  eden space 16384K, 0% used [0x00000000eab00000,0x00000000eab00000,0x00000000ebb00000)
  from space 2560K, 99% used [0x00000000ebb00000,0x00000000ebd7eab8,0x00000000ebd80000)
  to   space 2560K, 0% used [0x00000000ecd80000,0x00000000ecd80000,0x00000000ed000000)
 ParOldGen       total 44032K, used 1552K [0x00000000c0000000, 0x00000000c2b00000, 0x00000000eab00000)
  object space 44032K, 3% used [0x00000000c0000000,0x00000000c0184020,0x00000000c2b00000)
 Metaspace       used 5714K, capacity 6704K, committed 6784K, reserved 1056768K
  class space    used 590K, capacity 616K, committed 640K, reserved 1048576K
}
Event: 2.717 GC heap before
{Heap before GC invocations=2 (full 0):
 PSYoungGen      total 18944K, used 18938K [0x00000000eab00000, 0x00000000ed000000, 0x0000000100000000)
  eden space 16384K, 100% used [0x00000000eab00000,0x00000000ebb00000,0x00000000ebb00000)
  from space 2560K, 99% used [0x00000000ebb00000,0x00000000ebd7eab8,0x00000000ebd80000)
  to   space 2560K, 0% used [0x00000000ecd80000,0x00000000ecd80000,0x00000000ed000000)
 ParOldGen       total 44032K, used 1552K [0x00000000c0000000, 0x00000000c2b00000, 0x00000000eab00000)
  object space 44032K, 3% used [0x00000000c0000000,0x00000000c0184020,0x00000000c2b00000)
 Metaspace       used 5978K, capacity 6960K, committed 7040K, reserved 1056768K
  class space    used 591K, capacity 616K, committed 640K, reserved 1048576K
Event: 2.976 GC heap after
Heap after GC invocations=2 (full 0):
 PSYoungGen      total 35328K, used 2548K [0x00000000eab00000, 0x00000000ed000000, 0x0000000100000000)
  eden space 32768K, 0% used [0x00000000eab00000,0x00000000eab00000,0x00000000ecb00000)
  from space 2560K, 99% used [0x00000000ecd80000,0x00000000ecffd2b0,0x00000000ed000000)
  to   space 2560K, 0% used [0x00000000ecb00000,0x00000000ecb00000,0x00000000ecd80000)
 ParOldGen       total 44032K, used 4171K [0x00000000c0000000, 0x00000000c2b00000, 0x00000000eab00000)
  object space 44032K, 9% used [0x00000000c0000000,0x00000000c0412d58,0x00000000c2b00000)
 Metaspace       used 5978K, capacity 6960K, committed 7040K, reserved 1056768K
  class space    used 591K, capacity 616K, committed 640K, reserved 1048576K
}

Deoptimization events (10 events):
Event: 1.811 Thread 0x0000000007913000 Uncommon trap: reason=unstable_if action=reinterpret pc=0x000000000f260b88 method=java.util.HashMap.getNode(ILjava/lang/Object;)Ljava/util/HashMap$Node; @ 129
Event: 2.151 Thread 0x00000000078df800 Uncommon trap: reason=unstable_if action=reinterpret pc=0x000000000f2f5eb4 method=com.android.dx.ssa.SsaMethod.getExitBlock()Lcom/android/dx/ssa/SsaBasicBlock; @ 4
Event: 2.222 Thread 0x00000000078df800 Uncommon trap: reason=unstable_if action=reinterpret pc=0x000000000f33b75c method=com.android.dx.rop.cst.Constant.compareTo(Lcom/android/dx/rop/cst/Constant;)I @ 12
Event: 3.011 Thread 0x0000000002650800 Uncommon trap: reason=unstable_if action=reinterpret pc=0x000000000f3edc2c method=com.android.dx.rop.code.RegisterSpecSet.put(Lcom/android/dx/rop/code/RegisterSpec;)V @ 77
Event: 3.011 Thread 0x0000000002650800 Uncommon trap: reason=unstable_if action=reinterpret pc=0x000000000f473268 method=com.android.dx.rop.code.RegisterSpecSet.put(Lcom/android/dx/rop/code/RegisterSpec;)V @ 77
Event: 3.165 Thread 0x0000000007912000 Uncommon trap: reason=class_check action=maybe_recompile pc=0x000000000f515444 method=com.android.dx.cf.code.BytecodeArray.parseInstruction(ILcom/android/dx/cf/code/BytecodeArray$Visitor;)I @ 971
Event: 3.165 Thread 0x0000000007912000 Uncommon trap: reason=class_check action=maybe_recompile pc=0x000000000f515444 method=com.android.dx.cf.code.BytecodeArray.parseInstruction(ILcom/android/dx/cf/code/BytecodeArray$Visitor;)I @ 971
Event: 3.366 Thread 0x00000000078df800 Uncommon trap: reason=class_check action=maybe_recompile pc=0x000000000f515444 method=com.android.dx.cf.code.BytecodeArray.parseInstruction(ILcom/android/dx/cf/code/BytecodeArray$Visitor;)I @ 971
Event: 3.367 Thread 0x00000000078df800 Uncommon trap: reason=class_check action=maybe_recompile pc=0x000000000f515444 method=com.android.dx.cf.code.BytecodeArray.parseInstruction(ILcom/android/dx/cf/code/BytecodeArray$Visitor;)I @ 971
Event: 3.372 Thread 0x00000000078df800 Uncommon trap: reason=unstable_if action=reinterpret pc=0x000000000f525210 method=com.android.dx.ssa.SCCP.simulateStmt(Lcom/android/dx/ssa/SsaInsn;)V @ 53

Internal exceptions (2 events):
Event: 0.253 Thread 0x0000000002650800 Exception <a 'java/lang/NoSuchMethodError': Method sun.misc.Unsafe.defineClass(Ljava/lang/String;[BII)Ljava/lang/Class; name or signature does not match> (0x00000000eab07cc0) thrown at [C:\re\workspace\8-2-build-windows-amd64-cygwin\jdk8u101\7261\hotspot\sÀi>4Ð?
Event: 0.253 Thread 0x0000000002650800 Exception <a 'java/lang/NoSuchMethodError': Method sun.misc.Unsafe.prefetchRead(Ljava/lang/Object;J)V name or signature does not match> (0x00000000eab07fa8) thrown at [C:\re\workspace\8-2-build-windows-amd64-cygwin\jdk8u101\7261\hotspot\src\share\vm\prims\

Events (10 events):
Event: 3.165 Thread 0x0000000007912000 DEOPT UNPACKING pc=0x000000000f05582a sp=0x000000000815ec30 mode 2
Event: 3.366 Thread 0x00000000078df800 Uncommon trap: trap_request=0xffffffde fr.pc=0x000000000f515444
Event: 3.366 Thread 0x00000000078df800 DEOPT PACKING pc=0x000000000f515444 sp=0x0000000007e5eb10
Event: 3.366 Thread 0x00000000078df800 DEOPT UNPACKING pc=0x000000000f05582a sp=0x0000000007e5ea80 mode 2
Event: 3.367 Thread 0x00000000078df800 Uncommon trap: trap_request=0xffffffde fr.pc=0x000000000f515444
Event: 3.367 Thread 0x00000000078df800 DEOPT PACKING pc=0x000000000f515444 sp=0x0000000007e5e8d0
Event: 3.367 Thread 0x00000000078df800 DEOPT UNPACKING pc=0x000000000f05582a sp=0x0000000007e5e840 mode 2
Event: 3.372 Thread 0x00000000078df800 Uncommon trap: trap_request=0xffffff65 fr.pc=0x000000000f525210
Event: 3.372 Thread 0x00000000078df800 DEOPT PACKING pc=0x000000000f525210 sp=0x0000000007e5ea10
Event: 3.372 Thread 0x00000000078df800 DEOPT UNPACKING pc=0x000000000f05582a sp=0x0000000007e5e9f8 mode 2


Dynamic libraries:
0x00007ff7c0430000 - 0x00007ff7c0467000 	C:\Program Files\Java\jdk1.8.0_101\bin\java.exe
0x00007ffb95ef0000 - 0x00007ffb9609d000 	C:\Windows\SYSTEM32\ntdll.dll
0x00007ffb93f00000 - 0x00007ffb9403e000 	C:\Windows\system32\KERNEL32.DLL
0x00007ffb931c0000 - 0x00007ffb932d5000 	C:\Windows\system32\KERNELBASE.dll
0x00007ffb91b90000 - 0x00007ffb91c1e000 	C:\Windows\system32\apphelp.dll
0x00007ffb81b90000 - 0x00007ffb81be3000 	C:\Windows\AppPatch\AppPatch64\AcGenral.DLL
0x00007ffb93630000 - 0x00007ffb936da000 	C:\Windows\system32\msvcrt.dll
0x00007ffb930e0000 - 0x00007ffb9310e000 	C:\Windows\system32\SspiCli.dll
0x00007ffb95df0000 - 0x00007ffb95e44000 	C:\Windows\system32\SHLWAPI.dll
0x00007ffb93740000 - 0x00007ffb938b7000 	C:\Windows\system32\USER32.dll
0x00007ffb95780000 - 0x00007ffb95914000 	C:\Windows\system32\ole32.dll
0x00007ffb94040000 - 0x00007ffb95568000 	C:\Windows\system32\SHELL32.dll
0x00007ffb92590000 - 0x00007ffb925b1000 	C:\Windows\SYSTEM32\USERENV.dll
0x00007ffb95570000 - 0x00007ffb9561a000 	C:\Windows\system32\ADVAPI32.dll
0x00007ffb8b5f0000 - 0x00007ffb8b60e000 	C:\Windows\SYSTEM32\MPR.dll
0x00007ffb93a20000 - 0x00007ffb93b60000 	C:\Windows\system32\RPCRT4.dll
0x00007ffb95920000 - 0x00007ffb95979000 	C:\Windows\SYSTEM32\sechost.dll
0x00007ffb959e0000 - 0x00007ffb95bf1000 	C:\Windows\SYSTEM32\combase.dll
0x00007ffb95630000 - 0x00007ffb9577f000 	C:\Windows\system32\GDI32.dll
0x00007ffb93010000 - 0x00007ffb93025000 	C:\Windows\SYSTEM32\profapi.dll
0x00007ffb91540000 - 0x00007ffb915f2000 	C:\Windows\SYSTEM32\SHCORE.dll
0x00007ffb95db0000 - 0x00007ffb95de6000 	C:\Windows\system32\IMM32.DLL
0x00007ffb938c0000 - 0x00007ffb93a12000 	C:\Windows\system32\MSCTF.dll
0x00007ffb92f50000 - 0x00007ffb92f81000 	C:\Windows\system32\nvinitx.dll
0x00007ffb92f40000 - 0x00007ffb92f4a000 	C:\Windows\SYSTEM32\VERSION.dll
0x000000000f000000 - 0x000000000f006000 	C:\Program Files\NVIDIA Corporation\CoProcManager\_etoured.dll
0x00007ffb91ca0000 - 0x00007ffb91cd1000 	C:\Program Files\NVIDIA Corporation\CoProcManager\nvd3d9wrapx.dll
0x00007ffb93b60000 - 0x00007ffb93d3a000 	C:\Windows\system32\SETUPAPI.dll
0x00007ffb93170000 - 0x00007ffb931bf000 	C:\Windows\system32\CFGMGR32.dll
0x00007ffb91740000 - 0x00007ffb91762000 	C:\Program Files\NVIDIA Corporation\CoProcManager\nvdxgiwrapx.dll
0x00007ffb910c0000 - 0x00007ffb9133b000 	C:\Windows\WinSxS\amd64_microsoft.windows.common-controls_6595b64144ccf1df_6.0.9600.18006_none_623f33d3ecbe86e8\COMCTL32.dll
0x0000000070860000 - 0x0000000070932000 	C:\Program Files\Java\jdk1.8.0_101\jre\bin\msvcr100.dll
0x0000000070cf0000 - 0x000000007158a000 	C:\Program Files\Java\jdk1.8.0_101\jre\bin\server\jvm.dll
0x00007ffb8d160000 - 0x00007ffb8d169000 	C:\Windows\SYSTEM32\WSOCK32.dll
0x00007ffb90bf0000 - 0x00007ffb90c12000 	C:\Windows\SYSTEM32\WINMM.dll
0x00007ffb95ec0000 - 0x00007ffb95ec7000 	C:\Windows\system32\PSAPI.DLL
0x00007ffb936e0000 - 0x00007ffb9373a000 	C:\Windows\system32\WS2_32.dll
0x00007ffb90bc0000 - 0x00007ffb90bea000 	C:\Windows\SYSTEM32\WINMMBASE.dll
0x00007ffb95620000 - 0x00007ffb95629000 	C:\Windows\system32\NSI.dll
0x00007ffb91de0000 - 0x00007ffb91e08000 	C:\Windows\SYSTEM32\DEVOBJ.dll
0x0000000071890000 - 0x000000007189f000 	C:\Program Files\Java\jdk1.8.0_101\jre\bin\verify.dll
0x0000000070cc0000 - 0x0000000070ce9000 	C:\Program Files\Java\jdk1.8.0_101\jre\bin\java.dll
0x0000000070ca0000 - 0x0000000070cb6000 	C:\Program Files\Java\jdk1.8.0_101\jre\bin\zip.dll

VM Arguments:
jvm_args: -Djava.awt.headless=true -Xmx1024M -Dfile.encoding=windows-1256 -Duser.country=US -Duser.language=en -Duser.variant 
java_command: com.android.dx.command.Main --dex --force-jumbo --num-threads=4 --multi-dex --output E:\Android summer training\Pro\PipTalk\app\build\intermediates\transforms\dex\debug\folders\1000\10\com.android.support-support-core-ui-24.2.1_991c50af554091325e1199303d8b03ba34361be6 E:\Android summer training\Pro\PipTalk\app\build\intermediates\exploded-aar\com.android.support\support-core-ui\24.2.1\jars\classes.jar
java_class_path (initial): E:\BFCI\android SDK\android-sdk-windows\build-tools\24.0.1\lib\dx.jar
Launcher Type: SUN_STANDARD

Environment Variables:
PATH=C:\ProgramData\Oracle\Java\javapath;C:\Windows\system32;C:\Windows;C:\Windows\System32\Wbem;C:\Windows\System32\WindowsPowerShell\v1.0\;C:\Program Files (x86)\Microsoft SQL Server\100\Tools\Binn\;C:\Program Files\Microsoft SQL Server\100\Tools\Binn\;C:\Program Files\Microsoft SQL Server\100\DTS\Binn\;C:\Program Files (x86)\MySQL\MySQL Server 5.0\bin;E:\Installed Programs\runtime\win64;E:\Installed Programs\bin;E:\Installed Programs\polyspace\bin
USERNAME=EL MAGIC
OS=Windows_NT
PROCESSOR_IDENTIFIER=Intel64 Family 6 Model 42 Stepping 7, GenuineIntel



---------------  S Y S T E M  ---------------

OS: Windows 8.1 , 64 bit Build 9600 (6.3.9600.17415)

CPU:total 4 (2 cores per cpu, 2 threads per core) family 6 model 42 stepping 7, cmov, cx8, fxsr, mmx, sse, sse2, sse3, ssse3, sse4.1, sse4.2, popcnt, avx, aes, clmul, ht, tsc, tscinvbit

Memory: 4k page, physical 4098096k(164748k free), swap 7243824k(5248k free)

vm_info: Java HotSpot(TM) 64-Bit Server VM (25.101-b13) for windows-amd64 JRE (1.8.0_101-b13), built on Jun 22 2016 01:21:29 by "java_re" with MS VC++ 10.0 (VS2010)

time: Tue Feb 28 00:05:01 2017
elapsed time: 3 seconds (0d 0h 0m 3s)

