#
# There is insufficient memory for the Java Runtime Environment to continue.
# Native memory allocation (malloc) failed to allocate 1094896 bytes for Chunk::new
# Possible reasons:
#   The system is out of physical RAM or swap space
#   In 32 bit mode, the process size limit was hit
# Possible solutions:
#   Reduce memory load on the system
#   Increase physical memory or swap space
#   Check if swap backing store is full
#   Use 64 bit Java on a 64 bit OS
#   Decrease Java heap size (-Xmx/-Xms)
#   Decrease number of Java threads
#   Decrease Java thread stack sizes (-Xss)
#   Set larger code cache with -XX:ReservedCodeCacheSize=
# This output file may be truncated or incomplete.
#
#  Out of Memory Error (allocation.cpp:390), pid=5600, tid=0x0000000000001880
#
# JRE version: Java(TM) SE Runtime Environment (8.0_101-b13) (build 1.8.0_101-b13)
# Java VM: Java HotSpot(TM) 64-Bit Server VM (25.101-b13 mixed mode windows-amd64 compressed oops)
# Failed to write core dump. Minidumps are not enabled by default on client versions of Windows
#

---------------  T H R E A D  ---------------

Current thread (0x00000000064dc800):  JavaThread "C2 CompilerThread1" daemon [_thread_in_native, id=6272, stack(0x0000000007bd0000,0x0000000007cd0000)]

Stack: [0x0000000007bd0000,0x0000000007cd0000]
[error occurred during error reporting (printing stack bounds), id 0xc0000005]

Native frames: (J=compiled Java code, j=interpreted, Vv=VM code, C=native code)


Current CompileTask:
C2:  37454 1236   !   4       com.android.dx.cf.code.BytecodeArray::parseInstruction (2764 bytes)


---------------  P R O C E S S  ---------------

Java Threads: ( => current thread )
  0x0000000007fb8800 JavaThread "pool-2-thread-4" [_thread_blocked, id=6544, stack(0x00000000087d0000,0x00000000088d0000)]
  0x0000000007fb7800 JavaThread "pool-2-thread-3" [_thread_blocked, id=5884, stack(0x00000000086d0000,0x00000000087d0000)]
  0x0000000007fb7000 JavaThread "pool-2-thread-2" [_thread_blocked, id=6548, stack(0x00000000085d0000,0x00000000086d0000)]
  0x0000000007f04800 JavaThread "pool-3-thread-1" [_thread_blocked, id=7012, stack(0x00000000084d0000,0x00000000085d0000)]
  0x0000000007f03800 JavaThread "pool-2-thread-1" [_thread_blocked, id=7064, stack(0x00000000083d0000,0x00000000084d0000)]
  0x0000000007d43800 JavaThread "Service Thread" daemon [_thread_blocked, id=4812, stack(0x00000000081d0000,0x00000000082d0000)]
  0x0000000007cf1000 JavaThread "C1 CompilerThread2" daemon [_thread_blocked, id=4860, stack(0x00000000080d0000,0x00000000081d0000)]
=>0x00000000064dc800 JavaThread "C2 CompilerThread1" daemon [_thread_in_native, id=6272, stack(0x0000000007bd0000,0x0000000007cd0000)]
  0x00000000064d9000 JavaThread "C2 CompilerThread0" daemon [_thread_in_native, id=6536, stack(0x0000000007ad0000,0x0000000007bd0000)]
  0x00000000064d7000 JavaThread "Attach Listener" daemon [_thread_blocked, id=4948, stack(0x00000000079d0000,0x0000000007ad0000)]
  0x00000000064d6000 JavaThread "Signal Dispatcher" daemon [_thread_blocked, id=3484, stack(0x00000000078d0000,0x00000000079d0000)]
  0x000000000647a800 JavaThread "Finalizer" daemon [_thread_blocked, id=4452, stack(0x00000000076f0000,0x00000000077f0000)]
  0x0000000006459000 JavaThread "Reference Handler" daemon [_thread_blocked, id=748, stack(0x00000000075f0000,0x00000000076f0000)]
  0x0000000002cc0800 JavaThread "main" [_thread_blocked, id=4000, stack(0x0000000002bc0000,0x0000000002cc0000)]

Other Threads:
  0x0000000006456800 VMThread [stack: 0x00000000074f0000,0x00000000075f0000] [id=6244]
  0x0000000007d3e800 WatcherThread [stack: 0x00000000082d0000,0x00000000083d0000] [id=3796]

VM state:at safepoint (normal execution)

VM Mutex/Monitor currently owned by a thread:  ([mutex/lock_event])
[0x0000000002b4c980] Threads_lock - owner thread: 0x0000000006456800
[0x0000000002b4c500] Heap_lock - owner thread: 0x0000000007f03800

Heap:
 PSYoungGen      total 18944K, used 18927K [0x00000000eab00000, 0x00000000ec000000, 0x0000000100000000)
  eden space 16384K, 100% used [0x00000000eab00000,0x00000000ebb00000,0x00000000ebb00000)
  from space 2560K, 99% used [0x00000000ebb00000,0x00000000ebd7bfc0,0x00000000ebd80000)
  to   space 2560K, 99% used [0x00000000ebd80000,0x00000000ebffbfe0,0x00000000ec000000)
 ParOldGen       total 44032K, used 10809K [0x00000000c0000000, 0x00000000c2b00000, 0x00000000eab00000)
  object space 44032K, 24% used [0x00000000c0000000,0x00000000c0a8e728,0x00000000c2b00000)
 Metaspace       used 6175K, capacity 7030K, committed 7296K, reserved 1056768K
  class space    used 602K, capacity 622K, committed 640K, reserved 1048576K

Card table byte_map: [0x0000000003180000,0x0000000003390000] byte_map_base: 0x0000000002b80000

Marking Bits: (ParMarkBitMap*) 0x000000007150a6d0
 Begin Bits: [0x00000000038f0000, 0x00000000048f0000)
 End Bits:   [0x00000000048f0000, 0x00000000058f0000)

Polling page: 0x0000000000f60000

CodeCache: size=245760Kb used=5638Kb max_used=5638Kb free=240121Kb
 bounds [0x000000000f010000, 0x000000000f5a0000, 0x000000001e010000]
 total_blobs=1712 nmethods=1444 adapters=181
 compilation: enabled

Compilation events (10 events):
Event: 37.394 Thread 0x0000000007cf1000 1471       2       com.android.dx.dex.file.AnnotationItem::<init> (41 bytes)
Event: 37.395 Thread 0x0000000007cf1000 nmethod 1471 0x000000000f5941d0 code [0x000000000f594360, 0x000000000f594678]
Event: 37.395 Thread 0x0000000007cf1000 1472       2       com.android.dx.rop.annotation.Annotation::getNameValuePairs (11 bytes)
Event: 37.396 Thread 0x0000000007cf1000 nmethod 1472 0x000000000f594890 code [0x000000000f594a00, 0x000000000f594d08]
Event: 37.396 Thread 0x0000000007cf1000 1473       2       com.android.dx.rop.type.Type::getInitializedType (42 bytes)
Event: 37.396 Thread 0x0000000007cf1000 nmethod 1473 0x000000000f594ed0 code [0x000000000f595060, 0x000000000f595438]
Event: 37.396 Thread 0x0000000007cf1000 1474       2       java.lang.Integer::bitCount (49 bytes)
Event: 37.396 Thread 0x0000000007cf1000 nmethod 1474 0x000000000f595650 code [0x000000000f5957a0, 0x000000000f595910]
Event: 37.398 Thread 0x0000000007cf1000 1475       2       com.android.dx.ssa.back.FirstFitLocalCombiningAllocator::rangeContainsReserved (30 bytes)
Event: 37.399 Thread 0x0000000007cf1000 nmethod 1475 0x000000000f595990 code [0x000000000f595b00, 0x000000000f595d28]

GC Heap History (7 events):
Event: 36.475 GC heap before
{Heap before GC invocations=1 (full 0):
 PSYoungGen      total 18944K, used 16384K [0x00000000eab00000, 0x00000000ec000000, 0x0000000100000000)
  eden space 16384K, 100% used [0x00000000eab00000,0x00000000ebb00000,0x00000000ebb00000)
  from space 2560K, 0% used [0x00000000ebd80000,0x00000000ebd80000,0x00000000ec000000)
  to   space 2560K, 0% used [0x00000000ebb00000,0x00000000ebb00000,0x00000000ebd80000)
 ParOldGen       total 44032K, used 0K [0x00000000c0000000, 0x00000000c2b00000, 0x00000000eab00000)
  object space 44032K, 0% used [0x00000000c0000000,0x00000000c0000000,0x00000000c2b00000)
 Metaspace       used 5799K, capacity 6710K, committed 6784K, reserved 1056768K
  class space    used 599K, capacity 622K, committed 640K, reserved 1048576K
Event: 36.495 GC heap after
Heap after GC invocations=1 (full 0):
 PSYoungGen      total 18944K, used 2545K [0x00000000eab00000, 0x00000000ec000000, 0x0000000100000000)
  eden space 16384K, 0% used [0x00000000eab00000,0x00000000eab00000,0x00000000ebb00000)
  from space 2560K, 99% used [0x00000000ebb00000,0x00000000ebd7c680,0x00000000ebd80000)
  to   space 2560K, 0% used [0x00000000ebd80000,0x00000000ebd80000,0x00000000ec000000)
 ParOldGen       total 44032K, used 2097K [0x00000000c0000000, 0x00000000c2b00000, 0x00000000eab00000)
  object space 44032K, 4% used [0x00000000c0000000,0x00000000c020c7f0,0x00000000c2b00000)
 Metaspace       used 5799K, capacity 6710K, committed 6784K, reserved 1056768K
  class space    used 599K, capacity 622K, committed 640K, reserved 1048576K
}
Event: 36.976 GC heap before
{Heap before GC invocations=2 (full 0):
 PSYoungGen      total 18944K, used 18929K [0x00000000eab00000, 0x00000000ec000000, 0x0000000100000000)
  eden space 16384K, 100% used [0x00000000eab00000,0x00000000ebb00000,0x00000000ebb00000)
  from space 2560K, 99% used [0x00000000ebb00000,0x00000000ebd7c680,0x00000000ebd80000)
  to   space 2560K, 0% used [0x00000000ebd80000,0x00000000ebd80000,0x00000000ec000000)
 ParOldGen       total 44032K, used 2097K [0x00000000c0000000, 0x00000000c2b00000, 0x00000000eab00000)
  object space 44032K, 4% used [0x00000000c0000000,0x00000000c020c7f0,0x00000000c2b00000)
 Metaspace       used 5995K, capacity 6838K, committed 7040K, reserved 1056768K
  class space    used 601K, capacity 622K, committed 640K, reserved 1048576K
Event: 36.995 GC heap after
Heap after GC invocations=2 (full 0):
 PSYoungGen      total 18944K, used 2558K [0x00000000eab00000, 0x00000000ec000000, 0x0000000100000000)
  eden space 16384K, 0% used [0x00000000eab00000,0x00000000eab00000,0x00000000ebb00000)
  from space 2560K, 99% used [0x00000000ebd80000,0x00000000ebfff860,0x00000000ec000000)
  to   space 2560K, 0% used [0x00000000ebb00000,0x00000000ebb00000,0x00000000ebd80000)
 ParOldGen       total 44032K, used 5016K [0x00000000c0000000, 0x00000000c2b00000, 0x00000000eab00000)
  object space 44032K, 11% used [0x00000000c0000000,0x00000000c04e6298,0x00000000c2b00000)
 Metaspace       used 5995K, capacity 6838K, committed 7040K, reserved 1056768K
  class space    used 601K, capacity 622K, committed 640K, reserved 1048576K
}
Event: 37.157 GC heap before
{Heap before GC invocations=3 (full 0):
 PSYoungGen      total 18944K, used 18942K [0x00000000eab00000, 0x00000000ec000000, 0x0000000100000000)
  eden space 16384K, 100% used [0x00000000eab00000,0x00000000ebb00000,0x00000000ebb00000)
  from space 2560K, 99% used [0x00000000ebd80000,0x00000000ebfff860,0x00000000ec000000)
  to   space 2560K, 0% used [0x00000000ebb00000,0x00000000ebb00000,0x00000000ebd80000)
 ParOldGen       total 44032K, used 5016K [0x00000000c0000000, 0x00000000c2b00000, 0x00000000eab00000)
  object space 44032K, 11% used [0x00000000c0000000,0x00000000c04e6298,0x00000000c2b00000)
 Metaspace       used 6101K, capacity 6966K, committed 7040K, reserved 1056768K
  class space    used 601K, capacity 622K, committed 640K, reserved 1048576K
Event: 37.175 GC heap after
Heap after GC invocations=3 (full 0):
 PSYoungGen      total 18944K, used 2543K [0x00000000eab00000, 0x00000000ec000000, 0x0000000100000000)
  eden space 16384K, 0% used [0x00000000eab00000,0x00000000eab00000,0x00000000ebb00000)
  from space 2560K, 99% used [0x00000000ebb00000,0x00000000ebd7bfc0,0x00000000ebd80000)
  to   space 2560K, 0% used [0x00000000ebd80000,0x00000000ebd80000,0x00000000ec000000)
 ParOldGen       total 44032K, used 8018K [0x00000000c0000000, 0x00000000c2b00000, 0x00000000eab00000)
  object space 44032K, 18% used [0x00000000c0000000,0x00000000c07d4a98,0x00000000c2b00000)
 Metaspace       used 6101K, capacity 6966K, committed 7040K, reserved 1056768K
  class space    used 601K, capacity 622K, committed 640K, reserved 1048576K
}
Event: 37.401 GC heap before
{Heap before GC invocations=4 (full 0):
 PSYoungGen      total 18944K, used 18927K [0x00000000eab00000, 0x00000000ec000000, 0x0000000100000000)
  eden space 16384K, 100% used [0x00000000eab00000,0x00000000ebb00000,0x00000000ebb00000)
  from space 2560K, 99% used [0x00000000ebb00000,0x00000000ebd7bfc0,0x00000000ebd80000)
  to   space 2560K, 0% used [0x00000000ebd80000,0x00000000ebd80000,0x00000000ec000000)
 ParOldGen       total 44032K, used 8018K [0x00000000c0000000, 0x00000000c2b00000, 0x00000000eab00000)
  object space 44032K, 18% used [0x00000000c0000000,0x00000000c07d4a98,0x00000000c2b00000)
 Metaspace       used 6175K, capacity 7030K, committed 7296K, reserved 1056768K
  class space    used 602K, capacity 622K, committed 640K, reserved 1048576K

Deoptimization events (10 events):
Event: 36.643 Thread 0x0000000007fb7000 Uncommon trap: reason=bimorphic action=maybe_recompile pc=0x000000000f2f5cd0 method=java.util.HashMap.getNode(ILjava/lang/Object;)Ljava/util/HashMap$Node; @ 126
Event: 36.928 Thread 0x0000000007fb7000 Uncommon trap: reason=unstable_if action=reinterpret pc=0x000000000f3de87c method=com.android.dx.util.IntList.binarysearch(I)I @ 105
Event: 37.122 Thread 0x0000000002cc0800 Uncommon trap: reason=bimorphic action=maybe_recompile pc=0x000000000f265474 method=java.util.HashMap.getNode(ILjava/lang/Object;)Ljava/util/HashMap$Node; @ 126
Event: 37.122 Thread 0x0000000002cc0800 Uncommon trap: reason=bimorphic action=maybe_recompile pc=0x000000000f45c2d4 method=java.util.HashMap.putVal(ILjava/lang/Object;Ljava/lang/Object;ZZ)Ljava/lang/Object; @ 203
Event: 37.123 Thread 0x0000000002cc0800 Uncommon trap: reason=bimorphic action=maybe_recompile pc=0x000000000f45c2d4 method=java.util.HashMap.putVal(ILjava/lang/Object;Ljava/lang/Object;ZZ)Ljava/lang/Object; @ 203
Event: 37.123 Thread 0x0000000002cc0800 Uncommon trap: reason=bimorphic action=maybe_recompile pc=0x000000000f2f5cd0 method=java.util.HashMap.getNode(ILjava/lang/Object;)Ljava/util/HashMap$Node; @ 126
Event: 37.291 Thread 0x0000000007f03800 Uncommon trap: reason=unstable_if action=reinterpret pc=0x000000000f4a4ed4 method=com.android.dx.ssa.SCCP.simulateStmt(Lcom/android/dx/ssa/SsaInsn;)V @ 53
Event: 37.322 Thread 0x0000000007fb8800 Uncommon trap: reason=bimorphic action=maybe_recompile pc=0x000000000f45c2d4 method=java.util.HashMap.putVal(ILjava/lang/Object;Ljava/lang/Object;ZZ)Ljava/lang/Object; @ 203
Event: 37.350 Thread 0x0000000002cc0800 Uncommon trap: reason=unloaded action=reinterpret pc=0x000000000f44a638 method=com.android.dx.cf.cst.ConstantPoolParser.parse0(ILjava/util/BitSet;)Lcom/android/dx/rop/cst/Constant; @ 220
Event: 37.381 Thread 0x0000000007f03800 Uncommon trap: reason=unstable_if action=reinterpret pc=0x000000000f404fdc method=com.android.dx.ssa.SsaMethod.updateOneDefinition(Lcom/android/dx/ssa/SsaInsn;Lcom/android/dx/rop/code/RegisterSpec;)V @ 4

Internal exceptions (3 events):
Event: 10.616 Thread 0x0000000002cc0800 Exception <a 'java/lang/NoSuchMethodError': Method sun.misc.Unsafe.defineClass(Ljava/lang/String;[BII)Ljava/lang/Class; name or signature does not match> (0x00000000eab07cc0) thrown at [C:\re\workspace\8-2-build-windows-amd64-cygwin\jdk8u101\7261\hotspot\s÷Å¸1;%@
Event: 10.616 Thread 0x0000000002cc0800 Exception <a 'java/lang/NoSuchMethodError': Method sun.misc.Unsafe.prefetchRead(Ljava/lang/Object;J)V name or signature does not match> (0x00000000eab07fa8) thrown at [C:\re\workspace\8-2-build-windows-amd64-cygwin\jdk8u101\7261\hotspot\src\share\vm\prims\JŽqÿBB@
Event: 36.523 Thread 0x0000000007f03800 Implicit null exception at 0x000000000f2c9662 to 0x000000000f2c9752

Events (10 events):
Event: 37.350 Thread 0x0000000002cc0800 DEOPT PACKING pc=0x000000000f44a638 sp=0x0000000002cbe7d0
Event: 37.350 Thread 0x0000000002cc0800 DEOPT UNPACKING pc=0x000000000f05582a sp=0x0000000002cbe798 mode 2
Event: 37.381 loading class com/android/dx/rop/code/RegOps
Event: 37.381 loading class com/android/dx/rop/code/RegOps done
Event: 37.381 Thread 0x0000000007f03800 Uncommon trap: trap_request=0xffffff65 fr.pc=0x000000000f404fdc
Event: 37.381 Thread 0x0000000007f03800 DEOPT PACKING pc=0x000000000f404fdc sp=0x00000000084ce4c0
Event: 37.381 Thread 0x0000000007f03800 DEOPT UNPACKING pc=0x000000000f05582a sp=0x00000000084ce468 mode 2
Event: 37.387 Thread 0x0000000007fb7800 DEOPT PACKING pc=0x000000000f31d4ab sp=0x00000000087ce970
Event: 37.387 Thread 0x0000000007fb7800 DEOPT UNPACKING pc=0x000000000f05787f sp=0x00000000087ce738 mode 0
Event: 37.400 Executing VM operation: ParallelGCFailedAllocation


Dynamic libraries:
0x00007ff7c0430000 - 0x00007ff7c0467000 	C:\Program Files\Java\jdk1.8.0_101\bin\java.exe
0x00007ffb95ef0000 - 0x00007ffb9609d000 	C:\Windows\SYSTEM32\ntdll.dll
0x00007ffb93f00000 - 0x00007ffb9403e000 	C:\Windows\system32\KERNEL32.DLL
0x00007ffb931c0000 - 0x00007ffb932d5000 	C:\Windows\system32\KERNELBASE.dll
0x00007ffb91b90000 - 0x00007ffb91c1e000 	C:\Windows\system32\apphelp.dll
0x00007ffb81b90000 - 0x00007ffb81be3000 	C:\Windows\AppPatch\AppPatch64\AcGenral.DLL
0x00007ffb93630000 - 0x00007ffb936da000 	C:\Windows\system32\msvcrt.dll
0x00007ffb930e0000 - 0x00007ffb9310e000 	C:\Windows\system32\SspiCli.dll
0x00007ffb95df0000 - 0x00007ffb95e44000 	C:\Windows\system32\SHLWAPI.dll
0x00007ffb93740000 - 0x00007ffb938b7000 	C:\Windows\system32\USER32.dll
0x00007ffb95780000 - 0x00007ffb95914000 	C:\Windows\system32\ole32.dll
0x00007ffb94040000 - 0x00007ffb95568000 	C:\Windows\system32\SHELL32.dll
0x00007ffb92590000 - 0x00007ffb925b1000 	C:\Windows\SYSTEM32\USERENV.dll
0x00007ffb95570000 - 0x00007ffb9561a000 	C:\Windows\system32\ADVAPI32.dll
0x00007ffb8b5f0000 - 0x00007ffb8b60e000 	C:\Windows\SYSTEM32\MPR.dll
0x00007ffb93a20000 - 0x00007ffb93b60000 	C:\Windows\system32\RPCRT4.dll
0x00007ffb95920000 - 0x00007ffb95979000 	C:\Windows\SYSTEM32\sechost.dll
0x00007ffb959e0000 - 0x00007ffb95bf1000 	C:\Windows\SYSTEM32\combase.dll
0x00007ffb95630000 - 0x00007ffb9577f000 	C:\Windows\system32\GDI32.dll
0x00007ffb93010000 - 0x00007ffb93025000 	C:\Windows\SYSTEM32\profapi.dll
0x00007ffb91540000 - 0x00007ffb915f2000 	C:\Windows\SYSTEM32\SHCORE.dll
0x00007ffb95db0000 - 0x00007ffb95de6000 	C:\Windows\system32\IMM32.DLL
0x00007ffb938c0000 - 0x00007ffb93a12000 	C:\Windows\system32\MSCTF.dll
0x00007ffb92f50000 - 0x00007ffb92f81000 	C:\Windows\system32\nvinitx.dll
0x00007ffb92f40000 - 0x00007ffb92f4a000 	C:\Windows\SYSTEM32\VERSION.dll
0x000000000f000000 - 0x000000000f006000 	C:\Program Files\NVIDIA Corporation\CoProcManager\_etoured.dll
0x00007ffb91ca0000 - 0x00007ffb91cd1000 	C:\Program Files\NVIDIA Corporation\CoProcManager\nvd3d9wrapx.dll
0x00007ffb93b60000 - 0x00007ffb93d3a000 	C:\Windows\system32\SETUPAPI.dll
0x00007ffb93170000 - 0x00007ffb931bf000 	C:\Windows\system32\CFGMGR32.dll
0x00007ffb91740000 - 0x00007ffb91762000 	C:\Program Files\NVIDIA Corporation\CoProcManager\nvdxgiwrapx.dll
0x00007ffb910c0000 - 0x00007ffb9133b000 	C:\Windows\WinSxS\amd64_microsoft.windows.common-controls_6595b64144ccf1df_6.0.9600.18006_none_623f33d3ecbe86e8\COMCTL32.dll
0x0000000070860000 - 0x0000000070932000 	C:\Program Files\Java\jdk1.8.0_101\jre\bin\msvcr100.dll
0x0000000070cf0000 - 0x000000007158a000 	C:\Program Files\Java\jdk1.8.0_101\jre\bin\server\jvm.dll
0x00007ffb8d160000 - 0x00007ffb8d169000 	C:\Windows\SYSTEM32\WSOCK32.dll
0x00007ffb90bf0000 - 0x00007ffb90c12000 	C:\Windows\SYSTEM32\WINMM.dll
0x00007ffb95ec0000 - 0x00007ffb95ec7000 	C:\Windows\system32\PSAPI.DLL
0x00007ffb936e0000 - 0x00007ffb9373a000 	C:\Windows\system32\WS2_32.dll
0x00007ffb90bc0000 - 0x00007ffb90bea000 	C:\Windows\SYSTEM32\WINMMBASE.dll
0x00007ffb95620000 - 0x00007ffb95629000 	C:\Windows\system32\NSI.dll
0x00007ffb91de0000 - 0x00007ffb91e08000 	C:\Windows\SYSTEM32\DEVOBJ.dll
0x0000000071890000 - 0x000000007189f000 	C:\Program Files\Java\jdk1.8.0_101\jre\bin\verify.dll
0x0000000070cc0000 - 0x0000000070ce9000 	C:\Program Files\Java\jdk1.8.0_101\jre\bin\java.dll
0x0000000070ca0000 - 0x0000000070cb6000 	C:\Program Files\Java\jdk1.8.0_101\jre\bin\zip.dll

VM Arguments:
jvm_args: -Djava.awt.headless=true -Xmx1024M -Dfile.encoding=windows-1256 -Duser.country=US -Duser.language=en -Duser.variant 
java_command: com.android.dx.command.Main --dex --force-jumbo --num-threads=4 --multi-dex --output E:\Android summer training\Pro\PipTalk\app\build\intermediates\transforms\dex\debug\folders\1000\10\com.google.firebase-firebase-analytics-impl-10.2.0_ab3b5c2715328995c3b3a2d81b450cbc2fb39e8f E:\Android summer training\Pro\PipTalk\app\build\intermediates\exploded-aar\com.google.firebase\firebase-analytics-impl\10.2.0\jars\classes.jar
java_class_path (initial): E:\BFCI\android SDK\android-sdk-windows\build-tools\24.0.1\lib\dx.jar
Launcher Type: SUN_STANDARD

Environment Variables:
PATH=C:\ProgramData\Oracle\Java\javapath;C:\Windows\system32;C:\Windows;C:\Windows\System32\Wbem;C:\Windows\System32\WindowsPowerShell\v1.0\;C:\Program Files (x86)\Microsoft SQL Server\100\Tools\Binn\;C:\Program Files\Microsoft SQL Server\100\Tools\Binn\;C:\Program Files\Microsoft SQL Server\100\DTS\Binn\;C:\Program Files (x86)\MySQL\MySQL Server 5.0\bin;E:\Installed Programs\runtime\win64;E:\Installed Programs\bin;E:\Installed Programs\polyspace\bin
USERNAME=EL MAGIC
OS=Windows_NT
PROCESSOR_IDENTIFIER=Intel64 Family 6 Model 42 Stepping 7, GenuineIntel



---------------  S Y S T E M  ---------------

OS: Windows 8.1 , 64 bit Build 9600 (6.3.9600.17415)

CPU:total 4 (2 cores per cpu, 2 threads per core) family 6 model 42 stepping 7, cmov, cx8, fxsr, mmx, sse, sse2, sse3, ssse3, sse4.1, sse4.2, popcnt, avx, aes, clmul, ht, tsc, tscinvbit

Memory: 4k page, physical 4098096k(222356k free), swap 7243824k(7204k free)

vm_info: Java HotSpot(TM) 64-Bit Server VM (25.101-b13) for windows-amd64 JRE (1.8.0_101-b13), built on Jun 22 2016 01:21:29 by "java_re" with MS VC++ 10.0 (VS2010)

time: Mon Feb 27 21:55:07 2017
elapsed time: 37 seconds (0d 0h 0m 37s)

