#
# There is insufficient memory for the Java Runtime Environment to continue.
# Native memory allocation (malloc) failed to allocate 40464 bytes for Chunk::new
# Possible reasons:
#   The system is out of physical RAM or swap space
#   In 32 bit mode, the process size limit was hit
# Possible solutions:
#   Reduce memory load on the system
#   Increase physical memory or swap space
#   Check if swap backing store is full
#   Use 64 bit Java on a 64 bit OS
#   Decrease Java heap size (-Xmx/-Xms)
#   Decrease number of Java threads
#   Decrease Java thread stack sizes (-Xss)
#   Set larger code cache with -XX:ReservedCodeCacheSize=
# This output file may be truncated or incomplete.
#
#  Out of Memory Error (allocation.cpp:390), pid=6004, tid=0x0000000000000f98
#
# JRE version: Java(TM) SE Runtime Environment (8.0_101-b13) (build 1.8.0_101-b13)
# Java VM: Java HotSpot(TM) 64-Bit Server VM (25.101-b13 mixed mode windows-amd64 compressed oops)
# Failed to write core dump. Minidumps are not enabled by default on client versions of Windows
#

---------------  T H R E A D  ---------------

Current thread (0x00000000071d5800):  JavaThread "C1 CompilerThread2" daemon [_thread_in_native, id=3992, stack(0x0000000007690000,0x0000000007790000)]

Stack: [0x0000000007690000,0x0000000007790000]
[error occurred during error reporting (printing stack bounds), id 0xc0000005]

Native frames: (J=compiled Java code, j=interpreted, Vv=VM code, C=native code)


Current CompileTask:
C1:  27444  483   !   3       com.android.dx.cf.code.BytecodeArray::parseInstruction (2764 bytes)


---------------  P R O C E S S  ---------------

Java Threads: ( => current thread )
  0x0000000007343000 JavaThread "pool-2-thread-4" [_thread_blocked, id=6016, stack(0x0000000007d90000,0x0000000007e90000)]
  0x0000000007342800 JavaThread "pool-2-thread-3" [_thread_blocked, id=5808, stack(0x0000000007c90000,0x0000000007d90000)]
  0x00000000071e9000 JavaThread "pool-3-thread-1" [_thread_blocked, id=5988, stack(0x0000000007a90000,0x0000000007b90000)]
  0x00000000071e8000 JavaThread "pool-2-thread-1" [_thread_blocked, id=516, stack(0x0000000007990000,0x0000000007a90000)]
  0x00000000071dc000 JavaThread "Service Thread" daemon [_thread_blocked, id=2656, stack(0x0000000007790000,0x0000000007890000)]
=>0x00000000071d5800 JavaThread "C1 CompilerThread2" daemon [_thread_in_native, id=3992, stack(0x0000000007690000,0x0000000007790000)]
  0x0000000005a9e000 JavaThread "C2 CompilerThread1" daemon [_thread_in_native, id=4340, stack(0x0000000007590000,0x0000000007690000)]
  0x0000000005a44800 JavaThread "C2 CompilerThread0" daemon [_thread_in_native, id=4088, stack(0x0000000007090000,0x0000000007190000)]
  0x0000000005a37000 JavaThread "Attach Listener" daemon [_thread_blocked, id=1016, stack(0x0000000006f90000,0x0000000007090000)]
  0x0000000005a36000 JavaThread "Signal Dispatcher" daemon [_thread_blocked, id=5632, stack(0x0000000006e90000,0x0000000006f90000)]
  0x000000000236a000 JavaThread "Finalizer" daemon [_thread_blocked, id=4952, stack(0x0000000006cb0000,0x0000000006db0000)]
  0x000000000235f000 JavaThread "Reference Handler" daemon [_thread_blocked, id=4424, stack(0x0000000006bb0000,0x0000000006cb0000)]
  0x0000000002270800 JavaThread "main" [_thread_blocked, id=3836, stack(0x0000000002130000,0x0000000002230000)]

Other Threads:
  0x0000000005a07800 VMThread [stack: 0x0000000006ab0000,0x0000000006bb0000] [id=5628]
  0x00000000071e0000 WatcherThread [stack: 0x0000000007890000,0x0000000007990000] [id=2516]

VM state:at safepoint (normal execution)

VM Mutex/Monitor currently owned by a thread:  ([mutex/lock_event])
[0x000000000226c1c0] Threads_lock - owner thread: 0x0000000005a07800
[0x000000000226c5c0] Heap_lock - owner thread: 0x0000000007343000

Heap:
 PSYoungGen      total 18944K, used 16384K [0x00000000eab00000, 0x00000000ec000000, 0x0000000100000000)
  eden space 16384K, 100% used [0x00000000eab00000,0x00000000ebb00000,0x00000000ebb00000)
  from space 2560K, 0% used [0x00000000ebd80000,0x00000000ebd80000,0x00000000ec000000)
  to   space 2560K, 91% used [0x00000000ebb00000,0x00000000ebd48038,0x00000000ebd80000)
 ParOldGen       total 44032K, used 8K [0x00000000c0000000, 0x00000000c2b00000, 0x00000000eab00000)
  object space 44032K, 0% used [0x00000000c0000000,0x00000000c0002000,0x00000000c2b00000)
 Metaspace       used 5496K, capacity 6640K, committed 6784K, reserved 1058816K
  class space    used 578K, capacity 616K, committed 640K, reserved 1048576K

Card table byte_map: [0x0000000002730000,0x0000000002940000] byte_map_base: 0x0000000002130000

Marking Bits: (ParMarkBitMap*) 0x000000007150a6d0
 Begin Bits: [0x0000000002ea0000, 0x0000000003ea0000)
 End Bits:   [0x0000000003ea0000, 0x0000000004ea0000)

Polling page: 0x00000000020b0000

CodeCache: size=245760Kb used=1983Kb max_used=1994Kb free=243776Kb
 bounds [0x000000000f010000, 0x000000000f280000, 0x000000001e010000]
 total_blobs=745 nmethods=484 adapters=174
 compilation: enabled

Compilation events (10 events):
Event: 27.210 Thread 0x00000000071d5800 nmethod 480 0x000000000f1ff350 code [0x000000000f1ff4a0, 0x000000000f1ff630]
Event: 27.210 Thread 0x00000000071d5800  481       3       com.android.dx.util.ByteArray::getByte0 (12 bytes)
Event: 27.210 Thread 0x00000000071d5800 nmethod 481 0x000000000f1ff6d0 code [0x000000000f1ff820, 0x000000000f1ff990]
Event: 27.210 Thread 0x00000000071d5800  482       3       com.android.dx.cf.code.BasicBlocker::addWorkIfNecessary (32 bytes)
Event: 27.211 Thread 0x00000000071d5800 nmethod 482 0x000000000f1ffa90 code [0x000000000f1ffc20, 0x000000000f1ffff0]
Event: 27.211 Thread 0x00000000071d5800  483   !   3       com.android.dx.cf.code.BytecodeArray::parseInstruction (2764 bytes)
Event: 27.212 Thread 0x0000000005a9e000  487       4       com.android.dx.util.Bits::set (19 bytes)
Event: 27.213 Thread 0x0000000005a9e000 nmethod 487 0x000000000f202f90 code [0x000000000f2030c0, 0x000000000f203158]
Event: 27.240 Thread 0x0000000005a44800  518       4       java.util.BitSet::nextSetBit (102 bytes)
Event: 27.240 Thread 0x0000000005a9e000  503       4       java.util.ArrayList::add (29 bytes)

GC Heap History (0 events):
No events

Deoptimization events (1 events):
Event: 27.221 Thread 0x00000000071e8000 Uncommon trap: reason=unstable_if action=reinterpret pc=0x000000000f1d4ae0 method=java.util.HashMap.getNode(ILjava/lang/Object;)Ljava/util/HashMap$Node; @ 129

Internal exceptions (2 events):
Event: 9.833 Thread 0x0000000002270800 Exception <a 'java/lang/NoSuchMethodError': Method sun.misc.Unsafe.defineClass(Ljava/lang/String;[BII)Ljava/lang/Class; name or signature does not match> (0x00000000eab07cc0) thrown at [C:\re\workspace\8-2-build-windows-amd64-cygwin\jdk8u101\7261\hotspot\sÖ#R»ª#@
Event: 9.833 Thread 0x0000000002270800 Exception <a 'java/lang/NoSuchMethodError': Method sun.misc.Unsafe.prefetchRead(Ljava/lang/Object;J)V name or signature does not match> (0x00000000eab07fa8) thrown at [C:\re\workspace\8-2-build-windows-amd64-cygwin\jdk8u101\7261\hotspot\src\share\vm\prims\

Events (10 events):
Event: 27.209 loading class com/android/dx/cf/code/SwitchList done
Event: 27.221 Thread 0x00000000071e8000 Uncommon trap: trap_request=0xffffff65 fr.pc=0x000000000f1d4ae0
Event: 27.221 Thread 0x00000000071e8000 DEOPT PACKING pc=0x000000000f1d4ae0 sp=0x0000000007a8e650
Event: 27.221 Thread 0x00000000071e8000 DEOPT UNPACKING pc=0x000000000f05582a sp=0x0000000007a8e5c8 mode 2
Event: 27.227 loading class com/android/dx/ssa/back/FirstFitLocalCombiningAllocator$Multiset
Event: 27.227 loading class com/android/dx/ssa/back/FirstFitLocalCombiningAllocator$Multiset done
Event: 27.230 loading class java/util/DualPivotQuicksort
Event: 27.231 loading class java/util/DualPivotQuicksort done
Event: 27.234 Executing VM operation: CollectForMetadataAllocation
Event: 27.237 Executing VM operation: CollectForMetadataAllocation done


Dynamic libraries:
0x00007ff7c0430000 - 0x00007ff7c0467000 	C:\Program Files\Java\jdk1.8.0_101\bin\java.exe
0x00007ffb95ef0000 - 0x00007ffb9609d000 	C:\Windows\SYSTEM32\ntdll.dll
0x00007ffb93f00000 - 0x00007ffb9403e000 	C:\Windows\system32\KERNEL32.DLL
0x00007ffb931c0000 - 0x00007ffb932d5000 	C:\Windows\system32\KERNELBASE.dll
0x00007ffb91b90000 - 0x00007ffb91c1e000 	C:\Windows\system32\apphelp.dll
0x00007ffb81b90000 - 0x00007ffb81be3000 	C:\Windows\AppPatch\AppPatch64\AcGenral.DLL
0x00007ffb93630000 - 0x00007ffb936da000 	C:\Windows\system32\msvcrt.dll
0x00007ffb930e0000 - 0x00007ffb9310e000 	C:\Windows\system32\SspiCli.dll
0x00007ffb95df0000 - 0x00007ffb95e44000 	C:\Windows\system32\SHLWAPI.dll
0x00007ffb93740000 - 0x00007ffb938b7000 	C:\Windows\system32\USER32.dll
0x00007ffb95780000 - 0x00007ffb95914000 	C:\Windows\system32\ole32.dll
0x00007ffb94040000 - 0x00007ffb95568000 	C:\Windows\system32\SHELL32.dll
0x00007ffb92590000 - 0x00007ffb925b1000 	C:\Windows\SYSTEM32\USERENV.dll
0x00007ffb95570000 - 0x00007ffb9561a000 	C:\Windows\system32\ADVAPI32.dll
0x00007ffb8b5f0000 - 0x00007ffb8b60e000 	C:\Windows\SYSTEM32\MPR.dll
0x00007ffb93a20000 - 0x00007ffb93b60000 	C:\Windows\system32\RPCRT4.dll
0x00007ffb95920000 - 0x00007ffb95979000 	C:\Windows\SYSTEM32\sechost.dll
0x00007ffb959e0000 - 0x00007ffb95bf1000 	C:\Windows\SYSTEM32\combase.dll
0x00007ffb95630000 - 0x00007ffb9577f000 	C:\Windows\system32\GDI32.dll
0x00007ffb93010000 - 0x00007ffb93025000 	C:\Windows\SYSTEM32\profapi.dll
0x00007ffb91540000 - 0x00007ffb915f2000 	C:\Windows\SYSTEM32\SHCORE.dll
0x00007ffb95db0000 - 0x00007ffb95de6000 	C:\Windows\system32\IMM32.DLL
0x00007ffb938c0000 - 0x00007ffb93a12000 	C:\Windows\system32\MSCTF.dll
0x00007ffb92f50000 - 0x00007ffb92f81000 	C:\Windows\system32\nvinitx.dll
0x00007ffb92f40000 - 0x00007ffb92f4a000 	C:\Windows\SYSTEM32\VERSION.dll
0x000000000f000000 - 0x000000000f006000 	C:\Program Files\NVIDIA Corporation\CoProcManager\_etoured.dll
0x00007ffb91ca0000 - 0x00007ffb91cd1000 	C:\Program Files\NVIDIA Corporation\CoProcManager\nvd3d9wrapx.dll
0x00007ffb93b60000 - 0x00007ffb93d3a000 	C:\Windows\system32\SETUPAPI.dll
0x00007ffb93170000 - 0x00007ffb931bf000 	C:\Windows\system32\CFGMGR32.dll
0x00007ffb91740000 - 0x00007ffb91762000 	C:\Program Files\NVIDIA Corporation\CoProcManager\nvdxgiwrapx.dll
0x00007ffb910c0000 - 0x00007ffb9133b000 	C:\Windows\WinSxS\amd64_microsoft.windows.common-controls_6595b64144ccf1df_6.0.9600.18006_none_623f33d3ecbe86e8\COMCTL32.dll
0x0000000070860000 - 0x0000000070932000 	C:\Program Files\Java\jdk1.8.0_101\jre\bin\msvcr100.dll
0x0000000070cf0000 - 0x000000007158a000 	C:\Program Files\Java\jdk1.8.0_101\jre\bin\server\jvm.dll
0x00007ffb8d160000 - 0x00007ffb8d169000 	C:\Windows\SYSTEM32\WSOCK32.dll
0x00007ffb90bf0000 - 0x00007ffb90c12000 	C:\Windows\SYSTEM32\WINMM.dll
0x00007ffb95ec0000 - 0x00007ffb95ec7000 	C:\Windows\system32\PSAPI.DLL
0x00007ffb936e0000 - 0x00007ffb9373a000 	C:\Windows\system32\WS2_32.dll
0x00007ffb90bc0000 - 0x00007ffb90bea000 	C:\Windows\SYSTEM32\WINMMBASE.dll
0x00007ffb95620000 - 0x00007ffb95629000 	C:\Windows\system32\NSI.dll
0x00007ffb91de0000 - 0x00007ffb91e08000 	C:\Windows\SYSTEM32\DEVOBJ.dll
0x0000000071890000 - 0x000000007189f000 	C:\Program Files\Java\jdk1.8.0_101\jre\bin\verify.dll
0x0000000070cc0000 - 0x0000000070ce9000 	C:\Program Files\Java\jdk1.8.0_101\jre\bin\java.dll
0x0000000070ca0000 - 0x0000000070cb6000 	C:\Program Files\Java\jdk1.8.0_101\jre\bin\zip.dll

VM Arguments:
jvm_args: -Djava.awt.headless=true -Xmx1024M -Dfile.encoding=windows-1256 -Duser.country=US -Duser.language=en -Duser.variant 
java_command: com.android.dx.command.Main --dex --force-jumbo --num-threads=4 --multi-dex --output E:\Android summer training\Pro\PipTalk\app\build\intermediates\transforms\dex\debug\folders\1000\5\slice_4 E:\Android summer training\Pro\PipTalk\app\build\intermediates\transforms\instantRunSlicer\debug\folders\1\5\slice_4
java_class_path (initial): E:\BFCI\android SDK\android-sdk-windows\build-tools\24.0.1\lib\dx.jar
Launcher Type: SUN_STANDARD

Environment Variables:
PATH=C:\ProgramData\Oracle\Java\javapath;C:\Windows\system32;C:\Windows;C:\Windows\System32\Wbem;C:\Windows\System32\WindowsPowerShell\v1.0\;C:\Program Files (x86)\Microsoft SQL Server\100\Tools\Binn\;C:\Program Files\Microsoft SQL Server\100\Tools\Binn\;C:\Program Files\Microsoft SQL Server\100\DTS\Binn\;C:\Program Files (x86)\MySQL\MySQL Server 5.0\bin;E:\Installed Programs\runtime\win64;E:\Installed Programs\bin;E:\Installed Programs\polyspace\bin
USERNAME=EL MAGIC
OS=Windows_NT
PROCESSOR_IDENTIFIER=Intel64 Family 6 Model 42 Stepping 7, GenuineIntel



---------------  S Y S T E M  ---------------

OS: Windows 8.1 , 64 bit Build 9600 (6.3.9600.17415)

CPU:total 4 (2 cores per cpu, 2 threads per core) family 6 model 42 stepping 7, cmov, cx8, fxsr, mmx, sse, sse2, sse3, ssse3, sse4.1, sse4.2, popcnt, avx, aes, clmul, ht, tsc, tscinvbit

Memory: 4k page, physical 4098096k(294300k free), swap 7243824k(38504k free)

vm_info: Java HotSpot(TM) 64-Bit Server VM (25.101-b13) for windows-amd64 JRE (1.8.0_101-b13), built on Jun 22 2016 01:21:29 by "java_re" with MS VC++ 10.0 (VS2010)

time: Tue Feb 28 02:31:52 2017
elapsed time: 27 seconds (0d 0h 0m 27s)

