#
# There is insufficient memory for the Java Runtime Environment to continue.
# Native memory allocation (malloc) failed to allocate 32744 bytes for ChunkPool::allocate
# Possible reasons:
#   The system is out of physical RAM or swap space
#   In 32 bit mode, the process size limit was hit
# Possible solutions:
#   Reduce memory load on the system
#   Increase physical memory or swap space
#   Check if swap backing store is full
#   Use 64 bit Java on a 64 bit OS
#   Decrease Java heap size (-Xmx/-Xms)
#   Decrease number of Java threads
#   Decrease Java thread stack sizes (-Xss)
#   Set larger code cache with -XX:ReservedCodeCacheSize=
# This output file may be truncated or incomplete.
#
#  Out of Memory Error (allocation.cpp:273), pid=784, tid=0x0000000000000a6c
#
# JRE version: Java(TM) SE Runtime Environment (8.0_101-b13) (build 1.8.0_101-b13)
# Java VM: Java HotSpot(TM) 64-Bit Server VM (25.101-b13 mixed mode windows-amd64 compressed oops)
# Failed to write core dump. Minidumps are not enabled by default on client versions of Windows
#

---------------  T H R E A D  ---------------

Current thread (0x0000000006728000):  JavaThread "C2 CompilerThread0" daemon [_thread_in_native, id=2668, stack(0x0000000007d20000,0x0000000007e20000)]

Stack: [0x0000000007d20000,0x0000000007e20000]
[error occurred during error reporting (printing stack bounds), id 0xc0000005]

Native frames: (J=compiled Java code, j=interpreted, Vv=VM code, C=native code)


Current CompileTask:
C2:   3027 1257       4       com.android.dx.dex.code.OutputFinisher::addConstants (93 bytes)


---------------  P R O C E S S  ---------------

Java Threads: ( => current thread )
  0x000000000811d800 JavaThread "pool-1-thread-1" [_thread_in_vm, id=5452, stack(0x0000000008620000,0x0000000008720000)]
  0x0000000007f72000 JavaThread "Service Thread" daemon [_thread_blocked, id=4280, stack(0x0000000008420000,0x0000000008520000)]
  0x0000000007f65000 JavaThread "C1 CompilerThread2" daemon [_thread_blocked, id=6792, stack(0x0000000008320000,0x0000000008420000)]
  0x000000000672b000 JavaThread "C2 CompilerThread1" daemon [_thread_blocked, id=2904, stack(0x0000000007e20000,0x0000000007f20000)]
=>0x0000000006728000 JavaThread "C2 CompilerThread0" daemon [_thread_in_native, id=2668, stack(0x0000000007d20000,0x0000000007e20000)]
  0x0000000006726000 JavaThread "Attach Listener" daemon [_thread_blocked, id=4780, stack(0x0000000007c20000,0x0000000007d20000)]
  0x0000000006725800 JavaThread "Signal Dispatcher" daemon [_thread_blocked, id=4344, stack(0x0000000007b20000,0x0000000007c20000)]
  0x00000000066ca000 JavaThread "Finalizer" daemon [_thread_blocked, id=3048, stack(0x0000000007940000,0x0000000007a40000)]
  0x00000000066a9000 JavaThread "Reference Handler" daemon [_thread_blocked, id=1004, stack(0x0000000007840000,0x0000000007940000)]
  0x0000000002f10800 JavaThread "main" [_thread_blocked, id=340, stack(0x0000000002db0000,0x0000000002eb0000)]

Other Threads:
  0x00000000066a6800 VMThread [stack: 0x0000000007740000,0x0000000007840000] [id=4648]
  0x0000000007fd5000 WatcherThread [stack: 0x0000000008520000,0x0000000008620000] [id=2424]

VM state:not at safepoint (normal execution)

VM Mutex/Monitor currently owned by a thread:  ([mutex/lock_event])
[0x0000000002f0bab0] Patching_lock - owner thread: 0x000000000811d800
[0x0000000002f0db90] CompiledIC_lock - owner thread: 0x000000000811d800

Heap:
 PSYoungGen      total 18944K, used 15150K [0x00000000eab00000, 0x00000000ec000000, 0x0000000100000000)
  eden space 16384K, 76% used [0x00000000eab00000,0x00000000eb750e70,0x00000000ebb00000)
  from space 2560K, 99% used [0x00000000ebb00000,0x00000000ebd7aaa8,0x00000000ebd80000)
  to   space 2560K, 0% used [0x00000000ebd80000,0x00000000ebd80000,0x00000000ec000000)
 ParOldGen       total 44032K, used 1515K [0x00000000c0000000, 0x00000000c2b00000, 0x00000000eab00000)
  object space 44032K, 3% used [0x00000000c0000000,0x00000000c017aec0,0x00000000c2b00000)
 Metaspace       used 5986K, capacity 6960K, committed 7040K, reserved 1056768K
  class space    used 595K, capacity 616K, committed 640K, reserved 1048576K

Card table byte_map: [0x00000000033d0000,0x00000000035e0000] byte_map_base: 0x0000000002dd0000

Marking Bits: (ParMarkBitMap*) 0x000000007150a6d0
 Begin Bits: [0x0000000003b40000, 0x0000000004b40000)
 End Bits:   [0x0000000004b40000, 0x0000000005b40000)

Polling page: 0x00000000010e0000

CodeCache: size=245760Kb used=4973Kb max_used=4984Kb free=240786Kb
 bounds [0x000000000f010000, 0x000000000f500000, 0x000000001e010000]
 total_blobs=1560 nmethods=1297 adapters=176
 compilation: enabled

Compilation events (10 events):
Event: 2.844 Thread 0x000000000672b000 1290       4       com.android.dx.rop.type.Prototype::compareTo (120 bytes)
Event: 2.852 Thread 0x000000000672b000 nmethod 1290 0x000000000f4ec310 code [0x000000000f4ec480, 0x000000000f4ec8f8]
Event: 2.852 Thread 0x000000000672b000 1288       4       com.android.dx.dex.file.Section::throwIfPrepared (18 bytes)
Event: 2.853 Thread 0x000000000672b000 nmethod 1288 0x000000000f4bc150 code [0x000000000f4bc280, 0x000000000f4bc2f8]
Event: 2.953 Thread 0x0000000007f65000 1296       3       com.android.dx.dex.file.TypeListItem::hashCode (8 bytes)
Event: 2.954 Thread 0x0000000007f65000 nmethod 1296 0x000000000f4efb50 code [0x000000000f4efcc0, 0x000000000f4efe48]
Event: 2.954 Thread 0x0000000007f65000 1297       3       com.android.dx.rop.type.StdTypeList::hashContents (40 bytes)
Event: 2.954 Thread 0x0000000007f65000 nmethod 1297 0x000000000f4ef290 code [0x000000000f4ef420, 0x000000000f4ef948]
Event: 2.954 Thread 0x000000000672b000 1298       4       java.util.TreeMap$PrivateEntryIterator::nextEntry (54 bytes)
Event: 2.957 Thread 0x000000000672b000 nmethod 1298 0x000000000f4ed990 code [0x000000000f4edae0, 0x000000000f4edc18]

GC Heap History (2 events):
Event: 1.727 GC heap before
{Heap before GC invocations=1 (full 0):
 PSYoungGen      total 18944K, used 16384K [0x00000000eab00000, 0x00000000ec000000, 0x0000000100000000)
  eden space 16384K, 100% used [0x00000000eab00000,0x00000000ebb00000,0x00000000ebb00000)
  from space 2560K, 0% used [0x00000000ebd80000,0x00000000ebd80000,0x00000000ec000000)
  to   space 2560K, 0% used [0x00000000ebb00000,0x00000000ebb00000,0x00000000ebd80000)
 ParOldGen       total 44032K, used 0K [0x00000000c0000000, 0x00000000c2b00000, 0x00000000eab00000)
  object space 44032K, 0% used [0x00000000c0000000,0x00000000c0000000,0x00000000c2b00000)
 Metaspace       used 5698K, capacity 6704K, committed 6784K, reserved 1056768K
  class space    used 587K, capacity 616K, committed 640K, reserved 1048576K
Event: 1.736 GC heap after
Heap after GC invocations=1 (full 0):
 PSYoungGen      total 18944K, used 2538K [0x00000000eab00000, 0x00000000ec000000, 0x0000000100000000)
  eden space 16384K, 0% used [0x00000000eab00000,0x00000000eab00000,0x00000000ebb00000)
  from space 2560K, 99% used [0x00000000ebb00000,0x00000000ebd7aaa8,0x00000000ebd80000)
  to   space 2560K, 0% used [0x00000000ebd80000,0x00000000ebd80000,0x00000000ec000000)
 ParOldGen       total 44032K, used 1515K [0x00000000c0000000, 0x00000000c2b00000, 0x00000000eab00000)
  object space 44032K, 3% used [0x00000000c0000000,0x00000000c017aec0,0x00000000c2b00000)
 Metaspace       used 5698K, capacity 6704K, committed 6784K, reserved 1056768K
  class space    used 587K, capacity 616K, committed 640K, reserved 1048576K
}

Deoptimization events (10 events):
Event: 2.765 Thread 0x000000000811d800 Uncommon trap: reason=bimorphic action=maybe_recompile pc=0x000000000f26a9dc method=java.util.HashMap.getNode(ILjava/lang/Object;)Ljava/util/HashMap$Node; @ 126
Event: 2.765 Thread 0x000000000811d800 Uncommon trap: reason=class_check action=maybe_recompile pc=0x000000000f46ff44 method=java.util.HashMap.putVal(ILjava/lang/Object;Ljava/lang/Object;ZZ)Ljava/lang/Object; @ 203
Event: 2.765 Thread 0x000000000811d800 Uncommon trap: reason=bimorphic action=maybe_recompile pc=0x000000000f26a9dc method=java.util.HashMap.getNode(ILjava/lang/Object;)Ljava/util/HashMap$Node; @ 126
Event: 2.765 Thread 0x000000000811d800 Uncommon trap: reason=class_check action=maybe_recompile pc=0x000000000f46ff44 method=java.util.HashMap.putVal(ILjava/lang/Object;Ljava/lang/Object;ZZ)Ljava/lang/Object; @ 203
Event: 2.781 Thread 0x000000000811d800 Uncommon trap: reason=class_check action=maybe_recompile pc=0x000000000f46ff44 method=java.util.HashMap.putVal(ILjava/lang/Object;Ljava/lang/Object;ZZ)Ljava/lang/Object; @ 203
Event: 2.782 Thread 0x000000000811d800 Uncommon trap: reason=bimorphic action=maybe_recompile pc=0x000000000f4dbc0c method=java.util.HashMap.putVal(ILjava/lang/Object;Ljava/lang/Object;ZZ)Ljava/lang/Object; @ 203
Event: 2.782 Thread 0x000000000811d800 Uncommon trap: reason=bimorphic action=maybe_recompile pc=0x000000000f4dbc0c method=java.util.HashMap.putVal(ILjava/lang/Object;Ljava/lang/Object;ZZ)Ljava/lang/Object; @ 203
Event: 2.782 Thread 0x000000000811d800 Uncommon trap: reason=bimorphic action=maybe_recompile pc=0x000000000f4dbc0c method=java.util.HashMap.putVal(ILjava/lang/Object;Ljava/lang/Object;ZZ)Ljava/lang/Object; @ 203
Event: 2.782 Thread 0x000000000811d800 Uncommon trap: reason=bimorphic action=maybe_recompile pc=0x000000000f4dbc0c method=java.util.HashMap.putVal(ILjava/lang/Object;Ljava/lang/Object;ZZ)Ljava/lang/Object; @ 203
Event: 2.791 Thread 0x000000000811d800 Uncommon trap: reason=bimorphic action=maybe_recompile pc=0x000000000f2ee82c method=java.util.HashMap.getNode(ILjava/lang/Object;)Ljava/util/HashMap$Node; @ 126

Internal exceptions (2 events):
Event: 0.074 Thread 0x0000000002f10800 Exception <a 'java/lang/NoSuchMethodError': Method sun.misc.Unsafe.defineClass(Ljava/lang/String;[BII)Ljava/lang/Class; name or signature does not match> (0x00000000eab07cc0) thrown at [C:\re\workspace\8-2-build-windows-amd64-cygwin\jdk8u101\7261\hotspot\sw`ñ‘ê²?
Event: 0.074 Thread 0x0000000002f10800 Exception <a 'java/lang/NoSuchMethodError': Method sun.misc.Unsafe.prefetchRead(Ljava/lang/Object;J)V name or signature does not match> (0x00000000eab07fa8) thrown at [C:\re\workspace\8-2-build-windows-amd64-cygwin\jdk8u101\7261\hotspot\src\share\vm\prims\

Events (10 events):
Event: 2.782 Thread 0x000000000811d800 DEOPT PACKING pc=0x000000000f4dbc0c sp=0x000000000871eb20
Event: 2.782 Thread 0x000000000811d800 DEOPT UNPACKING pc=0x000000000f05582a sp=0x000000000871ea40 mode 2
Event: 2.782 Thread 0x000000000811d800 Uncommon trap: trap_request=0xffffffc6 fr.pc=0x000000000f4dbc0c
Event: 2.782 Thread 0x000000000811d800 DEOPT PACKING pc=0x000000000f4dbc0c sp=0x000000000871eb20
Event: 2.782 Thread 0x000000000811d800 DEOPT UNPACKING pc=0x000000000f05582a sp=0x000000000871ea40 mode 2
Event: 2.791 Thread 0x000000000811d800 Uncommon trap: trap_request=0xffffffc6 fr.pc=0x000000000f2ee82c
Event: 2.791 Thread 0x000000000811d800 DEOPT PACKING pc=0x000000000f2ee82c sp=0x000000000871ec30
Event: 2.791 Thread 0x000000000811d800 DEOPT UNPACKING pc=0x000000000f05582a sp=0x000000000871ebb0 mode 2
Event: 2.797 loading class com/android/dx/dex/file/ProtoIdItem
Event: 2.797 loading class com/android/dx/dex/file/ProtoIdItem done


Dynamic libraries:
0x00007ff7c0430000 - 0x00007ff7c0467000 	C:\Program Files\Java\jdk1.8.0_101\bin\java.exe
0x00007ffb95ef0000 - 0x00007ffb9609d000 	C:\Windows\SYSTEM32\ntdll.dll
0x00007ffb93f00000 - 0x00007ffb9403e000 	C:\Windows\system32\KERNEL32.DLL
0x00007ffb931c0000 - 0x00007ffb932d5000 	C:\Windows\system32\KERNELBASE.dll
0x00007ffb91b90000 - 0x00007ffb91c1e000 	C:\Windows\system32\apphelp.dll
0x00007ffb81b90000 - 0x00007ffb81be3000 	C:\Windows\AppPatch\AppPatch64\AcGenral.DLL
0x00007ffb93630000 - 0x00007ffb936da000 	C:\Windows\system32\msvcrt.dll
0x00007ffb930e0000 - 0x00007ffb9310e000 	C:\Windows\system32\SspiCli.dll
0x00007ffb95df0000 - 0x00007ffb95e44000 	C:\Windows\system32\SHLWAPI.dll
0x00007ffb93740000 - 0x00007ffb938b7000 	C:\Windows\system32\USER32.dll
0x00007ffb95780000 - 0x00007ffb95914000 	C:\Windows\system32\ole32.dll
0x00007ffb94040000 - 0x00007ffb95568000 	C:\Windows\system32\SHELL32.dll
0x00007ffb92590000 - 0x00007ffb925b1000 	C:\Windows\SYSTEM32\USERENV.dll
0x00007ffb95570000 - 0x00007ffb9561a000 	C:\Windows\system32\ADVAPI32.dll
0x00007ffb8b5f0000 - 0x00007ffb8b60e000 	C:\Windows\SYSTEM32\MPR.dll
0x00007ffb93a20000 - 0x00007ffb93b60000 	C:\Windows\system32\RPCRT4.dll
0x00007ffb95920000 - 0x00007ffb95979000 	C:\Windows\SYSTEM32\sechost.dll
0x00007ffb959e0000 - 0x00007ffb95bf1000 	C:\Windows\SYSTEM32\combase.dll
0x00007ffb95630000 - 0x00007ffb9577f000 	C:\Windows\system32\GDI32.dll
0x00007ffb93010000 - 0x00007ffb93025000 	C:\Windows\SYSTEM32\profapi.dll
0x00007ffb91540000 - 0x00007ffb915f2000 	C:\Windows\SYSTEM32\SHCORE.dll
0x00007ffb95db0000 - 0x00007ffb95de6000 	C:\Windows\system32\IMM32.DLL
0x00007ffb938c0000 - 0x00007ffb93a12000 	C:\Windows\system32\MSCTF.dll
0x00007ffb92f50000 - 0x00007ffb92f81000 	C:\Windows\system32\nvinitx.dll
0x00007ffb92f40000 - 0x00007ffb92f4a000 	C:\Windows\SYSTEM32\VERSION.dll
0x000000000f000000 - 0x000000000f006000 	C:\Program Files\NVIDIA Corporation\CoProcManager\_etoured.dll
0x00007ffb91ca0000 - 0x00007ffb91cd1000 	C:\Program Files\NVIDIA Corporation\CoProcManager\nvd3d9wrapx.dll
0x00007ffb93b60000 - 0x00007ffb93d3a000 	C:\Windows\system32\SETUPAPI.dll
0x00007ffb93170000 - 0x00007ffb931bf000 	C:\Windows\system32\CFGMGR32.dll
0x00007ffb91740000 - 0x00007ffb91762000 	C:\Program Files\NVIDIA Corporation\CoProcManager\nvdxgiwrapx.dll
0x00007ffb910c0000 - 0x00007ffb9133b000 	C:\Windows\WinSxS\amd64_microsoft.windows.common-controls_6595b64144ccf1df_6.0.9600.18006_none_623f33d3ecbe86e8\COMCTL32.dll
0x0000000070860000 - 0x0000000070932000 	C:\Program Files\Java\jdk1.8.0_101\jre\bin\msvcr100.dll
0x0000000070cf0000 - 0x000000007158a000 	C:\Program Files\Java\jdk1.8.0_101\jre\bin\server\jvm.dll
0x00007ffb8d160000 - 0x00007ffb8d169000 	C:\Windows\SYSTEM32\WSOCK32.dll
0x00007ffb90bf0000 - 0x00007ffb90c12000 	C:\Windows\SYSTEM32\WINMM.dll
0x00007ffb95ec0000 - 0x00007ffb95ec7000 	C:\Windows\system32\PSAPI.DLL
0x00007ffb936e0000 - 0x00007ffb9373a000 	C:\Windows\system32\WS2_32.dll
0x00007ffb90bc0000 - 0x00007ffb90bea000 	C:\Windows\SYSTEM32\WINMMBASE.dll
0x00007ffb95620000 - 0x00007ffb95629000 	C:\Windows\system32\NSI.dll
0x00007ffb91de0000 - 0x00007ffb91e08000 	C:\Windows\SYSTEM32\DEVOBJ.dll
0x0000000071890000 - 0x000000007189f000 	C:\Program Files\Java\jdk1.8.0_101\jre\bin\verify.dll
0x0000000070cc0000 - 0x0000000070ce9000 	C:\Program Files\Java\jdk1.8.0_101\jre\bin\java.dll
0x0000000070ca0000 - 0x0000000070cb6000 	C:\Program Files\Java\jdk1.8.0_101\jre\bin\zip.dll

VM Arguments:
jvm_args: -Djava.awt.headless=true -Xmx1024M -Dfile.encoding=windows-1256 -Duser.country=US -Duser.language=en -Duser.variant 
java_command: com.android.dx.command.Main --dex --force-jumbo --num-threads=4 --multi-dex --output E:\Android summer training\Pro\PipTalk\app\build\intermediates\transforms\dex\debug\folders\1000\10\internal_impl-24.2.1_fe5eb295627a0c697653e8d4c2a68af180fc8085 E:\Android summer training\Pro\PipTalk\app\build\intermediates\exploded-aar\com.android.support\support-media-compat\24.2.1\jars\libs\internal_impl-24.2.1.jar
java_class_path (initial): E:\BFCI\android SDK\android-sdk-windows\build-tools\24.0.1\lib\dx.jar
Launcher Type: SUN_STANDARD

Environment Variables:
PATH=C:\ProgramData\Oracle\Java\javapath;C:\Windows\system32;C:\Windows;C:\Windows\System32\Wbem;C:\Windows\System32\WindowsPowerShell\v1.0\;C:\Program Files (x86)\Microsoft SQL Server\100\Tools\Binn\;C:\Program Files\Microsoft SQL Server\100\Tools\Binn\;C:\Program Files\Microsoft SQL Server\100\DTS\Binn\;C:\Program Files (x86)\MySQL\MySQL Server 5.0\bin;E:\Installed Programs\runtime\win64;E:\Installed Programs\bin;E:\Installed Programs\polyspace\bin
USERNAME=EL MAGIC
OS=Windows_NT
PROCESSOR_IDENTIFIER=Intel64 Family 6 Model 42 Stepping 7, GenuineIntel



---------------  S Y S T E M  ---------------

OS: Windows 8.1 , 64 bit Build 9600 (6.3.9600.17415)

CPU:total 4 (2 cores per cpu, 2 threads per core) family 6 model 42 stepping 7, cmov, cx8, fxsr, mmx, sse, sse2, sse3, ssse3, sse4.1, sse4.2, popcnt, avx, aes, clmul, ht, tsc, tscinvbit

Memory: 4k page, physical 4098096k(396748k free), swap 7243824k(5108k free)

vm_info: Java HotSpot(TM) 64-Bit Server VM (25.101-b13) for windows-amd64 JRE (1.8.0_101-b13), built on Jun 22 2016 01:21:29 by "java_re" with MS VC++ 10.0 (VS2010)

time: Tue Feb 28 01:50:16 2017
elapsed time: 3 seconds (0d 0h 0m 3s)

