JvmtiExport can_access_local_variables 0
JvmtiExport can_hotswap_or_post_breakpoint 0
JvmtiExport can_post_on_exceptions 0
# 282 ciObject found
ciMethod java/lang/Object <init> ()V 4097 1 63814 0 0
ciMethod java/lang/Object getClass ()Ljava/lang/Class; 2049 1 256 0 -1
ciMethod java/lang/Object hashCode ()I 2049 1 256 0 -1
ciMethod java/lang/Object equals (Ljava/lang/Object;)Z 4097 1 934 0 -1
ciMethod java/lang/String compareTo (Ljava/lang/String;)I 1145 25217 2995 0 -1
ciMethod java/lang/String hashCode ()I 2793 32769 1380 0 288
ciMethod java/lang/Class getName ()Ljava/lang/String; 241 1 30 0 -1
ciMethod java/util/ArrayList size ()I 1089 1 136 0 0
ciMethod java/util/ArrayList elementData (I)Ljava/lang/Object; 2073 1 30724 0 0
ciMethod java/util/ArrayList get (I)Ljava/lang/Object; 1977 1 25327 0 128
ciMethod java/util/ArrayList rangeCheck (I)V 1977 1 30712 0 64
ciMethod java/util/HashMap hash (Ljava/lang/Object;)I 2057 1 19675 0 0
ciMethod java/util/HashMap get (Ljava/lang/Object;)Ljava/lang/Object; 3089 1 10315 0 224
ciMethod java/util/HashMap getNode (ILjava/lang/Object;)Ljava/util/HashMap$Node; 2545 1 12630 0 2144
ciMethod java/util/HashMap put (Ljava/lang/Object;Ljava/lang/Object;)Ljava/lang/Object; 2049 1 2531 0 0
ciMethod java/util/HashMap putVal (ILjava/lang/Object;Ljava/lang/Object;ZZ)Ljava/lang/Object; 2041 161 2559 0 0
ciMethod java/util/HashMap resize ()[Ljava/util/HashMap$Node; 185 5473 224 0 0
ciMethod java/util/HashMap treeifyBin ([Ljava/util/HashMap$Node;I)V 0 0 1 0 -1
ciMethod java/util/HashMap newNode (ILjava/lang/Object;Ljava/lang/Object;Ljava/util/HashMap$Node;)Ljava/util/HashMap$Node; 2065 1 2287 0 0
ciMethod java/util/HashMap afterNodeAccess (Ljava/util/HashMap$Node;)V 3177 1 262 0 0
ciMethod java/util/HashMap afterNodeInsertion (Z)V 2537 1 1734 0 0
ciMethod java/util/HashMap$Node <init> (ILjava/lang/Object;Ljava/lang/Object;Ljava/util/HashMap$Node;)V 2193 1 2306 0 0
ciMethodData java/lang/Object <init> ()V 2 63837 orig 264 72 34 39 119 0 0 0 0 128 4 86 5 0 0 0 0 32 1 0 0 0 0 0 0 0 0 0 0 0 0 0 0 0 0 0 0 0 0 0 0 0 0 0 0 0 0 0 0 0 0 0 0 0 0 0 0 0 0 0 0 0 0 0 0 0 0 0 0 0 0 0 0 0 0 0 0 0 0 0 0 77 68 79 32 101 120 116 114 97 32 100 97 116 97 32 108 111 99 107 0 0 0 0 0 0 0 0 0 0 0 0 0 0 0 0 0 0 0 0 0 0 0 0 0 0 0 0 0 0 0 0 0 0 0 0 0 0 0 0 0 0 0 0 0 0 0 0 0 0 0 0 0 0 0 0 0 0 0 0 0 0 0 0 0 0 0 0 0 0 0 0 0 0 0 0 0 0 0 0 0 0 0 0 0 1 0 0 0 0 0 0 0 1 0 0 0 0 0 0 0 1 0 0 0 0 0 0 0 0 0 0 0 0 0 0 0 0 2 0 0 225 186 7 0 1 0 0 0 0 0 0 0 0 0 0 0 2 0 0 0 0 0 3 0 1 0 0 0 0 0 0 0 255 255 255 255 0 0 0 0 0 0 0 0 data 0 oops 0
ciMethod java/util/HashMap$TreeNode getTreeNode (ILjava/lang/Object;)Ljava/util/HashMap$TreeNode; 0 0 1 0 -1
ciMethod java/util/HashMap$TreeNode putTreeVal (Ljava/util/HashMap;[Ljava/util/HashMap$Node;ILjava/lang/Object;Ljava/lang/Object;)Ljava/util/HashMap$TreeNode; 0 0 1 0 -1
ciMethod java/util/HashMap$TreeNode split (Ljava/util/HashMap;[Ljava/util/HashMap$Node;II)V 0 0 1 0 -1
ciMethodData java/lang/String hashCode ()I 2 20818 orig 264 72 34 39 119 0 0 0 0 184 79 86 5 0 0 0 0 152 1 0 0 32 0 0 0 0 0 0 0 0 0 0 0 0 0 0 0 0 0 0 0 0 0 0 0 0 0 0 0 0 0 0 0 0 0 0 0 0 0 0 0 0 0 0 0 0 0 0 0 0 0 0 0 0 0 0 0 0 0 0 0 77 68 79 32 101 120 116 114 97 32 100 97 116 97 32 108 111 99 107 0 0 0 0 0 0 0 0 0 0 0 0 0 0 0 0 0 0 0 0 0 0 0 0 0 0 0 0 0 0 0 0 0 0 0 0 0 0 0 0 0 0 0 0 0 0 0 0 0 0 0 0 0 0 0 0 0 0 0 0 0 0 0 0 0 0 0 0 0 0 0 0 0 0 0 0 0 0 0 0 0 0 0 0 0 0 0 0 0 0 0 0 0 0 0 0 0 0 0 0 0 0 0 0 0 0 0 0 0 0 0 0 0 0 0 0 0 0 16 0 0 57 32 0 0 145 10 2 0 0 0 0 0 0 0 0 0 2 0 0 0 1 0 11 0 2 0 0 0 120 0 0 0 255 255 255 255 7 0 6 0 0 0 0 0 data 15 0x60007 0x121 0x78 0x2e6 0xe0007 0x1 0x58 0x2e5 0x1e0007 0x2e5 0x38 0x4114 0x2d0003 0x4114 0xffffffffffffffe0 oops 0
ciMethod java/util/HashSet add (Ljava/lang/Object;)Z 4097 1 549 0 0
ciMethodData java/util/HashMap hash (Ljava/lang/Object;)I 2 19675 orig 264 72 34 39 119 0 0 0 0 168 97 100 5 0 0 0 0 176 1 0 0 32 0 0 0 0 0 0 0 0 0 0 0 0 0 0 0 0 0 0 0 0 0 0 0 0 0 0 0 0 0 0 0 0 0 0 0 0 0 0 0 0 0 0 0 0 0 0 0 0 0 0 0 0 0 0 0 0 0 0 0 77 68 79 32 101 120 116 114 97 32 100 97 116 97 32 108 111 99 107 0 0 0 0 0 0 0 0 0 0 0 0 0 0 0 0 0 0 0 0 0 0 0 0 0 0 0 0 0 0 0 0 0 0 0 0 0 0 0 0 0 0 0 0 0 0 0 0 0 0 0 0 0 0 0 0 0 0 0 0 0 0 0 0 0 0 0 0 0 0 0 0 0 0 0 0 0 0 0 0 0 0 0 0 0 0 0 0 0 0 0 0 0 0 0 0 0 0 0 0 0 0 0 0 0 0 0 0 0 0 0 0 0 0 0 0 0 1 1 0 0 209 94 2 0 1 0 0 0 0 0 0 0 0 0 0 0 2 0 0 0 0 0 6 0 2 0 0 0 104 0 0 0 255 255 255 255 7 0 1 0 0 0 0 0 data 13 0x10007 0x4bdc 0x38 0x0 0x50003 0x0 0x48 0x90005 0x2df0 0x27d8a10 0x3f 0x27d8350 0xb7f oops 2 9 java/security/ProtectionDomain 11 java/lang/String
ciMethodData java/util/ArrayList get (I)Ljava/lang/Object; 2 25344 orig 264 72 34 39 119 0 0 0 0 0 217 98 5 0 0 0 0 144 1 0 0 0 0 0 0 0 0 0 0 0 0 0 0 0 0 0 0 0 0 0 0 0 0 0 0 0 0 0 0 0 0 0 0 0 0 0 0 0 0 0 0 0 0 0 0 0 0 0 0 0 0 0 0 0 0 0 0 0 0 0 0 77 68 79 32 101 120 116 114 97 32 100 97 116 97 32 108 111 99 107 0 0 0 0 0 0 0 0 0 0 0 0 0 0 0 0 0 0 0 0 0 0 0 0 0 0 0 0 0 0 0 0 0 0 0 0 0 0 0 0 0 0 0 0 0 0 0 0 0 0 0 0 0 0 0 0 0 0 0 0 0 0 0 0 0 0 0 0 0 0 0 0 0 0 0 0 0 0 0 0 0 0 0 0 0 0 0 0 0 0 0 0 0 0 0 0 0 0 0 0 0 0 0 0 0 0 0 0 0 0 0 0 0 0 0 0 0 247 0 0 0 73 16 3 0 1 0 0 0 0 0 0 0 0 0 0 0 2 0 0 0 0 0 6 0 2 0 0 0 64 0 0 0 255 255 255 255 2 0 2 0 0 0 0 0 data 8 0x20002 0x620c 0x70005 0x0 0x838e370 0x6215 0x0 0x0 oops 1 4 java/util/ArrayList
ciMethodData java/util/ArrayList rangeCheck (I)V 2 30712 orig 264 72 34 39 119 0 0 0 0 224 225 98 5 0 0 0 0 104 1 0 0 0 0 0 0 0 0 0 0 0 0 0 0 0 0 0 0 0 0 0 0 0 0 0 0 0 0 0 0 0 0 0 0 0 0 0 0 0 0 0 0 0 0 0 0 0 0 0 0 0 0 0 0 0 0 0 0 0 0 0 0 77 68 79 32 101 120 116 114 97 32 100 97 116 97 32 108 111 99 107 0 0 0 0 0 0 0 0 0 0 0 0 0 0 0 0 0 0 0 0 0 0 0 0 0 0 0 0 0 0 0 0 0 0 0 0 0 0 0 0 0 0 0 0 0 0 0 0 0 0 0 0 0 0 0 0 0 0 0 0 0 0 0 0 0 0 0 0 0 0 0 0 0 0 0 0 0 0 0 0 0 0 0 0 0 0 0 0 0 0 0 0 0 0 0 0 0 0 0 0 0 0 0 0 0 0 0 0 0 0 0 0 0 0 0 0 0 247 0 0 0 9 184 3 0 1 0 0 0 0 0 0 0 0 0 0 0 2 0 0 0 0 0 5 0 2 0 0 0 64 0 0 0 255 255 255 255 7 0 5 0 0 0 0 0 data 8 0x50007 0x7702 0x40 0x0 0xe0002 0x0 0x110002 0x0 oops 0
ciMethodData java/util/ArrayList elementData (I)Ljava/lang/Object; 2 30724 orig 264 72 34 39 119 0 0 0 0 96 216 98 5 0 0 0 0 40 1 0 0 0 0 0 0 0 0 0 0 0 0 0 0 0 0 0 0 0 0 0 0 0 0 0 0 0 0 0 0 0 0 0 0 0 0 0 0 0 0 0 0 0 0 0 0 0 0 0 0 0 0 0 0 0 0 0 0 0 0 0 0 77 68 79 32 101 120 116 114 97 32 100 97 116 97 32 108 111 99 107 0 0 0 0 0 0 0 0 0 0 0 0 0 0 0 0 0 0 0 0 0 0 0 0 0 0 0 0 0 0 0 0 0 0 0 0 0 0 0 0 0 0 0 0 0 0 0 0 0 0 0 0 0 0 0 0 0 0 0 0 0 0 0 0 0 0 0 0 0 0 0 0 0 0 0 0 0 0 0 0 0 0 0 0 0 0 0 0 0 0 0 0 0 0 0 0 0 0 0 0 0 0 0 0 0 0 0 0 0 0 0 0 0 0 0 0 0 3 1 0 0 9 184 3 0 1 0 0 0 0 0 0 0 0 0 0 0 2 0 0 0 0 0 3 0 1 0 0 0 0 0 0 0 255 255 255 255 0 0 0 0 0 0 0 0 data 0 oops 0
ciMethodData java/util/HashMap put (Ljava/lang/Object;Ljava/lang/Object;)Ljava/lang/Object; 2 2560 orig 264 72 34 39 119 0 0 0 0 152 108 100 5 0 0 0 0 152 1 0 0 0 0 0 0 0 0 0 0 0 0 0 0 0 0 0 0 0 0 0 0 0 0 0 0 0 0 0 0 0 0 0 0 0 0 0 0 0 0 0 0 0 0 0 0 0 0 0 0 0 0 0 0 0 0 0 0 0 0 0 0 77 68 79 32 101 120 116 114 97 32 100 97 116 97 32 108 111 99 107 0 0 0 0 0 0 0 0 0 0 0 0 0 0 0 0 0 0 0 0 0 0 0 0 0 0 0 0 0 0 0 0 0 0 0 0 0 0 0 0 0 0 0 0 0 0 0 0 0 0 0 0 0 0 0 0 0 0 0 0 0 0 0 0 0 0 0 0 0 0 0 0 0 0 0 0 0 0 0 0 0 0 0 0 0 0 0 0 0 0 0 0 0 0 0 0 0 0 0 0 0 0 0 0 0 0 0 0 0 0 0 0 0 0 0 0 0 0 1 0 0 1 72 0 0 1 0 0 0 0 0 0 0 0 0 0 0 2 0 0 0 0 0 7 0 2 0 0 0 64 0 0 0 255 255 255 255 2 0 2 0 0 0 0 0 data 8 0x20002 0x900 0x90005 0x0 0x83df5b0 0x900 0x0 0x0 oops 1 4 java/util/HashMap
ciMethodData java/util/HashMap putVal (ILjava/lang/Object;Ljava/lang/Object;ZZ)Ljava/lang/Object; 2 2569 orig 264 72 34 39 119 0 0 0 0 120 110 100 5 0 0 0 0 176 6 0 0 224 4 0 0 0 0 0 0 0 0 0 0 0 0 0 0 0 0 0 0 0 0 0 0 0 0 0 0 0 0 0 0 0 0 0 0 0 0 0 0 0 0 0 0 0 0 0 0 0 0 0 0 0 0 0 0 0 0 0 0 77 68 79 32 101 120 116 114 97 32 100 97 116 97 32 108 111 99 107 0 0 0 0 0 0 0 0 0 0 0 0 0 0 0 0 0 0 0 0 0 0 0 0 0 0 0 0 0 0 0 0 0 0 0 0 0 0 0 0 0 0 0 0 0 0 0 0 0 0 0 0 0 0 0 0 0 0 0 0 0 0 0 0 0 0 0 0 0 0 0 0 0 0 0 0 0 0 0 0 0 0 0 0 0 0 0 0 0 0 0 0 0 0 0 0 0 0 0 0 0 0 0 0 0 0 0 0 0 0 0 0 0 0 0 0 0 255 0 0 0 81 72 0 0 153 3 0 0 0 0 0 0 0 0 0 0 2 0 0 0 1 0 50 0 2 0 0 0 64 5 0 0 255 255 255 255 7 0 7 0 0 0 0 0 data 168 0x70007 0xbe 0x40 0x84c 0x100007 0x84c 0x50 0x0 0x140005 0x0 0x83df5b0 0xbe 0x0 0x0 0x2c0007 0x2a9 0x98 0x661 0x380005 0x0 0x83df5b0 0x661 0x0 0x0 0x3b0004 0x0 0x7777560 0x661 0x0 0x0 0x3c0003 0x661 0x3d0 0x450007 0x1f4 0xc8 0xb5 0x510007 0xaf 0x90 0x6 0x550007 0x0 0x88 0x6 0x5b0005 0x0 0x8496af0 0x1 0x83d8b90 0x5 0x5e0007 0x6 0x38 0x0 0x650003 0xaf 0x278 0x6a0004 0xfffffffffffffe06 0x7777560 0x3b 0x0 0x0 0x6d0007 0x1fa 0x98 0x0 0x720004 0x0 0x0 0x0 0x0 0x0 0x7b0005 0x0 0x0 0x0 0x0 0x0 0x800003 0x0 0x1b0 0x8e0007 0x92 0xb8 0x1da 0x980005 0x0 0x83df5b0 0x1da 0x0 0x0 0xa20007 0x1da 0x148 0x0 0xa90005 0x0 0x0 0x0 0x0 0x0 0xac0003 0x0 0xf8 0xb50007 0x73 0xc8 0x1f 0xc10007 0x1f 0xc0 0x0 0xc50007 0x0 0x88 0x0 0xcb0005 0x0 0x0 0x0 0x0 0x0 0xce0007 0x0 0x38 0x0 0xd10003 0x0 0x30 0xdb0003 0x72 0xfffffffffffffe80 0xe00007 0x1da 0x90 0xce 0xec0007 0xce 0x40 0x0 0xf10007 0x0 0x20 0x0 0xfd0005 0x0 0x83df5b0 0xce 0x0 0x0 0x11c0007 0x82d 0x50 0xe 0x1200005 0x2 0x83df5b0 0xc 0x0 0x0 0x1270005 0x0 0x83df5b0 0x83b 0x0 0x0 oops 10 10 java/util/HashMap 20 java/util/HashMap 26 java/util/HashMap$Node 47 com/android/dx/rop/code/Rop 49 com/android/dx/rop/code/RegisterSpec 60 java/util/HashMap$Node 89 java/util/HashMap 148 java/util/HashMap 158 java/util/HashMap 164 java/util/HashMap
ciMethodData java/util/HashMap$Node <init> (ILjava/lang/Object;Ljava/lang/Object;Ljava/util/HashMap$Node;)V 2 2311 orig 264 72 34 39 119 0 0 0 0 96 176 100 5 0 0 0 0 80 1 0 0 0 0 0 0 0 0 0 0 0 0 0 0 0 0 0 0 0 0 0 0 0 0 0 0 0 0 0 0 0 0 0 0 0 0 0 0 0 0 0 0 0 0 0 0 0 0 0 0 0 0 0 0 0 0 0 0 0 0 0 0 77 68 79 32 101 120 116 114 97 32 100 97 116 97 32 108 111 99 107 0 0 0 0 0 0 0 0 0 0 0 0 0 0 0 0 0 0 0 0 0 0 0 0 0 0 0 0 0 0 0 0 0 0 0 0 0 0 0 0 0 0 0 0 0 0 0 0 0 0 0 0 0 0 0 0 0 0 0 0 0 0 0 0 0 0 0 0 0 0 0 0 0 0 0 0 0 0 0 0 0 0 0 0 0 0 0 0 0 0 0 0 0 0 0 0 0 0 0 0 0 0 0 0 0 0 0 0 0 0 0 0 0 0 0 0 0 18 1 0 0 169 63 0 0 1 0 0 0 0 0 0 0 0 0 0 0 2 0 0 0 0 0 3 0 2 0 0 0 16 0 0 0 255 255 255 255 2 0 1 0 0 0 0 0 data 2 0x10002 0x7f5 oops 0
ciMethodData java/util/HashMap newNode (ILjava/lang/Object;Ljava/lang/Object;Ljava/util/HashMap$Node;)Ljava/util/HashMap$Node; 2 2287 orig 264 72 34 39 119 0 0 0 0 8 138 100 5 0 0 0 0 80 1 0 0 0 0 0 0 0 0 0 0 0 0 0 0 0 0 0 0 0 0 0 0 0 0 0 0 0 0 0 0 0 0 0 0 0 0 0 0 0 0 0 0 0 0 0 0 0 0 0 0 0 0 0 0 0 0 0 0 0 0 0 0 77 68 79 32 101 120 116 114 97 32 100 97 116 97 32 108 111 99 107 0 0 0 0 0 0 0 0 0 0 0 0 0 0 0 0 0 0 0 0 0 0 0 0 0 0 0 0 0 0 0 0 0 0 0 0 0 0 0 0 0 0 0 0 0 0 0 0 0 0 0 0 0 0 0 0 0 0 0 0 0 0 0 0 0 0 0 0 0 0 0 0 0 0 0 0 0 0 0 0 0 0 0 0 0 0 0 0 0 0 0 0 0 0 0 0 0 0 0 0 0 0 0 0 0 0 0 0 0 0 0 0 0 0 0 0 0 2 1 0 0 105 63 0 0 1 0 0 0 0 0 0 0 0 0 0 0 2 0 0 0 0 0 3 0 2 0 0 0 16 0 0 0 255 255 255 255 2 0 9 0 0 0 0 0 data 2 0x90002 0x7ed oops 0
ciMethodData java/util/HashMap afterNodeInsertion (Z)V 2 1734 orig 264 72 34 39 119 0 0 0 0 208 141 100 5 0 0 0 0 40 1 0 0 0 0 0 0 0 0 0 0 0 0 0 0 0 0 0 0 0 0 0 0 0 0 0 0 0 0 0 0 0 0 0 0 0 0 0 0 0 0 0 0 0 0 0 0 0 0 0 0 0 0 0 0 0 0 0 0 0 0 0 0 77 68 79 32 101 120 116 114 97 32 100 97 116 97 32 108 111 99 107 0 0 0 0 0 0 0 0 0 0 0 0 0 0 0 0 0 0 0 0 0 0 0 0 0 0 0 0 0 0 0 0 0 0 0 0 0 0 0 0 0 0 0 0 0 0 0 0 0 0 0 0 0 0 0 0 0 0 0 0 0 0 0 0 0 0 0 0 0 0 0 0 0 0 0 0 0 0 0 0 0 0 0 0 0 0 0 0 0 0 0 0 0 0 0 0 0 0 0 0 0 0 0 0 0 0 0 0 0 0 0 0 0 0 0 0 0 61 1 0 0 73 44 0 0 1 0 0 0 0 0 0 0 0 0 0 0 2 0 0 0 0 0 3 0 1 0 0 0 0 0 0 0 255 255 255 255 0 0 0 0 0 0 0 0 data 0 oops 0
ciMethodData java/util/HashMap get (Ljava/lang/Object;)Ljava/lang/Object; 2 10315 orig 264 72 34 39 119 0 0 0 0 40 106 100 5 0 0 0 0 200 1 0 0 0 0 0 0 0 0 0 0 0 0 0 0 0 0 0 0 0 0 0 0 0 0 0 0 0 0 0 0 0 0 0 0 0 0 0 0 0 0 0 0 0 0 0 0 0 0 0 0 0 0 0 0 0 0 0 0 0 0 0 0 77 68 79 32 101 120 116 114 97 32 100 97 116 97 32 108 111 99 107 0 0 0 0 0 0 0 0 0 0 0 0 0 0 0 0 0 0 0 0 0 0 0 0 0 0 0 0 0 0 0 0 0 0 0 0 0 0 0 0 0 0 0 0 0 0 0 0 0 0 0 0 0 0 0 0 0 0 0 0 0 0 0 0 0 0 0 0 0 0 0 0 0 0 0 0 0 0 0 0 0 0 0 0 0 0 0 0 0 0 0 0 0 0 0 0 0 0 0 0 0 0 0 0 0 0 0 0 0 0 0 0 0 0 0 0 0 130 1 0 0 73 54 1 0 1 0 0 0 0 0 0 0 0 0 0 0 2 0 0 0 0 0 10 0 2 0 0 0 120 0 0 0 255 255 255 255 2 0 2 0 0 0 0 0 data 15 0x20002 0x26ca 0x60005 0x1 0x83df5b0 0x26c6 0x0 0x0 0xb0007 0x1724 0x38 0xfa7 0xf0003 0xfa8 0x18 oops 1 4 java/util/HashMap
ciMethodData java/util/HashSet add (Ljava/lang/Object;)Z 1 580 orig 264 72 34 39 119 0 0 0 0 40 228 115 5 0 0 0 0 184 1 0 0 0 0 0 0 0 0 0 0 0 0 0 0 0 0 0 0 0 0 0 0 0 0 0 0 0 0 0 0 0 0 0 0 0 0 0 0 0 0 0 0 0 0 0 0 0 0 0 0 0 0 0 0 0 0 0 0 0 0 0 0 77 68 79 32 101 120 116 114 97 32 100 97 116 97 32 108 111 99 107 0 0 0 0 0 0 0 0 0 0 0 0 0 0 0 0 0 0 0 0 0 0 0 0 0 0 0 0 0 0 0 0 0 0 0 0 0 0 0 0 0 0 0 0 0 0 0 0 0 0 0 0 0 0 0 0 0 0 0 0 0 0 0 0 0 0 0 0 0 0 0 0 0 0 0 0 0 0 0 0 0 0 0 0 0 0 0 0 0 0 0 0 0 0 0 0 0 0 0 0 0 0 0 0 0 0 0 0 0 0 0 0 0 0 0 0 0 0 2 0 0 33 2 0 0 1 0 0 0 0 0 0 0 0 0 0 0 2 0 0 0 0 0 0 0 0 0 0 0 104 0 0 0 255 255 255 255 5 0 8 0 0 0 0 0 data 13 0x80005 0x0 0x83df5b0 0x44 0x0 0x0 0xb0007 0x1e 0x38 0x26 0xf0003 0x26 0x18 oops 1 2 java/util/HashMap
ciMethod com/android/dx/rop/cst/Constant compareTo (Lcom/android/dx/rop/cst/Constant;)I 2361 1 3890 0 0
ciMethod com/android/dx/rop/cst/Constant compareTo0 (Lcom/android/dx/rop/cst/Constant;)I 0 0 1 0 -1
ciMethod com/android/dx/rop/type/TypeBearer getType ()Lcom/android/dx/rop/type/Type; 0 0 1 0 -1
ciMethod com/android/dx/rop/type/TypeBearer getBasicFrameType ()I 0 0 1 0 -1
ciMethod com/android/dx/rop/cst/CstString hashCode ()I 4097 1 1343 0 0
ciMethod com/android/dx/rop/cst/CstString compareTo0 (Lcom/android/dx/rop/cst/Constant;)I 2809 1 2064 0 0
ciMethod com/android/dx/rop/type/Type hashCode ()I 2073 1 6561 0 320
ciMethod com/android/dx/util/FixedSizeList get0 (I)Ljava/lang/Object; 2193 1 19454 0 128
ciMethod com/android/dx/util/FixedSizeList throwIndex (I)Ljava/lang/Object; 0 0 1 0 -1
ciMethod com/android/dx/rop/code/Insn <init> (Lcom/android/dx/rop/code/Rop;Lcom/android/dx/rop/code/SourcePosition;Lcom/android/dx/rop/code/RegisterSpec;Lcom/android/dx/rop/code/RegisterSpecList;)V 3097 1 3465 0 0
ciMethod com/android/dx/rop/code/Insn getOpcode ()Lcom/android/dx/rop/code/Rop; 1257 1 157 0 0
ciMethod com/android/dx/rop/code/Insn getSources ()Lcom/android/dx/rop/code/RegisterSpecList; 1089 1 136 0 0
ciMethod com/android/dx/rop/code/Insn withNewRegisters (Lcom/android/dx/rop/code/RegisterSpec;Lcom/android/dx/rop/code/RegisterSpecList;)Lcom/android/dx/rop/code/Insn; 0 0 1 0 -1
ciMethod com/android/dx/rop/code/PlainInsn <init> (Lcom/android/dx/rop/code/Rop;Lcom/android/dx/rop/code/SourcePosition;Lcom/android/dx/rop/code/RegisterSpec;Lcom/android/dx/rop/code/RegisterSpecList;)V 4097 1 2002 0 0
ciMethod com/android/dx/rop/code/LocalItem equals (Ljava/lang/Object;)Z 2577 1 2478 0 0
ciMethod com/android/dx/rop/code/LocalItem compareHandlesNulls (Lcom/android/dx/rop/cst/CstString;Lcom/android/dx/rop/cst/CstString;)I 2073 1 2087 0 0
ciMethod com/android/dx/rop/code/LocalItem compareTo (Lcom/android/dx/rop/code/LocalItem;)I 1553 1 1720 0 0
ciMethod com/android/dx/rop/code/LocalItem hashCode ()I 1025 1 998 0 0
ciMethod com/android/dx/rop/code/RegisterSpec intern (ILcom/android/dx/rop/type/TypeBearer;Lcom/android/dx/rop/code/LocalItem;)Lcom/android/dx/rop/code/RegisterSpec; 4097 1 4533 0 0
ciMethod com/android/dx/rop/code/RegisterSpec make (ILcom/android/dx/rop/type/TypeBearer;Lcom/android/dx/rop/code/LocalItem;)Lcom/android/dx/rop/code/RegisterSpec; 409 1 22 0 0
ciMethod com/android/dx/rop/code/RegisterSpec makeLocalOptional (ILcom/android/dx/rop/type/TypeBearer;Lcom/android/dx/rop/code/LocalItem;)Lcom/android/dx/rop/code/RegisterSpec; 3417 1 2842 0 0
ciMethod com/android/dx/rop/code/RegisterSpec <init> (ILcom/android/dx/rop/type/TypeBearer;Lcom/android/dx/rop/code/LocalItem;)V 1489 1 837 0 -1
ciMethod com/android/dx/rop/code/RegisterSpec equals (Ljava/lang/Object;)Z 4097 1 1375 0 0
ciMethod com/android/dx/rop/code/RegisterSpec equals (ILcom/android/dx/rop/type/TypeBearer;Lcom/android/dx/rop/code/LocalItem;)Z 3329 1 4542 0 -1
ciMethod com/android/dx/rop/code/RegisterSpec hashCode ()I 1489 1 837 0 0
ciMethod com/android/dx/rop/code/RegisterSpec hashCodeOf (ILcom/android/dx/rop/type/TypeBearer;Lcom/android/dx/rop/code/LocalItem;)I 4097 1 5370 0 0
ciMethod com/android/dx/rop/code/RegisterSpec getType ()Lcom/android/dx/rop/type/Type; 3633 1 647 0 0
ciMethod com/android/dx/rop/code/RegisterSpec getReg ()I 1057 1 132 0 0
ciMethod com/android/dx/rop/code/RegisterSpec getLocalItem ()Lcom/android/dx/rop/code/LocalItem; 4089 1 511 0 0
ciMethod com/android/dx/rop/code/RegisterSpec withLocalItem (Lcom/android/dx/rop/code/LocalItem;)Lcom/android/dx/rop/code/RegisterSpec; 153 1 13 0 -1
ciMethod com/android/dx/rop/code/RegisterSpec <init> (ILcom/android/dx/rop/type/TypeBearer;Lcom/android/dx/rop/code/LocalItem;Lcom/android/dx/rop/code/RegisterSpec$1;)V 1489 1 837 0 -1
ciMethod com/android/dx/rop/code/RegisterSpec access$600 (ILcom/android/dx/rop/type/TypeBearer;Lcom/android/dx/rop/code/LocalItem;)I 4097 1 4538 0 0
ciMethodData com/android/dx/util/FixedSizeList get0 (I)Ljava/lang/Object; 2 19454 orig 264 72 34 39 119 0 0 0 0 72 47 155 5 0 0 0 0 48 2 0 0 192 0 0 0 0 0 0 0 0 0 0 0 0 0 0 0 0 0 0 0 0 0 0 0 0 0 0 0 0 0 0 0 0 0 0 0 0 0 0 0 0 0 0 0 0 0 0 0 0 0 0 0 0 0 0 0 0 0 0 0 77 68 79 32 101 120 116 114 97 32 100 97 116 97 32 108 111 99 107 0 0 0 0 0 0 0 0 0 0 0 0 0 0 0 0 0 0 0 0 0 0 0 0 0 0 0 0 0 0 0 0 0 0 0 0 0 0 0 0 0 0 0 0 0 0 0 0 0 0 0 0 0 0 0 0 0 0 0 0 0 0 0 0 0 0 0 0 0 0 0 0 0 0 0 0 0 0 0 0 0 0 0 0 0 0 0 0 0 0 0 0 0 0 0 0 0 0 0 0 0 0 0 0 0 0 0 0 0 0 0 0 0 0 0 0 0 18 1 0 0 97 87 2 0 1 0 0 0 0 0 0 0 0 0 0 0 2 0 0 0 0 0 9 0 2 0 0 0 224 0 0 0 255 255 255 255 7 0 8 0 0 0 0 0 data 28 0x80007 0x4afc 0xd0 0x0 0x130002 0x0 0x180005 0x0 0x0 0x0 0x0 0x0 0x1c0005 0x0 0x0 0x0 0x0 0x0 0x1f0005 0x0 0x0 0x0 0x0 0x0 0x220002 0x0 0x2b0002 0x0 oops 0
ciMethod com/android/dx/rop/code/RegisterSpec$ForComparison set (ILcom/android/dx/rop/type/TypeBearer;Lcom/android/dx/rop/code/LocalItem;)V 4097 1 4538 0 0
ciMethod com/android/dx/rop/code/RegisterSpec$ForComparison toRegisterSpec ()Lcom/android/dx/rop/code/RegisterSpec; 1489 1 832 0 0
ciMethod com/android/dx/rop/code/RegisterSpec$ForComparison hashCode ()I 4097 1 4538 0 0
ciMethod com/android/dx/rop/code/RegisterSpec$ForComparison access$100 (Lcom/android/dx/rop/code/RegisterSpec$ForComparison;)I 0 0 1 0 -1
ciMethod com/android/dx/rop/code/RegisterSpec$ForComparison access$200 (Lcom/android/dx/rop/code/RegisterSpec$ForComparison;)Lcom/android/dx/rop/type/TypeBearer; 0 0 1 0 -1
ciMethod com/android/dx/rop/code/RegisterSpec$ForComparison access$300 (Lcom/android/dx/rop/code/RegisterSpec$ForComparison;)Lcom/android/dx/rop/code/LocalItem; 0 0 1 0 -1
ciMethodData com/android/dx/rop/cst/Constant compareTo (Lcom/android/dx/rop/cst/Constant;)I 2 3890 orig 264 72 34 39 119 0 0 0 0 240 139 151 5 0 0 0 0 144 2 0 0 224 0 0 0 0 0 0 0 0 0 0 0 0 0 0 0 0 0 0 0 0 0 0 0 0 0 0 0 0 0 0 0 0 0 0 0 0 0 0 0 0 0 0 0 0 0 0 0 0 0 0 0 0 0 0 0 0 0 0 0 77 68 79 32 101 120 116 114 97 32 100 97 116 97 32 108 111 99 107 0 0 0 0 0 0 0 0 0 0 0 0 0 0 0 0 0 0 0 0 0 0 0 0 0 0 0 0 0 0 0 0 0 0 0 0 0 0 0 0 0 0 0 0 0 0 0 0 0 0 0 0 0 0 0 0 0 0 0 0 0 0 0 0 0 0 0 0 0 0 0 0 0 0 0 0 0 0 0 0 0 0 0 0 0 0 0 0 0 0 0 0 0 0 0 0 0 0 0 0 0 0 0 0 0 0 0 0 0 0 0 0 0 0 0 0 0 39 1 0 0 89 112 0 0 1 0 0 0 0 0 0 0 0 0 0 0 2 0 0 0 0 0 13 0 2 0 0 0 64 1 0 0 255 255 255 255 5 0 1 0 0 0 0 0 data 40 0x10005 0x5b7 0x7a13d00 0x7c0 0x77a6800 0x93 0x60005 0x5b7 0x7a13d00 0x7c1 0x77a6800 0x93 0xc0007 0xe09 0xb0 0x0 0x100005 0x0 0x0 0x0 0x0 0x0 0x140005 0x0 0x0 0x0 0x0 0x0 0x170005 0x0 0x0 0x0 0x0 0x0 0x1d0005 0x5b7 0x7a13d00 0x7c1 0x77a6800 0x93 oops 6 2 com/android/dx/rop/cst/CstString 4 com/android/dx/rop/cst/CstFieldRef 8 com/android/dx/rop/cst/CstString 10 com/android/dx/rop/cst/CstFieldRef 36 com/android/dx/rop/cst/CstString 38 com/android/dx/rop/cst/CstFieldRef
ciMethod com/android/dx/rop/code/Rops opMarkLocal (Lcom/android/dx/rop/type/TypeBearer;)Lcom/android/dx/rop/code/Rop; 409 1 22 0 0
ciMethod com/android/dx/rop/code/Rops throwBadType (Lcom/android/dx/rop/type/TypeBearer;)Lcom/android/dx/rop/code/Rop; 0 0 1 0 -1
ciMethod com/android/dx/rop/code/Rop getOpcode ()I 10217 1 1277 0 0
ciMethod com/android/dx/rop/code/Rop getBranchingness ()I 1025 1 128 0 0
ciMethod com/android/dx/rop/code/RegisterSpecList make (Lcom/android/dx/rop/code/RegisterSpec;)Lcom/android/dx/rop/code/RegisterSpecList; 713 1 145 0 0
ciMethod com/android/dx/rop/code/RegisterSpecList <init> (I)V 4097 1 4294 0 -1
ciMethod com/android/dx/rop/code/RegisterSpecList get (I)Lcom/android/dx/rop/code/RegisterSpec; 4097 1 4912 0 0
ciMethod com/android/dx/rop/code/RegisterSpecList set (ILcom/android/dx/rop/code/RegisterSpec;)V 3105 1 2704 0 -1
ciMethod com/android/dx/ssa/Optimizer getPreserveLocals ()Z 4097 1 1432 0 0
ciMethod com/android/dx/ssa/SsaMethod onSourcesChanged (Lcom/android/dx/ssa/SsaInsn;Lcom/android/dx/rop/code/RegisterSpecList;)V 1737 49 1028 0 -1
ciMethod com/android/dx/ssa/SsaInsn$Visitor visitMoveInsn (Lcom/android/dx/ssa/NormalSsaInsn;)V 0 0 1 0 -1
ciMethod com/android/dx/ssa/SsaInsn$Visitor visitNonMoveInsn (Lcom/android/dx/ssa/NormalSsaInsn;)V 0 0 1 0 -1
ciMethod com/android/dx/ssa/SsaInsn makeFromRop (Lcom/android/dx/rop/code/Insn;Lcom/android/dx/ssa/SsaBasicBlock;)Lcom/android/dx/ssa/SsaInsn; 481 1 25 0 0
ciMethod com/android/dx/ssa/SsaInsn getResult ()Lcom/android/dx/rop/code/RegisterSpec; 1385 1 173 0 0
ciMethod com/android/dx/ssa/SsaInsn getBlock ()Lcom/android/dx/ssa/SsaBasicBlock; 1977 1 247 0 -1
ciMethod com/android/dx/ssa/SsaInsn changeResultReg (I)V 4097 1 389 0 -1
ciMethod com/android/dx/ssa/NormalSsaInsn <init> (Lcom/android/dx/rop/code/Insn;Lcom/android/dx/ssa/SsaBasicBlock;)V 4097 1 1550 0 -1
ciMethod com/android/dx/ssa/NormalSsaInsn mapSourceRegisters (Lcom/android/dx/ssa/RegisterMapper;)V 4097 1 3074 0 0
ciMethod com/android/dx/ssa/NormalSsaInsn getSources ()Lcom/android/dx/rop/code/RegisterSpecList; 4097 1 5249 0 0
ciMethod com/android/dx/ssa/NormalSsaInsn isNormalMoveInsn ()Z 4097 1 10068 0 96
ciMethod com/android/dx/ssa/NormalSsaInsn accept (Lcom/android/dx/ssa/SsaInsn$Visitor;)V 4097 1 8810 0 -1
ciMethod com/android/dx/ssa/SsaBasicBlock getParent ()Lcom/android/dx/ssa/SsaMethod; 1737 1 217 0 -1
ciMethodData com/android/dx/rop/type/Type hashCode ()I 2 6561 orig 264 72 34 39 119 0 0 0 0 80 173 154 5 0 0 0 0 120 1 0 0 0 0 0 0 0 0 0 0 0 0 0 0 0 0 0 0 0 0 0 0 0 0 0 0 0 0 0 0 0 0 0 0 0 0 0 0 0 0 0 0 0 0 0 0 0 0 0 0 0 0 0 0 0 0 0 0 0 0 0 0 77 68 79 32 101 120 116 114 97 32 100 97 116 97 32 108 111 99 107 0 0 0 0 0 0 0 0 0 0 0 0 0 0 0 0 0 0 0 0 0 0 0 0 0 0 0 0 0 0 0 0 0 0 0 0 0 0 0 0 0 0 0 0 0 0 0 0 0 0 0 0 0 0 0 0 0 0 0 0 0 0 0 0 0 0 0 0 0 0 0 0 0 0 0 0 0 0 0 0 0 0 0 0 0 0 0 0 0 0 0 0 0 0 0 0 0 0 0 0 0 0 0 0 0 0 0 0 0 0 0 0 0 0 0 0 0 3 1 0 0 241 196 0 0 1 0 0 0 0 0 0 0 0 0 0 0 2 0 0 0 0 0 3 0 2 0 0 0 48 0 0 0 255 255 255 255 5 0 4 0 0 0 0 0 data 6 0x40005 0x0 0x27d8350 0x189f 0x0 0x0 oops 1 2 java/lang/String
ciMethod com/android/dx/ssa/SsaRenamer getLocalForNewReg (I)Lcom/android/dx/rop/code/LocalItem; 4097 1 335 0 0
ciMethod com/android/dx/ssa/SsaRenamer equalsHandlesNulls (Ljava/lang/Object;Ljava/lang/Object;)Z 4097 1 359 0 0
ciMethod com/android/dx/ssa/SsaRenamer access$100 (Lcom/android/dx/ssa/SsaRenamer;)I 1593 1 199 0 -1
ciMethod com/android/dx/ssa/SsaRenamer access$400 (Lcom/android/dx/ssa/SsaRenamer;Lcom/android/dx/rop/code/RegisterSpec;)V 4097 1 384 0 -1
ciMethod com/android/dx/ssa/SsaRenamer access$500 (Lcom/android/dx/ssa/SsaRenamer;I)Lcom/android/dx/rop/code/LocalItem; 4097 1 335 0 0
ciMethod com/android/dx/ssa/SsaRenamer access$600 (Ljava/lang/Object;Ljava/lang/Object;)Z 4097 1 337 0 0
ciMethod com/android/dx/ssa/SsaRenamer access$700 (Lcom/android/dx/ssa/SsaRenamer;)I 1753 1 219 0 0
ciMethod com/android/dx/ssa/SsaRenamer access$800 (Lcom/android/dx/ssa/SsaRenamer;I)Z 4097 1 538 0 -1
ciMethod com/android/dx/ssa/SsaRenamer access$108 (Lcom/android/dx/ssa/SsaRenamer;)I 4097 1 390 0 -1
ciMethod com/android/dx/ssa/SsaRenamer$BlockRenamer addMapping (ILcom/android/dx/rop/code/RegisterSpec;)V 3025 32769 699 0 0
ciMethod com/android/dx/ssa/SsaRenamer$BlockRenamer visitMoveInsn (Lcom/android/dx/ssa/NormalSsaInsn;)V 4105 1 337 0 0
ciMethod com/android/dx/ssa/SsaRenamer$BlockRenamer processResultReg (Lcom/android/dx/ssa/SsaInsn;)V 4097 1 1037 0 0
ciMethod com/android/dx/ssa/RegisterMapper map (Lcom/android/dx/rop/code/RegisterSpecList;)Lcom/android/dx/rop/code/RegisterSpecList; 4097 2217 3082 0 -1
ciMethodData com/android/dx/ssa/NormalSsaInsn isNormalMoveInsn ()Z 2 10081 orig 264 72 34 39 119 0 0 0 0 112 196 166 5 0 0 0 0 224 1 0 0 0 0 0 0 0 0 0 0 0 0 0 0 0 0 0 0 0 0 0 0 0 0 0 0 0 0 0 0 0 0 0 0 0 0 0 0 0 0 0 0 0 0 0 0 0 0 0 0 0 0 0 0 0 0 0 0 0 0 0 0 77 68 79 32 101 120 116 114 97 32 100 97 116 97 32 108 111 99 107 0 0 0 0 0 0 0 0 0 0 0 0 0 0 0 0 0 0 0 0 0 0 0 0 0 0 0 0 0 0 0 0 0 0 0 0 0 0 0 0 0 0 0 0 0 0 0 0 0 0 0 0 0 0 0 0 0 0 0 0 0 0 0 0 0 0 0 0 0 0 0 0 0 0 0 0 0 0 0 0 0 0 0 0 0 0 0 0 0 0 0 0 0 0 0 0 0 0 0 0 0 0 0 0 0 0 0 0 0 0 0 0 0 0 0 0 0 0 2 0 0 9 43 1 0 1 0 0 0 0 0 0 0 0 0 0 0 2 0 0 0 0 0 6 0 2 0 0 0 152 0 0 0 255 255 255 255 5 0 4 0 0 0 0 0 data 19 0x40005 0x971 0x8497450 0x450 0x8497500 0x17a6 0x70005 0x11c 0x8496af0 0x244b 0x0 0x0 0xb0007 0x2335 0x38 0x232 0xf0003 0x232 0x18 oops 3 2 com/android/dx/rop/code/PlainCstInsn 4 com/android/dx/rop/code/PlainInsn 8 com/android/dx/rop/code/Rop
ciMethodData com/android/dx/ssa/NormalSsaInsn accept (Lcom/android/dx/ssa/SsaInsn$Visitor;)V 2 8810 orig 264 72 34 39 119 0 0 0 0 192 198 166 5 0 0 0 0 24 2 0 0 128 0 0 0 0 0 0 0 0 0 0 0 0 0 0 0 0 0 0 0 0 0 0 0 0 0 0 0 0 0 0 0 0 0 0 0 0 0 0 0 0 0 0 0 0 0 0 0 0 0 0 0 0 0 0 0 0 0 0 0 77 68 79 32 101 120 116 114 97 32 100 97 116 97 32 108 111 99 107 0 0 0 0 0 0 0 0 0 0 0 0 0 0 0 0 0 0 0 0 0 0 0 0 0 0 0 0 0 0 0 0 0 0 0 0 0 0 0 0 0 0 0 0 0 0 0 0 0 0 0 0 0 0 0 0 0 0 0 0 0 0 0 0 0 0 0 0 0 0 0 0 0 0 0 0 0 0 0 0 0 0 0 0 0 0 0 0 0 0 0 0 0 0 0 0 0 0 0 0 0 0 0 0 0 0 0 0 0 0 0 0 0 0 0 0 0 0 2 0 0 81 3 1 0 1 0 0 0 0 0 0 0 0 0 0 0 2 0 0 0 0 0 10 0 2 0 0 0 200 0 0 0 255 255 255 255 5 0 1 0 0 0 0 0 data 25 0x10005 0x8f 0x84931b0 0x1fdb 0x0 0x0 0x40007 0x1f3d 0x68 0x12e 0x90005 0x0 0x8493720 0x12e 0x0 0x0 0xe0003 0x12e 0x48 0x130005 0x11e8 0x84937d0 0x34e 0x8493880 0xa07 oops 4 2 com/android/dx/ssa/NormalSsaInsn 12 com/android/dx/ssa/SsaRenamer$BlockRenamer 21 com/android/dx/ssa/LiteralOpUpgrader$1 23 com/android/dx/ssa/DeadCodeRemover$NoSideEffectVisitor
ciMethodData com/android/dx/rop/code/RegisterSpec hashCodeOf (ILcom/android/dx/rop/type/TypeBearer;Lcom/android/dx/rop/code/LocalItem;)I 2 5370 orig 264 72 34 39 119 0 0 0 0 152 2 164 5 0 0 0 0 240 1 0 0 80 0 0 0 0 0 0 0 0 0 0 0 0 0 0 0 0 0 0 0 0 0 0 0 0 0 0 0 0 0 0 0 0 0 0 0 0 0 0 0 0 0 0 0 0 0 0 0 0 0 0 0 0 0 0 0 0 0 0 0 77 68 79 32 101 120 116 114 97 32 100 97 116 97 32 108 111 99 107 0 0 0 0 0 0 0 0 0 0 0 0 0 0 0 0 0 0 0 0 0 0 0 0 0 0 0 0 0 0 0 0 0 0 0 0 0 0 0 0 0 0 0 0 0 0 0 0 0 0 0 0 0 0 0 0 0 0 0 0 0 0 0 0 0 0 0 0 0 0 0 0 0 0 0 0 0 0 0 0 0 0 0 0 0 0 0 0 0 0 0 0 0 0 0 0 0 0 0 0 0 0 0 0 0 0 0 0 0 0 0 0 0 0 0 0 0 0 2 0 0 209 151 0 0 1 0 0 0 0 0 0 0 0 0 0 0 2 0 0 0 0 0 6 0 2 0 0 0 152 0 0 0 255 255 255 255 7 0 1 0 0 0 0 0 data 19 0x10007 0xf73 0x68 0x387 0x50005 0x0 0x83da030 0x387 0x0 0x0 0x80003 0x387 0x18 0x120005 0xc3 0x83dba00 0x115b 0x7a13d00 0xdc oops 3 6 com/android/dx/rop/code/LocalItem 15 com/android/dx/rop/type/Type 17 com/android/dx/rop/cst/CstString
ciMethodData com/android/dx/rop/code/LocalItem equals (Ljava/lang/Object;)Z 2 2478 orig 264 72 34 39 119 0 0 0 0 112 196 163 5 0 0 0 0 56 2 0 0 48 0 0 0 0 0 0 0 0 0 0 0 0 0 0 0 0 0 0 0 0 0 0 0 0 0 0 0 0 0 0 0 0 0 0 0 0 0 0 0 0 0 0 0 0 0 0 0 0 0 0 0 0 0 0 0 0 0 0 0 77 68 79 32 101 120 116 114 97 32 100 97 116 97 32 108 111 99 107 0 0 0 0 0 0 0 0 0 0 0 0 0 0 0 0 0 0 0 0 0 0 0 0 0 0 0 0 0 0 0 0 0 0 0 0 0 0 0 0 0 0 0 0 0 0 0 0 0 0 0 0 0 0 0 0 0 0 0 0 0 0 0 0 0 0 0 0 0 0 0 0 0 0 0 0 0 0 0 0 0 0 0 0 0 0 0 0 0 0 0 0 0 0 0 0 0 0 0 0 0 0 0 0 0 0 0 0 0 0 0 0 0 0 0 0 0 66 1 0 0 97 67 0 0 1 0 0 0 0 0 0 0 0 0 0 0 2 0 0 0 0 0 25 0 2 0 0 0 232 0 0 0 255 255 255 255 4 1 1 0 0 0 0 0 data 29 0x10104 0x0 0x83da030 0x4ef 0x0 0x0 0x40007 0x4ef 0x20 0x37d 0xa0004 0x0 0x83da030 0x48e 0x0 0x0 0x110005 0x0 0x83da030 0x4ef 0x0 0x0 0x140007 0x3ce 0x38 0x120 0x180003 0x120 0x18 oops 3 2 com/android/dx/rop/code/LocalItem 12 com/android/dx/rop/code/LocalItem 18 com/android/dx/rop/code/LocalItem
ciMethodData com/android/dx/rop/code/LocalItem compareTo (Lcom/android/dx/rop/code/LocalItem;)I 2 1720 orig 264 72 34 39 119 0 0 0 0 64 198 163 5 0 0 0 0 144 1 0 0 16 0 0 0 0 0 0 0 0 0 0 0 0 0 0 0 0 0 0 0 0 0 0 0 0 0 0 0 0 0 0 0 0 0 0 0 0 0 0 0 0 0 0 0 0 0 0 0 0 0 0 0 0 0 0 0 0 0 0 0 77 68 79 32 101 120 116 114 97 32 100 97 116 97 32 108 111 99 107 0 0 0 0 0 0 0 0 0 0 0 0 0 0 0 0 0 0 0 0 0 0 0 0 0 0 0 0 0 0 0 0 0 0 0 0 0 0 0 0 0 0 0 0 0 0 0 0 0 0 0 0 0 0 0 0 0 0 0 0 0 0 0 0 0 0 0 0 0 0 0 0 0 0 0 0 0 0 0 0 0 0 0 0 0 0 0 0 0 0 0 0 0 0 0 0 0 0 0 0 0 0 0 0 0 0 0 0 0 0 0 0 0 0 0 0 0 194 0 0 0 177 47 0 0 1 0 0 0 0 0 0 0 0 0 0 0 2 0 0 0 0 0 0 0 0 0 0 0 64 0 0 0 255 255 255 255 2 0 8 0 0 0 0 0 data 8 0x80002 0x5f6 0xd0007 0x14d 0x20 0x4a8 0x1a0002 0x14d oops 0
ciMethodData com/android/dx/ssa/NormalSsaInsn getSources ()Lcom/android/dx/rop/code/RegisterSpecList; 2 5300 orig 264 72 34 39 119 0 0 0 0 56 191 166 5 0 0 0 0 120 1 0 0 0 0 0 0 0 0 0 0 0 0 0 0 0 0 0 0 0 0 0 0 0 0 0 0 0 0 0 0 0 0 0 0 0 0 0 0 0 0 0 0 0 0 0 0 0 0 0 0 0 0 0 0 0 0 0 0 0 0 0 0 77 68 79 32 101 120 116 114 97 32 100 97 116 97 32 108 111 99 107 0 0 0 0 0 0 0 0 0 0 0 0 0 0 0 0 0 0 0 0 0 0 0 0 0 0 0 0 0 0 0 0 0 0 0 0 0 0 0 0 0 0 0 0 0 0 0 0 0 0 0 0 0 0 0 0 0 0 0 0 0 0 0 0 0 0 0 0 0 0 0 0 0 0 0 0 0 0 0 0 0 0 0 0 0 0 0 0 0 0 0 0 0 0 0 0 0 0 0 0 0 0 0 0 0 0 0 0 0 0 0 0 0 0 0 0 0 0 2 0 0 161 149 0 0 1 0 0 0 0 0 0 0 0 0 0 0 2 0 0 0 0 0 3 0 2 0 0 0 48 0 0 0 255 255 255 255 5 0 4 0 0 0 0 0 data 6 0x40005 0x60b 0x8497450 0x14d 0x8497500 0xb5b oops 2 2 com/android/dx/rop/code/PlainCstInsn 4 com/android/dx/rop/code/PlainInsn
ciMethodData com/android/dx/rop/code/RegisterSpecList get (I)Lcom/android/dx/rop/code/RegisterSpec; 2 4935 orig 264 72 34 39 119 0 0 0 0 144 132 165 5 0 0 0 0 176 1 0 0 0 0 0 0 0 0 0 0 0 0 0 0 0 0 0 0 0 0 0 0 0 0 0 0 0 0 0 0 0 0 0 0 0 0 0 0 0 0 0 0 0 0 0 0 0 0 0 0 0 0 0 0 0 0 0 0 0 0 0 0 77 68 79 32 101 120 116 114 97 32 100 97 116 97 32 108 111 99 107 0 0 0 0 0 0 0 0 0 0 0 0 0 0 0 0 0 0 0 0 0 0 0 0 0 0 0 0 0 0 0 0 0 0 0 0 0 0 0 0 0 0 0 0 0 0 0 0 0 0 0 0 0 0 0 0 0 0 0 0 0 0 0 0 0 0 0 0 0 0 0 0 0 0 0 0 0 0 0 0 0 0 0 0 0 0 0 0 0 0 0 0 0 0 0 0 0 0 0 0 0 0 0 0 0 0 0 0 0 0 0 0 0 0 0 0 0 0 2 0 0 57 138 0 0 1 0 0 0 0 0 0 0 0 0 0 0 2 0 0 0 0 0 3 0 2 0 0 0 96 0 0 0 255 255 255 255 5 0 2 0 0 0 0 0 data 12 0x20005 0x13 0x83d8f40 0x1135 0x0 0x0 0x50004 0x0 0x83d8b90 0x1148 0x0 0x0 oops 2 2 com/android/dx/rop/code/RegisterSpecList 8 com/android/dx/rop/code/RegisterSpec
ciMethodData com/android/dx/rop/code/LocalItem hashCode ()I 1 998 orig 264 72 34 39 119 0 0 0 0 32 199 163 5 0 0 0 0 24 2 0 0 136 0 0 0 0 0 0 0 0 0 0 0 0 0 0 0 0 0 0 0 0 0 0 0 0 0 0 0 0 0 0 0 0 0 0 0 0 0 0 0 0 0 0 0 0 0 0 0 0 0 0 0 0 0 0 0 0 0 0 0 77 68 79 32 101 120 116 114 97 32 100 97 116 97 32 108 111 99 107 0 0 0 0 0 0 0 0 0 0 0 0 0 0 0 0 0 0 0 0 0 0 0 0 0 0 0 0 0 0 0 0 0 0 0 0 0 0 0 0 0 0 0 0 0 0 0 0 0 0 0 0 0 0 0 0 0 0 0 0 0 0 0 0 0 0 0 0 0 0 0 0 0 0 0 0 0 0 0 0 0 0 0 0 0 0 0 0 0 0 0 0 0 0 0 0 0 0 0 0 0 0 0 0 0 0 0 0 0 0 0 0 0 0 0 0 0 128 0 0 0 49 27 0 0 1 0 0 0 0 0 0 0 0 0 0 0 2 0 0 0 0 0 0 0 0 0 0 0 208 0 0 0 255 255 255 255 7 0 4 0 0 0 0 0 data 26 0x40007 0x366 0x38 0x0 0x80003 0x0 0x48 0xf0005 0x366 0x0 0x0 0x0 0x0 0x190007 0x3a 0x38 0x32c 0x1d0003 0x32c 0x48 0x240005 0x3a 0x0 0x0 0x0 0x0 oops 0
ciMethodData com/android/dx/rop/code/LocalItem compareHandlesNulls (Lcom/android/dx/rop/cst/CstString;Lcom/android/dx/rop/cst/CstString;)I 2 2087 orig 264 72 34 39 119 0 0 0 0 80 197 163 5 0 0 0 0 224 1 0 0 64 0 0 0 0 0 0 0 0 0 0 0 0 0 0 0 0 0 0 0 0 0 0 0 0 0 0 0 0 0 0 0 0 0 0 0 0 0 0 0 0 0 0 0 0 0 0 0 0 0 0 0 0 0 0 0 0 0 0 0 77 68 79 32 101 120 116 114 97 32 100 97 116 97 32 108 111 99 107 0 0 0 0 0 0 0 0 0 0 0 0 0 0 0 0 0 0 0 0 0 0 0 0 0 0 0 0 0 0 0 0 0 0 0 0 0 0 0 0 0 0 0 0 0 0 0 0 0 0 0 0 0 0 0 0 0 0 0 0 0 0 0 0 0 0 0 0 0 0 0 0 0 0 0 0 0 0 0 0 0 0 0 0 0 0 0 0 0 0 0 0 0 0 0 0 0 0 0 0 0 0 0 0 0 0 0 0 0 0 0 0 0 0 0 0 0 3 1 0 0 33 57 0 0 1 0 0 0 0 0 0 0 0 0 0 0 2 0 0 0 0 0 20 0 2 0 0 0 144 0 0 0 255 255 255 255 7 0 2 0 0 0 0 0 data 18 0x20007 0x4b2 0x20 0x272 0x80007 0x4b2 0x20 0x0 0xe0007 0x4b2 0x20 0x0 0x150005 0x0 0x7a13d00 0x4b2 0x0 0x0 oops 1 14 com/android/dx/rop/cst/CstString
ciMethodData com/android/dx/rop/cst/CstString compareTo0 (Lcom/android/dx/rop/cst/Constant;)I 2 2064 orig 264 72 34 39 119 0 0 0 0 8 223 153 5 0 0 0 0 176 1 0 0 0 0 0 0 0 0 0 0 0 0 0 0 0 0 0 0 0 0 0 0 0 0 0 0 0 0 0 0 0 0 0 0 0 0 0 0 0 0 0 0 0 0 0 0 0 0 0 0 0 0 0 0 0 0 0 0 0 0 0 0 77 68 79 32 101 120 116 114 97 32 100 97 116 97 32 108 111 99 107 0 0 0 0 0 0 0 0 0 0 0 0 0 0 0 0 0 0 0 0 0 0 0 0 0 0 0 0 0 0 0 0 0 0 0 0 0 0 0 0 0 0 0 0 0 0 0 0 0 0 0 0 0 0 0 0 0 0 0 0 0 0 0 0 0 0 0 0 0 0 0 0 0 0 0 0 0 0 0 0 0 0 0 0 0 0 0 0 0 0 0 0 0 0 0 0 0 0 0 0 0 0 0 0 0 0 0 0 0 0 0 0 0 0 0 0 0 95 1 0 0 137 53 0 0 1 0 0 0 0 0 0 0 0 0 0 0 2 0 0 0 0 0 3 0 2 0 0 0 96 0 0 0 255 255 255 255 4 0 5 0 0 0 0 0 data 12 0x50004 0x0 0x7a13d00 0x35c 0x0 0x0 0xb0005 0x228 0x27d8350 0x489 0x0 0x0 oops 2 2 com/android/dx/rop/cst/CstString 8 java/lang/String
ciMethodData com/android/dx/rop/code/RegisterSpec$ForComparison set (ILcom/android/dx/rop/type/TypeBearer;Lcom/android/dx/rop/code/LocalItem;)V 2 4538 orig 264 72 34 39 119 0 0 0 0 32 82 164 5 0 0 0 0 56 1 0 0 0 0 0 0 0 0 0 0 0 0 0 0 0 0 0 0 0 0 0 0 0 0 0 0 0 0 0 0 0 0 0 0 0 0 0 0 0 0 0 0 0 0 0 0 0 0 0 0 0 0 0 0 0 0 0 0 0 0 0 0 77 68 79 32 101 120 116 114 97 32 100 97 116 97 32 108 111 99 107 0 0 0 0 0 0 0 0 0 0 0 0 0 0 0 0 0 0 0 0 0 0 0 0 0 0 0 0 0 0 0 0 0 0 0 0 0 0 0 0 0 0 0 0 0 0 0 0 0 0 0 0 0 0 0 0 0 0 0 0 0 0 0 0 0 0 0 0 0 0 0 0 0 0 0 0 0 0 0 0 0 0 0 0 0 0 0 0 0 0 0 0 0 0 0 0 0 0 0 0 0 0 0 0 0 0 0 0 0 0 0 0 0 0 0 0 0 0 2 0 0 209 125 0 0 1 0 0 0 0 0 0 0 0 0 0 0 2 0 0 0 0 0 3 0 1 0 0 0 0 0 0 0 255 255 255 255 0 0 0 0 0 0 0 0 data 0 oops 0
ciMethodData com/android/dx/rop/code/RegisterSpec intern (ILcom/android/dx/rop/type/TypeBearer;Lcom/android/dx/rop/code/LocalItem;)Lcom/android/dx/rop/code/RegisterSpec; 2 4533 orig 264 72 34 39 119 0 0 0 0 160 232 163 5 0 0 0 0 104 2 0 0 144 0 0 0 0 0 0 0 0 0 0 0 0 0 0 0 0 0 0 0 0 0 0 0 0 0 0 0 0 0 0 0 0 0 0 0 0 0 0 0 0 0 0 0 0 0 0 0 0 0 0 0 0 0 0 0 0 0 0 0 77 68 79 32 101 120 116 114 97 32 100 97 116 97 32 108 111 99 107 0 0 0 0 0 0 0 0 0 0 0 0 0 0 0 0 0 0 0 0 0 0 0 0 0 0 0 0 0 0 0 0 0 0 0 0 0 0 0 0 0 0 0 0 0 0 0 0 0 0 0 0 0 0 0 0 0 0 0 0 0 0 0 0 0 0 0 0 0 0 0 0 0 0 0 0 0 0 0 0 0 0 0 0 0 0 0 0 0 0 0 0 0 0 0 0 0 0 0 0 0 0 0 0 0 0 0 0 0 0 0 0 0 0 0 0 0 0 2 0 0 169 125 0 0 1 0 0 0 0 0 0 0 0 0 0 0 2 0 0 0 0 0 21 0 2 0 0 0 16 1 0 0 255 255 255 255 5 0 12 0 0 0 0 0 data 34 0xc0005 0x0 0x7773650 0xfb8 0x0 0x0 0x150005 0x0 0x83df5b0 0xfb8 0x0 0x0 0x180104 0x0 0x83d8b90 0xd2e 0x0 0x0 0x1f0007 0x28a 0x20 0xd2e 0x2a0005 0x0 0x7773650 0x28a 0x0 0x0 0x360005 0x0 0x83df5b0 0x28a 0x0 0x0 oops 5 2 com/android/dx/rop/code/RegisterSpec$ForComparison 8 java/util/HashMap 14 com/android/dx/rop/code/RegisterSpec 24 com/android/dx/rop/code/RegisterSpec$ForComparison 30 java/util/HashMap
ciMethodData com/android/dx/rop/code/RegisterSpec$ForComparison hashCode ()I 2 4538 orig 264 72 34 39 119 0 0 0 0 112 84 164 5 0 0 0 0 88 1 0 0 0 0 0 0 0 0 0 0 0 0 0 0 0 0 0 0 0 0 0 0 0 0 0 0 0 0 0 0 0 0 0 0 0 0 0 0 0 0 0 0 0 0 0 0 0 0 0 0 0 0 0 0 0 0 0 0 0 0 0 0 77 68 79 32 101 120 116 114 97 32 100 97 116 97 32 108 111 99 107 0 0 0 0 0 0 0 0 0 0 0 0 0 0 0 0 0 0 0 0 0 0 0 0 0 0 0 0 0 0 0 0 0 0 0 0 0 0 0 0 0 0 0 0 0 0 0 0 0 0 0 0 0 0 0 0 0 0 0 0 0 0 0 0 0 0 0 0 0 0 0 0 0 0 0 0 0 0 0 0 0 0 0 0 0 0 0 0 0 0 0 0 0 0 0 0 0 0 0 0 0 0 0 0 0 0 0 0 0 0 0 0 0 0 0 0 0 0 2 0 0 209 125 0 0 1 0 0 0 0 0 0 0 0 0 0 0 2 0 0 0 0 0 8 0 2 0 0 0 16 0 0 0 255 255 255 255 2 0 12 0 0 0 0 0 data 2 0xc0002 0xfba oops 0
ciMethodData com/android/dx/rop/code/RegisterSpec access$600 (ILcom/android/dx/rop/type/TypeBearer;Lcom/android/dx/rop/code/LocalItem;)I 2 4538 orig 264 72 34 39 119 0 0 0 0 112 25 164 5 0 0 0 0 104 1 0 0 0 0 0 0 0 0 0 0 0 0 0 0 0 0 0 0 0 0 0 0 0 0 0 0 0 0 0 0 0 0 0 0 0 0 0 0 0 0 0 0 0 0 0 0 0 0 0 0 0 0 0 0 0 0 0 0 0 0 0 0 77 68 79 32 101 120 116 114 97 32 100 97 116 97 32 108 111 99 107 0 0 0 0 0 0 0 0 0 0 0 0 0 0 0 0 0 0 0 0 0 0 0 0 0 0 0 0 0 0 0 0 0 0 0 0 0 0 0 0 0 0 0 0 0 0 0 0 0 0 0 0 0 0 0 0 0 0 0 0 0 0 0 0 0 0 0 0 0 0 0 0 0 0 0 0 0 0 0 0 0 0 0 0 0 0 0 0 0 0 0 0 0 0 0 0 0 0 0 0 0 0 0 0 0 0 0 0 0 0 0 0 0 0 0 0 0 0 2 0 0 209 125 0 0 1 0 0 0 0 0 0 0 0 0 0 0 2 0 0 0 0 0 7 0 2 0 0 0 16 0 0 0 255 255 255 255 2 0 3 0 0 0 0 0 data 2 0x30002 0xfba oops 0
ciMethodData com/android/dx/rop/code/RegisterSpec$ForComparison toRegisterSpec ()Lcom/android/dx/rop/code/RegisterSpec; 1 837 orig 264 72 34 39 119 0 0 0 0 208 82 164 5 0 0 0 0 48 1 0 0 0 0 0 0 0 0 0 0 0 0 0 0 0 0 0 0 0 0 0 0 0 0 0 0 0 0 0 0 0 0 0 0 0 0 0 0 0 0 0 0 0 0 0 0 0 0 0 0 0 0 0 0 0 0 0 0 0 0 0 0 77 68 79 32 101 120 116 114 97 32 100 97 116 97 32 108 111 99 107 0 0 0 0 0 0 0 0 0 0 0 0 0 0 0 0 0 0 0 0 0 0 0 0 0 0 0 0 0 0 0 0 0 0 0 0 0 0 0 0 0 0 0 0 0 0 0 0 0 0 0 0 0 0 0 0 0 0 0 0 0 0 0 0 0 0 0 0 0 0 0 0 0 0 0 0 0 0 0 0 0 0 0 0 0 0 0 0 0 0 0 0 0 0 0 0 0 0 0 0 0 0 0 0 0 0 0 0 0 0 0 0 0 0 0 0 0 186 0 0 0 89 20 0 0 1 0 0 0 0 0 0 0 0 0 0 0 2 0 0 0 0 0 0 0 0 0 0 0 16 0 0 0 255 255 255 255 2 0 17 0 0 0 0 0 data 2 0x110002 0x28b oops 0
ciMethodData com/android/dx/rop/code/RegisterSpec hashCode ()I 1 838 orig 264 72 34 39 119 0 0 0 0 128 0 164 5 0 0 0 0 88 1 0 0 0 0 0 0 0 0 0 0 0 0 0 0 0 0 0 0 0 0 0 0 0 0 0 0 0 0 0 0 0 0 0 0 0 0 0 0 0 0 0 0 0 0 0 0 0 0 0 0 0 0 0 0 0 0 0 0 0 0 0 0 77 68 79 32 101 120 116 114 97 32 100 97 116 97 32 108 111 99 107 0 0 0 0 0 0 0 0 0 0 0 0 0 0 0 0 0 0 0 0 0 0 0 0 0 0 0 0 0 0 0 0 0 0 0 0 0 0 0 0 0 0 0 0 0 0 0 0 0 0 0 0 0 0 0 0 0 0 0 0 0 0 0 0 0 0 0 0 0 0 0 0 0 0 0 0 0 0 0 0 0 0 0 0 0 0 0 0 0 0 0 0 0 0 0 0 0 0 0 0 0 0 0 0 0 0 0 0 0 0 0 0 0 0 0 0 0 186 0 0 0 97 20 0 0 1 0 0 0 0 0 0 0 0 0 0 0 2 0 0 0 0 0 0 0 0 0 0 0 16 0 0 0 255 255 255 255 2 0 12 0 0 0 0 0 data 2 0xc0002 0x28c oops 0
ciMethodData com/android/dx/rop/code/Insn <init> (Lcom/android/dx/rop/code/Rop;Lcom/android/dx/rop/code/SourcePosition;Lcom/android/dx/rop/code/RegisterSpec;Lcom/android/dx/rop/code/RegisterSpecList;)V 2 3465 orig 264 72 34 39 119 0 0 0 0 240 105 160 5 0 0 0 0 224 1 0 0 96 0 0 0 0 0 0 0 0 0 0 0 0 0 0 0 0 0 0 0 0 0 0 0 0 0 0 0 0 0 0 0 0 0 0 0 0 0 0 0 0 0 0 0 0 0 0 0 0 0 0 0 0 0 0 0 0 0 0 0 77 68 79 32 101 120 116 114 97 32 100 97 116 97 32 108 111 99 107 0 0 0 0 0 0 0 0 0 0 0 0 0 0 0 0 0 0 0 0 0 0 0 0 0 0 0 0 0 0 0 0 0 0 0 0 0 0 0 0 0 0 0 0 0 0 0 0 0 0 0 0 0 0 0 0 0 0 0 0 0 0 0 0 0 0 0 0 0 0 0 0 0 0 0 0 0 0 0 0 0 0 0 0 0 0 0 0 0 0 0 0 0 0 0 0 0 0 0 0 0 0 0 0 0 0 0 0 0 0 0 0 0 0 0 0 0 131 1 0 0 49 96 0 0 1 0 0 0 0 0 0 0 0 0 0 0 2 0 0 0 0 0 9 0 2 0 0 0 160 0 0 0 255 255 255 255 2 0 1 0 0 0 0 0 data 20 0x10002 0xc07 0x50007 0xc07 0x30 0x0 0xe0002 0x0 0x130007 0xc07 0x30 0x0 0x1c0002 0x0 0x220007 0xc07 0x30 0x0 0x2b0002 0x0 oops 0
ciMethodData com/android/dx/rop/code/RegisterSpec makeLocalOptional (ILcom/android/dx/rop/type/TypeBearer;Lcom/android/dx/rop/code/LocalItem;)Lcom/android/dx/rop/code/RegisterSpec; 2 2879 orig 264 72 34 39 119 0 0 0 0 216 236 163 5 0 0 0 0 104 1 0 0 0 0 0 0 0 0 0 0 0 0 0 0 0 0 0 0 0 0 0 0 0 0 0 0 0 0 0 0 0 0 0 0 0 0 0 0 0 0 0 0 0 0 0 0 0 0 0 0 0 0 0 0 0 0 0 0 0 0 0 0 77 68 79 32 101 120 116 114 97 32 100 97 116 97 32 108 111 99 107 0 0 0 0 0 0 0 0 0 0 0 0 0 0 0 0 0 0 0 0 0 0 0 0 0 0 0 0 0 0 0 0 0 0 0 0 0 0 0 0 0 0 0 0 0 0 0 0 0 0 0 0 0 0 0 0 0 0 0 0 0 0 0 0 0 0 0 0 0 0 0 0 0 0 0 0 0 0 0 0 0 0 0 0 0 0 0 0 0 0 0 0 0 0 0 0 0 0 0 0 0 0 0 0 0 0 0 0 0 0 0 0 0 0 0 0 0 171 1 0 0 161 76 0 0 1 0 0 0 0 0 0 0 0 0 0 0 2 0 0 0 0 0 3 0 2 0 0 0 16 0 0 0 255 255 255 255 2 0 3 0 0 0 0 0 data 2 0x30002 0x994 oops 0
ciMethodData com/android/dx/rop/code/PlainInsn <init> (Lcom/android/dx/rop/code/Rop;Lcom/android/dx/rop/code/SourcePosition;Lcom/android/dx/rop/code/RegisterSpec;Lcom/android/dx/rop/code/RegisterSpecList;)V 2 2104 orig 264 72 34 39 119 0 0 0 0 176 130 160 5 0 0 0 0 120 2 0 0 128 0 0 0 0 0 0 0 0 0 0 0 0 0 0 0 0 0 0 0 0 0 0 0 0 0 0 0 0 0 0 0 0 0 0 0 0 0 0 0 0 0 0 0 0 0 0 0 0 0 0 0 0 0 0 0 0 0 0 0 77 68 79 32 101 120 116 114 97 32 100 97 116 97 32 108 111 99 107 0 0 0 0 0 0 0 0 0 0 0 0 0 0 0 0 0 0 0 0 0 0 0 0 0 0 0 0 0 0 0 0 0 0 0 0 0 0 0 0 0 0 0 0 0 0 0 0 0 0 0 0 0 0 0 0 0 0 0 0 0 0 0 0 0 0 0 0 0 0 0 0 0 0 0 0 0 0 0 0 0 0 0 0 0 0 0 0 0 0 0 0 0 0 0 0 0 0 0 0 0 0 0 0 0 0 0 0 0 0 0 0 0 0 0 0 0 0 2 0 0 193 49 0 0 1 0 0 0 0 0 0 0 0 0 0 0 2 0 0 0 0 0 11 0 2 0 0 0 16 1 0 0 255 255 255 255 2 0 6 0 0 0 0 0 data 34 0x60002 0x63a 0xa0005 0x49e 0x8496af0 0x19c 0x0 0x0 0xd0008 0x6 0x49d 0x50 0x0 0x40 0x0 0x40 0x2e0002 0x0 0x330007 0x30c 0x80 0x32c 0x370005 0x246 0x8496af0 0xe8 0x0 0x0 0x3b0007 0x32e 0x30 0x0 0x440002 0x0 oops 2 4 com/android/dx/rop/code/Rop 24 com/android/dx/rop/code/Rop
ciMethodData com/android/dx/rop/cst/CstString hashCode ()I 1 1343 orig 264 72 34 39 119 0 0 0 0 80 222 153 5 0 0 0 0 120 1 0 0 0 0 0 0 0 0 0 0 0 0 0 0 0 0 0 0 0 0 0 0 0 0 0 0 0 0 0 0 0 0 0 0 0 0 0 0 0 0 0 0 0 0 0 0 0 0 0 0 0 0 0 0 0 0 0 0 0 0 0 0 77 68 79 32 101 120 116 114 97 32 100 97 116 97 32 108 111 99 107 0 0 0 0 0 0 0 0 0 0 0 0 0 0 0 0 0 0 0 0 0 0 0 0 0 0 0 0 0 0 0 0 0 0 0 0 0 0 0 0 0 0 0 0 0 0 0 0 0 0 0 0 0 0 0 0 0 0 0 0 0 0 0 0 0 0 0 0 0 0 0 0 0 0 0 0 0 0 0 0 0 0 0 0 0 0 0 0 0 0 0 0 0 0 0 0 0 0 0 0 0 0 0 0 0 0 0 0 0 0 0 0 0 0 0 0 0 0 2 0 0 249 25 0 0 1 0 0 0 0 0 0 0 0 0 0 0 2 0 0 0 0 0 3 0 2 0 0 0 48 0 0 0 255 255 255 255 5 0 4 0 0 0 0 0 data 6 0x40005 0x27f 0x27d8350 0xc0 0x0 0x0 oops 1 2 java/lang/String
ciMethodData com/android/dx/ssa/Optimizer getPreserveLocals ()Z 1 1512 orig 264 72 34 39 119 0 0 0 0 56 23 166 5 0 0 0 0 24 1 0 0 0 0 0 0 0 0 0 0 0 0 0 0 0 0 0 0 0 0 0 0 0 0 0 0 0 0 0 0 0 0 0 0 0 0 0 0 0 0 0 0 0 0 0 0 0 0 0 0 0 0 0 0 0 0 0 0 0 0 0 0 77 68 79 32 101 120 116 114 97 32 100 97 116 97 32 108 111 99 107 0 0 0 0 0 0 0 0 0 0 0 0 0 0 0 0 0 0 0 0 0 0 0 0 0 0 0 0 0 0 0 0 0 0 0 0 0 0 0 0 0 0 0 0 0 0 0 0 0 0 0 0 0 0 0 0 0 0 0 0 0 0 0 0 0 0 0 0 0 0 0 0 0 0 0 0 0 0 0 0 0 0 0 0 0 0 0 0 0 0 0 0 0 0 0 0 0 0 0 0 0 0 0 0 0 0 0 0 0 0 0 0 0 0 0 0 0 0 2 0 0 65 31 0 0 1 0 0 0 0 0 0 0 0 0 0 0 2 0 0 0 0 0 0 0 0 0 0 0 0 0 0 0 255 255 255 255 0 0 0 0 0 0 0 0 data 0 oops 0
ciMethodData com/android/dx/rop/code/RegisterSpec getType ()Lcom/android/dx/rop/type/Type; 1 647 orig 264 72 34 39 119 0 0 0 0 0 6 164 5 0 0 0 0 120 1 0 0 0 0 0 0 0 0 0 0 0 0 0 0 0 0 0 0 0 0 0 0 0 0 0 0 0 0 0 0 0 0 0 0 0 0 0 0 0 0 0 0 0 0 0 0 0 0 0 0 0 0 0 0 0 0 0 0 0 0 0 0 77 68 79 32 101 120 116 114 97 32 100 97 116 97 32 108 111 99 107 0 0 0 0 0 0 0 0 0 0 0 0 0 0 0 0 0 0 0 0 0 0 0 0 0 0 0 0 0 0 0 0 0 0 0 0 0 0 0 0 0 0 0 0 0 0 0 0 0 0 0 0 0 0 0 0 0 0 0 0 0 0 0 0 0 0 0 0 0 0 0 0 0 0 0 0 0 0 0 0 0 0 0 0 0 0 0 0 0 0 0 0 0 0 0 0 0 0 0 0 0 0 0 0 0 0 0 0 0 0 0 0 0 0 0 0 0 198 1 0 0 9 6 0 0 1 0 0 0 0 0 0 0 0 0 0 0 2 0 0 0 0 0 0 0 0 0 0 0 48 0 0 0 255 255 255 255 5 0 4 0 0 0 0 0 data 6 0x40005 0x17 0x83dba00 0xa3 0x77a8d20 0x7 oops 2 2 com/android/dx/rop/type/Type 4 com/android/dx/rop/cst/CstKnownNull
instanceKlass java/util/ArrayList$1
instanceKlass java/util/DualPivotQuicksort
instanceKlass com/android/dx/cf/code/Ropper$ExceptionHandlerSetup
instanceKlass com/android/dx/ssa/back/FirstFitLocalCombiningAllocator$Multiset
instanceKlass com/android/dx/ssa/PhiInsn$Operand
instanceKlass com/android/dx/dex/file/MethodAnnotationStruct
instanceKlass com/android/dx/dex/code/DalvCode
instanceKlass com/android/dx/dex/code/StdCatchBuilder
instanceKlass com/android/dx/dex/code/RopToDop
instanceKlass com/android/dx/dex/code/OutputFinisher
instanceKlass com/android/dx/dex/code/OutputCollector
instanceKlass com/android/dx/rop/code/Insn$BaseVisitor
instanceKlass com/android/dx/io/Opcodes
instanceKlass com/android/dx/dex/code/InsnFormat
instanceKlass com/android/dx/dex/code/Dop
instanceKlass com/android/dx/dex/code/Dops
instanceKlass com/android/dx/dex/code/BlockAddresses
instanceKlass com/android/dx/dex/code/DalvInsn
instanceKlass com/android/dx/dex/code/CatchBuilder
instanceKlass com/android/dx/dex/code/RopTranslator$TranslationVisitor
instanceKlass com/android/dx/dex/code/RopTranslator
instanceKlass com/android/dx/rop/code/LocalVariableExtractor
instanceKlass com/android/dx/ssa/back/IdenticalBlockCombiner
instanceKlass com/android/dx/ssa/back/SsaToRop$1
instanceKlass com/android/dx/ssa/back/SsaToRop$PhiVisitor
instanceKlass com/android/dx/ssa/back/FirstFitLocalCombiningAllocator$1
instanceKlass com/android/dx/ssa/back/LivenessAnalyzer$1
instanceKlass com/android/dx/ssa/back/InterferenceGraph
instanceKlass com/android/dx/ssa/back/LivenessAnalyzer
instanceKlass com/android/dx/ssa/back/RegisterAllocator
instanceKlass com/android/dx/ssa/back/SsaToRop
instanceKlass com/android/dx/ssa/PhiTypeResolver
instanceKlass com/android/dx/ssa/ConstCollector$1
instanceKlass com/android/dx/ssa/ConstCollector
instanceKlass com/android/dx/ssa/SsaMethod$1
instanceKlass com/android/dx/ssa/LiteralOpUpgrader$1
instanceKlass com/android/dx/ssa/LiteralOpUpgrader
instanceKlass com/android/dx/ssa/DeadCodeRemover$NoSideEffectVisitor
instanceKlass com/android/dx/ssa/DeadCodeRemover
instanceKlass com/android/dx/ssa/SsaMethod$2
instanceKlass com/android/dx/ssa/SCCP
instanceKlass com/android/dx/ssa/MoveParamCombiner$1
instanceKlass com/android/dx/ssa/MoveParamCombiner
instanceKlass com/android/dx/ssa/SsaRenamer$BlockRenamer$1
instanceKlass com/android/dx/ssa/RegisterMapper
instanceKlass com/android/dx/ssa/PhiInsn$Visitor
instanceKlass com/android/dx/ssa/SsaRenamer$BlockRenamer
instanceKlass com/android/dx/ssa/SsaRenamer$1
instanceKlass com/android/dx/ssa/SsaRenamer
instanceKlass com/android/dx/util/BitIntSet$1
instanceKlass com/android/dx/util/IntIterator
instanceKlass com/android/dx/util/BitIntSet
instanceKlass com/android/dx/util/IntSet
instanceKlass com/android/dx/ssa/SetFactory
instanceKlass com/android/dx/ssa/Dominators$DfsWalker
instanceKlass com/android/dx/ssa/Dominators$DFSInfo
instanceKlass com/android/dx/ssa/SsaBasicBlock$Visitor
instanceKlass com/android/dx/ssa/Dominators
instanceKlass com/android/dx/ssa/DomFront$DomInfo
instanceKlass com/android/dx/ssa/DomFront
instanceKlass com/android/dx/ssa/LocalVariableExtractor
instanceKlass com/android/dx/ssa/SsaBasicBlock$LabelComparator
instanceKlass com/android/dx/ssa/SsaBasicBlock
instanceKlass com/android/dx/rop/code/BasicBlockList$RegCountVisitor
instanceKlass com/android/dx/ssa/SsaInsn
instanceKlass sun/nio/ch/Interruptible
instanceKlass com/android/dx/ssa/SsaInsn$Visitor
instanceKlass com/android/dx/ssa/SsaMethod
instanceKlass com/android/dx/ssa/SsaConverter
instanceKlass java/lang/Class$4
instanceKlass com/android/dx/ssa/Optimizer
instanceKlass com/android/dx/rop/code/RopMethod
instanceKlass com/android/dx/rop/code/Insn$Visitor
instanceKlass com/android/dx/cf/code/Merger
instanceKlass com/android/dx/rop/code/BasicBlock
instanceKlass com/android/dx/rop/code/Exceptions
instanceKlass com/android/dx/rop/code/Rop
instanceKlass com/android/dx/rop/code/Rops
instanceKlass com/android/dx/rop/code/RegisterSpec$ForComparison
instanceKlass com/android/dx/dex/file/FieldAnnotationStruct
instanceKlass com/android/dx/rop/code/RegisterSpec
instanceKlass com/android/dx/dex/file/ValueEncoder
instanceKlass com/android/dx/rop/code/LocalItem
instanceKlass com/android/dx/rop/code/SourcePosition
instanceKlass com/android/dx/dex/file/AnnotationItem$TypeIdSorter
instanceKlass java/util/Collections$UnmodifiableCollection$1
instanceKlass java/util/TreeMap$PrivateEntryIterator
instanceKlass com/android/dx/rop/annotation/NameValuePair
instanceKlass com/android/dx/cf/code/Ropper$LabelAllocator
instanceKlass com/android/dx/dex/file/AnnotationUtils
instanceKlass com/android/dx/cf/code/Ropper$CatchInfo
instanceKlass com/android/dx/cf/code/Ropper$Subroutine
instanceKlass com/android/dx/cf/code/Frame
instanceKlass com/android/dx/cf/code/Simulator$SimVisitor
instanceKlass com/android/dx/cf/code/Simulator
instanceKlass java/util/concurrent/locks/LockSupport
instanceKlass com/android/dx/cf/code/BaseMachine
instanceKlass com/android/dx/cf/code/ByteBlock
instanceKlass com/android/dx/util/LabeledItem
instanceKlass com/android/dx/cf/code/ByteOps
instanceKlass com/android/dx/util/Bits
instanceKlass com/android/dx/cf/code/BasicBlocker
instanceKlass com/android/dx/rop/code/BasicBlock$Visitor
instanceKlass com/android/dx/rop/code/Insn
instanceKlass com/android/dx/cf/code/Machine
instanceKlass com/android/dx/cf/code/Ropper
instanceKlass com/android/dx/rop/code/DexTranslationAdvice
instanceKlass com/android/dx/cf/code/ConcreteMethod
instanceKlass com/android/dx/dex/file/EncodedMember
instanceKlass com/android/dx/dex/cf/AttributeTranslator
instanceKlass com/android/dx/cf/attrib/InnerClassList$Item
instanceKlass com/android/dx/dex/cf/OptimizerOptions
instanceKlass com/android/dx/rop/code/TranslationAdvice
instanceKlass com/android/dx/dex/code/DalvCode$AssignIndicesCallback
instanceKlass com/android/dx/dex/cf/CfTranslator
instanceKlass com/android/dx/cf/direct/AnnotationParser
instanceKlass com/android/dx/command/dexer/Main$ClassDefItemConsumer
instanceKlass java/util/concurrent/FutureTask$WaitNode
instanceKlass java/util/concurrent/FutureTask
instanceKlass java/util/concurrent/RunnableFuture
instanceKlass java/util/concurrent/Future
instanceKlass com/android/dx/command/dexer/Main$ClassTranslatorTask
instanceKlass com/android/dx/cf/code/ByteCatchList$Item
instanceKlass com/android/dx/util/Hex
instanceKlass com/android/dx/cf/direct/DirectClassFile$DcfTypeList
instanceKlass com/android/dx/rop/code/AccessFlags
instanceKlass com/android/dx/cf/code/LocalVariableList$Item
instanceKlass com/android/dx/cf/attrib/BaseAttribute
instanceKlass com/android/dx/cf/code/LineNumberList$Item
instanceKlass com/android/dx/cf/code/BytecodeArray$BaseVisitor
instanceKlass com/android/dx/cf/code/BytecodeArray
instanceKlass com/android/dx/cf/iface/Method
instanceKlass com/android/dx/cf/iface/StdMember
instanceKlass com/android/dx/cf/direct/AttributeListParser
instanceKlass com/android/dx/cf/iface/Field
instanceKlass com/android/dx/cf/iface/Member
instanceKlass com/android/dx/cf/direct/MemberListParser
instanceKlass com/android/dx/rop/type/Prototype
instanceKlass com/android/dx/rop/type/Type
instanceKlass com/android/dx/util/MutabilityControl
instanceKlass com/android/dx/cf/cst/ConstantPoolParser
instanceKlass com/android/dx/cf/code/BytecodeArray$Visitor
instanceKlass com/android/dx/cf/iface/Attribute
instanceKlass com/android/dx/util/ByteArray
instanceKlass com/android/dx/rop/type/TypeList
instanceKlass com/android/dx/cf/iface/MethodList
instanceKlass com/android/dx/cf/iface/FieldList
instanceKlass com/android/dx/cf/iface/AttributeList
instanceKlass com/android/dx/rop/cst/ConstantPool
instanceKlass com/android/dx/cf/direct/DirectClassFile
instanceKlass com/android/dx/cf/iface/ClassFile
instanceKlass com/android/dx/cf/iface/HasAttribute
instanceKlass com/android/dx/command/dexer/Main$ClassParserTask
instanceKlass com/android/dx/command/dexer/Main$DirectClassFileConsumer
instanceKlass sun/util/calendar/CalendarUtils
instanceKlass sun/util/calendar/CalendarDate
instanceKlass java/util/TimeZone$1
instanceKlass java/util/zip/CRC32
instanceKlass java/util/zip/Checksum
instanceKlass sun/util/calendar/ZoneInfoFile$ZoneOffsetTransitionRule
instanceKlass java/io/DataInput
instanceKlass sun/util/calendar/ZoneInfoFile$1
instanceKlass sun/util/calendar/ZoneInfoFile
instanceKlass java/util/TimeZone
instanceKlass sun/util/calendar/CalendarSystem
instanceKlass java/util/Date
instanceKlass java/util/zip/ZipUtils
instanceKlass java/util/ArrayList$Itr
instanceKlass java/util/regex/Matcher
instanceKlass java/util/regex/MatchResult
instanceKlass java/util/regex/Pattern$Node
instanceKlass java/util/regex/Pattern
instanceKlass java/util/TimSort
instanceKlass com/android/dx/cf/direct/ClassPathOpener$3
instanceKlass java/util/zip/ZipFile$ZipEntryIterator
instanceKlass com/android/dx/command/dexer/Main$FileBytesConsumer
instanceKlass com/android/dx/cf/direct/ClassPathOpener$1
instanceKlass com/android/dx/cf/direct/ClassPathOpener
instanceKlass java/util/concurrent/LinkedBlockingQueue$Node
instanceKlass java/util/concurrent/Executors$DefaultThreadFactory
instanceKlass java/util/concurrent/ThreadFactory
instanceKlass java/util/concurrent/Executors
instanceKlass java/util/concurrent/ThreadPoolExecutor$CallerRunsPolicy
instanceKlass java/util/concurrent/locks/AbstractQueuedSynchronizer$ConditionObject
instanceKlass java/util/concurrent/locks/Condition
instanceKlass java/util/concurrent/locks/AbstractQueuedSynchronizer$Node
instanceKlass java/util/concurrent/locks/AbstractOwnableSynchronizer
instanceKlass java/util/concurrent/ThreadPoolExecutor$AbortPolicy
instanceKlass java/util/concurrent/AbstractExecutorService
instanceKlass java/util/ComparableTimSort
