JvmtiExport can_access_local_variables 0
JvmtiExport can_hotswap_or_post_breakpoint 0
JvmtiExport can_post_on_exceptions 0
# 448 ciObject found
ciMethod java/lang/Object <init> ()V 4097 1 770803 0 0
ciMethod java/lang/Object getClass ()Ljava/lang/Class; 2049 1 256 0 -1
ciMethod java/lang/System arraycopy (Ljava/lang/Object;ILjava/lang/Object;II)V 5121 1 640 0 -1
ciMethod java/util/Map get (Ljava/lang/Object;)Ljava/lang/Object; 0 0 1 0 -1
ciMethod java/util/Map put (Ljava/lang/Object;Ljava/lang/Object;)Ljava/lang/Object; 0 0 1 0 -1
ciMethod java/lang/NullPointerException <init> (Ljava/lang/String;)V 0 0 1 0 -1
ciMethod java/util/ArrayList ensureCapacityInternal (I)V 641 1 182781 0 0
ciMethod java/util/ArrayList ensureExplicitCapacity (I)V 641 1 181270 0 544
ciMethod java/util/ArrayList grow (I)V 89 1 8231 0 512
ciMethod java/util/ArrayList hugeCapacity (I)I 0 0 1 0 -1
ciMethod java/util/ArrayList size ()I 1025 1 128 0 0
ciMethod java/util/ArrayList elementData (I)Ljava/lang/Object; 1897 1 722911 0 0
ciMethod java/util/ArrayList get (I)Ljava/lang/Object; 1897 1 702138 0 128
ciMethod java/util/ArrayList set (ILjava/lang/Object;)Ljava/lang/Object; 4097 1 9608 0 -1
ciMethod java/util/ArrayList add (Ljava/lang/Object;)Z 641 1 176375 0 736
ciMethod java/util/ArrayList clear ()V 3737 8193 9062 0 0
ciMethod java/util/ArrayList rangeCheck (I)V 1897 1 723326 0 0
ciMethod java/util/ArrayList iterator ()Ljava/util/Iterator; 2201 1 124091 0 192
ciMethod java/util/ArrayList access$100 (Ljava/util/ArrayList;)I 1025 1 128 0 0
ciMethod java/util/HashMap <init> ()V 137 1 52066 0 -1
ciMethod java/lang/Math max (II)I 233 1 70916 0 -1
ciMethod java/util/Arrays copyOf ([Ljava/lang/Object;I)[Ljava/lang/Object; 2473 1 18346 0 0
ciMethod java/util/Arrays copyOf ([Ljava/lang/Object;ILjava/lang/Class;)[Ljava/lang/Object; 2121 1 5394 0 -1
ciMethodData java/lang/Object <init> ()V 2 770814 orig 264 72 34 45 113 0 0 0 0 128 4 199 5 0 0 0 0 32 1 0 0 0 0 0 0 0 0 0 0 0 0 0 0 0 0 0 0 0 0 0 0 0 0 0 0 0 0 0 0 0 0 0 0 0 0 0 0 0 0 0 0 0 0 0 0 0 0 0 0 0 0 0 0 0 0 0 0 0 0 0 0 77 68 79 32 101 120 116 114 97 32 100 97 116 97 32 108 111 99 107 0 0 0 0 0 0 0 0 0 0 0 0 0 0 0 0 0 0 0 0 0 0 0 0 0 0 0 0 0 0 0 0 0 0 0 0 0 0 0 0 0 0 0 0 0 0 0 0 0 0 0 0 0 0 0 0 0 0 0 0 0 0 0 0 0 0 0 0 0 0 0 0 0 0 0 0 0 0 0 0 0 0 0 0 0 1 0 0 0 0 0 0 0 1 0 0 0 0 0 0 0 1 0 0 0 0 0 0 0 0 0 0 0 0 0 0 0 0 2 0 0 241 7 94 0 1 0 0 0 0 0 0 0 0 0 0 0 2 0 0 0 0 0 3 0 1 0 0 0 0 0 0 0 255 255 255 255 0 0 0 0 0 0 0 0 data 0 oops 0
ciMethod java/util/Iterator hasNext ()Z 0 0 1 0 -1
ciMethod java/util/Iterator next ()Ljava/lang/Object; 0 0 1 0 -1
ciMethodData java/util/ArrayList get (I)Ljava/lang/Object; 2 708182 orig 264 72 34 45 113 0 0 0 0 0 217 211 5 0 0 0 0 144 1 0 0 0 0 0 0 0 0 0 0 0 0 0 0 0 0 0 0 0 0 0 0 0 0 0 0 0 0 0 0 0 0 0 0 0 0 0 0 0 0 0 0 0 0 0 0 0 0 0 0 0 0 0 0 0 0 0 0 0 0 0 0 77 68 79 32 101 120 116 114 97 32 100 97 116 97 32 108 111 99 107 0 0 0 0 0 0 0 0 0 0 0 0 0 0 0 0 0 0 0 0 0 0 0 0 0 0 0 0 0 0 0 0 0 0 0 0 0 0 0 0 0 0 0 0 0 0 0 0 0 0 0 0 0 0 0 0 0 0 0 0 0 0 0 0 0 0 0 0 0 0 0 0 0 0 0 0 0 0 0 0 0 0 0 0 0 0 0 0 0 0 0 0 0 0 0 0 0 0 0 0 0 0 0 0 0 0 0 0 0 0 0 0 0 0 0 0 0 237 0 0 0 73 107 86 0 1 0 0 0 0 0 0 0 0 0 0 0 2 0 0 0 0 0 6 0 2 0 0 0 64 0 0 0 255 255 255 255 2 0 2 0 0 0 0 0 data 8 0x20002 0xacdab 0x70005 0x0 0x90a3980 0xace7c 0x0 0x0 oops 1 4 java/util/ArrayList
ciMethodData java/util/ArrayList rangeCheck (I)V 2 723353 orig 264 72 34 45 113 0 0 0 0 224 225 211 5 0 0 0 0 104 1 0 0 0 0 0 0 0 0 0 0 0 0 0 0 0 0 0 0 0 0 0 0 0 0 0 0 0 0 0 0 0 0 0 0 0 0 0 0 0 0 0 0 0 0 0 0 0 0 0 0 0 0 0 0 0 0 0 0 0 0 0 0 77 68 79 32 101 120 116 114 97 32 100 97 116 97 32 108 111 99 107 0 0 0 0 0 0 0 0 0 0 0 0 0 0 0 0 0 0 0 0 0 0 0 0 0 0 0 0 0 0 0 0 0 0 0 0 0 0 0 0 0 0 0 0 0 0 0 0 0 0 0 0 0 0 0 0 0 0 0 0 0 0 0 0 0 0 0 0 0 0 0 0 0 0 0 0 0 0 0 0 0 0 0 0 0 0 0 0 0 0 0 0 0 0 0 0 0 0 0 0 0 0 0 0 0 0 0 0 0 0 0 0 0 0 0 0 0 237 0 0 0 97 69 88 0 1 0 0 0 0 0 0 0 0 0 0 0 2 0 0 0 0 0 5 0 2 0 0 0 64 0 0 0 255 255 255 255 7 0 5 0 0 0 0 0 data 8 0x50007 0xb08e2 0x40 0x0 0xe0002 0x0 0x110002 0x0 oops 0
ciMethodData java/util/ArrayList elementData (I)Ljava/lang/Object; 2 722944 orig 264 72 34 45 113 0 0 0 0 96 216 211 5 0 0 0 0 40 1 0 0 0 0 0 0 0 0 0 0 0 0 0 0 0 0 0 0 0 0 0 0 0 0 0 0 0 0 0 0 0 0 0 0 0 0 0 0 0 0 0 0 0 0 0 0 0 0 0 0 0 0 0 0 0 0 0 0 0 0 0 0 77 68 79 32 101 120 116 114 97 32 100 97 116 97 32 108 111 99 107 0 0 0 0 0 0 0 0 0 0 0 0 0 0 0 0 0 0 0 0 0 0 0 0 0 0 0 0 0 0 0 0 0 0 0 0 0 0 0 0 0 0 0 0 0 0 0 0 0 0 0 0 0 0 0 0 0 0 0 0 0 0 0 0 0 0 0 0 0 0 0 0 0 0 0 0 0 0 0 0 0 0 0 0 0 0 0 0 0 0 0 0 0 0 0 0 0 0 0 0 0 0 0 0 0 0 0 0 0 0 0 0 0 0 0 0 0 237 0 0 0 153 56 88 0 1 0 0 0 0 0 0 0 0 0 0 0 2 0 0 0 0 0 3 0 1 0 0 0 0 0 0 0 255 255 255 255 0 0 0 0 0 0 0 0 data 0 oops 0
ciMethodData java/util/ArrayList add (Ljava/lang/Object;)Z 2 179141 orig 264 72 34 45 113 0 0 0 0 88 218 211 5 0 0 0 0 144 1 0 0 0 0 0 0 0 0 0 0 0 0 0 0 0 0 0 0 0 0 0 0 0 0 0 0 0 0 0 0 0 0 0 0 0 0 0 0 0 0 0 0 0 0 0 0 0 0 0 0 0 0 0 0 0 0 0 0 0 0 0 0 77 68 79 32 101 120 116 114 97 32 100 97 116 97 32 108 111 99 107 0 0 0 0 0 0 0 0 0 0 0 0 0 0 0 0 0 0 0 0 0 0 0 0 0 0 0 0 0 0 0 0 0 0 0 0 0 0 0 0 0 0 0 0 0 0 0 0 0 0 0 0 0 0 0 0 0 0 0 0 0 0 0 0 0 0 0 0 0 0 0 0 0 0 0 0 0 0 0 0 0 0 0 0 0 17 0 0 0 0 0 0 0 0 0 0 0 0 0 0 0 1 0 0 0 0 0 0 0 0 0 0 0 0 0 0 0 80 0 0 0 169 219 21 0 1 0 0 0 0 0 0 0 0 0 0 0 2 0 0 0 0 0 15 0 2 0 0 0 64 0 0 0 255 255 255 255 2 0 7 0 0 0 0 0 data 8 0x70002 0x2bb8d 0x1a0104 0x0 0x9845310 0x15d 0x98453c0 0x10 oops 2 4 java/util/zip/ZipEntry 6 java/util/concurrent/FutureTask
ciMethodData java/util/ArrayList ensureCapacityInternal (I)V 2 182805 orig 264 72 34 45 113 0 0 0 0 208 207 211 5 0 0 0 0 144 1 0 0 32 0 0 0 0 0 0 0 0 0 0 0 0 0 0 0 0 0 0 0 0 0 0 0 0 0 0 0 0 0 0 0 0 0 0 0 0 0 0 0 0 0 0 0 0 0 0 0 0 0 0 0 0 0 0 0 0 0 0 0 77 68 79 32 101 120 116 114 97 32 100 97 116 97 32 108 111 99 107 0 0 0 0 0 0 0 0 0 0 0 0 0 0 0 0 0 0 0 0 0 0 0 0 0 0 0 0 0 0 0 0 0 0 0 0 0 0 0 0 0 0 0 0 0 0 0 0 0 0 0 0 0 0 0 0 0 0 0 0 0 0 0 0 0 0 0 0 0 0 0 0 0 0 0 0 0 0 0 0 0 0 0 0 0 17 0 0 0 0 0 0 0 0 0 0 0 0 0 0 0 1 0 0 0 0 0 0 0 0 0 0 0 0 0 0 0 80 0 0 0 41 78 22 0 1 0 0 0 0 0 0 0 0 0 0 0 2 0 0 0 0 0 14 0 2 0 0 0 64 0 0 0 255 255 255 255 7 0 7 0 0 0 0 0 data 8 0x70007 0x21687 0x30 0xb362 0xd0002 0xb367 0x130002 0x2c9d8 oops 0
ciMethodData java/util/ArrayList ensureExplicitCapacity (I)V 2 181301 orig 264 72 34 45 113 0 0 0 0 128 208 211 5 0 0 0 0 88 1 0 0 0 0 0 0 0 0 0 0 0 0 0 0 0 0 0 0 0 0 0 0 0 0 0 0 0 0 0 0 0 0 0 0 0 0 0 0 0 0 0 0 0 0 0 0 0 0 0 0 0 0 0 0 0 0 0 0 0 0 0 0 77 68 79 32 101 120 116 114 97 32 100 97 116 97 32 108 111 99 107 0 0 0 0 0 0 0 0 0 0 0 0 0 0 0 0 0 0 0 0 0 0 0 0 0 0 0 0 0 0 0 0 0 0 0 0 0 0 0 0 0 0 0 0 0 0 0 0 0 0 0 0 0 0 0 0 0 0 0 0 0 0 0 0 0 0 0 0 0 0 0 0 0 0 0 0 0 0 0 0 0 0 0 0 0 17 0 0 0 0 0 0 0 0 0 0 0 0 0 0 0 1 0 0 0 0 0 0 0 0 0 0 0 0 0 0 0 80 0 0 0 41 31 22 0 1 0 0 0 0 0 0 0 0 0 0 0 2 0 0 0 0 0 6 0 2 0 0 0 48 0 0 0 255 255 255 255 7 0 17 0 0 0 0 0 data 6 0x110007 0x23be2 0x30 0x8814 0x160002 0x881a oops 0
ciMethodData java/util/ArrayList grow (I)V 2 8231 orig 264 72 34 45 113 0 0 0 0 72 209 211 5 0 0 0 0 176 1 0 0 64 0 0 0 0 0 0 0 0 0 0 0 0 0 0 0 0 0 0 0 0 0 0 0 0 0 0 0 0 0 0 0 0 0 0 0 0 0 0 0 0 0 0 0 0 0 0 0 0 0 0 0 0 0 0 0 0 0 0 0 77 68 79 32 101 120 116 114 97 32 100 97 116 97 32 108 111 99 107 0 0 0 0 0 0 0 0 0 0 0 0 0 0 0 0 0 0 0 0 0 0 0 0 0 0 0 0 0 0 0 0 0 0 0 0 0 0 0 0 0 0 0 0 0 0 0 0 0 0 0 0 0 0 0 0 0 0 0 0 0 0 0 0 0 0 0 0 0 0 0 0 0 0 0 0 0 0 0 0 0 0 0 0 0 17 0 0 0 0 0 0 0 0 0 0 0 0 0 0 0 1 0 0 0 0 0 0 0 0 0 0 0 0 0 0 0 11 0 0 0 225 0 1 0 1 0 0 0 0 0 0 0 0 0 0 0 2 0 0 0 0 0 15 0 2 0 0 0 96 0 0 0 255 255 255 255 7 0 15 0 0 0 0 0 data 12 0xf0007 0x203 0x20 0x1e19 0x180007 0x201d 0x30 0x0 0x1c0002 0x0 0x260002 0x201c oops 0
ciMethod java/util/ArrayList$Itr <init> (Ljava/util/ArrayList;)V 2201 1 126098 0 0
ciMethod java/util/ArrayList$Itr hasNext ()Z 3961 1 345265 0 96
ciMethod java/util/ArrayList$Itr next ()Ljava/lang/Object; 4097 1 8027 0 224
ciMethod java/util/ArrayList$Itr checkForComodification ()V 4097 1 8029 0 0
ciMethod java/util/ArrayList$Itr <init> (Ljava/util/ArrayList;Ljava/util/ArrayList$1;)V 2201 1 126096 0 96
ciMethod java/lang/IndexOutOfBoundsException <init> (Ljava/lang/String;)V 0 0 1 0 -1
ciMethodData java/util/ArrayList$Itr hasNext ()Z 2 345265 orig 264 72 34 45 113 0 0 0 0 152 33 244 5 0 0 0 0 144 1 0 0 0 0 0 0 0 0 0 0 0 0 0 0 0 0 0 0 0 0 0 0 0 0 0 0 0 0 0 0 0 0 0 0 0 0 0 0 0 0 0 0 0 0 0 0 0 0 0 0 0 0 0 0 0 0 0 0 0 0 0 0 77 68 79 32 101 120 116 114 97 32 100 97 116 97 32 108 111 99 107 0 0 0 0 0 0 0 0 0 0 0 0 0 0 0 0 0 0 0 0 0 0 0 0 0 0 0 0 0 0 0 0 0 0 0 0 0 0 0 0 0 0 0 0 0 0 0 0 0 0 0 0 0 0 0 0 0 0 0 0 0 0 0 0 0 0 0 0 0 0 0 0 0 0 0 0 0 0 0 0 0 0 0 0 0 0 0 0 0 0 0 0 0 0 0 0 0 0 0 0 0 0 0 0 0 0 0 0 0 0 0 0 0 0 0 0 0 237 1 0 0 17 22 42 0 1 0 0 0 0 0 0 0 0 0 0 0 2 0 0 0 0 0 6 0 2 0 0 0 72 0 0 0 255 255 255 255 2 0 8 0 0 0 0 0 data 9 0x80002 0x54303 0xb0007 0x9f03 0x38 0x4a43f 0xf0003 0x4a43f 0x18 oops 0
ciMethodData java/util/ArrayList$Itr next ()Ljava/lang/Object; 2 8027 orig 264 72 34 45 113 0 0 0 0 120 34 244 5 0 0 0 0 232 1 0 0 96 0 0 0 0 0 0 0 0 0 0 0 0 0 0 0 0 0 0 0 0 0 0 0 0 0 0 0 0 0 0 0 0 0 0 0 0 0 0 0 0 0 0 0 0 0 0 0 0 0 0 0 0 0 0 0 0 0 0 0 77 68 79 32 101 120 116 114 97 32 100 97 116 97 32 108 111 99 107 0 0 0 0 0 0 0 0 0 0 0 0 0 0 0 0 0 0 0 0 0 0 0 0 0 0 0 0 0 0 0 0 0 0 0 0 0 0 0 0 0 0 0 0 0 0 0 0 0 0 0 0 0 0 0 0 0 0 0 0 0 0 0 0 0 0 0 0 0 0 0 0 0 0 0 0 0 0 0 0 0 0 0 0 0 0 0 0 0 0 0 0 0 0 0 0 0 0 0 0 0 0 0 0 0 0 0 0 0 0 0 0 0 0 0 0 0 0 2 0 0 217 234 0 0 1 0 0 0 0 0 0 0 0 0 0 0 2 0 0 0 0 0 10 0 2 0 0 0 160 0 0 0 255 255 255 255 5 0 1 0 0 0 0 0 data 20 0x10005 0x35 0x9063150 0x1d27 0x0 0x0 0xe0002 0x1d62 0x110007 0x1d63 0x30 0x0 0x180002 0x0 0x270007 0x1d62 0x30 0x0 0x2e0002 0x0 oops 1 2 java/util/ArrayList$Itr
ciMethodData java/util/ArrayList$Itr checkForComodification ()V 2 8029 orig 264 72 34 45 113 0 0 0 0 8 37 244 5 0 0 0 0 80 1 0 0 0 0 0 0 0 0 0 0 0 0 0 0 0 0 0 0 0 0 0 0 0 0 0 0 0 0 0 0 0 0 0 0 0 0 0 0 0 0 0 0 0 0 0 0 0 0 0 0 0 0 0 0 0 0 0 0 0 0 0 0 77 68 79 32 101 120 116 114 97 32 100 97 116 97 32 108 111 99 107 0 0 0 0 0 0 0 0 0 0 0 0 0 0 0 0 0 0 0 0 0 0 0 0 0 0 0 0 0 0 0 0 0 0 0 0 0 0 0 0 0 0 0 0 0 0 0 0 0 0 0 0 0 0 0 0 0 0 0 0 0 0 0 0 0 0 0 0 0 0 0 0 0 0 0 0 0 0 0 0 0 0 0 0 0 0 0 0 0 0 0 0 0 0 0 0 0 0 0 0 0 0 0 0 0 0 0 0 0 0 0 0 0 0 0 0 0 0 2 0 0 233 234 0 0 1 0 0 0 0 0 0 0 0 0 0 0 2 0 0 0 0 0 5 0 2 0 0 0 48 0 0 0 255 255 255 255 7 0 11 0 0 0 0 0 data 6 0xb0007 0x1d5f 0x30 0x0 0x120002 0x0 oops 0
ciMethodData java/util/Arrays copyOf ([Ljava/lang/Object;I)[Ljava/lang/Object; 2 18346 orig 264 72 34 45 113 0 0 0 0 64 106 216 5 0 0 0 0 192 1 0 0 0 0 0 0 0 0 0 0 0 0 0 0 0 0 0 0 0 0 0 0 0 0 0 0 0 0 0 0 0 0 0 0 0 0 0 0 0 0 0 0 0 0 0 0 0 0 0 0 0 0 0 0 0 0 0 0 0 0 0 0 77 68 79 32 101 120 116 114 97 32 100 97 116 97 32 108 111 99 107 0 0 0 0 0 0 0 0 0 0 0 0 0 0 0 0 0 0 0 0 0 0 0 0 0 0 0 0 0 0 0 0 0 0 0 0 0 0 0 0 0 0 0 0 0 0 0 0 0 0 0 0 0 0 0 0 0 0 0 0 0 0 0 0 0 0 0 0 0 0 0 0 0 0 0 0 0 0 0 0 0 0 0 0 0 0 0 0 0 0 0 0 0 0 0 0 0 0 0 0 0 0 0 0 0 0 0 0 0 0 0 0 0 0 0 0 0 53 1 0 0 169 51 2 0 1 0 0 0 0 0 0 0 0 0 0 0 2 0 0 0 0 0 3 0 2 0 0 0 112 0 0 0 255 255 255 255 5 0 3 0 0 0 0 0 data 14 0x30005 0x0 0x99b3bc0 0x4675 0x0 0x0 0x60002 0x467b 0x90004 0x0 0x0 0x0 0x0 0x0 oops 1 2 [Ljava/lang/Object;
ciMethodData java/util/ArrayList iterator ()Ljava/util/Iterator; 2 124141 orig 264 72 34 45 113 0 0 0 0 8 234 211 5 0 0 0 0 48 1 0 0 0 0 0 0 0 0 0 0 0 0 0 0 0 0 0 0 0 0 0 0 0 0 0 0 0 0 0 0 0 0 0 0 0 0 0 0 0 0 0 0 0 0 0 0 0 0 0 0 0 0 0 0 0 0 0 0 0 0 0 0 77 68 79 32 101 120 116 114 97 32 100 97 116 97 32 108 111 99 107 0 0 0 0 0 0 0 0 0 0 0 0 0 0 0 0 0 0 0 0 0 0 0 0 0 0 0 0 0 0 0 0 0 0 0 0 0 0 0 0 0 0 0 0 0 0 0 0 0 0 0 0 0 0 0 0 0 0 0 0 0 0 0 0 0 0 0 0 0 0 0 0 0 0 0 0 0 0 0 0 0 0 0 0 0 0 0 0 0 0 0 0 0 0 0 0 0 0 0 0 0 0 0 0 0 0 0 0 0 0 0 0 0 0 0 0 0 19 1 0 0 209 30 15 0 1 0 0 0 0 0 0 0 0 0 0 0 2 0 0 0 0 0 3 0 2 0 0 0 16 0 0 0 255 255 255 255 2 0 6 0 0 0 0 0 data 2 0x60002 0x1e3d1 oops 0
ciMethodData java/util/ArrayList$Itr <init> (Ljava/util/ArrayList;Ljava/util/ArrayList$1;)V 2 126096 orig 264 72 34 45 113 0 0 0 0 160 37 244 5 0 0 0 0 64 1 0 0 0 0 0 0 0 0 0 0 0 0 0 0 0 0 0 0 0 0 0 0 0 0 0 0 0 0 0 0 0 0 0 0 0 0 0 0 0 0 0 0 0 0 0 0 0 0 0 0 0 0 0 0 0 0 0 0 0 0 0 0 77 68 79 32 101 120 116 114 97 32 100 97 116 97 32 108 111 99 107 0 0 0 0 0 0 0 0 0 0 0 0 0 0 0 0 0 0 0 0 0 0 0 0 0 0 0 0 0 0 0 0 0 0 0 0 0 0 0 0 0 0 0 0 0 0 0 0 0 0 0 0 0 0 0 0 0 0 0 0 0 0 0 0 0 0 0 0 0 0 0 0 0 0 0 0 0 0 0 0 0 0 0 0 0 1 0 0 0 0 0 0 0 4 0 0 0 0 0 0 0 5 0 0 0 0 0 0 0 0 0 0 0 0 0 0 0 19 1 0 0 233 91 15 0 1 0 0 0 0 0 0 0 0 0 0 0 2 0 0 0 0 0 3 0 2 0 0 0 16 0 0 0 255 255 255 255 2 0 2 0 0 0 0 0 data 2 0x20002 0x1eb80 oops 0
ciMethodData java/util/ArrayList$Itr <init> (Ljava/util/ArrayList;)V 2 126106 orig 264 72 34 45 113 0 0 0 0 240 32 244 5 0 0 0 0 56 1 0 0 0 0 0 0 0 0 0 0 0 0 0 0 0 0 0 0 0 0 0 0 0 0 0 0 0 0 0 0 0 0 0 0 0 0 0 0 0 0 0 0 0 0 0 0 0 0 0 0 0 0 0 0 0 0 0 0 0 0 0 0 77 68 79 32 101 120 116 114 97 32 100 97 116 97 32 108 111 99 107 0 0 0 0 0 0 0 0 0 0 0 0 0 0 0 0 0 0 0 0 0 0 0 0 0 0 0 0 0 0 0 0 0 0 0 0 0 0 0 0 0 0 0 0 0 0 0 0 0 0 0 0 0 0 0 0 0 0 0 0 0 0 0 0 0 0 0 0 0 0 0 0 0 0 0 0 0 0 0 0 0 0 0 0 0 1 0 0 0 0 0 0 0 0 0 0 0 0 0 0 0 1 0 0 0 0 0 0 0 0 0 0 0 0 0 0 0 19 1 0 0 57 92 15 0 1 0 0 0 0 0 0 0 0 0 0 0 2 0 0 0 0 0 0 0 0 0 0 0 16 0 0 0 255 255 255 255 2 0 6 0 0 0 0 0 data 2 0x60002 0x1eb91 oops 0
ciMethodData java/util/ArrayList clear ()V 2 21077 orig 264 72 34 45 113 0 0 0 0 136 222 211 5 0 0 0 0 176 1 0 0 0 0 0 0 0 0 0 0 0 0 0 0 0 0 0 0 0 0 0 0 0 0 0 0 0 0 0 0 0 0 0 0 0 0 0 0 0 0 0 0 0 0 0 0 0 0 0 0 0 0 0 0 0 0 0 0 0 0 0 0 77 68 79 32 101 120 116 114 97 32 100 97 116 97 32 108 111 99 107 0 0 0 0 0 0 0 0 0 0 0 0 0 0 0 0 0 0 0 0 0 0 0 0 0 0 0 0 0 0 0 0 0 0 0 0 0 0 0 0 0 0 0 0 0 0 0 0 0 0 0 0 0 0 0 0 0 0 0 0 0 0 0 0 0 0 0 0 0 0 0 0 0 0 0 0 0 0 0 0 0 0 0 0 0 0 0 0 0 0 0 0 0 0 0 0 0 0 0 0 0 0 0 0 0 0 0 0 0 0 0 0 0 0 0 0 0 0 4 0 0 153 12 1 0 169 114 2 0 0 0 0 0 0 0 0 0 2 0 0 0 1 0 6 0 2 0 0 0 104 0 0 0 255 255 255 255 7 0 17 0 0 0 0 0 data 13 0x110007 0x219a 0x68 0x4e53 0x1a0104 0x0 0x0 0x0 0x0 0x0 0x1e0003 0x4e57 0xffffffffffffffb0 oops 0
ciMethod com/android/dex/util/ExceptionWithContext addContext (Ljava/lang/String;)V 0 0 1 0 -1
ciMethod com/android/dx/rop/cst/CstType getClassType ()Lcom/android/dx/rop/type/Type; 1201 1 150 0 0
ciMethod com/android/dx/rop/type/TypeBearer getType ()Lcom/android/dx/rop/type/Type; 0 0 1 0 -1
ciMethod com/android/dx/rop/type/TypeBearer getFrameType ()Lcom/android/dx/rop/type/TypeBearer; 0 0 1 0 -1
ciMethod com/android/dx/rop/cst/ConstantPool get (I)Lcom/android/dx/rop/cst/Constant; 0 0 1 0 -1
ciMethod com/android/dx/util/ByteArray getByte (I)I 49 1 326 0 -1
ciMethod com/android/dx/util/ByteArray getShort (I)I 257 1 1944 0 -1
ciMethod com/android/dx/util/ByteArray getInt (I)I 1577 1 5936 0 -1
ciMethod com/android/dx/util/ByteArray getUnsignedByte (I)I 2401 1 119407 0 -1
ciMethod com/android/dx/util/ByteArray getUnsignedShort (I)I 2185 1 47482 0 -1
ciMethod com/android/dx/cf/code/BytecodeArray$Visitor visitInvalid (III)V 0 0 1 0 -1
ciMethod com/android/dx/cf/code/BytecodeArray$Visitor visitNoArgs (IIILcom/android/dx/rop/type/Type;)V 0 0 1 0 -1
ciMethod com/android/dx/cf/code/BytecodeArray$Visitor visitLocal (IIIILcom/android/dx/rop/type/Type;I)V 0 0 1 0 -1
ciMethod com/android/dx/cf/code/BytecodeArray$Visitor visitConstant (IIILcom/android/dx/rop/cst/Constant;I)V 0 0 1 0 -1
ciMethod com/android/dx/cf/code/BytecodeArray$Visitor visitBranch (IIII)V 0 0 1 0 -1
ciMethod com/android/dx/rop/cst/CstInteger make (I)Lcom/android/dx/rop/cst/CstInteger; 113 1 2564 0 -1
ciMethod com/android/dx/rop/cst/CstInteger getValue ()I 2377 1 6315 0 -1
ciMethod com/android/dx/util/MutabilityControl <init> (Z)V 2049 1 44351 0 32
ciMethod com/android/dx/util/MutabilityControl setImmutable ()V 2049 1 146049 0 0
ciMethod com/android/dx/util/MutabilityControl throwIfImmutable ()V 4001 1 247078 0 64
ciMethod com/android/dx/util/MutabilityControl throwIfMutable ()V 4097 1 43070 0 0
ciMethod com/android/dx/rop/type/Type getCategory ()I 2049 1 2376 0 -1
ciMethod com/android/dx/rop/type/StdTypeList <init> (I)V 2049 1 7502 0 0
ciMethod com/android/dx/rop/type/StdTypeList set (ILcom/android/dx/rop/type/Type;)V 4097 1 3264 0 0
ciMethod com/android/dx/util/FixedSizeList <init> (I)V 2049 1 8851 0 288
ciMethod com/android/dx/util/FixedSizeList size ()I 2065 1 325615 0 0
ciMethod com/android/dx/util/FixedSizeList get0 (I)Ljava/lang/Object; 2401 1 9647 0 128
ciMethod com/android/dx/util/FixedSizeList set0 (ILjava/lang/Object;)V 3113 1 135394 0 224
ciMethod com/android/dx/util/FixedSizeList throwIndex (I)Ljava/lang/Object; 0 0 1 0 -1
ciMethod com/android/dx/cf/iface/Member getAccessFlags ()I 0 0 1 0 -1
ciMethod com/android/dx/cf/iface/StdMember getAccessFlags ()I 2041 1 255 0 0
ciMethod com/android/dx/cf/code/BytecodeArray parseInstruction (ILcom/android/dx/cf/code/BytecodeArray$Visitor;)I 4113 1 25610 0 -1
ciMethod com/android/dx/cf/code/BytecodeArray parseTableswitch (ILcom/android/dx/cf/code/BytecodeArray$Visitor;)I 1 1 18 0 -1
ciMethod com/android/dx/cf/code/BytecodeArray parseLookupswitch (ILcom/android/dx/cf/code/BytecodeArray$Visitor;)I 1 1 28 0 -1
ciMethod com/android/dx/cf/code/BytecodeArray parseNewarray (ILcom/android/dx/cf/code/BytecodeArray$Visitor;)I 17 17 34 0 -1
ciMethod com/android/dx/cf/code/BytecodeArray parseWide (ILcom/android/dx/cf/code/BytecodeArray$Visitor;)I 0 0 1 0 -1
ciMethod com/android/dx/cf/code/ByteCatchList get (I)Lcom/android/dx/cf/code/ByteCatchList$Item; 1337 1 1565 0 0
ciMethod com/android/dx/cf/code/ByteCatchList toRopCatchList ()Lcom/android/dx/rop/type/TypeList; 4097 265 9031 0 0
ciMethod com/android/dx/cf/attrib/AttCode getCatches ()Lcom/android/dx/cf/code/ByteCatchList; 1793 1 224 0 0
ciMethodData com/android/dx/util/MutabilityControl throwIfImmutable ()V 2 247078 orig 264 72 34 45 113 0 0 0 0 80 108 11 6 0 0 0 0 80 1 0 0 0 0 0 0 0 0 0 0 0 0 0 0 0 0 0 0 0 0 0 0 0 0 0 0 0 0 0 0 0 0 0 0 0 0 0 0 0 0 0 0 0 0 0 0 0 0 0 0 0 0 0 0 0 0 0 0 0 0 0 0 77 68 79 32 101 120 116 114 97 32 100 97 116 97 32 108 111 99 107 0 0 0 0 0 0 0 0 0 0 0 0 0 0 0 0 0 0 0 0 0 0 0 0 0 0 0 0 0 0 0 0 0 0 0 0 0 0 0 0 0 0 0 0 0 0 0 0 0 0 0 0 0 0 0 0 0 0 0 0 0 0 0 0 0 0 0 0 0 0 0 0 0 0 0 0 0 0 0 0 0 0 0 0 0 25 0 0 0 0 0 0 0 0 0 0 0 0 0 0 0 1 0 0 0 0 0 0 0 0 0 0 0 0 0 0 0 244 1 0 0 145 25 30 0 1 0 0 0 0 0 0 0 0 0 0 0 2 0 0 0 0 0 5 0 2 0 0 0 48 0 0 0 255 255 255 255 7 0 4 0 0 0 0 0 data 6 0x40007 0x3c33f 0x30 0x0 0xd0002 0x0 oops 0
ciMethodData com/android/dx/util/FixedSizeList set0 (ILjava/lang/Object;)V 2 135394 orig 264 72 34 45 113 0 0 0 0 176 38 12 6 0 0 0 0 224 1 0 0 0 0 0 0 0 0 0 0 0 0 0 0 0 0 0 0 0 0 0 0 0 0 0 0 0 0 0 0 0 0 0 0 0 0 0 0 0 0 0 0 0 0 0 0 0 0 0 0 0 0 0 0 0 0 0 0 0 0 0 0 77 68 79 32 101 120 116 114 97 32 100 97 116 97 32 108 111 99 107 0 0 0 0 0 0 0 0 0 0 0 0 0 0 0 0 0 0 0 0 0 0 0 0 0 0 0 0 0 0 0 0 0 0 0 0 0 0 0 0 0 0 0 0 0 0 0 0 0 0 0 0 0 0 0 0 0 0 0 0 0 0 0 0 0 0 0 0 0 0 0 0 0 0 0 0 0 0 0 0 0 0 0 0 0 17 0 0 0 0 0 0 0 0 0 0 0 0 0 0 0 0 0 0 0 0 0 0 0 0 0 0 0 0 0 0 0 132 1 0 0 233 122 16 0 1 0 0 0 0 0 0 0 0 0 0 0 2 0 0 0 0 0 11 0 2 0 0 0 136 0 0 0 255 255 255 255 5 0 1 0 0 0 0 0 data 17 0x10005 0x1d0d3 0x928b210 0xd36 0x99b1080 0x3161 0xa0104 0x0 0x928b2c0 0x1060 0x928b370 0x374 0xb0003 0x20f63 0x28 0x110002 0x0 oops 4 2 com/android/dx/cf/iface/StdAttributeList 4 com/android/dx/rop/type/StdTypeList 8 com/android/dx/cf/code/LineNumberList$Item 10 com/android/dx/cf/attrib/AttLineNumberTable
ciMethodData com/android/dx/util/MutabilityControl setImmutable ()V 2 146288 orig 264 72 34 45 113 0 0 0 0 64 106 11 6 0 0 0 0 32 1 0 0 0 0 0 0 0 0 0 0 0 0 0 0 0 0 0 0 0 0 0 0 0 0 0 0 0 0 0 0 0 0 0 0 0 0 0 0 0 0 0 0 0 0 0 0 0 0 0 0 0 0 0 0 0 0 0 0 0 0 0 0 77 68 79 32 101 120 116 114 97 32 100 97 116 97 32 108 111 99 107 0 0 0 0 0 0 0 0 0 0 0 0 0 0 0 0 0 0 0 0 0 0 0 0 0 0 0 0 0 0 0 0 0 0 0 0 0 0 0 0 0 0 0 0 0 0 0 0 0 0 0 0 0 0 0 0 0 0 0 0 0 0 0 0 0 0 0 0 0 0 0 0 0 0 0 0 0 0 0 0 0 0 0 0 0 0 0 0 0 0 0 0 0 0 0 0 0 0 0 0 0 0 0 0 0 0 0 0 0 0 0 0 0 0 0 0 0 0 1 0 0 129 211 17 0 1 0 0 0 0 0 0 0 0 0 0 0 2 0 0 0 0 0 3 0 1 0 0 0 0 0 0 0 255 255 255 255 0 0 0 0 0 0 0 0 data 0 oops 0
ciMethodData com/android/dx/util/MutabilityControl <init> (Z)V 2 44360 orig 264 72 34 45 113 0 0 0 0 152 105 11 6 0 0 0 0 56 1 0 0 0 0 0 0 0 0 0 0 0 0 0 0 0 0 0 0 0 0 0 0 0 0 0 0 0 0 0 0 0 0 0 0 0 0 0 0 0 0 0 0 0 0 0 0 0 0 0 0 0 0 0 0 0 0 0 0 0 0 0 0 77 68 79 32 101 120 116 114 97 32 100 97 116 97 32 108 111 99 107 0 0 0 0 0 0 0 0 0 0 0 0 0 0 0 0 0 0 0 0 0 0 0 0 0 0 0 0 0 0 0 0 0 0 0 0 0 0 0 0 0 0 0 0 0 0 0 0 0 0 0 0 0 0 0 0 0 0 0 0 0 0 0 0 0 0 0 0 0 0 0 0 0 0 0 0 0 0 0 0 0 0 0 0 0 0 0 0 0 0 0 0 0 0 0 0 0 0 0 0 0 0 0 0 0 0 0 0 0 0 0 0 0 0 0 0 0 0 1 0 0 57 98 5 0 1 0 0 0 0 0 0 0 0 0 0 0 2 0 0 0 0 0 3 0 2 0 0 0 16 0 0 0 255 255 255 255 2 0 1 0 0 0 0 0 data 2 0x10002 0xac57 oops 0
ciMethodData com/android/dx/util/FixedSizeList <init> (I)V 2 8851 orig 264 72 34 45 113 0 0 0 0 56 28 12 6 0 0 0 0 152 1 0 0 56 0 0 0 0 0 0 0 0 0 0 0 0 0 0 0 0 0 0 0 0 0 0 0 0 0 0 0 0 0 0 0 0 0 0 0 0 0 0 0 0 0 0 0 0 0 0 0 0 0 0 0 0 0 0 0 0 0 0 0 77 68 79 32 101 120 116 114 97 32 100 97 116 97 32 108 111 99 107 0 0 0 0 0 0 0 0 0 0 0 0 0 0 0 0 0 0 0 0 0 0 0 0 0 0 0 0 0 0 0 0 0 0 0 0 0 0 0 0 0 0 0 0 0 0 0 0 0 0 0 0 0 0 0 0 0 0 0 0 0 0 0 0 0 0 0 0 0 0 0 0 0 0 0 0 0 0 0 0 0 0 0 0 0 0 0 0 0 0 0 0 0 0 0 0 0 0 0 0 0 0 0 0 0 0 0 0 0 0 0 0 0 0 0 0 0 0 1 0 0 153 12 1 0 1 0 0 0 0 0 0 0 0 0 0 0 2 0 0 0 0 0 10 0 2 0 0 0 112 0 0 0 255 255 255 255 7 0 2 0 0 0 0 0 data 14 0x20007 0xb43 0x38 0x1650 0x60003 0x164f 0x18 0xa0002 0x2194 0x150003 0x2197 0x28 0x1f0002 0x0 oops 0
ciMethodData com/android/dx/util/FixedSizeList size ()I 2 325753 orig 264 72 34 45 113 0 0 0 0 96 34 12 6 0 0 0 0 32 1 0 0 0 0 0 0 0 0 0 0 0 0 0 0 0 0 0 0 0 0 0 0 0 0 0 0 0 0 0 0 0 0 0 0 0 0 0 0 0 0 0 0 0 0 0 0 0 0 0 0 0 0 0 0 0 0 0 0 0 0 0 0 77 68 79 32 101 120 116 114 97 32 100 97 116 97 32 108 111 99 107 0 0 0 0 0 0 0 0 0 0 0 0 0 0 0 0 0 0 0 0 0 0 0 0 0 0 0 0 0 0 0 0 0 0 0 0 0 0 0 0 0 0 0 0 0 0 0 0 0 0 0 0 0 0 0 0 0 0 0 0 0 0 0 0 0 0 0 0 0 0 0 0 0 0 0 0 0 0 0 0 0 0 0 0 0 1 0 0 0 0 0 0 0 0 0 0 0 0 0 0 0 1 0 0 0 0 0 0 0 0 0 0 0 0 0 0 0 2 1 0 0 185 187 39 0 1 0 0 0 0 0 0 0 0 0 0 0 2 0 0 0 0 0 3 0 1 0 0 0 0 0 0 0 255 255 255 255 0 0 0 0 0 0 0 0 data 0 oops 0
ciMethod com/android/dx/cf/code/ConcreteMethod getAccessFlags ()I 3937 1 11302 0 0
ciMethod com/android/dx/cf/code/ConcreteMethod getCatches ()Lcom/android/dx/cf/code/ByteCatchList; 4097 1 13634 0 0
ciMethod com/android/dx/cf/code/Ropper getSpecialLabel (I)I 4097 1 4105 0 0
ciMethod com/android/dx/cf/code/Ropper getMinimumUnreservedLabel ()I 4097 1 1224 0 0
ciMethod com/android/dx/cf/code/Ropper getAvailableLabel ()I 2329 32769 1224 0 992
ciMethod com/android/dx/cf/code/Ropper isSynchronized ()Z 3937 1 11197 0 0
ciMethod com/android/dx/cf/code/Ropper labelToResultIndex (I)I 2833 32769 1596 0 608
ciMethod com/android/dx/cf/code/Ropper addBlock (Lcom/android/dx/rop/code/BasicBlock;Lcom/android/dx/util/IntList;)V 4097 1 6181 0 0
ciMethod com/android/dx/cf/code/Ropper addOrReplaceBlock (Lcom/android/dx/rop/code/BasicBlock;Lcom/android/dx/util/IntList;)Z 4097 1 9041 0 0
ciMethod com/android/dx/cf/code/Ropper removeBlockAndSpecialSuccessors (I)V 0 0 1 0 -1
ciMethod com/android/dx/cf/code/Ropper processBlock (Lcom/android/dx/cf/code/ByteBlock;Lcom/android/dx/cf/code/Frame;[I)V 4097 14057 9035 0 -1
ciMethod com/android/dx/cf/code/Ropper mergeAndWorkAsNecessary (IILcom/android/dx/cf/code/Ropper$Subroutine;Lcom/android/dx/cf/code/Frame;[I)V 4097 1 9191 0 0
ciMethod com/android/dx/cf/code/Ropper access$000 (Lcom/android/dx/cf/code/Ropper;)Lcom/android/dx/cf/code/Ropper$ExceptionSetupLabelAllocator; 209 1 26 0 -1
ciMethod com/android/dx/rop/code/Insn <init> (Lcom/android/dx/rop/code/Rop;Lcom/android/dx/rop/code/SourcePosition;Lcom/android/dx/rop/code/RegisterSpec;Lcom/android/dx/rop/code/RegisterSpecList;)V 2065 1 8895 0 192
ciMethod com/android/dx/rop/code/Insn getOpcode ()Lcom/android/dx/rop/code/Rop; 1057 1 132 0 0
ciMethod com/android/dx/rop/code/Insn getPosition ()Lcom/android/dx/rop/code/SourcePosition; 1177 1 147 0 0
ciMethod com/android/dx/rop/code/Insn canThrow ()Z 1801 1 1974 0 -1
ciMethod com/android/dx/rop/code/Insn withAddedCatch (Lcom/android/dx/rop/type/Type;)Lcom/android/dx/rop/code/Insn; 0 0 1 0 -1
ciMethod com/android/dx/rop/code/PlainInsn <init> (Lcom/android/dx/rop/code/Rop;Lcom/android/dx/rop/code/SourcePosition;Lcom/android/dx/rop/code/RegisterSpec;Lcom/android/dx/rop/code/RegisterSpecList;)V 4097 1 8750 0 256
ciMethod com/android/dx/util/Bits set ([II)V 2513 1 74436 0 128
ciMethod com/android/dx/util/IntList makeImmutable (I)Lcom/android/dx/util/IntList; 4097 1 12819 0 0
ciMethod com/android/dx/util/IntList <init> ()V 4097 1 23966 0 -1
ciMethod com/android/dx/util/IntList <init> (I)V 2065 1 6486 0 288
ciMethod com/android/dx/util/IntList equals (Ljava/lang/Object;)Z 3073 1 1142 0 -1
ciMethod com/android/dx/util/IntList size ()I 1273 1 159 0 0
ciMethod com/android/dx/util/IntList get (I)I 2169 1 8497 0 128
ciMethod com/android/dx/util/IntList set (II)V 4097 1 9079 0 192
ciMethod com/android/dx/util/IntList add (I)V 2065 1 9474 0 672
ciMethod com/android/dx/util/IntList growIfNeeded ()V 2049 1 9472 0 416
ciMethod com/android/dx/util/IntList mutableCopy ()Lcom/android/dx/util/IntList; 3809 32769 3565 0 1376
ciMethod com/android/dx/util/IntList indexOf (I)I 4097 1 33250 0 0
ciMethod com/android/dx/util/IntList binarysearch (I)I 70537 73841 9743 0 0
ciMethod com/android/dx/util/IntList contains (I)Z 4121 1 24303 0 0
ciMethodData com/android/dx/util/FixedSizeList get0 (I)Ljava/lang/Object; 2 9647 orig 264 72 34 45 113 0 0 0 0 248 36 12 6 0 0 0 0 48 2 0 0 192 0 0 0 0 0 0 0 0 0 0 0 0 0 0 0 0 0 0 0 0 0 0 0 0 0 0 0 0 0 0 0 0 0 0 0 0 0 0 0 0 0 0 0 0 0 0 0 0 0 0 0 0 0 0 0 0 0 0 0 77 68 79 32 101 120 116 114 97 32 100 97 116 97 32 108 111 99 107 0 0 0 0 0 0 0 0 0 0 0 0 0 0 0 0 0 0 0 0 0 0 0 0 0 0 0 0 0 0 0 0 0 0 0 0 0 0 0 0 0 0 0 0 0 0 0 0 0 0 0 0 0 0 0 0 0 0 0 0 0 0 0 0 0 0 0 0 0 0 0 0 0 0 0 0 0 0 0 0 0 0 0 0 0 25 0 0 0 0 0 0 0 0 0 0 0 0 0 0 0 1 0 0 0 0 0 0 0 0 0 0 0 0 0 0 0 44 1 0 0 25 36 1 0 1 0 0 0 0 0 0 0 0 0 0 0 2 0 0 0 0 0 9 0 2 0 0 0 224 0 0 0 255 255 255 255 7 0 8 0 0 0 0 0 data 28 0x80007 0x2485 0xd0 0x0 0x130002 0x0 0x180005 0x0 0x0 0x0 0x0 0x0 0x1c0005 0x0 0x0 0x0 0x0 0x0 0x1f0005 0x0 0x0 0x0 0x0 0x0 0x220002 0x0 0x2b0002 0x0 oops 0
ciMethod com/android/dx/cf/code/ByteOps opInfo (I)I 4305 1 25619 0 -1
ciMethod com/android/dx/cf/code/ByteCatchList$Item getHandlerPc ()I 625 1 78 0 0
ciMethod com/android/dx/cf/code/ByteCatchList$Item getExceptionClass ()Lcom/android/dx/rop/cst/CstType; 793 1 625 0 0
ciMethod com/android/dx/cf/code/ByteBlock getLabel ()I 1649 1 206 0 0
ciMethod com/android/dx/cf/code/ByteBlock getStart ()I 1625 1 203 0 0
ciMethod com/android/dx/cf/code/ByteBlock getEnd ()I 1625 1 203 0 0
ciMethod com/android/dx/cf/code/ByteBlock getSuccessors ()Lcom/android/dx/util/IntList; 1625 1 203 0 0
ciMethod com/android/dx/cf/code/ByteBlock getCatches ()Lcom/android/dx/cf/code/ByteCatchList; 1625 1 203 0 0
ciMethod com/android/dx/cf/code/RopperMachine getInsns ()Ljava/util/ArrayList; 1033 1 129 0 0
ciMethod com/android/dx/cf/code/RopperMachine startBlock (Lcom/android/dx/rop/type/TypeList;)V 4097 1 9032 0 0
ciMethod com/android/dx/cf/code/RopperMachine wereCatchesUsed ()Z 1625 1 203 0 0
ciMethod com/android/dx/cf/code/RopperMachine returns ()Z 1081 1 135 0 0
ciMethod com/android/dx/cf/code/RopperMachine getPrimarySuccessorIndex ()I 1609 1 201 0 0
ciMethod com/android/dx/cf/code/RopperMachine getExtraBlockCount ()I 1033 1 129 0 0
ciMethod com/android/dx/cf/code/RopperMachine canThrow ()Z 0 0 1 0 -1
ciMethod com/android/dx/cf/code/RopperMachine hasJsr ()Z 1625 1 203 0 0
ciMethod com/android/dx/cf/code/RopperMachine hasRet ()Z 4097 1 9033 0 0
ciMethod com/android/dx/cf/code/RopperMachine getReturnAddress ()Lcom/android/dx/cf/code/ReturnAddress; 0 0 1 0 -1
ciMethod com/android/dx/cf/code/Simulator simulate (Lcom/android/dx/cf/code/ByteBlock;Lcom/android/dx/cf/code/Frame;)V 4097 7905 9032 0 0
ciMethod com/android/dx/cf/code/Simulator$SimVisitor setFrame (Lcom/android/dx/cf/code/Frame;)V 4097 1 9069 0 0
ciMethod com/android/dx/cf/code/Simulator$SimVisitor setPreviousOffset (I)V 4097 1 16771 0 0
ciMethod com/android/dx/cf/code/Frame <init> (Lcom/android/dx/cf/code/LocalsArray;Lcom/android/dx/cf/code/ExecutionStack;Lcom/android/dx/util/IntList;)V 4097 1 10354 0 0
ciMethod com/android/dx/cf/code/Frame copy ()Lcom/android/dx/cf/code/Frame; 4097 1 9032 0 0
ciMethod com/android/dx/cf/code/Frame setImmutable ()V 4097 1 10024 0 0
ciMethod com/android/dx/cf/code/Frame getLocals ()Lcom/android/dx/cf/code/LocalsArray; 1521 1 190 0 0
ciMethod com/android/dx/cf/code/Frame getStack ()Lcom/android/dx/cf/code/ExecutionStack; 2289 1 286 0 0
ciMethod com/android/dx/cf/code/Frame getSubroutines ()Lcom/android/dx/util/IntList; 1169 1 146 0 0
ciMethod com/android/dx/cf/code/Frame mergeWith (Lcom/android/dx/cf/code/Frame;)Lcom/android/dx/cf/code/Frame; 1249 1 1143 0 0
ciMethod com/android/dx/cf/code/Frame mergeSubroutineLists (Lcom/android/dx/util/IntList;)Lcom/android/dx/util/IntList; 2265 1 1143 0 0
ciMethod com/android/dx/cf/code/Frame adjustLocalsForSubroutines (Lcom/android/dx/cf/code/LocalsArray;Lcom/android/dx/util/IntList;)Lcom/android/dx/cf/code/LocalsArray; 2265 1 1142 0 0
ciMethod com/android/dx/cf/code/Frame mergeWithSubroutineCaller (Lcom/android/dx/cf/code/Frame;II)Lcom/android/dx/cf/code/Frame; 0 0 1 0 -1
ciMethod com/android/dx/cf/code/Frame makeNewSubroutineStartFrame (II)Lcom/android/dx/cf/code/Frame; 0 0 1 0 -1
ciMethod com/android/dx/cf/code/Frame makeExceptionHandlerStartFrame (Lcom/android/dx/rop/cst/CstType;)Lcom/android/dx/cf/code/Frame; 265 1 198 0 0
ciMethod com/android/dx/cf/code/Frame annotate (Lcom/android/dex/util/ExceptionWithContext;)V 0 0 1 0 0
ciMethod com/android/dx/cf/code/Ropper$Subroutine <init> (Lcom/android/dx/cf/code/Ropper;I)V 0 0 1 0 -1
ciMethod com/android/dx/cf/code/Ropper$Subroutine getStartBlock ()I 0 0 1 0 -1
ciMethod com/android/dx/cf/code/Ropper$Subroutine addCallerBlock (I)V 0 0 1 0 -1
ciMethod com/android/dx/cf/code/Ropper$CatchInfo <init> (Lcom/android/dx/cf/code/Ropper;)V 25 1 26 0 -1
ciMethod com/android/dx/cf/code/Ropper$CatchInfo getSetup (Lcom/android/dx/rop/type/Type;)Lcom/android/dx/cf/code/Ropper$ExceptionHandlerSetup; 265 1 198 0 0
ciMethod com/android/dx/cf/code/Ropper$CatchInfo <init> (Lcom/android/dx/cf/code/Ropper;Lcom/android/dx/cf/code/Ropper$1;)V 25 1 26 0 -1
ciMethod com/android/dx/cf/code/LocalsArray <init> (Z)V 4097 1 10074 0 0
ciMethod com/android/dx/cf/code/LocalsArray copy ()Lcom/android/dx/cf/code/LocalsArray; 0 0 1 0 -1
ciMethod com/android/dx/cf/code/LocalsArray annotate (Lcom/android/dex/util/ExceptionWithContext;)V 0 0 1 0 -1
ciMethod com/android/dx/cf/code/LocalsArray merge (Lcom/android/dx/cf/code/LocalsArray;)Lcom/android/dx/cf/code/LocalsArray; 0 0 1 0 -1
ciMethod com/android/dx/cf/code/OneLocalsArray <init> (I)V 4097 1 10073 0 0
ciMethod com/android/dx/cf/code/OneLocalsArray copy ()Lcom/android/dx/cf/code/OneLocalsArray; 4097 1 9075 0 0
ciMethod com/android/dx/cf/code/OneLocalsArray copy ()Lcom/android/dx/cf/code/LocalsArray; 4097 1 9059 0 0
ciMethod com/android/dx/cf/code/LocalsArraySet getPrimary ()Lcom/android/dx/cf/code/OneLocalsArray; 0 0 1 0 -1
ciMethod com/android/dx/cf/code/ExecutionStack <init> (I)V 4097 1 10350 0 0
ciMethod com/android/dx/cf/code/ExecutionStack copy ()Lcom/android/dx/cf/code/ExecutionStack; 4097 1 9344 0 0
ciMethod com/android/dx/cf/code/ExecutionStack annotate (Lcom/android/dex/util/ExceptionWithContext;)V 0 0 1 0 -1
ciMethod com/android/dx/cf/code/ExecutionStack size ()I 1737 1 217 0 -1
ciMethod com/android/dx/cf/code/ExecutionStack clear ()V 265 681 198 0 -1
ciMethod com/android/dx/cf/code/ExecutionStack push (Lcom/android/dx/rop/type/TypeBearer;)V 3505 1 4400 0 -1
ciMethod com/android/dx/cf/code/ExecutionStack peek (I)Lcom/android/dx/rop/type/TypeBearer; 4097 1 13589 0 -1
ciMethod com/android/dx/cf/code/ExecutionStack change (ILcom/android/dx/rop/type/TypeBearer;)V 257 1 98 0 -1
ciMethod com/android/dx/cf/code/ExecutionStack merge (Lcom/android/dx/cf/code/ExecutionStack;)Lcom/android/dx/cf/code/ExecutionStack; 2265 1 1143 0 0
ciMethod com/android/dx/cf/code/ExecutionStack throwSimException (Ljava/lang/String;)Lcom/android/dx/rop/type/TypeBearer; 0 0 1 0 -1
ciMethod com/android/dx/cf/code/Ropper$ExceptionSetupLabelAllocator getNextLabel ()I 209 1 26 0 -1
ciMethod com/android/dx/rop/code/InsnList <init> (I)V 4097 1 31348 0 0
ciMethod com/android/dx/rop/code/InsnList get (I)Lcom/android/dx/rop/code/Insn; 2313 1 217759 0 192
ciMethod com/android/dx/rop/code/InsnList set (ILcom/android/dx/rop/code/Insn;)V 4097 1 56109 0 0
ciMethod com/android/dx/rop/code/Rop getBranchingness ()I 1073 1 134 0 0
ciMethod com/android/dx/rop/code/BasicBlock <init> (ILcom/android/dx/rop/code/InsnList;Lcom/android/dx/util/IntList;I)V 4097 3729 8602 0 1568
ciMethod com/android/dx/rop/code/BasicBlock getLabel ()I 1065 1 133 0 0
ciMethodData com/android/dx/rop/type/StdTypeList <init> (I)V 2 7502 orig 264 72 34 45 113 0 0 0 0 96 12 12 6 0 0 0 0 56 1 0 0 0 0 0 0 0 0 0 0 0 0 0 0 0 0 0 0 0 0 0 0 0 0 0 0 0 0 0 0 0 0 0 0 0 0 0 0 0 0 0 0 0 0 0 0 0 0 0 0 0 0 0 0 0 0 0 0 0 0 0 0 77 68 79 32 101 120 116 114 97 32 100 97 116 97 32 108 111 99 107 0 0 0 0 0 0 0 0 0 0 0 0 0 0 0 0 0 0 0 0 0 0 0 0 0 0 0 0 0 0 0 0 0 0 0 0 0 0 0 0 0 0 0 0 0 0 0 0 0 0 0 0 0 0 0 0 0 0 0 0 0 0 0 0 0 0 0 0 0 0 0 0 0 0 0 0 0 0 0 0 0 0 0 0 0 0 0 0 0 0 0 0 0 0 0 0 0 0 0 0 0 0 0 0 0 0 0 0 0 0 0 0 0 0 0 0 0 0 1 0 0 113 226 0 0 1 0 0 0 0 0 0 0 0 0 0 0 2 0 0 0 0 0 3 0 2 0 0 0 16 0 0 0 255 255 255 255 2 0 2 0 0 0 0 0 data 2 0x20002 0x1c4e oops 0
ciMethod com/android/dx/cf/code/Merger mergeStack (Lcom/android/dx/cf/code/ExecutionStack;Lcom/android/dx/cf/code/ExecutionStack;)Lcom/android/dx/cf/code/ExecutionStack; 2265 577 1143 0 0
ciMethod com/android/dx/cf/code/Merger mergeType (Lcom/android/dx/rop/type/TypeBearer;Lcom/android/dx/rop/type/TypeBearer;)Lcom/android/dx/rop/type/TypeBearer; 4097 1 7295 0 -1
ciMethodData com/android/dx/util/IntList get (I)I 2 8497 orig 264 72 34 45 113 0 0 0 0 224 241 18 6 0 0 0 0 104 1 0 0 32 0 0 0 0 0 0 0 0 0 0 0 0 0 0 0 0 0 0 0 0 0 0 0 0 0 0 0 0 0 0 0 0 0 0 0 0 0 0 0 0 0 0 0 0 0 0 0 0 0 0 0 0 0 0 0 0 0 0 0 77 68 79 32 101 120 116 114 97 32 100 97 116 97 32 108 111 99 107 0 0 0 0 0 0 0 0 0 0 0 0 0 0 0 0 0 0 0 0 0 0 0 0 0 0 0 0 0 0 0 0 0 0 0 0 0 0 0 0 0 0 0 0 0 0 0 0 0 0 0 0 0 0 0 0 0 0 0 0 0 0 0 0 0 0 0 0 0 0 0 0 0 0 0 0 0 0 0 0 0 0 0 0 0 0 0 0 0 0 0 0 0 0 0 0 0 0 0 0 0 0 0 0 0 0 0 0 0 0 0 0 0 0 0 0 0 15 1 0 0 17 1 1 0 1 0 0 0 0 0 0 0 0 0 0 0 2 0 0 0 0 0 7 0 2 0 0 0 64 0 0 0 255 255 255 255 7 0 5 0 0 0 0 0 data 8 0x50007 0x2031 0x30 0x0 0xe0002 0x0 0x200002 0x0 oops 0
ciMethodData com/android/dx/util/IntList add (I)V 2 9474 orig 264 72 34 45 113 0 0 0 0 16 244 18 6 0 0 0 0 8 2 0 0 0 0 0 0 0 0 0 0 0 0 0 0 0 0 0 0 0 0 0 0 0 0 0 0 0 0 0 0 0 0 0 0 0 0 0 0 0 0 0 0 0 0 0 0 0 0 0 0 0 0 0 0 0 0 0 0 0 0 0 0 77 68 79 32 101 120 116 114 97 32 100 97 116 97 32 108 111 99 107 0 0 0 0 0 0 0 0 0 0 0 0 0 0 0 0 0 0 0 0 0 0 0 0 0 0 0 0 0 0 0 0 0 0 0 0 0 0 0 0 0 0 0 0 0 0 0 0 0 0 0 0 0 0 0 0 0 0 0 0 0 0 0 0 0 0 0 0 0 0 0 0 0 0 0 0 0 0 0 0 0 0 0 0 0 17 0 0 0 0 0 0 0 0 0 0 0 0 0 0 0 1 0 0 0 0 0 0 0 0 0 0 0 0 0 0 0 2 1 0 0 1 32 1 0 1 0 0 0 0 0 0 0 0 0 0 0 2 0 0 0 0 0 14 0 2 0 0 0 184 0 0 0 255 255 255 255 5 0 1 0 0 0 0 0 data 23 0x10005 0x0 0x90a3a30 0x2401 0x0 0x0 0x50002 0x2402 0x1d0007 0xc0f 0x78 0x17f5 0x250007 0xdf6 0x58 0x9ff 0x350007 0x85 0x38 0x97a 0x390003 0x97a 0x18 oops 1 2 com/android/dx/util/IntList
ciMethodData com/android/dx/util/IntList growIfNeeded ()V 2 9472 orig 264 72 34 45 113 0 0 0 0 96 247 18 6 0 0 0 0 120 1 0 0 0 0 0 0 0 0 0 0 0 0 0 0 0 0 0 0 0 0 0 0 0 0 0 0 0 0 0 0 0 0 0 0 0 0 0 0 0 0 0 0 0 0 0 0 0 0 0 0 0 0 0 0 0 0 0 0 0 0 0 0 77 68 79 32 101 120 116 114 97 32 100 97 116 97 32 108 111 99 107 0 0 0 0 0 0 0 0 0 0 0 0 0 0 0 0 0 0 0 0 0 0 0 0 0 0 0 0 0 0 0 0 0 0 0 0 0 0 0 0 0 0 0 0 0 0 0 0 0 0 0 0 0 0 0 0 0 0 0 0 0 0 0 0 0 0 0 0 0 0 0 0 0 0 0 0 0 0 0 0 0 0 0 0 0 25 0 0 0 0 0 0 0 0 0 0 0 0 0 0 0 1 0 0 0 0 0 0 0 0 0 0 0 0 0 0 0 0 1 0 0 1 32 1 0 1 0 0 0 0 0 0 0 0 0 0 0 2 0 0 0 0 0 6 0 2 0 0 0 48 0 0 0 255 255 255 255 7 0 9 0 0 0 0 0 data 6 0x90007 0x2305 0x30 0xfb 0x250002 0xfb oops 0
ciMethodData com/android/dx/rop/code/InsnList get (I)Lcom/android/dx/rop/code/Insn; 2 217815 orig 264 72 34 45 113 0 0 0 0 176 55 21 6 0 0 0 0 176 1 0 0 0 0 0 0 0 0 0 0 0 0 0 0 0 0 0 0 0 0 0 0 0 0 0 0 0 0 0 0 0 0 0 0 0 0 0 0 0 0 0 0 0 0 0 0 0 0 0 0 0 0 0 0 0 0 0 0 0 0 0 0 77 68 79 32 101 120 116 114 97 32 100 97 116 97 32 108 111 99 107 0 0 0 0 0 0 0 0 0 0 0 0 0 0 0 0 0 0 0 0 0 0 0 0 0 0 0 0 0 0 0 0 0 0 0 0 0 0 0 0 0 0 0 0 0 0 0 0 0 0 0 0 0 0 0 0 0 0 0 0 0 0 0 0 0 0 0 0 0 0 0 0 0 0 0 0 0 0 0 0 0 0 0 0 0 0 0 0 0 0 0 0 0 0 0 0 0 0 0 0 0 0 0 0 0 0 0 0 0 0 0 0 0 0 0 0 0 33 1 0 0 177 141 26 0 1 0 0 0 0 0 0 0 0 0 0 0 2 0 0 0 0 0 3 0 2 0 0 0 96 0 0 0 255 255 255 255 5 0 2 0 0 0 0 0 data 12 0x20005 0x10 0x90a3fb0 0x351b4 0x0 0x0 0x50004 0x0 0x90a3da0 0x200f9 0x90a4110 0x5786 oops 3 2 com/android/dx/rop/code/InsnList 8 com/android/dx/rop/code/PlainInsn 10 com/android/dx/rop/code/PlainCstInsn
ciMethodData com/android/dx/util/IntList <init> (I)V 2 6486 orig 264 72 34 45 113 0 0 0 0 232 236 18 6 0 0 0 0 96 1 0 0 0 0 0 0 0 0 0 0 0 0 0 0 0 0 0 0 0 0 0 0 0 0 0 0 0 0 0 0 0 0 0 0 0 0 0 0 0 0 0 0 0 0 0 0 0 0 0 0 0 0 0 0 0 0 0 0 0 0 0 0 77 68 79 32 101 120 116 114 97 32 100 97 116 97 32 108 111 99 107 0 0 0 0 0 0 0 0 0 0 0 0 0 0 0 0 0 0 0 0 0 0 0 0 0 0 0 0 0 0 0 0 0 0 0 0 0 0 0 0 0 0 0 0 0 0 0 0 0 0 0 0 0 0 0 0 0 0 0 0 0 0 0 0 0 0 0 0 0 0 0 0 0 0 0 0 0 0 0 0 0 0 0 0 0 0 0 0 0 0 0 0 0 0 0 0 0 0 0 0 0 0 0 0 0 0 0 0 0 0 0 0 0 0 0 0 0 2 1 0 0 161 194 0 0 1 0 0 0 0 0 0 0 0 0 0 0 2 0 0 0 0 0 7 0 2 0 0 0 56 0 0 0 255 255 255 255 2 0 2 0 0 0 0 0 data 7 0x20002 0x1854 0xc0003 0x1853 0x28 0x160002 0x0 oops 0
ciMethodData com/android/dx/util/Bits set ([II)V 2 74507 orig 264 72 34 45 113 0 0 0 0 64 217 18 6 0 0 0 0 40 1 0 0 0 0 0 0 0 0 0 0 0 0 0 0 0 0 0 0 0 0 0 0 0 0 0 0 0 0 0 0 0 0 0 0 0 0 0 0 0 0 0 0 0 0 0 0 0 0 0 0 0 0 0 0 0 0 0 0 0 0 0 0 77 68 79 32 101 120 116 114 97 32 100 97 116 97 32 108 111 99 107 0 0 0 0 0 0 0 0 0 0 0 0 0 0 0 0 0 0 0 0 0 0 0 0 0 0 0 0 0 0 0 0 0 0 0 0 0 0 0 0 0 0 0 0 0 0 0 0 0 0 0 0 0 0 0 0 0 0 0 0 0 0 0 0 0 0 0 0 0 0 0 0 0 0 0 0 0 0 0 0 0 0 0 0 0 0 0 0 0 0 0 0 0 0 0 0 0 0 0 0 0 0 0 0 0 0 0 0 0 0 0 0 0 0 0 0 0 58 1 0 0 137 14 9 0 1 0 0 0 0 0 0 0 0 0 0 0 2 0 0 0 0 0 3 0 1 0 0 0 0 0 0 0 255 255 255 255 0 0 0 0 0 0 0 0 data 0 oops 0
ciMethodData com/android/dx/rop/code/Insn <init> (Lcom/android/dx/rop/code/Rop;Lcom/android/dx/rop/code/SourcePosition;Lcom/android/dx/rop/code/RegisterSpec;Lcom/android/dx/rop/code/RegisterSpecList;)V 2 8895 orig 264 72 34 45 113 0 0 0 0 152 70 18 6 0 0 0 0 224 1 0 0 96 0 0 0 0 0 0 0 0 0 0 0 0 0 0 0 0 0 0 0 0 0 0 0 0 0 0 0 0 0 0 0 0 0 0 0 0 0 0 0 0 0 0 0 0 0 0 0 0 0 0 0 0 0 0 0 0 0 0 0 77 68 79 32 101 120 116 114 97 32 100 97 116 97 32 108 111 99 107 0 0 0 0 0 0 0 0 0 0 0 0 0 0 0 0 0 0 0 0 0 0 0 0 0 0 0 0 0 0 0 0 0 0 0 0 0 0 0 0 0 0 0 0 0 0 0 0 0 0 0 0 0 0 0 0 0 0 0 0 0 0 0 0 0 0 0 0 0 0 0 0 0 0 0 0 0 0 0 0 0 0 0 0 0 25 0 0 0 0 0 0 0 0 0 0 0 0 0 0 0 1 0 0 0 0 0 0 0 0 0 0 0 0 0 0 0 1 1 0 0 233 13 1 0 1 0 0 0 0 0 0 0 0 0 0 0 2 0 0 0 0 0 9 0 2 0 0 0 160 0 0 0 255 255 255 255 2 0 1 0 0 0 0 0 data 20 0x10002 0x21c4 0x50007 0x21bd 0x30 0x0 0xe0002 0x0 0x130007 0x21c2 0x30 0x0 0x1c0002 0x0 0x220007 0x21c1 0x30 0x0 0x2b0002 0x0 oops 0
ciMethodData com/android/dx/util/MutabilityControl throwIfMutable ()V 2 43070 orig 264 72 34 45 113 0 0 0 0 24 109 11 6 0 0 0 0 80 1 0 0 0 0 0 0 0 0 0 0 0 0 0 0 0 0 0 0 0 0 0 0 0 0 0 0 0 0 0 0 0 0 0 0 0 0 0 0 0 0 0 0 0 0 0 0 0 0 0 0 0 0 0 0 0 0 0 0 0 0 0 0 77 68 79 32 101 120 116 114 97 32 100 97 116 97 32 108 111 99 107 0 0 0 0 0 0 0 0 0 0 0 0 0 0 0 0 0 0 0 0 0 0 0 0 0 0 0 0 0 0 0 0 0 0 0 0 0 0 0 0 0 0 0 0 0 0 0 0 0 0 0 0 0 0 0 0 0 0 0 0 0 0 0 0 0 0 0 0 0 0 0 0 0 0 0 0 0 0 0 0 0 0 0 0 0 0 0 0 0 0 0 0 0 0 0 0 0 0 0 0 0 0 0 0 0 0 0 0 0 0 0 0 0 0 0 0 0 0 2 0 0 241 49 5 0 1 0 0 0 0 0 0 0 0 0 0 0 2 0 0 0 0 0 5 0 2 0 0 0 48 0 0 0 255 255 255 255 7 0 4 0 0 0 0 0 data 6 0x40007 0xa63b 0x30 0x0 0xd0002 0x0 oops 0
ciMethodData com/android/dx/util/IntList set (II)V 2 9079 orig 264 72 34 45 113 0 0 0 0 8 243 18 6 0 0 0 0 0 2 0 0 80 0 0 0 0 0 0 0 0 0 0 0 0 0 0 0 0 0 0 0 0 0 0 0 0 0 0 0 0 0 0 0 0 0 0 0 0 0 0 0 0 0 0 0 0 0 0 0 0 0 0 0 0 0 0 0 0 0 0 0 77 68 79 32 101 120 116 114 97 32 100 97 116 97 32 108 111 99 107 0 0 0 0 0 0 0 0 0 0 0 0 0 0 0 0 0 0 0 0 0 0 0 0 0 0 0 0 0 0 0 0 0 0 0 0 0 0 0 0 0 0 0 0 0 0 0 0 0 0 0 0 0 0 0 0 0 0 0 0 0 0 0 0 0 0 0 0 0 0 0 0 0 0 0 0 0 0 0 0 0 0 0 0 0 0 0 0 0 0 0 0 0 0 0 0 0 0 0 0 0 0 0 0 0 0 0 0 0 0 0 0 0 0 0 0 0 0 2 0 0 185 11 1 0 1 0 0 0 0 0 0 0 0 0 0 0 2 0 0 0 0 0 13 0 2 0 0 0 168 0 0 0 255 255 255 255 5 0 1 0 0 0 0 0 data 21 0x10005 0xe7 0x90a3a30 0x2090 0x0 0x0 0x90007 0x2175 0x30 0x0 0x120002 0x0 0x220003 0x2175 0x48 0x270007 0x0 0x30 0x0 0x300002 0x0 oops 1 2 com/android/dx/util/IntList
ciMethodData com/android/dx/rop/code/InsnList set (ILcom/android/dx/rop/code/Insn;)V 2 56841 orig 264 72 34 45 113 0 0 0 0 112 56 21 6 0 0 0 0 136 1 0 0 0 0 0 0 0 0 0 0 0 0 0 0 0 0 0 0 0 0 0 0 0 0 0 0 0 0 0 0 0 0 0 0 0 0 0 0 0 0 0 0 0 0 0 0 0 0 0 0 0 0 0 0 0 0 0 0 0 0 0 0 77 68 79 32 101 120 116 114 97 32 100 97 116 97 32 108 111 99 107 0 0 0 0 0 0 0 0 0 0 0 0 0 0 0 0 0 0 0 0 0 0 0 0 0 0 0 0 0 0 0 0 0 0 0 0 0 0 0 0 0 0 0 0 0 0 0 0 0 0 0 0 0 0 0 0 0 0 0 0 0 0 0 0 0 0 0 0 0 0 0 0 0 0 0 0 0 0 0 0 0 0 0 0 0 0 0 0 0 0 0 0 0 0 0 0 0 0 0 0 0 0 0 0 0 0 0 0 0 0 0 0 0 0 0 0 0 0 2 0 0 73 224 6 0 1 0 0 0 0 0 0 0 0 0 0 0 2 0 0 0 0 0 12 0 2 0 0 0 48 0 0 0 255 255 255 255 5 0 3 0 0 0 0 0 data 6 0x30005 0x27f 0x90a3fb0 0xd989 0x0 0x0 oops 1 2 com/android/dx/rop/code/InsnList
ciMethodData com/android/dx/rop/code/PlainInsn <init> (Lcom/android/dx/rop/code/Rop;Lcom/android/dx/rop/code/SourcePosition;Lcom/android/dx/rop/code/RegisterSpec;Lcom/android/dx/rop/code/RegisterSpecList;)V 2 8750 orig 264 72 34 45 113 0 0 0 0 88 95 18 6 0 0 0 0 120 2 0 0 128 0 0 0 0 0 0 0 0 0 0 0 0 0 0 0 0 0 0 0 0 0 0 0 0 0 0 0 0 0 0 0 0 0 0 0 0 0 0 0 0 0 0 0 0 0 0 0 0 0 0 0 0 0 0 0 0 0 0 0 77 68 79 32 101 120 116 114 97 32 100 97 116 97 32 108 111 99 107 0 0 0 0 0 0 0 0 0 0 0 0 0 0 0 0 0 0 0 0 0 0 0 0 0 0 0 0 0 0 0 0 0 0 0 0 0 0 0 0 0 0 0 0 0 0 0 0 0 0 0 0 0 0 0 0 0 0 0 0 0 0 0 0 0 0 0 0 0 0 0 0 0 0 0 0 0 0 0 0 0 0 0 0 0 25 0 0 0 0 0 0 0 0 0 0 0 0 0 0 0 1 0 0 0 0 0 0 0 0 0 0 0 0 0 0 0 0 2 0 0 113 1 1 0 1 0 0 0 0 0 0 0 0 0 0 0 2 0 0 0 0 0 11 0 2 0 0 0 16 1 0 0 255 255 255 255 2 0 6 0 0 0 0 0 data 34 0x60002 0x202e 0xa0005 0x215 0x90a3f00 0x1e1e 0x0 0x0 0xd0008 0x6 0x215 0x50 0x0 0x40 0x0 0x40 0x2e0002 0x0 0x330007 0x108b 0x80 0xfa7 0x370005 0x117 0x90a3f00 0xe91 0x0 0x0 0x3b0007 0xfa7 0x30 0x0 0x440002 0x0 oops 2 4 com/android/dx/rop/code/Rop 24 com/android/dx/rop/code/Rop
ciMethodData com/android/dx/util/IntList indexOf (I)I 2 33527 orig 264 72 34 45 113 0 0 0 0 56 253 18 6 0 0 0 0 184 1 0 0 0 0 0 0 0 0 0 0 0 0 0 0 0 0 0 0 0 0 0 0 0 0 0 0 0 0 0 0 0 0 0 0 0 0 0 0 0 0 0 0 0 0 0 0 0 0 0 0 0 0 0 0 0 0 0 0 0 0 0 0 77 68 79 32 101 120 116 114 97 32 100 97 116 97 32 108 111 99 107 0 0 0 0 0 0 0 0 0 0 0 0 0 0 0 0 0 0 0 0 0 0 0 0 0 0 0 0 0 0 0 0 0 0 0 0 0 0 0 0 0 0 0 0 0 0 0 0 0 0 0 0 0 0 0 0 0 0 0 0 0 0 0 0 0 0 0 0 0 0 0 0 0 0 0 0 0 0 0 0 0 0 0 0 0 0 0 0 0 0 0 0 0 0 0 0 0 0 0 0 0 0 0 0 0 0 0 0 0 0 0 0 0 0 0 0 0 0 2 0 0 185 7 4 0 1 0 0 0 0 0 0 0 0 0 0 0 2 0 0 0 0 0 6 0 2 0 0 0 104 0 0 0 255 255 255 255 5 0 2 0 0 0 0 0 data 13 0x20005 0x1f1 0x90a3a30 0x7f09 0x0 0x0 0x70007 0x3b46 0x38 0x45b3 0xb0003 0x45b9 0x18 oops 1 2 com/android/dx/util/IntList
ciMethodData com/android/dx/util/IntList binarysearch (I)I 2 9743 orig 264 72 34 45 113 0 0 0 0 216 254 18 6 0 0 0 0 112 2 0 0 8 1 0 0 0 0 0 0 0 0 0 0 0 0 0 0 0 0 0 0 0 0 0 0 0 0 0 0 0 0 0 0 0 0 0 0 0 0 0 0 0 0 0 0 0 0 0 0 0 0 0 0 0 0 0 0 0 0 0 0 77 68 79 32 101 120 116 114 97 32 100 97 116 97 32 108 111 99 107 0 0 0 0 0 0 0 0 0 0 0 0 0 0 0 0 0 0 0 0 0 0 0 0 0 0 0 0 0 0 0 0 0 0 0 0 0 0 0 0 0 0 0 0 0 1 0 0 0 0 0 0 0 0 0 0 0 0 0 0 0 0 0 0 0 0 0 0 0 0 0 0 0 0 0 0 0 0 0 0 1 0 0 0 0 0 0 0 0 0 0 0 0 0 0 0 0 0 0 0 0 0 0 0 0 0 0 0 0 0 0 0 0 0 0 0 0 0 2 0 0 25 232 0 0 137 219 0 0 152 28 0 0 246 26 0 0 2 0 0 0 2 0 21 0 2 0 0 0 64 1 0 0 255 255 255 255 7 0 9 0 0 0 0 0 data 40 0x90007 0x19e5 0x78 0x31e 0x100007 0x34 0x58 0x409 0x1a0007 0x120 0x20 0x2e9 0x220003 0x120 0xffffffffffffffc0 0x320007 0x19e7 0x70 0x1a4d 0x4b0007 0x7ac 0x38 0x12a5 0x520003 0x12a6 0x18 0x580003 0x1a53 0xffffffffffffffa8 0x5e0007 0x741 0x58 0x12a6 0x69e007 0x2 0x38 0x12a7 0x6e0003 0x12a7 0x18 oops 0
ciMethodData com/android/dx/cf/code/BytecodeArray parseInstruction (ILcom/android/dx/cf/code/BytecodeArray$Visitor;)I 2 27940 orig 264 72 34 45 113 0 0 0 0 168 177 13 6 0 0 0 0 0 40 0 0 160 14 0 0 0 0 0 0 0 0 0 0 0 0 0 0 0 0 0 0 0 0 0 0 0 0 0 0 0 0 0 0 0 0 0 0 0 0 0 0 0 0 0 0 0 0 0 0 0 0 0 0 0 0 0 0 0 0 0 0 77 68 79 32 101 120 116 114 97 32 100 97 116 97 32 108 111 99 107 0 0 0 0 0 0 0 0 0 0 0 0 0 0 0 0 0 0 0 0 0 0 0 0 0 0 0 0 0 0 0 0 0 0 0 0 0 0 0 0 0 0 0 0 0 1 0 0 0 0 0 0 0 0 0 0 0 0 0 0 0 0 0 0 0 0 0 0 0 0 1 0 0 0 0 0 0 0 0 0 0 0 0 0 0 0 0 0 0 0 0 0 0 0 0 0 0 0 0 0 0 0 0 0 0 0 0 0 0 0 0 0 0 0 0 0 0 0 2 0 0 1 87 3 0 1 0 0 0 236 40 0 0 0 0 0 0 2 0 0 0 0 0 239 0 2 0 0 0 40 38 0 0 255 255 255 255 7 0 1 0 0 0 0 0 data 1221 0x10007 0x6aed 0x20 0x0 0xd0005 0x25d 0x9b078d0 0x6891 0x0 0x0 0x120002 0x6af6 0x1f0008 0x196 0x0 0x23c8 0x0 0xcc0 0x2 0xcf0 0x0 0xd20 0x1f 0xd50 0xe 0xd80 0x0 0xdb0 0x0 0xde0 0x2 0xe10 0x0 0xe40 0x1 0xe70 0x0 0xea0 0x0 0xed0 0x0 0xf00 0x0 0xf30 0x0 0xf60 0x0 0xf90 0xc 0xfc0 0x0 0x1030 0xd 0x10a0 0x0 0x11f8 0x0 0x1350 0xb 0x13e0 0x5 0x1440 0x1 0x14a0 0x0 0x1500 0x25 0x1560 0x0 0x15c0 0x4 0x15c0 0x2 0x15c0 0x0 0x15c0 0x0 0x15f0 0x0 0x15f0 0x0 0x15f0 0x0 0x15f0 0x0 0x1620 0x0 0x1620 0x0 0x1620 0x0 0x1620 0x0 0x1650 0x0 0x1650 0x0 0x1650 0x0 0x1650 0x48 0x1680 0x21 0x1680 0x10 0x1680 0xc 0x1680 0x0 0x16b0 0x0 0x16e0 0x0 0x1710 0x0 0x1740 0x0 0x1770 0x0 0x17a0 0x0 0x17d0 0x0 0x1800 0x7 0x1830 0x0 0x1890 0x1 0x18f0 0x0 0x1950 0x3 0x19b0 0x0 0x1a10 0x0 0x1a10 0x0 0x1a10 0x0 0x1a10 0x0 0x1a40 0x0 0x1a40 0x0 0x1a40 0x0 0x1a40 0x0 0x1a70 0x0 0x1a70 0x0 0x1a70 0x0 0x1a70 0x0 0x1aa0 0x0 0x1aa0 0x0 0x1aa0 0x0 0x1aa0 0x0 0x1ad0 0x7 0x1ad0 0xa 0x1ad0 0x2 0x1ad0 0x2 0x1b00 0x0 0x1b30 0x0 0x1b60 0x0 0x1b90 0x0 0x1bc0 0x0 0x1bf0 0x0 0x1c20 0x0 0x1c50 0x0 0x1c80 0x0 0x1c80 0x10 0x1c80 0x0 0x1c80 0x0 0x1c80 0x0 0x1c80 0x0 0x1c80 0x0 0x1c80 0x0 0x1c80 0x0 0x1cb0 0x2 0x1ce0 0x0 0x1d10 0x0 0x1d40 0x0 0x1cb0 0x2 0x1ce0 0x0 0x1d10 0x0 0x1d40 0x0 0x1cb0 0x0 0x1ce0 0x0 0x1d10 0x0 0x1d40 0x0 0x1cb0 0x0 0x1ce0 0x0 0x1d10 0x0 0x1d40 0x0 0x1cb0 0x0 0x1ce0 0x0 0x1d10 0x0 0x1d40 0x0 0x1cb0 0x0 0x1ce0 0x0 0x1d10 0x0 0x1d40 0x0 0x1cb0 0x0 0x1ce0 0x0 0x1cb0 0x0 0x1ce0 0x0 0x1cb0 0x0 0x1ce0 0x2 0x1cb0 0x0 0x1ce0 0x0 0x1cb0 0x0 0x1ce0 0x0 0x1cb0 0x0 0x1ce0 0x0 0x1d70 0x1 0x1e00 0x1 0x1e30 0x0 0x1e60 0x0 0x1e90 0x0 0x1e30 0x0 0x1e60 0x0 0x1e90 0x0 0x1e00 0x0 0x1e60 0x0 0x1e90 0x0 0x1e00 0x0 0x1e30 0x0 0x1e90 0x0 0x1e90 0x0 0x1e90 0x2 0x1e90 0x0 0x1e90 0x0 0x1e90 0x0 0x1e90 0x0 0x1e90 0xb 0x1ec0 0x0 0x1ec0 0x0 0x1ec0 0x0 0x1ec0 0x0 0x1ec0 0x1 0x1ec0 0x0 0x1ec0 0x0 0x1ec0 0x3 0x1ec0 0x0 0x1ec0 0x0 0x1ec0 0x1 0x1ec0 0x0 0x1ec0 0x0 0x1ec0 0xf 0x1ec0 0x0 0x1ec0 0x0 0x1f20 0x0 0x1f80 0x0 0x1f90 0x2 0x1fa0 0x0 0x1fd0 0x0 0x2000 0x0 0x2030 0xa 0x2060 0xf 0x2090 0x23 0x20c0 0x0 0x20c0 0x1f 0x20c0 0x16 0x20c0 0x44 0x20c0 0x12 0x20c0 0x9 0x20c0 0x6 0x2150 0x0 0x2240 0xe 0x20c0 0x2 0x2250 0x0 0x20c0 0x0 0x1e90 0x1 0x2090 0x0 0x20c0 0x0 0x20c0 0x0 0x2090 0x0 0x2090 0x0 0x2260 0x0 0x2270 0xf 0x1ec0 0x0 0x1ec0 0x0 0x2330 0x0 0x2330 0x35b0005 0x0 0x0 0x0 0x0 0x0 0x36b0005 0x0 0x98d7a90 0x63 0x8fb9e00 0x63 0x37b0005 0x0 0x98d7a90 0x23 0x8fb9e00 0x23 0x38b0005 0x14f 0x98d7b40 0x16 0x98d7a90 0x144 0x39b0005 0x10d 0x98d7a90 0x109 0x98d7b40 0xe 0x3ab0005 0x6 0x98d7a90 0x26 0x8fb9e00 0x26 0x3bb0005 0x0 0x98d7a90 0x3 0x8fb9e00 0x3 0x3cb0005 0x0 0x98d7a90 0x14 0x8fb9e00 0x14 0x3db0005 0x0 0x98d7a90 0x2 0x8fb9e00 0x2 0x3eb0005 0x0 0x98d7a90 0x3 0x8fb9e00 0x3 0x3fb0005 0x0 0x0 0x0 0x0 0x0 0x40b0005 0x0 0x98d7a90 0x19 0x8fb9e00 0x19 0x41b0005 0x0 0x98d7a90 0x7 0x8fb9e00 0x7 0x42b0005 0x0 0x98d7a90 0x6 0x8fb9e00 0x6 0x43b0005 0x0 0x0 0x0 0x0 0x0 0x44b0005 0x0 0x98d7a90 0x1 0x8fb9e00 0x1 0x4590005 0xc 0x9b078d0 0xb4 0x0 0x0 0x4650002 0xc0 0x46a0005 0x0 0x98d7a90 0x5d 0x8fb9e00 0x63 0x4780005 0x0 0x9b078d0 0x22 0x0 0x0 0x4840002 0x22 0x4890005 0x0 0x98d7a90 0x11 0x8fb9e00 0x11 0x4970005 0xd 0x9b078d0 0x143 0x0 0x0 0x4a20005 0x0 0x98d7bf0 0x150 0x0 0x0 0x4ab0004 0xffffffffffffff12 0x98d7ca0 0x7 0x966c410 0x62 0x4ae0007 0xee 0x98 0x62 0x4b30004 0x0 0x966c410 0x62 0x0 0x0 0x4b60005 0x6 0x966c410 0x5c 0x0 0x0 0x4b90003 0x62 0x18 0x4c80005 0xa4 0x98d7a90 0xa4 0x98d7b40 0x8 0x4d60005 0x0 0x0 0x0 0x0 0x0 0x4e10005 0x0 0x0 0x0 0x0 0x0 0x4ea0004 0x0 0x0 0x0 0x0 0x0 0x4ed0007 0x0 0x98 0x0 0x4f20004 0x0 0x0 0x0 0x0 0x0 0x4f50005 0x0 0x0 0x0 0x0 0x0 0x4f80003 0x0 0x18 0x5070005 0x0 0x0 0x0 0x0 0x0 0x5150005 0x0 0x9b078d0 0x4c 0x0 0x0 0x5200005 0x0 0x98d7bf0 0x4c 0x0 0x0 0x52f0005 0x0 0x98d7a90 0x26 0x8fb9e00 0x26 0x53d0005 0xb 0x9b078d0 0xe2 0x0 0x0 0x54d0005 0x4 0x98d7a90 0x71 0x8fb9e00 0x78 0x55b0005 0x5 0x9b078d0 0x20 0x0 0x0 0x56b0005 0x0 0x98d7a90 0x12 0x8fb9e00 0x13 0x5790005 0x1 0x9b078d0 0x4e 0x0 0x0 0x5890005 0x0 0x8fb9e00 0x28 0x98d7a90 0x27 0x5970005 0x0 0x9b078d0 0x1e 0x0 0x0 0x5a70005 0x0 0x98d7a90 0xf 0x8fb9e00 0xf 0x5b50005 0x25 0x9b078d0 0x208 0x0 0x0 0x5c50005 0x0 0x98d7a90 0x10b 0x8fb9e00 0x122 0x5dd0005 0x0 0x98d7a90 0x1f3 0x8fb9e00 0x1f2 0x5f50005 0x0 0x98d7a90 0xe 0x8fb9e00 0xe 0x60d0005 0x0 0x98d7a90 0x21 0x8fb9e00 0x21 0x6250005 0x0 0x98d7a90 0x1 0x8fb9e00 0x1 0x63d0005 0x0 0x98d7a90 0xdf6 0x8fb9e00 0xe04 0x64c0005 0x0 0x98d7a90 0x5 0x8fb9e00 0x5 0x65b0005 0x0 0x0 0x0 0x0 0x0 0x66a0005 0x0 0x0 0x0 0x0 0x0 0x6790005 0x0 0x0 0x0 0x0 0x0 0x6880005 0x0 0x0 0x0 0x0 0x0 0x6970005 0x0 0x98d7a90 0x1 0x8fb9e00 0x1 0x6a60005 0x0 0x0 0x0 0x0 0x0 0x6b50005 0x0 0x0 0x0 0x0 0x0 0x6c30005 0x7 0x9b078d0 0x84 0x0 0x0 0x6d30005 0x0 0x98d7a90 0x42 0x8fb9e00 0x49 0x6e10005 0x0 0x9b078d0 0x14 0x0 0x0 0x6f10005 0x0 0x98d7a90 0xa 0x8fb9e00 0xa 0x6ff0005 0x1 0x9b078d0 0x2e 0x0 0x0 0x70f0005 0x0 0x8fb9e00 0x18 0x98d7a90 0x17 0x71d0005 0x0 0x9b078d0 0xe 0x0 0x0 0x72d0005 0x0 0x98d7a90 0x7 0x8fb9e00 0x7 0x73b0005 0x3 0x9b078d0 0xca 0x0 0x0 0x74b0005 0x0 0x98d7a90 0x65 0x8fb9e00 0x68 0x7630005 0x0 0x98d7a90 0x3c 0x8fb9e00 0x3c 0x77b0005 0x0 0x98d7a90 0x1 0x8fb9e00 0x1 0x7930005 0x0 0x98d7a90 0x4 0x8fb9e00 0x4 0x7ab0005 0x0 0x0 0x0 0x0 0x0 0x7c30005 0x0 0x98d7a90 0xc7 0x8fb9e00 0xc8 0x7d20005 0x0 0x98d7a90 0x9 0x8fb9e00 0x9 0x7e10005 0x0 0x98d7a90 0x3 0x8fb9e00 0x3 0x7f00005 0x0 0x0 0x0 0x0 0x0 0x7ff0005 0x0 0x0 0x0 0x0 0x0 0x80e0005 0x0 0x98d7a90 0xe 0x8fb9e00 0xe 0x81d0005 0x0 0x98d7a90 0x4 0x8fb9e00 0x4 0x82c0005 0x0 0x0 0x0 0x0 0x0 0x83b0005 0x0 0x0 0x0 0x0 0x0 0x8490005 0x0 0x98d7a90 0x139 0x8fb9e00 0x139 0x8570005 0x0 0x98d7a90 0x59 0x8fb9e00 0x59 0x8670005 0x0 0x98d7a90 0xc 0x8fb9e00 0xc 0x8770005 0x0 0x98d7a90 0x24 0x8fb9e00 0x24 0x8870005 0x0 0x98d7a90 0x22 0x8fb9e00 0x22 0x8950005 0x0 0x9b078d0 0x18 0x0 0x0 0x8a10005 0x0 0x9b078d0 0x18 0x0 0x0 0x8b10005 0x0 0x98d7a90 0xc 0x8fb9e00 0xc 0x8bf0005 0x0 0x98d7a90 0x1 0x8fb9e00 0x2 0x8cd0005 0x0 0x8fb9e00 0x1e 0x98d7a90 0x1d 0x8db0005 0x0 0x98d7a90 0x13 0x8fb9e00 0x13 0x8e90005 0x2 0x98d7a90 0x2f 0x8fb9e00 0x2f 0x8f80005 0x2e 0x9b078d0 0x7d9 0x0 0x0 0x9040005 0x0 0x98d7a90 0x3fa 0x8fb9e00 0x40d 0x9120005 0x0 0x0 0x0 0x0 0x0 0x9210005 0x0 0x0 0x0 0x0 0x0 0x92b0002 0xe 0x9320002 0x14 0x93f0005 0x0 0x98d7a90 0xe3 0x8fb9e00 0xe3 0x94f0005 0x0 0x98d7a90 0x1 0x8fb9e00 0x1 0x95f0005 0x0 0x98d7a90 0xa 0x8fb9e00 0xa 0x96f0005 0x0 0x0 0x0 0x0 0x0 0x97f0005 0x0 0x98d7a90 0x101 0x8fb9e00 0x101 0x98d0005 0x0 0x8fb9e00 0x235 0x98d7a90 0x233 0x99b0005 0xc5 0x9b078d0 0x21df 0x0 0x0 0x9a60005 0x0 0x98d7bf0 0x22a9 0x0 0x0 0x9b40005 0xe 0x98d7a90 0x1133 0x8fb9e00 0x1167 0x9c20005 0x6 0x9b078d0 0x1f0 0x0 0x0 0x9ce0005 0x6 0x9b078d0 0x1f0 0x0 0x0 0x9da0005 0x6 0x9b078d0 0x1f0 0x0 0x0 0x9e50005 0x0 0x98d7bf0 0x1f6 0x0 0x0 0x9fa0005 0x0 0x98d7a90 0xfb 0x8fb9e00 0xfb 0xa070002 0x0 0xa0e0002 0x22 0xa150002 0x0 0xa200005 0x0 0x0 0x0 0x0 0x0 0xa2c0005 0x0 0x0 0x0 0x0 0x0 0xa370005 0x0 0x0 0x0 0x0 0x0 0xa460005 0x0 0x0 0x0 0x0 0x0 0xa550005 0x0 0x0 0x0 0x0 0x0 0xa5f0007 0x0 0x38 0x0 0xa650003 0x0 0x18 0xa740005 0x0 0x0 0x0 0x0 0x0 0xa7f0005 0x0 0x0 0x0 0x0 0x0 0xa8c0002 0x0 0xa910005 0x0 0x0 0x0 0x0 0x0 0xa950002 0x0 0xa980005 0x0 0x0 0x0 0x0 0x0 0xa9b0005 0x0 0x0 0x0 0x0 0x0 0xa9e0005 0x0 0x0 0x0 0x0 0x0 0xaa90002 0x0 0xab40002 0x0 0xab90005 0x0 0x0 0x0 0x0 0x0 0xabd0002 0x0 0xac00005 0x0 0x0 0x0 0x0 0x0 0xac30005 0x0 0x0 0x0 0x0 0x0 0xac60005 0x0 0x0 0x0 0x0 0x0 oops 150 6 com/android/dx/util/ByteArray 428 com/android/dx/cf/code/BasicBlocker 430 com/android/dx/cf/code/Simulator$SimVisitor 434 com/android/dx/cf/code/BasicBlocker 436 com/android/dx/cf/code/Simulator$SimVisitor 440 com/android/dx/cf/code/BytecodeArray$ConstantParserVisitor 442 com/android/dx/cf/code/BasicBlocker 446 com/android/dx/cf/code/BasicBlocker 448 com/android/dx/cf/code/BytecodeArray$ConstantParserVisitor 452 com/android/dx/cf/code/BasicBlocker 454 com/android/dx/cf/code/Simulator$SimVisitor 458 com/android/dx/cf/code/BasicBlocker 460 com/android/dx/cf/code/Simulator$SimVisitor 464 com/android/dx/cf/code/BasicBlocker 466 com/android/dx/cf/code/Simulator$SimVisitor 470 com/android/dx/cf/code/BasicBlocker 472 com/android/dx/cf/code/Simulator$SimVisitor 476 com/android/dx/cf/code/BasicBlocker 478 com/android/dx/cf/code/Simulator$SimVisitor 488 com/android/dx/cf/code/BasicBlocker 490 com/android/dx/cf/code/Simulator$SimVisitor 494 com/android/dx/cf/code/BasicBlocker 496 com/android/dx/cf/code/Simulator$SimVisitor 500 com/android/dx/cf/code/BasicBlocker 502 com/android/dx/cf/code/Simulator$SimVisitor 512 com/android/dx/cf/code/BasicBlocker 514 com/android/dx/cf/code/Simulator$SimVisitor 518 com/android/dx/util/ByteArray 526 com/android/dx/cf/code/BasicBlocker 528 com/android/dx/cf/code/Simulator$SimVisitor 532 com/android/dx/util/ByteArray 540 com/android/dx/cf/code/BasicBlocker 542 com/android/dx/cf/code/Simulator$SimVisitor 546 com/android/dx/util/ByteArray 552 com/android/dx/rop/cst/StdConstantPool 558 com/android/dx/rop/cst/CstString 560 com/android/dx/rop/cst/CstInteger 568 com/android/dx/rop/cst/CstInteger 574 com/android/dx/rop/cst/CstInteger 583 com/android/dx/cf/code/BasicBlocker 585 com/android/dx/cf/code/BytecodeArray$ConstantParserVisitor 632 com/android/dx/util/ByteArray 638 com/android/dx/rop/cst/StdConstantPool 644 com/android/dx/cf/code/BasicBlocker 646 com/android/dx/cf/code/Simulator$SimVisitor 650 com/android/dx/util/ByteArray 656 com/android/dx/cf/code/BasicBlocker 658 com/android/dx/cf/code/Simulator$SimVisitor 662 com/android/dx/util/ByteArray 668 com/android/dx/cf/code/BasicBlocker 670 com/android/dx/cf/code/Simulator$SimVisitor 674 com/android/dx/util/ByteArray 680 com/android/dx/cf/code/Simulator$SimVisitor 682 com/android/dx/cf/code/BasicBlocker 686 com/android/dx/util/ByteArray 692 com/android/dx/cf/code/BasicBlocker 694 com/android/dx/cf/code/Simulator$SimVisitor 698 com/android/dx/util/ByteArray 704 com/android/dx/cf/code/BasicBlocker 706 com/android/dx/cf/code/Simulator$SimVisitor 710 com/android/dx/cf/code/BasicBlocker 712 com/android/dx/cf/code/Simulator$SimVisitor 716 com/android/dx/cf/code/BasicBlocker 718 com/android/dx/cf/code/Simulator$SimVisitor 722 com/android/dx/cf/code/BasicBlocker 724 com/android/dx/cf/code/Simulator$SimVisitor 728 com/android/dx/cf/code/BasicBlocker 730 com/android/dx/cf/code/Simulator$SimVisitor 734 com/android/dx/cf/code/BasicBlocker 736 com/android/dx/cf/code/Simulator$SimVisitor 740 com/android/dx/cf/code/BasicBlocker 742 com/android/dx/cf/code/Simulator$SimVisitor 770 com/android/dx/cf/code/BasicBlocker 772 com/android/dx/cf/code/Simulator$SimVisitor 788 com/android/dx/util/ByteArray 794 com/android/dx/cf/code/BasicBlocker 796 com/android/dx/cf/code/Simulator$SimVisitor 800 com/android/dx/util/ByteArray 806 com/android/dx/cf/code/BasicBlocker 808 com/android/dx/cf/code/Simulator$SimVisitor 812 com/android/dx/util/ByteArray 818 com/android/dx/cf/code/Simulator$SimVisitor 820 com/android/dx/cf/code/BasicBlocker 824 com/android/dx/util/ByteArray 830 com/android/dx/cf/code/BasicBlocker 832 com/android/dx/cf/code/Simulator$SimVisitor 836 com/android/dx/util/ByteArray 842 com/android/dx/cf/code/BasicBlocker 844 com/android/dx/cf/code/Simulator$SimVisitor 848 com/android/dx/cf/code/BasicBlocker 850 com/android/dx/cf/code/Simulator$SimVisitor 854 com/android/dx/cf/code/BasicBlocker 856 com/android/dx/cf/code/Simulator$SimVisitor 860 com/android/dx/cf/code/BasicBlocker 862 com/android/dx/cf/code/Simulator$SimVisitor 872 com/android/dx/cf/code/BasicBlocker 874 com/android/dx/cf/code/Simulator$SimVisitor 878 com/android/dx/cf/code/BasicBlocker 880 com/android/dx/cf/code/Simulator$SimVisitor 884 com/android/dx/cf/code/BasicBlocker 886 com/android/dx/cf/code/Simulator$SimVisitor 902 com/android/dx/cf/code/BasicBlocker 904 com/android/dx/cf/code/Simulator$SimVisitor 908 com/android/dx/cf/code/BasicBlocker 910 com/android/dx/cf/code/Simulator$SimVisitor 926 com/android/dx/cf/code/BasicBlocker 928 com/android/dx/cf/code/Simulator$SimVisitor 932 com/android/dx/cf/code/BasicBlocker 934 com/android/dx/cf/code/Simulator$SimVisitor 938 com/android/dx/cf/code/BasicBlocker 940 com/android/dx/cf/code/Simulator$SimVisitor 944 com/android/dx/cf/code/BasicBlocker 946 com/android/dx/cf/code/Simulator$SimVisitor 950 com/android/dx/cf/code/BasicBlocker 952 com/android/dx/cf/code/Simulator$SimVisitor 956 com/android/dx/util/ByteArray 962 com/android/dx/util/ByteArray 968 com/android/dx/cf/code/BasicBlocker 970 com/android/dx/cf/code/Simulator$SimVisitor 974 com/android/dx/cf/code/BasicBlocker 976 com/android/dx/cf/code/Simulator$SimVisitor 980 com/android/dx/cf/code/Simulator$SimVisitor 982 com/android/dx/cf/code/BasicBlocker 986 com/android/dx/cf/code/BasicBlocker 988 com/android/dx/cf/code/Simulator$SimVisitor 992 com/android/dx/cf/code/BasicBlocker 994 com/android/dx/cf/code/Simulator$SimVisitor 998 com/android/dx/util/ByteArray 1004 com/android/dx/cf/code/BasicBlocker 1006 com/android/dx/cf/code/Simulator$SimVisitor 1026 com/android/dx/cf/code/BasicBlocker 1028 com/android/dx/cf/code/Simulator$SimVisitor 1032 com/android/dx/cf/code/BasicBlocker 1034 com/android/dx/cf/code/Simulator$SimVisitor 1038 com/android/dx/cf/code/BasicBlocker 1040 com/android/dx/cf/code/Simulator$SimVisitor 1050 com/android/dx/cf/code/BasicBlocker 1052 com/android/dx/cf/code/Simulator$SimVisitor 1056 com/android/dx/cf/code/Simulator$SimVisitor 1058 com/android/dx/cf/code/BasicBlocker 1062 com/android/dx/util/ByteArray 1068 com/android/dx/rop/cst/StdConstantPool 1074 com/android/dx/cf/code/BasicBlocker 1076 com/android/dx/cf/code/Simulator$SimVisitor 1080 com/android/dx/util/ByteArray 1086 com/android/dx/util/ByteArray 1092 com/android/dx/util/ByteArray 1098 com/android/dx/rop/cst/StdConstantPool 1104 com/android/dx/cf/code/BasicBlocker 1106 com/android/dx/cf/code/Simulator$SimVisitor
ciMethodData com/android/dx/util/IntList contains (I)Z 2 24327 orig 264 72 34 45 113 0 0 0 0 184 255 18 6 0 0 0 0 184 1 0 0 0 0 0 0 0 0 0 0 0 0 0 0 0 0 0 0 0 0 0 0 0 0 0 0 0 0 0 0 0 0 0 0 0 0 0 0 0 0 0 0 0 0 0 0 0 0 0 0 0 0 0 0 0 0 0 0 0 0 0 0 77 68 79 32 101 120 116 114 97 32 100 97 116 97 32 108 111 99 107 0 0 0 0 0 0 0 0 0 0 0 0 0 0 0 0 0 0 0 0 0 0 0 0 0 0 0 0 0 0 0 0 0 0 0 0 0 0 0 0 0 0 0 0 0 0 0 0 0 0 0 0 0 0 0 0 0 0 0 0 0 0 0 0 0 0 0 0 0 0 0 0 0 0 0 0 0 0 0 0 0 0 0 0 0 0 0 0 0 0 0 0 0 0 0 0 0 0 0 0 0 0 0 0 0 0 0 0 0 0 0 0 0 0 0 0 0 3 2 0 0 33 232 2 0 1 0 0 0 0 0 0 0 0 0 0 0 2 0 0 0 0 0 10 0 2 0 0 0 104 0 0 0 255 255 255 255 5 0 2 0 0 0 0 0 data 13 0x20005 0x1fa 0x90a3a30 0x5b0b 0x0 0x0 0x50007 0x3b53 0x38 0x21b5 0x90003 0x21b5 0x18 oops 1 2 com/android/dx/util/IntList
ciMethodData com/android/dx/rop/code/InsnList <init> (I)V 2 31725 orig 264 72 34 45 113 0 0 0 0 0 55 21 6 0 0 0 0 56 1 0 0 0 0 0 0 0 0 0 0 0 0 0 0 0 0 0 0 0 0 0 0 0 0 0 0 0 0 0 0 0 0 0 0 0 0 0 0 0 0 0 0 0 0 0 0 0 0 0 0 0 0 0 0 0 0 0 0 0 0 0 0 77 68 79 32 101 120 116 114 97 32 100 97 116 97 32 108 111 99 107 0 0 0 0 0 0 0 0 0 0 0 0 0 0 0 0 0 0 0 0 0 0 0 0 0 0 0 0 0 0 0 0 0 0 0 0 0 0 0 0 0 0 0 0 0 0 0 0 0 0 0 0 0 0 0 0 0 0 0 0 0 0 0 0 0 0 0 0 0 0 0 0 0 0 0 0 0 0 0 0 0 0 0 0 0 0 0 0 0 0 0 0 0 0 0 0 0 0 0 0 0 0 0 0 0 0 0 0 0 0 0 0 0 0 0 0 0 0 2 0 0 105 207 3 0 1 0 0 0 0 0 0 0 0 0 0 0 2 0 0 0 0 0 3 0 2 0 0 0 16 0 0 0 255 255 255 255 2 0 2 0 0 0 0 0 data 2 0x20002 0x79f3 oops 0
ciMethodData com/android/dx/rop/code/BasicBlock <init> (ILcom/android/dx/rop/code/InsnList;Lcom/android/dx/util/IntList;I)V 2 8602 orig 264 72 34 45 113 0 0 0 0 72 164 22 6 0 0 0 0 32 7 0 0 40 4 0 0 0 0 0 0 0 0 0 0 0 0 0 0 0 0 0 0 0 0 0 0 0 0 0 0 0 0 0 0 0 0 0 0 0 0 0 0 0 0 0 0 0 0 0 0 0 0 0 0 0 0 0 0 0 0 0 0 77 68 79 32 101 120 116 114 97 32 100 97 116 97 32 108 111 99 107 0 0 0 0 0 0 0 0 0 0 0 0 0 0 0 0 0 0 0 0 0 0 0 0 0 0 0 0 0 0 0 0 0 0 0 0 0 0 0 0 0 0 0 0 0 0 0 0 0 0 0 0 0 0 0 0 0 0 0 0 0 0 0 0 0 0 0 0 0 0 0 0 0 0 0 0 0 0 0 0 0 0 0 0 0 0 0 0 0 0 0 0 0 0 0 0 0 0 0 0 0 0 0 0 0 0 0 0 0 0 0 0 0 0 0 0 0 0 2 0 0 209 252 0 0 41 199 0 0 0 0 0 0 0 0 0 0 2 0 0 0 1 0 44 0 2 0 0 0 184 5 0 0 255 255 255 255 2 0 1 0 0 0 0 0 data 183 0x10002 0x1f9d 0x50007 0x1f9a 0x30 0x0 0xe0002 0x0 0x130005 0x113 0x90a3fb0 0x1e8c 0x0 0x0 0x160003 0x1f9f 0x28 0x210002 0x0 0x260005 0x113 0x90a3fb0 0x1e8c 0x0 0x0 0x2d0007 0x1f9f 0x30 0x0 0x360002 0x0 0x420007 0x1f9f 0x1f8 0x18e1 0x480005 0xbe 0x90a3fb0 0x1825 0x0 0x0 0x4b0005 0xbe 0x90a4110 0x73c 0x90a3da0 0x10eb 0x520005 0xbe 0x90a3f00 0x1827 0x0 0x0 0x560007 0x18e4 0x130 0x0 0x610002 0x0 0x660005 0x0 0x0 0x0 0x0 0x0 0x6b0005 0x0 0x0 0x0 0x0 0x0 0x700005 0x0 0x0 0x0 0x0 0x0 0x750005 0x0 0x0 0x0 0x0 0x0 0x780005 0x0 0x0 0x0 0x0 0x0 0x7b0002 0x0 0x820003 0x18e4 0xfffffffffffffe20 0x8a0005 0x113 0x90a3fb0 0x1e8e 0x0 0x0 0x910005 0x144 0x90a3da0 0x11e0 0x90a4060 0xc7b 0x940005 0x113 0x90a3f00 0x1e8c 0x0 0x0 0x980007 0x1f9e 0x30 0x0 0xa10002 0x0 0xa60005 0x113 0x90a3a30 0x1e8a 0x0 0x0 0xa90003 0x1f9b 0x28 0xb40002 0x0 0xbb0007 0x1f9f 0x30 0x0 0xc40002 0x0 0xca0007 0x265 0x180 0x1d36 0xd00005 0xf2 0x90a3a30 0x1c44 0x0 0x0 0xd30007 0x1d39 0x130 0x0 0xde0002 0x0 0xe30005 0x0 0x0 0x0 0x0 0x0 0xe80005 0x0 0x0 0x0 0x0 0x0 0xed0005 0x0 0x0 0x0 0x0 0x0 0xf10005 0x0 0x0 0x0 0x0 0x0 0xf40005 0x0 0x0 0x0 0x0 0x0 0xf70002 0x0 oops 12 10 com/android/dx/rop/code/InsnList 21 com/android/dx/rop/code/InsnList 37 com/android/dx/rop/code/InsnList 43 com/android/dx/rop/code/PlainCstInsn 45 com/android/dx/rop/code/PlainInsn 49 com/android/dx/rop/code/Rop 96 com/android/dx/rop/code/InsnList 102 com/android/dx/rop/code/PlainInsn 104 com/android/dx/rop/code/ThrowingCstInsn 108 com/android/dx/rop/code/Rop 120 com/android/dx/util/IntList 141 com/android/dx/util/IntList
ciMethodData com/android/dx/cf/code/ConcreteMethod getCatches ()Lcom/android/dx/cf/code/ByteCatchList; 2 13638 orig 264 72 34 45 113 0 0 0 0 144 184 17 6 0 0 0 0 120 1 0 0 0 0 0 0 0 0 0 0 0 0 0 0 0 0 0 0 0 0 0 0 0 0 0 0 0 0 0 0 0 0 0 0 0 0 0 0 0 0 0 0 0 0 0 0 0 0 0 0 0 0 0 0 0 0 0 0 0 0 0 0 77 68 79 32 101 120 116 114 97 32 100 97 116 97 32 108 111 99 107 0 0 0 0 0 0 0 0 0 0 0 0 0 0 0 0 0 0 0 0 0 0 0 0 0 0 0 0 0 0 0 0 0 0 0 0 0 0 0 0 0 0 0 0 0 0 0 0 0 0 0 0 0 0 0 0 0 0 0 0 0 0 0 0 0 0 0 0 0 0 0 0 0 0 0 0 0 0 0 0 0 0 0 0 0 0 0 0 0 0 0 0 0 0 0 0 0 0 0 0 0 0 0 0 0 0 0 0 0 0 0 0 0 0 0 0 0 0 2 0 0 49 154 1 0 1 0 0 0 0 0 0 0 0 0 0 0 2 0 0 0 0 0 3 0 2 0 0 0 48 0 0 0 255 255 255 255 5 0 4 0 0 0 0 0 data 6 0x40005 0x26b 0x7ec3b80 0x30dc 0x0 0x0 oops 1 2 com/android/dx/cf/attrib/AttCode
ciMethod com/android/dx/cf/code/Ropper$ExceptionHandlerSetup <init> (Lcom/android/dx/rop/type/Type;I)V 209 1 26 0 -1
ciMethod com/android/dx/cf/code/Ropper$ExceptionHandlerSetup getLabel ()I 289 1 36 0 0
ciMethodData com/android/dx/cf/code/Simulator$SimVisitor setPreviousOffset (I)V 2 16779 orig 264 72 34 45 113 0 0 0 0 120 103 20 6 0 0 0 0 40 1 0 0 0 0 0 0 0 0 0 0 0 0 0 0 0 0 0 0 0 0 0 0 0 0 0 0 0 0 0 0 0 0 0 0 0 0 0 0 0 0 0 0 0 0 0 0 0 0 0 0 0 0 0 0 0 0 0 0 0 0 0 0 77 68 79 32 101 120 116 114 97 32 100 97 116 97 32 108 111 99 107 0 0 0 0 0 0 0 0 0 0 0 0 0 0 0 0 0 0 0 0 0 0 0 0 0 0 0 0 0 0 0 0 0 0 0 0 0 0 0 0 0 0 0 0 0 0 0 0 0 0 0 0 0 0 0 0 0 0 0 0 0 0 0 0 0 0 0 0 0 0 0 0 0 0 0 0 0 0 0 0 0 0 0 0 0 0 0 0 0 0 0 0 0 0 0 0 0 0 0 0 0 0 0 0 0 0 0 0 0 0 0 0 0 0 0 0 0 0 2 0 0 89 252 1 0 1 0 0 0 0 0 0 0 0 0 0 0 2 0 0 0 0 0 3 0 1 0 0 0 0 0 0 0 255 255 255 255 0 0 0 0 0 0 0 0 data 0 oops 0
ciMethodData com/android/dx/cf/code/ExecutionStack push (Lcom/android/dx/rop/type/TypeBearer;)V 2 4400 orig 264 72 34 45 113 0 0 0 0 136 12 21 6 0 0 0 0 232 2 0 0 56 1 0 0 0 0 0 0 0 0 0 0 0 0 0 0 0 0 0 0 0 0 0 0 0 0 0 0 0 0 0 0 0 0 0 0 0 0 0 0 0 0 0 0 0 0 0 0 0 0 0 0 0 0 0 0 0 0 0 0 77 68 79 32 101 120 116 114 97 32 100 97 116 97 32 108 111 99 107 0 0 0 0 0 0 0 0 0 0 0 0 0 0 0 0 0 0 0 0 0 0 0 0 0 0 0 0 0 0 0 0 0 0 0 0 0 0 0 0 0 0 0 0 0 0 0 0 0 0 0 0 0 0 0 0 0 0 0 0 0 0 0 0 0 0 0 0 0 0 0 0 0 0 0 0 0 0 0 0 0 0 0 0 0 0 0 0 0 0 0 0 0 0 0 0 0 0 0 0 0 0 0 0 0 0 0 0 0 0 0 0 0 0 0 0 0 182 1 0 0 209 123 0 0 1 0 0 0 0 0 0 0 0 0 0 0 2 0 0 0 0 0 14 0 2 0 0 0 152 1 0 0 255 255 255 255 5 0 1 0 0 0 0 0 data 51 0x10005 0x3bf 0x7e7ec90 0xbb9 0x0 0x0 0x50005 0x105 0x9f1b310 0xd1a 0x966c410 0x15c 0xc0005 0x105 0x9f1b310 0xd19 0x966c410 0x15c 0x110005 0x3c0 0x9f1b310 0xbbc 0x0 0x0 0x150003 0xf7a 0x28 0x1f0002 0x0 0x2e0007 0xf7a 0x30 0x0 0x330002 0x0 0x3a0007 0xf79 0x50 0x1 0x460104 0x0 0x0 0x0 0x0 0x0 0x5a0004 0x0 0x9f1b310 0xd17 0x966c410 0x15c oops 8 2 com/android/dx/cf/code/ExecutionStack 8 com/android/dx/rop/type/Type 10 com/android/dx/rop/cst/CstInteger 14 com/android/dx/rop/type/Type 16 com/android/dx/rop/cst/CstInteger 20 com/android/dx/rop/type/Type 47 com/android/dx/rop/type/Type 49 com/android/dx/rop/cst/CstInteger
ciMethodData com/android/dx/cf/code/Ropper isSynchronized ()Z 2 11305 orig 264 72 34 45 113 0 0 0 0 176 250 17 6 0 0 0 0 176 1 0 0 0 0 0 0 0 0 0 0 0 0 0 0 0 0 0 0 0 0 0 0 0 0 0 0 0 0 0 0 0 0 0 0 0 0 0 0 0 0 0 0 0 0 0 0 0 0 0 0 0 0 0 0 0 0 0 0 0 0 0 0 77 68 79 32 101 120 116 114 97 32 100 97 116 97 32 108 111 99 107 0 0 0 0 0 0 0 0 0 0 0 0 0 0 0 0 0 0 0 0 0 0 0 0 0 0 0 0 0 0 0 0 0 0 0 0 0 0 0 0 0 0 0 0 0 0 0 0 0 0 0 0 0 0 0 0 0 0 0 0 0 0 0 0 0 0 0 0 0 0 0 0 0 0 0 0 0 0 0 0 0 0 0 0 0 17 0 0 0 0 0 0 0 0 0 0 0 0 0 0 0 1 0 0 0 0 0 0 0 0 0 0 0 0 0 0 0 236 1 0 0 233 81 1 0 1 0 0 0 0 0 0 0 0 0 0 0 2 0 0 0 0 0 6 0 2 0 0 0 104 0 0 0 255 255 255 255 5 0 4 0 0 0 0 0 data 13 0x40005 0x2fd 0x7ec2bf0 0x273e 0x0 0x0 0xc0007 0x2a3c 0x38 0x0 0x100003 0x0 0x18 oops 1 2 com/android/dx/cf/code/ConcreteMethod
ciMethodData com/android/dx/cf/code/ConcreteMethod getAccessFlags ()I 2 11302 orig 264 72 34 45 113 0 0 0 0 88 179 17 6 0 0 0 0 120 1 0 0 0 0 0 0 0 0 0 0 0 0 0 0 0 0 0 0 0 0 0 0 0 0 0 0 0 0 0 0 0 0 0 0 0 0 0 0 0 0 0 0 0 0 0 0 0 0 0 0 0 0 0 0 0 0 0 0 0 0 0 0 77 68 79 32 101 120 116 114 97 32 100 97 116 97 32 108 111 99 107 0 0 0 0 0 0 0 0 0 0 0 0 0 0 0 0 0 0 0 0 0 0 0 0 0 0 0 0 0 0 0 0 0 0 0 0 0 0 0 0 0 0 0 0 0 0 0 0 0 0 0 0 0 0 0 0 0 0 0 0 0 0 0 0 0 0 0 0 0 0 0 0 0 0 0 0 0 0 0 0 0 0 0 0 0 0 0 0 0 0 0 0 0 0 0 0 0 0 0 0 0 0 0 0 0 0 0 0 0 0 0 0 0 0 0 0 0 236 1 0 0 209 81 1 0 1 0 0 0 0 0 0 0 0 0 0 0 2 0 0 0 0 0 3 0 2 0 0 0 48 0 0 0 255 255 255 255 5 0 4 0 0 0 0 0 data 6 0x40005 0x0 0x8e8d320 0x2a3c 0x0 0x0 oops 1 2 com/android/dx/cf/iface/StdMethod
ciMethodData com/android/dx/util/IntList makeImmutable (I)Lcom/android/dx/util/IntList; 2 12902 orig 264 72 34 45 113 0 0 0 0 128 234 18 6 0 0 0 0 184 1 0 0 0 0 0 0 0 0 0 0 0 0 0 0 0 0 0 0 0 0 0 0 0 0 0 0 0 0 0 0 0 0 0 0 0 0 0 0 0 0 0 0 0 0 0 0 0 0 0 0 0 0 0 0 0 0 0 0 0 0 0 0 77 68 79 32 101 120 116 114 97 32 100 97 116 97 32 108 111 99 107 0 0 0 0 0 0 0 0 0 0 0 0 0 0 0 0 0 0 0 0 0 0 0 0 0 0 0 0 0 0 0 0 0 0 0 0 0 0 0 0 0 0 0 0 0 0 0 0 0 0 0 0 0 0 0 0 0 0 0 0 0 0 0 0 0 0 0 0 0 0 0 0 0 0 0 0 0 0 0 0 0 0 0 0 0 0 0 0 0 0 0 0 0 0 0 0 0 0 0 0 0 0 0 0 0 0 0 0 0 0 0 0 0 0 0 0 0 0 2 0 0 49 131 1 0 1 0 0 0 0 0 0 0 0 0 0 0 2 0 0 0 0 0 3 0 2 0 0 0 112 0 0 0 255 255 255 255 2 0 5 0 0 0 0 0 data 14 0x50002 0x3064 0xb0005 0x2b1 0x90a3a30 0x2db8 0x0 0x0 0xf0005 0x0 0x90a3a30 0x3065 0x0 0x0 oops 2 4 com/android/dx/util/IntList 10 com/android/dx/util/IntList
ciMethodData com/android/dx/cf/code/Ropper labelToResultIndex (I)I 2 30156 orig 264 72 34 45 113 0 0 0 0 40 254 17 6 0 0 0 0 104 2 0 0 0 0 0 0 0 0 0 0 0 0 0 0 0 0 0 0 0 0 0 0 0 0 0 0 0 0 0 0 0 0 0 0 0 0 0 0 0 0 0 0 0 0 0 0 0 0 0 0 0 0 0 0 0 0 0 0 0 0 0 0 77 68 79 32 101 120 116 114 97 32 100 97 116 97 32 108 111 99 107 0 0 0 0 0 0 0 0 0 0 0 0 0 0 0 0 0 0 0 0 0 0 0 0 0 0 0 0 0 0 0 0 0 0 0 0 0 0 0 0 0 0 0 0 0 0 0 0 0 0 0 0 0 0 0 0 0 0 0 0 0 0 0 0 0 0 0 0 0 0 0 0 0 0 0 0 0 0 0 0 0 0 0 0 0 0 0 0 0 0 0 0 0 0 0 0 0 0 0 0 0 0 0 0 0 0 0 0 0 0 0 0 0 0 0 0 0 0 16 0 0 209 38 0 0 97 46 3 0 0 0 0 0 0 0 0 0 2 0 0 0 1 0 12 0 2 0 0 0 24 1 0 0 255 255 255 255 5 0 4 0 0 0 0 0 data 35 0x40005 0x0 0x90a3980 0x4da 0x0 0x0 0xc0007 0x4d9 0xe8 0x65cc 0x140005 0x0 0x90a3980 0x65cc 0x0 0x0 0x170004 0x0 0x9f164d0 0x65ca 0x0 0x0 0x1e0005 0x9fb 0x9f164d0 0x5bd2 0x0 0x0 0x220007 0x65cb 0x20 0x1 0x2a0003 0x65cb 0xffffffffffffff30 oops 4 2 java/util/ArrayList 12 java/util/ArrayList 18 com/android/dx/rop/code/BasicBlock 24 com/android/dx/rop/code/BasicBlock
